=>> Building net-mgmt/bandwidthd
build started at Mon Oct 18 23:27:50 EAT 2021
port directory: /usr/ports/net-mgmt/bandwidthd
package name: bandwidthd-2.0.1_12
building for: FreeBSD Cygate_v2_5_0_amd64-Cygate_devel-job-02 12.3-PRERELEASE FreeBSD 12.3-PRERELEASE 1202508 amd64
maintained by: ports@FreeBSD.org
Makefile datestamp: -rw-r--r--  1 root  wheel  1001 Oct 18 18:58 /usr/ports/net-mgmt/bandwidthd/Makefile
Ports top last git commit: af67f424b
Ports top unclean checkout: no
Port dir last git commit: af67f424b
Port dir unclean checkout: no
Poudriere version: poudriere-git-3.3.0-1019-gef452659
Host OSVERSION: 1202000
Jail OSVERSION: 1202508
Job Id: 02




!!! Jail is newer than host. (Jail: 1202508, Host: 1202000) !!!
!!! This is not supported. !!!
!!! Host kernel must be same or newer than jail. !!!
!!! Expect build failures. !!!



---Begin Environment---
SHELL=/bin/csh
OSVERSION=1202508
UNAME_v=FreeBSD 12.3-PRERELEASE 1202508
UNAME_r=12.3-PRERELEASE
BLOCKSIZE=K
MAIL=/var/mail/root
STATUS=1
HOME=/root
PATH=/sbin:/bin:/usr/sbin:/usr/bin:/usr/local/sbin:/usr/local/bin:/root/bin
LOCALBASE=/usr/local
USER=root
POUDRIERE_NAME=poudriere-git
LIBEXECPREFIX=/usr/local/libexec/poudriere
POUDRIERE_VERSION=3.3.0-1019-gef452659
MASTERMNT=/usr/local/poudriere/data/.m/Cygate_v2_5_0_amd64-Cygate_devel/ref
LC_COLLATE=C
POUDRIERE_BUILD_TYPE=bulk
PACKAGE_BUILDING=yes
SAVED_TERM=xterm-256color
GID=0
OUTPUT_REDIRECTED_STDERR=4
OUTPUT_REDIRECTED=1
UID=0
PWD=/usr/local/poudriere/data/.m/Cygate_v2_5_0_amd64-Cygate_devel/02/.p
OUTPUT_REDIRECTED_STDOUT=3
P_PORTS_FEATURES=FLAVORS SELECTED_OPTIONS
MASTERNAME=Cygate_v2_5_0_amd64-Cygate_devel
SCRIPTPREFIX=/usr/local/share/poudriere
SCRIPTNAME=bulk.sh
OLDPWD=/usr/local/poudriere/data/.m/Cygate_v2_5_0_amd64-Cygate_devel/ref/.p/pool
POUDRIERE_PKGNAME=poudriere-git-3.3.0-1019-gef452659
SCRIPTPATH=/usr/local/share/poudriere/bulk.sh
POUDRIEREPATH=/usr/local/bin/poudriere
---End Environment---

---Begin Poudriere Port Flags/Env---
PORT_FLAGS=
PKGENV=
FLAVOR=
DEPENDS_ARGS=
MAKE_ARGS=
---End Poudriere Port Flags/Env---

---Begin OPTIONS List---
===> The following configuration options are available for bandwidthd-2.0.1_12:
     DOCS=off: Build and/or install documentation
===> Use 'make config' to modify these settings
---End OPTIONS List---

--MAINTAINER--
ports@FreeBSD.org
--End MAINTAINER--

--CONFIGURE_ARGS--
ac_cv_lib_iconv_libiconv_open=no  ac_cv_lib_m_pow=no  ac_cv_lib_png_png_read_info=no  ac_cv_lib_pq_PQconnectdb=no --prefix=/usr/local ${_LATE_CONFIGURE_ARGS}
--End CONFIGURE_ARGS--

--CONFIGURE_ENV--
MAKE=gmake XDG_DATA_HOME=/wrkdirs/usr/ports/net-mgmt/bandwidthd/work  XDG_CONFIG_HOME=/wrkdirs/usr/ports/net-mgmt/bandwidthd/work  XDG_CACHE_HOME=/wrkdirs/usr/ports/net-mgmt/bandwidthd/work/.cache  HOME=/wrkdirs/usr/ports/net-mgmt/bandwidthd/work TMPDIR="/tmp" PATH=/wrkdirs/usr/ports/net-mgmt/bandwidthd/work/.bin:/sbin:/bin:/usr/sbin:/usr/bin:/usr/local/sbin:/usr/local/bin:/root/bin SHELL=/bin/sh CONFIG_SHELL=/bin/sh CONFIG_SITE=/usr/ports/Templates/config.site lt_cv_sys_max_cmd_len=524288
--End CONFIGURE_ENV--

--MAKE_ENV--
XDG_DATA_HOME=/wrkdirs/usr/ports/net-mgmt/bandwidthd/work  XDG_CONFIG_HOME=/wrkdirs/usr/ports/net-mgmt/bandwidthd/work  XDG_CACHE_HOME=/wrkdirs/usr/ports/net-mgmt/bandwidthd/work/.cache  HOME=/wrkdirs/usr/ports/net-mgmt/bandwidthd/work TMPDIR="/tmp" PATH=/wrkdirs/usr/ports/net-mgmt/bandwidthd/work/.bin:/sbin:/bin:/usr/sbin:/usr/bin:/usr/local/sbin:/usr/local/bin:/root/bin NO_PIE=yes MK_DEBUG_FILES=no MK_KERNEL_SYMBOLS=no SHELL=/bin/sh NO_LINT=YES PREFIX=/usr/local  LOCALBASE=/usr/local  CC="cc" CFLAGS="-O2 -pipe  -fcommon -fstack-protector-strong -fno-strict-aliasing -std=gnu89 "  CPP="cpp" CPPFLAGS=""  LDFLAGS=" -fstack-protector-strong " LIBS=""  CXX="c++" CXXFLAGS="-O2 -pipe -fcommon -fstack-protector-strong -fno-strict-aliasing  "  MANPREFIX="/usr/local" BSD_INSTALL_PROGRAM="install  -s -m 555"  BSD_INSTALL_LIB="install  -s -m 0644"  BSD_INSTALL_SCRIPT="install  -m 555"  BSD_INSTALL_DATA="install  -m 0644"  BSD_INSTALL_MAN="install  -m 444"
--End MAKE_ENV--

--PLIST_SUB--
PORTDOCS="@comment " OSREL=12.3 PREFIX=%D LOCALBASE=/usr/local  RESETPREFIX=/usr/local LIB32DIR=lib DOCSDIR="share/doc/bandwidthd"  EXAMPLESDIR="share/examples/bandwidthd"  DATADIR="share/bandwidthd"  WWWDIR="www/bandwidthd"  ETCDIR="etc/bandwidthd"
--End PLIST_SUB--

--SUB_LIST--
 PREFIX=/usr/local LOCALBASE=/usr/local  DATADIR=/usr/local/share/bandwidthd DOCSDIR=/usr/local/share/doc/bandwidthd EXAMPLESDIR=/usr/local/share/examples/bandwidthd  WWWDIR=/usr/local/www/bandwidthd ETCDIR=/usr/local/etc/bandwidthd
--End SUB_LIST--

---Begin make.conf---
USE_PACKAGE_DEPENDS=yes
BATCH=yes
WRKDIRPREFIX=/wrkdirs
PORTSDIR=/usr/ports
PACKAGES=/packages
DISTDIR=/distfiles
FORCE_PACKAGE=yes
PACKAGE_BUILDING=yes
PACKAGE_BUILDING_FLAVORS=yes
#### /usr/local/etc/poudriere.d/Cygate_devel-make.conf ####
ALLOW_UNSUPPORTED_SYSTEM=yes

# Define pfSense repos
PFSENSE_REPOS=	Cygate-repo Cygate-repo-devel Cygate-repo-245

# Used by pfSense-upgrade port to set pkg_set_version
PFSENSE_PKG_SET_VERSION=	2.6.0-DEVELOPMENT

# Generic options
OPTIONS_UNSET_FORCE=	DOCS DOXYGEN EXAMPLES INFO MAN MANPAGES X11

# Individual ports options
.if ${.CURDIR:N*net/quagga*}=="" || ${.CURDIR:N*net/frr*}==""
CUR_ARCH!=	/usr/bin/uname -p
. if ${CUR_ARCH} == "armv7"
WITH_DEBUG=yes
. endif
.endif

.if ${.CURDIR:N*net/frr*}==""
ETCDIR=	/var/etc/frr
.endif

DEFAULT_VERSIONS=	php=74 ssl=base
PHP_FD_SETSIZE=		3172

. if ${.CURDIR:N*sysutils/check_reload_status*}==""
WITH_DEBUG=	yes
. endif

# Options for packages

# databases
databases_rrdtool_UNSET_FORCE=	PYTHON_MODULE RUBY_MODULE PERL_MODULE DEJAVU GRAPH

# devel
devel_git_UNSET_FORCE=CVS GITWEB GUI HTMLDOCS P4 SVN CONTRIB PERL ETCSHELLS

# dns
dns_dnsmasq_UNSET_FORCE=	DNSSEC

dns_unbound_SET_FORCE=	LIBEVENT PYTHON
dns_unbound112_SET_FORCE=	LIBEVENT PYTHON

dns_bind916_SET_FORCE=DLZ_FILESYSTEM FILTER_AAAA IPV6 LINKS RRL SIGCHASE SSL THREADS GSSAPI_NONE
dns_bind916_UNSET_FORCE=FIXED_RRSET IDN LARGE_FILE LMDB

# emulators
emulators_open-vm-tools_UNSET_FORCE=DOCS FUSE LIBNOTIFY X11

# graphics
graphics_cairo_UNSET_FORCE=X11 XCB OPENGL

graphics_gd_SET_FORCE=ICONV
graphics_gd_UNSET_FORCE=FONTCONFIG XPM

graphics_graphviz_SET_FORCE=ICONV NLS
graphics_graphviz_UNSET_FORCE=DIGCOLA IPSEPCOLA PANGOCAIRO XPM

# lang
lang_gcc_UNSET_FORCE=JAVA

# mail
mail_pear-Mail_SET_FORCE=	PEAR_NET_SMTP

# net
net_freeradius3_SET_FORCE=EXPERIMENTAL HEIMDAL LDAP MYSQL PERL PGSQL PYTHON SQLITE3

net_frr7_SET_FORCE=SNMP

net_haproxy18_SET_FORCE=OPENSSL SPCRE LUA
net_haproxy18_UNSET_FORCE=DPCRE

net_haproxy_SET_FORCE=OPENSSL SPCRE LUA PROMEX
net_haproxy_UNSET_FORCE=DPCRE

net_haproxy-devel_SET_FORCE=OPENSSL SPCRE LUA
net_haproxy-devel_UNSET_FORCE=DPCRE

net_libpcap_SET_FORCE=IPV6
net_libpcap_UNSET_FORCE=DAG

net_miniupnpd_SET_FORCE=	PF_FILTER_RULES IPV6 CHECK_PORTINUSE

net_mtr_UNSET_FORCE=X11

net_nss_ldap_UNSET_FORCE=SASL KERBEROS

net_ntp_UNSET_FORCE=	PERL_UTILS

# net-mgmt
net-mgmt_net-snmp_SET_FORCE=IPV6 MFD_REWRITES TLS
net-mgmt_net-snmp_UNSET_FORCE=AX_DISABLE_TRAP AX_SOCKONLY DOCS DUMMY JAIL MYSQL PYTHON SMUX TKMIB UNPRIVILEGED

net-mgmt_zabbix3-agent_SET_FORCE=IPV6

net-mgmt_zabbix3-proxy_SET_FORCE=IPMI IPV6 LIBXML2 SQLITE SSH
net-mgmt_zabbix3-proxy_UNSET_FORCE=MYSQL

net-mgmt_zabbix4-agent_SET_FORCE=IPV6

net-mgmt_zabbix4-proxy_SET_FORCE=IPMI IPV6 LIBXML2 SQLITE SSH
net-mgmt_zabbix4-proxy_UNSET_FORCE=MYSQL

net-mgmt_zabbix44-agent_SET_FORCE=IPV6

net-mgmt_zabbix44-proxy_SET_FORCE=IPMI IPV6 LIBXML2 SQLITE SSH
net-mgmt_zabbix44-proxy_UNSET_FORCE=MYSQL

net-mgmt_zabbix5-agent_SET_FORCE=IPV6

net-mgmt_zabbix5-proxy_SET_FORCE=IPMI IPV6 LIBXML2 SQLITE SSH
net-mgmt_zabbix5-proxy_UNSET_FORCE=MYSQL

net-mgmt_zabbix52-agent_SET_FORCE=IPV6

net-mgmt_zabbix52-proxy_SET_FORCE=IPMI IPV6 LIBXML2 SQLITE SSH
net-mgmt_zabbix52-proxy_UNSET_FORCE=MYSQL

net-mgmt_zabbix54-agent_SET_FORCE=IPV6

net-mgmt_zabbix54-proxy_SET_FORCE=IPMI IPV6 LIBXML2 SQLITE SSH
net-mgmt_zabbix54-proxy_UNSET_FORCE=MYSQL

# security
security_ca_root_nss_SET_FORCE=	ETCSYMLINK

security_opensc_SET_FORCE=	PCSC
security_opensc_UNSET_FORCE=	DOCS MANPAGES

security_openvpn_SET_FORCE=	X509ALTUSERNAME ASYNC_PUSH
security_openvpn_UNSET_FORCE=	EASYRSA

shells_scponly_SET_FORCE=CHROOT SCP WILDCARDS WINSCP
shells_scponly_UNSET_FORCE=DEFAULT_CHDIR DOCS GFTP RSYNC SVN SVNSERVE UNISON

security_sudo_SET_FORCE=LDAP

security_snort_SET_FORCE=APPID COREDUMPS GRE IPV6 NORMALIZER PERFPROFILE SOURCEFIRE
security_snort_UNSET_FORCE=BARNYARD FILEINSPECT HA PULLEDPORK

.if ${.CURDIR:N*security/snort3*}==""
CUR_ARCH!=  /usr/bin/uname -p
.if ${CUR_ARCH} == "armv7" || ${CUR_ARCH} == "aarch64"
security_snort3_SET_FORCE=LARGEPCAP STATICDAQ
security_snort3_UNSET_FORCE=HYPERSCAN TSC
else
security_snort3_SET_FORCE=LARGEPCAP STATICDAQ HYPERSCAN
.endif
.endif

security_strongswan_SET_FORCE=	CURL EAPDYNAMIC EAPRADIUS EAPSIMFILE \
			IKEv1 UNBOUND XAUTH IPSECKEY PKCS11 PKI UNITY VICI VSTR SWANCTL
security_strongswan_UNSET_FORCE=	EAPAKA3GPP2 BUILTIN LIBC SMP

security_suricata_SET_FORCE=GEOIP HTP_PORT IPFW JSON LUAJIT NSS PORTS_PCAP NETMAP HYPERSCAN REDIS
security_suricata4_SET_FORCE=GEOIP HTP_PORT IPFW JSON LUAJIT NSS PORTS_PCAP NETMAP HYPERSCAN REDIS
.if ${.CURDIR:N*security/suricata*}==""
CUR_ARCH!=	/usr/bin/uname -p
NATIVE_BUILD!=	/sbin/sysctl -qn kern.supported_archs | grep -q ${CUR_ARCH} && echo yes || /usr/bin/true
.if ${NATIVE_BUILD} != "yes"
security_suricata_UNSET_FORCE=LUA PRELUDE SC TESTS RUST
security_suricata4_UNSET_FORCE=LUA PRELUDE SC TESTS RUST
.else
security_suricata_UNSET_FORCE=LUA PRELUDE SC TESTS
security_suricata4_UNSET_FORCE=LUA PRELUDE SC TESTS
.endif
.endif

security_xinetd_UNSET_FORCE=	XCONV

# sysutils
sysutils_apcupsd_SET_FORCE=APCDUMB_DRV APCSMART_DRV PCNET_DRV SNMP_DRV TCP_WRAPPERS USB
sysutils_apcupsd_UNSET_FORCE=CGI CLIENT_ONLY GAPCMON SNMP_DRV_OLD TEST_DRV

sysutils_flashrom_UNSET_FORCE=	FTDI BUSPIRATE

sysutils_pftop_SET_FORCE=ALTQ

sysutils_syslog-ng_SET_FORCE=	SYS_SSL
sysutils_syslog-ng_UNSET_FORCE=	PORTS_SSL

# www
www_c-icap_SET_FORCE=LARGE_FILES
www_c-icap_UNSET_FORCE=IPV6

www_lightsquid_SET_FORCE=GD

www_lighttpd_SET_FORCE=	NODELAY

www_nginx_SET_FORCE=	LUA

www_squid_SET_FORCE=ARP_ACL AUTH_LDAP AUTH_NIS AUTH_SASL CACHE_DIGESTS DELAY_POOLS FOLLOW_XFF FS_AUFS FS_DISKD GSSAPI_MIT HTCP ICAP ICMP IDENT IPV6 KQUEUE LARGEFILE LAX_HTTP SNMP SSL SSL_CRTD TP_PF WCCP WCCPV2
www_squid_UNSET_FORCE=AUTH_SMB AUTH_SQL DEBUG DNS_HELPER ECAP ESI FS_ROCK GSSAPI_NONE GSSAPI_BASE GSSAPI_HEIMDAL STACKTRACES TP_IPF TP_IPFW VIA_DB

www_squidguard_SET_FORCE=DNS_BL LDAP STRIP_NTDOMAIN
www_squidguard_UNSET_FORCE=QUOTE_STRING

www_e2guardian_SET_FORCE=ICAP NTLM SSL_MITM

PKG_REPO_BRANCH_DEVEL=v2_5_0
PKG_REPO_BRANCH_RELEASE=v2_5_2
PKG_REPO_SERVER_DEVEL=pkg+http://10.42.0.2/packages
PKG_REPO_SERVER_RELEASE=pkg+http://10.42.0.2/packages
POUDRIERE_PORTS_NAME=Cygate_devel
PFSENSE_DEFAULT_REPO=Cygate-repo-devel
PRODUCT_NAME=Cygate
REPO_BRANCH_PREFIX=
#### Misc Poudriere ####
.include "/etc/make.conf.ports_env"
---End make.conf---
--Resource limits--
cpu time               (seconds, -t)  unlimited
file size           (512-blocks, -f)  unlimited
data seg size           (kbytes, -d)  33554432
stack size              (kbytes, -s)  524288
core file size      (512-blocks, -c)  unlimited
max memory size         (kbytes, -m)  unlimited
locked memory           (kbytes, -l)  unlimited
max user processes              (-u)  19414
open files                      (-n)  9000
virtual mem size        (kbytes, -v)  8388608
swap limit              (kbytes, -w)  unlimited
socket buffer size       (bytes, -b)  unlimited
pseudo-terminals                (-p)  unlimited
kqueues                         (-k)  unlimited
umtx shared locks               (-o)  unlimited
--End resource limits--
=======================<phase: check-sanity   >============================
===== env: NO_DEPENDS=yes USER=nobody UID=65534 GID=65534
===>   NOTICE:

The bandwidthd port currently does not have a maintainer. As a result, it is
more likely to have unresolved issues, not be up-to-date, or even be removed in
the future. To volunteer to maintain this port, please create an issue at:

https://bugs.freebsd.org/bugzilla

More information about port maintainership is available at:

https://docs.freebsd.org/en/articles/contributing/#ports-contributing

===>  License GPLv3+ accepted by the user
===========================================================================
=======================<phase: pkg-depends    >============================
===== env: USE_PACKAGE_DEPENDS_ONLY=1 USER=root UID=0 GID=0
===>   bandwidthd-2.0.1_12 depends on file: /usr/local/sbin/pkg - not found
===>   Installing existing package /packages/All/pkg-1.17.2.pkg
[Cygate_v2_5_0_amd64-Cygate_devel-job-02] Installing pkg-1.17.2...
[Cygate_v2_5_0_amd64-Cygate_devel-job-02] Extracting pkg-1.17.2: .......... done
===>   bandwidthd-2.0.1_12 depends on file: /usr/local/sbin/pkg - found
===>   Returning to build of bandwidthd-2.0.1_12
===========================================================================
=======================<phase: fetch-depends  >============================
===== env: USE_PACKAGE_DEPENDS_ONLY=1 USER=root UID=0 GID=0
===========================================================================
=======================<phase: fetch          >============================
===== env: NO_DEPENDS=yes USER=root UID=0 GID=0
===>   NOTICE:

The bandwidthd port currently does not have a maintainer. As a result, it is
more likely to have unresolved issues, not be up-to-date, or even be removed in
the future. To volunteer to maintain this port, please create an issue at:

https://bugs.freebsd.org/bugzilla

More information about port maintainership is available at:

https://docs.freebsd.org/en/articles/contributing/#ports-contributing

===>  License GPLv3+ accepted by the user
===> Fetching all distfiles required by bandwidthd-2.0.1_12 for building
===========================================================================
=======================<phase: checksum       >============================
===== env: NO_DEPENDS=yes USER=root UID=0 GID=0
===>   NOTICE:

The bandwidthd port currently does not have a maintainer. As a result, it is
more likely to have unresolved issues, not be up-to-date, or even be removed in
the future. To volunteer to maintain this port, please create an issue at:

https://bugs.freebsd.org/bugzilla

More information about port maintainership is available at:

https://docs.freebsd.org/en/articles/contributing/#ports-contributing

===>  License GPLv3+ accepted by the user
===> Fetching all distfiles required by bandwidthd-2.0.1_12 for building
=> SHA256 Checksum OK for bandwidthd-2.0.1.tgz.
===========================================================================
=======================<phase: extract-depends>============================
===== env: USE_PACKAGE_DEPENDS_ONLY=1 USER=root UID=0 GID=0
===========================================================================
=======================<phase: extract        >============================
===== env: NO_DEPENDS=yes USER=nobody UID=65534 GID=65534
===>   NOTICE:

The bandwidthd port currently does not have a maintainer. As a result, it is
more likely to have unresolved issues, not be up-to-date, or even be removed in
the future. To volunteer to maintain this port, please create an issue at:

https://bugs.freebsd.org/bugzilla

More information about port maintainership is available at:

https://docs.freebsd.org/en/articles/contributing/#ports-contributing

===>  License GPLv3+ accepted by the user
===> Fetching all distfiles required by bandwidthd-2.0.1_12 for building
===>  Extracting for bandwidthd-2.0.1_12
=> SHA256 Checksum OK for bandwidthd-2.0.1.tgz.
===========================================================================
=======================<phase: patch-depends  >============================
===== env: USE_PACKAGE_DEPENDS_ONLY=1 USER=root UID=0 GID=0
===========================================================================
=======================<phase: patch          >============================
===== env: NO_DEPENDS=yes USER=nobody UID=65534 GID=65534
===>  Patching for bandwidthd-2.0.1_12
===>  Applying FreeBSD patches for bandwidthd-2.0.1_12 from /usr/ports/net-mgmt/bandwidthd/files
===========================================================================
=======================<phase: build-depends  >============================
===== env: USE_PACKAGE_DEPENDS_ONLY=1 USER=root UID=0 GID=0
===>   bandwidthd-2.0.1_12 depends on package: gmake>=4.3 - not found
===>   Installing existing package /packages/All/gmake-4.3_2.pkg
[Cygate_v2_5_0_amd64-Cygate_devel-job-02] Installing gmake-4.3_2...
[Cygate_v2_5_0_amd64-Cygate_devel-job-02] `-- Installing gettext-runtime-0.21...
[Cygate_v2_5_0_amd64-Cygate_devel-job-02] |   `-- Installing indexinfo-0.3.1...
[Cygate_v2_5_0_amd64-Cygate_devel-job-02] |   `-- Extracting indexinfo-0.3.1: .... done
[Cygate_v2_5_0_amd64-Cygate_devel-job-02] `-- Extracting gettext-runtime-0.21: .......... done
[Cygate_v2_5_0_amd64-Cygate_devel-job-02] Extracting gmake-4.3_2: .......... done
===>   bandwidthd-2.0.1_12 depends on package: gmake>=4.3 - found
===>   Returning to build of bandwidthd-2.0.1_12
===========================================================================
=======================<phase: lib-depends    >============================
===== env: USE_PACKAGE_DEPENDS_ONLY=1 USER=root UID=0 GID=0
===>   bandwidthd-2.0.1_12 depends on shared library: libgd.so - not found
===>   Installing existing package /packages/All/libgd-2.3.1,1.pkg
[Cygate_v2_5_0_amd64-Cygate_devel-job-02] Installing libgd-2.3.1,1...
[Cygate_v2_5_0_amd64-Cygate_devel-job-02] `-- Installing freetype2-2.11.0...
[Cygate_v2_5_0_amd64-Cygate_devel-job-02] |   `-- Installing png-1.6.37_1...
[Cygate_v2_5_0_amd64-Cygate_devel-job-02] |   `-- Extracting png-1.6.37_1: .......... done
[Cygate_v2_5_0_amd64-Cygate_devel-job-02] `-- Extracting freetype2-2.11.0: .......... done
[Cygate_v2_5_0_amd64-Cygate_devel-job-02] `-- Installing jpeg-turbo-2.1.1...
[Cygate_v2_5_0_amd64-Cygate_devel-job-02] `-- Extracting jpeg-turbo-2.1.1: .......... done
[Cygate_v2_5_0_amd64-Cygate_devel-job-02] `-- Installing tiff-4.3.0...
[Cygate_v2_5_0_amd64-Cygate_devel-job-02] |   `-- Installing jbigkit-2.1_1...
[Cygate_v2_5_0_amd64-Cygate_devel-job-02] |   `-- Extracting jbigkit-2.1_1: .......... done
[Cygate_v2_5_0_amd64-Cygate_devel-job-02] `-- Extracting tiff-4.3.0: .......... done
[Cygate_v2_5_0_amd64-Cygate_devel-job-02] `-- Installing webp-1.2.1...
[Cygate_v2_5_0_amd64-Cygate_devel-job-02] |   `-- Installing giflib-5.2.1...
[Cygate_v2_5_0_amd64-Cygate_devel-job-02] |   `-- Extracting giflib-5.2.1: .......... done
[Cygate_v2_5_0_amd64-Cygate_devel-job-02] `-- Extracting webp-1.2.1: .......... done
[Cygate_v2_5_0_amd64-Cygate_devel-job-02] Extracting libgd-2.3.1,1: .......... done
=====
Message from freetype2-2.11.0:

--
The 2.7.x series now uses the new subpixel hinting mode (V40 port's option) as
the default, emulating a modern version of ClearType. This change inevitably
leads to different rendering results, and you might change port's options to
adapt it to your taste (or use the new "FREETYPE_PROPERTIES" environment
variable).

The environment variable "FREETYPE_PROPERTIES" can be used to control the
driver properties. Example:

FREETYPE_PROPERTIES=truetype:interpreter-version=35 \
	cff:no-stem-darkening=1 \
	autofitter:warping=1

This allows to select, say, the subpixel hinting mode at runtime for a given
application.

If LONG_PCF_NAMES port's option was enabled, the PCF family names may include
the foundry and information whether they contain wide characters. For example,
"Sony Fixed" or "Misc Fixed Wide", instead of "Fixed". This can be disabled at
run time with using pcf:no-long-family-names property, if needed. Example:

FREETYPE_PROPERTIES=pcf:no-long-family-names=1

How to recreate fontconfig cache with using such environment variable,
if needed:
# env FREETYPE_PROPERTIES=pcf:no-long-family-names=1 fc-cache -fsv

The controllable properties are listed in the section "Controlling FreeType
Modules" in the reference's table of contents
(/usr/local/share/doc/freetype2/reference/index.html, if documentation was installed).
===>   bandwidthd-2.0.1_12 depends on shared library: libgd.so - found (/usr/local/lib/libgd.so)
===>   Returning to build of bandwidthd-2.0.1_12
===========================================================================
=======================<phase: configure      >============================
===== env: NO_DEPENDS=yes USER=nobody UID=65534 GID=65534
===>  Configuring for bandwidthd-2.0.1_12
configure: loading site script /usr/ports/Templates/config.site
checking build system type... amd64-portbld-freebsd12.3
checking host system type... amd64-portbld-freebsd12.3
checking for bison... no
checking for byacc... byacc
checking for gcc... cc
checking for C compiler default output... a.out
checking whether the C compiler works... yes
checking whether we are cross compiling... no
checking for executable suffix... 
checking for object suffix... o
checking whether we are using the GNU C compiler... yes
checking whether cc accepts -g... yes
checking for a BSD compatible install... /usr/bin/install -c
checking for flex... flex
checking for yywrap in -lfl... yes
checking lex output file root... lex.yy
checking whether yytext is a pointer... yes
checking how to run the C preprocessor... cpp
checking for X... no
checking for /sw/lib... no
checking for /sw/include... no
checking for /usr/pkg/lib... no
checking for /usr/pkg/include... no
checking for connect in -lsocket... no
checking for gethostbyname in -lnsl... no
checking for inet_aton in -lresolv... no
checking for pow in -lm... (cached) no
checking for libiconv_open in -liconv... (cached) no
checking for png_read_info in -lpng... (cached) no
checking for gdImageCreate in -lgd... yes
checking for pcap_open_live in -lpcap... yes
checking for /usr/local/pgsql/lib... no
checking for /usr/local/pgsql/include... no
checking for PQconnectdb in -lpq... (cached) no
checking for dirent.h that defines DIR... yes
checking for opendir in -ldir... no
checking for gd.h... yes
checking for gdfonts.h... yes
checking for pcap.h... yes
checking for arpa/inet.h... (cached) yes
checking for errno.h... (cached) yes
checking for netdb.h... (cached) yes
checking for netinet/in.h... (cached) yes
checking for stddef.h... (cached) yes
checking for stdlib.h... (cached) yes
checking for string.h... (cached) yes
checking for sys/socket.h... (cached) yes
checking for sys/time.h... (cached) yes
checking for sys/wait.h... (cached) yes
checking for syslog.h... yes
checking for unistd.h... (cached) yes
checking for arpa/nameser.h... (cached) yes
checking for resolv.h... (cached) yes
checking for cc option to accept ANSI C... none needed
checking for an ANSI C-conforming const... yes
checking for inline... inline
checking for ANSI C header files... (cached) yes
checking for stdlib.h... (cached) yes
checking for string.h... (cached) yes
checking for memory.h... (cached) yes
checking for strings.h... (cached) yes
checking for inttypes.h... (cached) yes
checking for unistd.h... (cached) yes
checking for pid_t... (cached) yes
checking for size_t... (cached) yes
checking whether struct tm is in sys/time.h or time.h... time.h
checking for struct tcphdr.source... no
checking for struct tcphdr.th_sport... yes
checking for struct tcphdr.dest... no
checking for struct tcphdr.th_dport... yes
checking for stdlib.h... (cached) yes
checking for working malloc... yes
checking for ANSI C header files... (cached) yes
checking whether time.h and sys/time.h may both be included... yes
checking for sys/time.h... (cached) yes
checking for unistd.h... (cached) yes
checking for alarm... (cached) yes
checking for working mktime... Alarm clock
no
checking return type of signal handlers... void
checking whether lstat dereferences a symlink specified with a trailing slash... (cached) yes
checking whether stat accepts an empty string... no
checking for alarm... (cached) yes
checking for gethostbyaddr... yes
checking for inet_ntoa... (cached) yes
checking for memset... (cached) yes
checking for strdup... (cached) yes
checking for strftime... (cached) yes
checking for pcap_findalldevs... yes
configure: creating ./config.status
config.status: creating Makefile
config.status: creating config.h
===========================================================================
=======================<phase: build          >============================
===== env: NO_DEPENDS=yes USER=nobody UID=65534 GID=65534
===>  Building for bandwidthd-2.0.1_12
gmake[1]: Entering directory '/wrkdirs/usr/ports/net-mgmt/bandwidthd/work/bandwidthd-2.0.1'
cc -Wall -O2 -pipe  -fcommon -fstack-protector-strong -fno-strict-aliasing -std=gnu89   -I/usr/local/include -DHAVE_CONFIG_H -DINSTALL_DIR="\"/usr/local/bandwidthd\""   -c -o bandwidthd.o bandwidthd.c
cc -Wall -O2 -pipe  -fcommon -fstack-protector-strong -fno-strict-aliasing -std=gnu89   -I/usr/local/include -DHAVE_CONFIG_H -DINSTALL_DIR="\"/usr/local/bandwidthd\""   -c -o graph.o graph.c
cc -Wall -O2 -pipe  -fcommon -fstack-protector-strong -fno-strict-aliasing -std=gnu89   -I/usr/local/include -DHAVE_CONFIG_H -DINSTALL_DIR="\"/usr/local/bandwidthd\""   -c -o conf.tab.o conf.tab.c
cc -O2 -pipe  -fcommon -fstack-protector-strong -fno-strict-aliasing -std=gnu89   -I/usr/local/include -DHAVE_CONFIG_H -c -o conf.l.o conf.l.c	
bandwidthd.c:401:2: warning: misleading indentation; statement is not part of the previous 'if' [-Wmisleading-indentation]
        switch (DataLink = pcap_datalink(pd))
        ^
bandwidthd.c:398:5: note: previous statement is here
    if (pcap_setfilter(pd, &fcode) < 0)
    ^
bandwidthd.c:488:35: warning: taking address of packed member 'ip_src' of class or structure 'ip' may result in an unaligned pointer value [-Waddress-of-packed-member]
    srcip = ntohl(*(uint32_t *) (&ip->ip_src));
                                  ^~~~~~~~~~
/usr/include/netinet/in.h:121:26: note: expanded from macro 'ntohl'
#define ntohl(x)        __ntohl(x)
                                ^
/usr/include/x86/endian.h:130:30: note: expanded from macro '__ntohl'
#define __ntohl(x)      __bswap32(x)
                                  ^
/usr/include/x86/endian.h:79:24: note: expanded from macro '__bswap32'
        (__builtin_constant_p(x) ?      \
                              ^
bandwidthd.c:488:35: warning: taking address of packed member 'ip_src' of class or structure 'ip' may result in an unaligned pointer value [-Waddress-of-packed-member]
    srcip = ntohl(*(uint32_t *) (&ip->ip_src));
                                  ^~~~~~~~~~
/usr/include/netinet/in.h:121:26: note: expanded from macro 'ntohl'
#define ntohl(x)        __ntohl(x)
                                ^
/usr/include/x86/endian.h:130:30: note: expanded from macro '__ntohl'
#define __ntohl(x)      __bswap32(x)
                                  ^
/usr/include/x86/endian.h:80:33: note: expanded from macro '__bswap32'
            __bswap32_gen((__uint32_t)(x)) : __bswap32_var(x))
                                       ^
/usr/include/x86/endian.h:70:27: note: expanded from macro '__bswap32_gen'
        (((__uint32_t)__bswap16((x) & 0xffff) << 16) | __bswap16((x) >> 16))
                                 ^
/usr/include/x86/endian.h:76:37: note: expanded from macro '__bswap16'
        ((__uint16_t)(__builtin_constant_p(x) ? \
                                           ^
bandwidthd.c:488:35: warning: taking address of packed member 'ip_src' of class or structure 'ip' may result in an unaligned pointer value [-Waddress-of-packed-member]
    srcip = ntohl(*(uint32_t *) (&ip->ip_src));
                                  ^~~~~~~~~~
/usr/include/netinet/in.h:121:26: note: expanded from macro 'ntohl'
#define ntohl(x)        __ntohl(x)
                                ^
/usr/include/x86/endian.h:130:30: note: expanded from macro '__ntohl'
#define __ntohl(x)      __bswap32(x)
                                  ^
/usr/include/x86/endian.h:80:33: note: expanded from macro '__bswap32'
            __bswap32_gen((__uint32_t)(x)) : __bswap32_var(x))
                                       ^
/usr/include/x86/endian.h:70:27: note: expanded from macro '__bswap32_gen'
        (((__uint32_t)__bswap16((x) & 0xffff) << 16) | __bswap16((x) >> 16))
                                 ^
/usr/include/x86/endian.h:77:33: note: expanded from macro '__bswap16'
            __bswap16_gen((__uint16_t)(x)) : __bswap16_var(x)))
                                       ^
/usr/include/x86/endian.h:68:40: note: expanded from macro '__bswap16_gen'
#define __bswap16_gen(x)        (__uint16_t)((x) << 8 | (x) >> 8)
                                              ^
bandwidthd.c:488:35: warning: taking address of packed member 'ip_src' of class or structure 'ip' may result in an unaligned pointer value [-Waddress-of-packed-member]
    srcip = ntohl(*(uint32_t *) (&ip->ip_src));
                                  ^~~~~~~~~~
/usr/include/netinet/in.h:121:26: note: expanded from macro 'ntohl'
#define ntohl(x)        __ntohl(x)
                                ^
/usr/include/x86/endian.h:130:30: note: expanded from macro '__ntohl'
#define __ntohl(x)      __bswap32(x)
                                  ^
/usr/include/x86/endian.h:80:33: note: expanded from macro '__bswap32'
            __bswap32_gen((__uint32_t)(x)) : __bswap32_var(x))
                                       ^
/usr/include/x86/endian.h:70:27: note: expanded from macro '__bswap32_gen'
        (((__uint32_t)__bswap16((x) & 0xffff) << 16) | __bswap16((x) >> 16))
                                 ^
/usr/include/x86/endian.h:77:33: note: expanded from macro '__bswap16'
            __bswap16_gen((__uint16_t)(x)) : __bswap16_var(x)))
                                       ^
/usr/include/x86/endian.h:68:51: note: expanded from macro '__bswap16_gen'
#define __bswap16_gen(x)        (__uint16_t)((x) << 8 | (x) >> 8)
                                                         ^
bandwidthd.c:488:35: warning: taking address of packed member 'ip_src' of class or structure 'ip' may result in an unaligned pointer value [-Waddress-of-packed-member]
    srcip = ntohl(*(uint32_t *) (&ip->ip_src));
                                  ^~~~~~~~~~
/usr/include/netinet/in.h:121:26: note: expanded from macro 'ntohl'
#define ntohl(x)        __ntohl(x)
                                ^
/usr/include/x86/endian.h:130:30: note: expanded from macro '__ntohl'
#define __ntohl(x)      __bswap32(x)
                                  ^
/usr/include/x86/endian.h:80:33: note: expanded from macro '__bswap32'
            __bswap32_gen((__uint32_t)(x)) : __bswap32_var(x))
                                       ^
/usr/include/x86/endian.h:70:27: note: expanded from macro '__bswap32_gen'
        (((__uint32_t)__bswap16((x) & 0xffff) << 16) | __bswap16((x) >> 16))
                                 ^
/usr/include/x86/endian.h:77:53: note: expanded from macro '__bswap16'
            __bswap16_gen((__uint16_t)(x)) : __bswap16_var(x)))
                                                           ^
bandwidthd.c:488:35: warning: taking address of packed member 'ip_src' of class or structure 'ip' may result in an unaligned pointer value [-Waddress-of-packed-member]
    srcip = ntohl(*(uint32_t *) (&ip->ip_src));
                                  ^~~~~~~~~~
/usr/include/netinet/in.h:121:26: note: expanded from macro 'ntohl'
#define ntohl(x)        __ntohl(x)
                                ^
/usr/include/x86/endian.h:130:30: note: expanded from macro '__ntohl'
#define __ntohl(x)      __bswap32(x)
                                  ^
/usr/include/x86/endian.h:80:33: note: expanded from macro '__bswap32'
            __bswap32_gen((__uint32_t)(x)) : __bswap32_var(x))
                                       ^
/usr/include/x86/endian.h:70:60: note: expanded from macro '__bswap32_gen'
        (((__uint32_t)__bswap16((x) & 0xffff) << 16) | __bswap16((x) >> 16))
                                                                  ^
/usr/include/x86/endian.h:76:37: note: expanded from macro '__bswap16'
        ((__uint16_t)(__builtin_constant_p(x) ? \
                                           ^
bandwidthd.c:488:35: warning: taking address of packed member 'ip_src' of class or structure 'ip' may result in an unaligned pointer value [-Waddress-of-packed-member]
    srcip = ntohl(*(uint32_t *) (&ip->ip_src));
                                  ^~~~~~~~~~
/usr/include/netinet/in.h:121:26: note: expanded from macro 'ntohl'
#define ntohl(x)        __ntohl(x)
                                ^
/usr/include/x86/endian.h:130:30: note: expanded from macro '__ntohl'
#define __ntohl(x)      __bswap32(x)
                                  ^
/usr/include/x86/endian.h:80:33: note: expanded from macro '__bswap32'
            __bswap32_gen((__uint32_t)(x)) : __bswap32_var(x))
                                       ^
/usr/include/x86/endian.h:70:60: note: expanded from macro '__bswap32_gen'
        (((__uint32_t)__bswap16((x) & 0xffff) << 16) | __bswap16((x) >> 16))
                                                                  ^
/usr/include/x86/endian.h:77:33: note: expanded from macro '__bswap16'
            __bswap16_gen((__uint16_t)(x)) : __bswap16_var(x)))
                                       ^
/usr/include/x86/endian.h:68:40: note: expanded from macro '__bswap16_gen'
#define __bswap16_gen(x)        (__uint16_t)((x) << 8 | (x) >> 8)
                                              ^
bandwidthd.c:488:35: warning: taking address of packed member 'ip_src' of class or structure 'ip' may result in an unaligned pointer value [-Waddress-of-packed-member]
    srcip = ntohl(*(uint32_t *) (&ip->ip_src));
                                  ^~~~~~~~~~
/usr/include/netinet/in.h:121:26: note: expanded from macro 'ntohl'
#define ntohl(x)        __ntohl(x)
                                ^
/usr/include/x86/endian.h:130:30: note: expanded from macro '__ntohl'
#define __ntohl(x)      __bswap32(x)
                                  ^
/usr/include/x86/endian.h:80:33: note: expanded from macro '__bswap32'
            __bswap32_gen((__uint32_t)(x)) : __bswap32_var(x))
                                       ^
/usr/include/x86/endian.h:70:60: note: expanded from macro '__bswap32_gen'
        (((__uint32_t)__bswap16((x) & 0xffff) << 16) | __bswap16((x) >> 16))
                                                                  ^
/usr/include/x86/endian.h:77:33: note: expanded from macro '__bswap16'
            __bswap16_gen((__uint16_t)(x)) : __bswap16_var(x)))
                                       ^
/usr/include/x86/endian.h:68:51: note: expanded from macro '__bswap16_gen'
#define __bswap16_gen(x)        (__uint16_t)((x) << 8 | (x) >> 8)
                                                         ^
bandwidthd.c:488:35: warning: taking address of packed member 'ip_src' of class or structure 'ip' may result in an unaligned pointer value [-Waddress-of-packed-member]
    srcip = ntohl(*(uint32_t *) (&ip->ip_src));
                                  ^~~~~~~~~~
/usr/include/netinet/in.h:121:26: note: expanded from macro 'ntohl'
#define ntohl(x)        __ntohl(x)
                                ^
/usr/include/x86/endian.h:130:30: note: expanded from macro '__ntohl'
#define __ntohl(x)      __bswap32(x)
                                  ^
/usr/include/x86/endian.h:80:33: note: expanded from macro '__bswap32'
            __bswap32_gen((__uint32_t)(x)) : __bswap32_var(x))
                                       ^
/usr/include/x86/endian.h:70:60: note: expanded from macro '__bswap32_gen'
        (((__uint32_t)__bswap16((x) & 0xffff) << 16) | __bswap16((x) >> 16))
                                                                  ^
/usr/include/x86/endian.h:77:53: note: expanded from macro '__bswap16'
            __bswap16_gen((__uint16_t)(x)) : __bswap16_var(x)))
                                                           ^
bandwidthd.c:488:35: warning: taking address of packed member 'ip_src' of class or structure 'ip' may result in an unaligned pointer value [-Waddress-of-packed-member]
    srcip = ntohl(*(uint32_t *) (&ip->ip_src));
                                  ^~~~~~~~~~
/usr/include/netinet/in.h:121:26: note: expanded from macro 'ntohl'
#define ntohl(x)        __ntohl(x)
                                ^
/usr/include/x86/endian.h:130:30: note: expanded from macro '__ntohl'
#define __ntohl(x)      __bswap32(x)
                                  ^
/usr/include/x86/endian.h:80:53: note: expanded from macro '__bswap32'
            __bswap32_gen((__uint32_t)(x)) : __bswap32_var(x))
                                                           ^
bandwidthd.c:489:35: warning: taking address of packed member 'ip_dst' of class or structure 'ip' may result in an unaligned pointer value [-Waddress-of-packed-member]
    dstip = ntohl(*(uint32_t *) (&ip->ip_dst));
                                  ^~~~~~~~~~
/usr/include/netinet/in.h:121:26: note: expanded from macro 'ntohl'
#define ntohl(x)        __ntohl(x)
                                ^
/usr/include/x86/endian.h:130:30: note: expanded from macro '__ntohl'
#define __ntohl(x)      __bswap32(x)
                                  ^
/usr/include/x86/endian.h:79:24: note: expanded from macro '__bswap32'
        (__builtin_constant_p(x) ?      \
                              ^
bandwidthd.c:489:35: warning: taking address of packed member 'ip_dst' of class or structure 'ip' may result in an unaligned pointer value [-Waddress-of-packed-member]
    dstip = ntohl(*(uint32_t *) (&ip->ip_dst));
                                  ^~~~~~~~~~
graph.c:697:57: warning: passing 'char [30]' to parameter of type 'unsigned char *' converts between pointers to integer types with different sign [-Wpointer-sign]
/usr/include/netinet/in.h:121:26: note: expanded from macro 'ntohl'
        gdImageString(im, gdFontSmall, XOFFSET+5,  YHEIGHT-20, Buffer, black);
                                                               ^~~~~~
#define ntohl(x)        __ntohl(x)
                                ^
/usr/local/include/gd.h:742:49: note: passing argument to parameter 's' here
/usr/include/x86/endian.h:130:30: note: expanded from macro '__ntohl'
                                 unsigned char *s, int color);#define __ntohl(x)      __bswap32(x)
                                  ^

                                                ^
/usr/include/x86/endian.h:80:33: note: expanded from macro '__bswap32'
graph.c:698            __bswap32_gen((__uint32_t)(x)) : __bswap32_var(x))
                                       ^
:66:/usr/include/x86/endian.h:70:27: note: expanded from macro '__bswap32_gen'
 warning: passing 'char [50]' to parameter of type 'unsigned char *' converts between pointers to integer types with different sign [-Wpointer-sign]
        (((__uint32_t)__bswap16((x) & 0xffff) << 16) | __bswap16((x) >> 16))
                                 ^
        gdImageString(im, gdFontSmall, XWIDTH/2+XOFFSET/2,  YHEIGHT-20, Buffer2, black);                                
                                                                        ^~~~~~~
/usr/include/x86/endian.h:76:37: note: expanded from macro '__bswap16'
/usr/local/include/gd.h:742        ((__uint16_t)(__builtin_constant_p(x) ? \
                                           ^
:49: note: passing argument to parameter 's' here
bandwidthd.c:489:35: warning: taking address of packed member 'ip_dst' of class or structure 'ip' may result in an unaligned pointer value [-Waddress-of-packed-member]
                                 unsigned char *s, int color);
                                                ^
    dstip = ntohl(*(uint32_t *) (&ip->ip_dst));
                                  ^~~~~~~~~~
/usr/include/netinet/in.h:121:26: note: expanded from macro 'ntohl'
#define ntohl(x)        __ntohl(x)
                                ^
/usr/include/x86/endian.h:130:30: note: expanded from macro '__ntohl'
#define __ntohl(x)      __bswap32(x)
                                  ^
/usr/include/x86/endian.h:80:33: note: expanded from macro '__bswap32'
graph.c:712:61: warning: passing 'char [30]' to parameter of type 'unsigned char *' converts between pointers to integer types with different sign [-Wpointer-sign]
            __bswap32_gen((__uint32_t)(x)) : __bswap32_var(x))
                                       ^
    gdImageString(im2, gdFontSmall, XOFFSET+5,  YHEIGHT-20, Buffer, black2);                
                                                            ^~~~~~
/usr/include/x86/endian.h:70:27: note: expanded from macro '__bswap32_gen'
/usr/local/include/gd.h:742:49: note: passing argument to parameter 's' here
        (((__uint32_t)__bswap16((x) & 0xffff) << 16) | __bswap16((x) >> 16))
                                 ^
                                 unsigned char *s, int color);
                                                ^
/usr/include/x86/endian.h:77:33: note: expanded from macro '__bswap16'
graph.c:713:70: warning: passing 'char [50]' to parameter of type 'unsigned char *' converts between pointers to integer types with different sign [-Wpointer-sign]
            __bswap16_gen((__uint16_t)(x)) : __bswap16_var(x)))
                                       ^
    gdImageString(im2, gdFontSmall, XWIDTH/2+XOFFSET/2,  YHEIGHT-20, Buffer2, black2);
                                                                     ^~~~~~~
/usr/include/x86/endian.h:68:40: note: expanded from macro '__bswap16_gen'
/usr/local/include/gd.h:742:49: note: passing argument to parameter 's' here
#define __bswap16_gen(x)        (__uint16_t)((x) << 8 | (x) >> 8)
                                              ^
                                 unsigned char *s, int color);
                                                ^
bandwidthd.c:489:35: warning: taking address of packed member 'ip_dst' of class or structure 'ip' may result in an unaligned pointer value [-Waddress-of-packed-member]
    dstip = ntohl(*(uint32_t *) (&ip->ip_dst));
                                  ^~~~~~~~~~
/usr/include/netinet/in.h:121:26: note: expanded from macro 'ntohl'
#define ntohl(x)        __ntohl(x)
                                ^
/usr/include/x86/endian.h:130:30: note: expanded from macro '__ntohl'
#define __ntohl(x)      __bswap32(x)
                                  ^
/usr/include/x86/endian.h:80:33: note: expanded from macro '__bswap32'
            __bswap32_gen((__uint32_t)(x)) : __bswap32_var(x))
                                       ^
/usr/include/x86/endian.h:70:27: note: expanded from macro '__bswap32_gen'
        (((__uint32_t)__bswap16((x) & 0xffff) << 16) | __bswap16((x) >> 16))
                                 ^
/usr/include/x86/endian.h:77:33: note: expanded from macro '__bswap16'
            __bswap16_gen((__uint16_t)(x)) : __bswap16_var(x)))
                                       ^
/usr/include/x86/endian.h:68:51: note: expanded from macro '__bswap16_gen'
#define __bswap16_gen(x)        (__uint16_t)((x) << 8 | (x) >> 8)
                                                         ^
bandwidthd.c:489:35: warning: taking address of packed member 'ip_dst' of class or structure 'ip' may result in an unaligned pointer value [-Waddress-of-packed-member]
    dstip = ntohl(*(uint32_t *) (&ip->ip_dst));
                                  ^~~~~~~~~~
/usr/include/netinet/in.h:121:26: note: expanded from macro 'ntohl'
#define ntohl(x)        __ntohl(x)
                                ^
/usr/include/x86/endian.h:130:30: note: expanded from macro '__ntohl'
#define __ntohl(x)      __bswap32(x)
                                  ^
/usr/include/x86/endian.h:80:33: note: expanded from macro '__bswap32'
            __bswap32_gen((__uint32_t)(x)) : __bswap32_var(x))
                                       ^
/usr/include/x86/endian.h:70:27: note: expanded from macro '__bswap32_gen'
        (((__uint32_t)__bswap16((x) & 0xffff) << 16) | __bswap16((x) >> 16))
                                 ^
/usr/include/x86/endian.h:77:53: note: expanded from macro '__bswap16'
            __bswap16_gen((__uint16_t)(x)) : __bswap16_var(x)))
                                                           ^
bandwidthd.c:489:35: warning: taking address of packed member 'ip_dst' of class or structure 'ip' may result in an unaligned pointer value [-Waddress-of-packed-member]
    dstip = ntohl(*(uint32_t *) (&ip->ip_dst));
                                  ^~~~~~~~~~
/usr/include/netinet/in.h:121:26: note: expanded from macro 'ntohl'
#define ntohl(x)        __ntohl(x)
                                ^
/usr/include/x86/endian.h:130:30: note: expanded from macro '__ntohl'
#define __ntohl(x)      __bswap32(x)
                                  ^
/usr/include/x86/endian.h:80:33: note: expanded from macro '__bswap32'
            __bswap32_gen((__uint32_t)(x)) : __bswap32_var(x))
                                       ^
/usr/include/x86/endian.h:70:60: note: expanded from macro '__bswap32_gen'
        (((__uint32_t)__bswap16((x) & 0xffff) << 16) | __bswap16((x) >> 16))
                                                                  ^
/usr/include/x86/endian.h:76:37: note: expanded from macro '__bswap16'
        ((__uint16_t)(__builtin_constant_p(x) ? \
                                           ^
bandwidthd.c:489:35: warning: taking address of packed member 'ip_dst' of class or structure 'ip' may result in an unaligned pointer value [-Waddress-of-packed-member]
    dstip = ntohl(*(uint32_t *) (&ip->ip_dst));
                                  ^~~~~~~~~~
/usr/include/netinet/in.h:121:26: note: expanded from macro 'ntohl'
graph.c#define ntohl(x)        __ntohl(x)
                                ^
:762:48: warning: passing 'char [20]' to parameter of type 'unsigned char *' converts between pointers to integer types with different sign [-Wpointer-sign]
/usr/include/x86/endian.h:130:30: note: expanded from macro '__ntohl'
        gdImageString(im, gdFontSmall, 3, y-7, buffer, black);        
                                               ^~~~~~
#define __ntohl(x)      __bswap32(x)
                                  ^
/usr/local/include/gd.h:742:49: note: passing argument to parameter 's' here
/usr/include/x86/endian.h:80:33: note: expanded from macro '__bswap32'
                                 unsigned char *s, int color);
                                                ^
            __bswap32_gen((__uint32_t)(x)) : __bswap32_var(x))
                                       ^
/usr/include/x86/endian.h:70:60: note: expanded from macro '__bswap32_gen'
        (((__uint32_t)__bswap16((x) & 0xffff) << 16) | __bswap16((x) >> 16))
                                                                  ^
/usr/include/x86/endian.h:77:33: note: expanded from macro '__bswap16'
            __bswap16_gen((__uint16_t)(x)) : __bswap16_var(x)))
                                       ^
/usr/include/x86/endian.h:68:40: note: expanded from macro '__bswap16_gen'
#define __bswap16_gen(x)        (__uint16_t)((x) << 8 | (x) >> 8)
                                              ^
bandwidthd.c:489:35: warning: taking address of packed member 'ip_dst' of class or structure 'ip' may result in an unaligned pointer value [-Waddress-of-packed-member]
    dstip = ntohl(*(uint32_t *) (&ip->ip_dst));
                                  ^~~~~~~~~~
/usr/include/netinet/in.h:121:26: note: expanded from macro 'ntohl'
#define ntohl(x)        __ntohl(x)
                                ^
/usr/include/x86/endian.h:130:30: note: expanded from macro '__ntohl'
#define __ntohl(x)      __bswap32(x)
                                  ^
/usr/include/x86/endian.h:80:33: note: expanded from macro '__bswap32'
            __bswap32_gen((__uint32_t)(x)) : __bswap32_var(x))
                                       ^
graph.c:814:68: warning: passing 'char [100]' to parameter of type 'unsigned char *' converts between pointers to integer types with different sign [-Wpointer-sign]
/usr/include/x86/endian.h:70:60: note: expanded from macro '__bswap32_gen'
            gdImageString(im, gdFontSmall, x-30,  YHEIGHT-YOFFSET+10, buffer, black);        
                                                                      ^~~~~~
        (((__uint32_t)__bswap16((x) & 0xffff) << 16) | __bswap16((x) >> 16))
                                                                  ^
/usr/local/include/gd.h:742:49: note: passing argument to parameter 's' here
/usr/include/x86/endian.h:77:33: note: expanded from macro '__bswap16'
                                 unsigned char *s, int color);
            __bswap16_gen((__uint16_t)(x)) : __bswap16_var(x)))
                                       ^
                                                ^
/usr/include/x86/endian.h:68:51: note: expanded from macro '__bswap16_gen'
#define __bswap16_gen(x)        (__uint16_t)((x) << 8 | (x) >> 8)
                                                         ^
bandwidthd.c:489:35: warning: taking address of packed member 'ip_dst' of class or structure 'ip' may result in an unaligned pointer value [-Waddress-of-packed-member]
    dstip = ntohl(*(uint32_t *) (&ip->ip_dst));
                                  ^~~~~~~~~~
/usr/include/netinet/in.h:121:26: note: expanded from macro 'ntohl'
#define ntohl(x)        __ntohl(x)
                                ^
/usr/include/x86/endian.h:130:30: note: expanded from macro '__ntohl'
graph.c#define __ntohl(x)      __bswap32(x)
                                  ^
:848:67: warning: passing 'char [100]' to parameter of type 'unsigned char *' converts between pointers to integer types with different sign [-Wpointer-sign]
/usr/include/x86/endian.h:80:33: note: expanded from macro '__bswap32'
            gdImageString(im, gdFontSmall, x-6,  YHEIGHT-YOFFSET+10, buffer, black);        
                                                                     ^~~~~~
            __bswap32_gen((__uint32_t)(x)) : __bswap32_var(x))
                                       ^
/usr/local/include/gd.h:742:49: note: passing argument to parameter 's' here
/usr/include/x86/endian.h:70:60: note: expanded from macro '__bswap32_gen'
                                 unsigned char *s, int color);
                                                ^
        (((__uint32_t)__bswap16((x) & 0xffff) << 16) | __bswap16((x) >> 16))
                                                                  ^
/usr/include/x86/endian.h:77:53: note: expanded from macro '__bswap16'
            __bswap16_gen((__uint16_t)(x)) : __bswap16_var(x)))
                                                           ^
bandwidthd.c:489:35: warning: taking address of packed member 'ip_dst' of class or structure 'ip' may result in an unaligned pointer value [-Waddress-of-packed-member]
    dstip = ntohl(*(uint32_t *) (&ip->ip_dst));
                                  ^~~~~~~~~~
/usr/include/netinet/in.h:121:26: note: expanded from macro 'ntohl'
#define ntohl(x)        __ntohl(x)
                                ^
/usr/include/x86/endian.h:130:30: note: expanded from macro '__ntohl'
#define __ntohl(x)      __bswap32(x)
                                  ^
/usr/include/x86/endian.h:80:53: note: expanded from macro '__bswap32'
            __bswap32_gen((__uint32_t)(x)) : __bswap32_var(x))
                                                           ^
7 warnings generated.
21 warnings generated.
cc -Wall -O2 -pipe  -fcommon -fstack-protector-strong -fno-strict-aliasing -std=gnu89   -I/usr/local/include -DHAVE_CONFIG_H -DINSTALL_DIR="\"/usr/local/bandwidthd\"" bandwidthd.o graph.o conf.tab.o conf.l.o -o bandwidthd -fstack-protector-strong  -L/usr/local/lib -lpcap -lgd  
gmake[1]: Leaving directory '/wrkdirs/usr/ports/net-mgmt/bandwidthd/work/bandwidthd-2.0.1'
===========================================================================
=======================<phase: run-depends    >============================
===== env: USE_PACKAGE_DEPENDS_ONLY=1 USER=root UID=0 GID=0
===========================================================================
=======================<phase: stage          >============================
===== env: NO_DEPENDS=yes USER=nobody UID=65534 GID=65534
===>  Staging for bandwidthd-2.0.1_12
===>   Generating temporary packing list
gmake[1]: Entering directory '/wrkdirs/usr/ports/net-mgmt/bandwidthd/work/bandwidthd-2.0.1'
/usr/bin/install -c -d /wrkdirs/usr/ports/net-mgmt/bandwidthd/work/stage/usr/local/bandwidthd/etc
/usr/bin/install -c -d /wrkdirs/usr/ports/net-mgmt/bandwidthd/work/stage/usr/local/bandwidthd/htdocs
/usr/bin/install -c -m755 -s bandwidthd /wrkdirs/usr/ports/net-mgmt/bandwidthd/work/stage/usr/local/bandwidthd	
/usr/bin/install -c -m644 etc/bandwidthd.conf /wrkdirs/usr/ports/net-mgmt/bandwidthd/work/stage/usr/local/bandwidthd/etc/bandwidthd.conf.sample
/usr/bin/install -c -m644 htdocs/legend.gif /wrkdirs/usr/ports/net-mgmt/bandwidthd/work/stage/usr/local/bandwidthd/htdocs
/usr/bin/install -c -m644 htdocs/logo.gif /wrkdirs/usr/ports/net-mgmt/bandwidthd/work/stage/usr/local/bandwidthd/htdocs
gmake[1]: Leaving directory '/wrkdirs/usr/ports/net-mgmt/bandwidthd/work/bandwidthd-2.0.1'
install  -m 555 /wrkdirs/usr/ports/net-mgmt/bandwidthd/work/bandwidthd  /wrkdirs/usr/ports/net-mgmt/bandwidthd/work/stage/usr/local/etc/rc.d
====> Compressing man pages (compress-man)
===========================================================================
=======================<phase: package        >============================
===== env: 'PKG_NOTES=build_timestamp ports_top_git_hash ports_top_checkout_unclean port_git_hash port_checkout_unclean built_by' 'PKG_NOTE_build_timestamp=2021-10-18T20:27:50+0000' 'PKG_NOTE_ports_top_git_hash=af67f424b' 'PKG_NOTE_ports_top_checkout_unclean=no' 'PKG_NOTE_port_git_hash=af67f424b' 'PKG_NOTE_port_checkout_unclean=no' 'PKG_NOTE_built_by=poudriere-git-3.3.0-1019-gef452659' NO_DEPENDS=yes USER=nobody UID=65534 GID=65534
===>  Building package for bandwidthd-2.0.1_12
install -l rs /.npkg/All/bandwidthd-2.0.1_12.pkg /.npkg/All/bandwidthd-2.0.1_12.txz
===========================================================================
=>> Cleaning up wrkdir
===>  Cleaning for bandwidthd-2.0.1_12
build of net-mgmt/bandwidthd | bandwidthd-2.0.1_12 ended at Mon Oct 18 23:28:54 EAT 2021
build time: 00:01:04
