=>> Building net-mgmt/bsnmp-regex
build started at Mon Oct 18 23:32:27 EAT 2021
port directory: /usr/ports/net-mgmt/bsnmp-regex
package name: bsnmp-regex-0.6_2
building for: FreeBSD Cygate_v2_5_0_amd64-Cygate_devel-job-03 12.3-PRERELEASE FreeBSD 12.3-PRERELEASE 1202508 amd64
maintained by: koobs@FreeBSD.org
Makefile datestamp: -rw-r--r--  1 root  wheel  939 Oct 18 18:58 /usr/ports/net-mgmt/bsnmp-regex/Makefile
Ports top last git commit: af67f424b
Ports top unclean checkout: no
Port dir last git commit: af67f424b
Port dir unclean checkout: no
Poudriere version: poudriere-git-3.3.0-1019-gef452659
Host OSVERSION: 1202000
Jail OSVERSION: 1202508
Job Id: 03




!!! Jail is newer than host. (Jail: 1202508, Host: 1202000) !!!
!!! This is not supported. !!!
!!! Host kernel must be same or newer than jail. !!!
!!! Expect build failures. !!!



---Begin Environment---
SHELL=/bin/csh
OSVERSION=1202508
UNAME_v=FreeBSD 12.3-PRERELEASE 1202508
UNAME_r=12.3-PRERELEASE
BLOCKSIZE=K
MAIL=/var/mail/root
STATUS=1
HOME=/root
PATH=/sbin:/bin:/usr/sbin:/usr/bin:/usr/local/sbin:/usr/local/bin:/root/bin
LOCALBASE=/usr/local
USER=root
POUDRIERE_NAME=poudriere-git
LIBEXECPREFIX=/usr/local/libexec/poudriere
POUDRIERE_VERSION=3.3.0-1019-gef452659
MASTERMNT=/usr/local/poudriere/data/.m/Cygate_v2_5_0_amd64-Cygate_devel/ref
LC_COLLATE=C
POUDRIERE_BUILD_TYPE=bulk
PACKAGE_BUILDING=yes
SAVED_TERM=xterm-256color
GID=0
OUTPUT_REDIRECTED_STDERR=4
OUTPUT_REDIRECTED=1
UID=0
PWD=/usr/local/poudriere/data/.m/Cygate_v2_5_0_amd64-Cygate_devel/03/.p
OUTPUT_REDIRECTED_STDOUT=3
P_PORTS_FEATURES=FLAVORS SELECTED_OPTIONS
MASTERNAME=Cygate_v2_5_0_amd64-Cygate_devel
SCRIPTPREFIX=/usr/local/share/poudriere
SCRIPTNAME=bulk.sh
OLDPWD=/usr/local/poudriere/data/.m/Cygate_v2_5_0_amd64-Cygate_devel/ref/.p/pool
POUDRIERE_PKGNAME=poudriere-git-3.3.0-1019-gef452659
SCRIPTPATH=/usr/local/share/poudriere/bulk.sh
POUDRIEREPATH=/usr/local/bin/poudriere
---End Environment---

---Begin Poudriere Port Flags/Env---
PORT_FLAGS=
PKGENV=
FLAVOR=
DEPENDS_ARGS=
MAKE_ARGS=
---End Poudriere Port Flags/Env---

---Begin OPTIONS List---
===> The following configuration options are available for bsnmp-regex-0.6_2:
     DEBUG=off: Build with debugging support
     PCRE=off: Use PCRE instead of the default regex library
===> Use 'make config' to modify these settings
---End OPTIONS List---

--MAINTAINER--
koobs@FreeBSD.org
--End MAINTAINER--

--CONFIGURE_ARGS--
--disable-debug --disable-pcre --prefix=/usr/local ${_LATE_CONFIGURE_ARGS}
--End CONFIGURE_ARGS--

--CONFIGURE_ENV--
XDG_DATA_HOME=/wrkdirs/usr/ports/net-mgmt/bsnmp-regex/work  XDG_CONFIG_HOME=/wrkdirs/usr/ports/net-mgmt/bsnmp-regex/work  XDG_CACHE_HOME=/wrkdirs/usr/ports/net-mgmt/bsnmp-regex/work/.cache  HOME=/wrkdirs/usr/ports/net-mgmt/bsnmp-regex/work TMPDIR="/tmp" PATH=/wrkdirs/usr/ports/net-mgmt/bsnmp-regex/work/.bin:/sbin:/bin:/usr/sbin:/usr/bin:/usr/local/sbin:/usr/local/bin:/root/bin SHELL=/bin/sh CONFIG_SHELL=/bin/sh CONFIG_SITE=/usr/ports/Templates/config.site lt_cv_sys_max_cmd_len=524288
--End CONFIGURE_ENV--

--MAKE_ENV--
XDG_DATA_HOME=/wrkdirs/usr/ports/net-mgmt/bsnmp-regex/work  XDG_CONFIG_HOME=/wrkdirs/usr/ports/net-mgmt/bsnmp-regex/work  XDG_CACHE_HOME=/wrkdirs/usr/ports/net-mgmt/bsnmp-regex/work/.cache  HOME=/wrkdirs/usr/ports/net-mgmt/bsnmp-regex/work TMPDIR="/tmp" PATH=/wrkdirs/usr/ports/net-mgmt/bsnmp-regex/work/.bin:/sbin:/bin:/usr/sbin:/usr/bin:/usr/local/sbin:/usr/local/bin:/root/bin NO_PIE=yes MK_DEBUG_FILES=no MK_KERNEL_SYMBOLS=no SHELL=/bin/sh NO_LINT=YES PREFIX=/usr/local  LOCALBASE=/usr/local  CC="cc" CFLAGS="-O2 -pipe  -fstack-protector-strong -fno-strict-aliasing "  CPP="cpp" CPPFLAGS=""-I/usr/local/include""  LDFLAGS=" -fstack-protector-strong " LIBS=""  CXX="c++" CXXFLAGS="-O2 -pipe -fstack-protector-strong -fno-strict-aliasing  "  MANPREFIX="/usr/local" BSD_INSTALL_PROGRAM="install  -s -m 555"  BSD_INSTALL_LIB="install  -s -m 0644"  BSD_INSTALL_SCRIPT="install  -m 555"  BSD_INSTALL_DATA="install  -m 0644"  BSD_INSTALL_MAN="install  -m 444"
--End MAKE_ENV--

--PLIST_SUB--
 OSREL=12.3 PREFIX=%D LOCALBASE=/usr/local  RESETPREFIX=/usr/local LIB32DIR=lib DOCSDIR="share/doc/bsnmp-regex"  EXAMPLESDIR="share/examples/bsnmp-regex"  DATADIR="share/bsnmp-regex"  WWWDIR="www/bsnmp-regex"  ETCDIR="etc/bsnmp-regex"
--End PLIST_SUB--

--SUB_LIST--
 PREFIX=/usr/local LOCALBASE=/usr/local  DATADIR=/usr/local/share/bsnmp-regex DOCSDIR=/usr/local/share/doc/bsnmp-regex EXAMPLESDIR=/usr/local/share/examples/bsnmp-regex  WWWDIR=/usr/local/www/bsnmp-regex ETCDIR=/usr/local/etc/bsnmp-regex
--End SUB_LIST--

---Begin make.conf---
USE_PACKAGE_DEPENDS=yes
BATCH=yes
WRKDIRPREFIX=/wrkdirs
PORTSDIR=/usr/ports
PACKAGES=/packages
DISTDIR=/distfiles
FORCE_PACKAGE=yes
PACKAGE_BUILDING=yes
PACKAGE_BUILDING_FLAVORS=yes
#### /usr/local/etc/poudriere.d/Cygate_devel-make.conf ####
ALLOW_UNSUPPORTED_SYSTEM=yes

# Define pfSense repos
PFSENSE_REPOS=	Cygate-repo Cygate-repo-devel Cygate-repo-245

# Used by pfSense-upgrade port to set pkg_set_version
PFSENSE_PKG_SET_VERSION=	2.6.0-DEVELOPMENT

# Generic options
OPTIONS_UNSET_FORCE=	DOCS DOXYGEN EXAMPLES INFO MAN MANPAGES X11

# Individual ports options
.if ${.CURDIR:N*net/quagga*}=="" || ${.CURDIR:N*net/frr*}==""
CUR_ARCH!=	/usr/bin/uname -p
. if ${CUR_ARCH} == "armv7"
WITH_DEBUG=yes
. endif
.endif

.if ${.CURDIR:N*net/frr*}==""
ETCDIR=	/var/etc/frr
.endif

DEFAULT_VERSIONS=	php=74 ssl=base
PHP_FD_SETSIZE=		3172

. if ${.CURDIR:N*sysutils/check_reload_status*}==""
WITH_DEBUG=	yes
. endif

# Options for packages

# databases
databases_rrdtool_UNSET_FORCE=	PYTHON_MODULE RUBY_MODULE PERL_MODULE DEJAVU GRAPH

# devel
devel_git_UNSET_FORCE=CVS GITWEB GUI HTMLDOCS P4 SVN CONTRIB PERL ETCSHELLS

# dns
dns_dnsmasq_UNSET_FORCE=	DNSSEC

dns_unbound_SET_FORCE=	LIBEVENT PYTHON
dns_unbound112_SET_FORCE=	LIBEVENT PYTHON

dns_bind916_SET_FORCE=DLZ_FILESYSTEM FILTER_AAAA IPV6 LINKS RRL SIGCHASE SSL THREADS GSSAPI_NONE
dns_bind916_UNSET_FORCE=FIXED_RRSET IDN LARGE_FILE LMDB

# emulators
emulators_open-vm-tools_UNSET_FORCE=DOCS FUSE LIBNOTIFY X11

# graphics
graphics_cairo_UNSET_FORCE=X11 XCB OPENGL

graphics_gd_SET_FORCE=ICONV
graphics_gd_UNSET_FORCE=FONTCONFIG XPM

graphics_graphviz_SET_FORCE=ICONV NLS
graphics_graphviz_UNSET_FORCE=DIGCOLA IPSEPCOLA PANGOCAIRO XPM

# lang
lang_gcc_UNSET_FORCE=JAVA

# mail
mail_pear-Mail_SET_FORCE=	PEAR_NET_SMTP

# net
net_freeradius3_SET_FORCE=EXPERIMENTAL HEIMDAL LDAP MYSQL PERL PGSQL PYTHON SQLITE3

net_frr7_SET_FORCE=SNMP

net_haproxy18_SET_FORCE=OPENSSL SPCRE LUA
net_haproxy18_UNSET_FORCE=DPCRE

net_haproxy_SET_FORCE=OPENSSL SPCRE LUA PROMEX
net_haproxy_UNSET_FORCE=DPCRE

net_haproxy-devel_SET_FORCE=OPENSSL SPCRE LUA
net_haproxy-devel_UNSET_FORCE=DPCRE

net_libpcap_SET_FORCE=IPV6
net_libpcap_UNSET_FORCE=DAG

net_miniupnpd_SET_FORCE=	PF_FILTER_RULES IPV6 CHECK_PORTINUSE

net_mtr_UNSET_FORCE=X11

net_nss_ldap_UNSET_FORCE=SASL KERBEROS

net_ntp_UNSET_FORCE=	PERL_UTILS

# net-mgmt
net-mgmt_net-snmp_SET_FORCE=IPV6 MFD_REWRITES TLS
net-mgmt_net-snmp_UNSET_FORCE=AX_DISABLE_TRAP AX_SOCKONLY DOCS DUMMY JAIL MYSQL PYTHON SMUX TKMIB UNPRIVILEGED

net-mgmt_zabbix3-agent_SET_FORCE=IPV6

net-mgmt_zabbix3-proxy_SET_FORCE=IPMI IPV6 LIBXML2 SQLITE SSH
net-mgmt_zabbix3-proxy_UNSET_FORCE=MYSQL

net-mgmt_zabbix4-agent_SET_FORCE=IPV6

net-mgmt_zabbix4-proxy_SET_FORCE=IPMI IPV6 LIBXML2 SQLITE SSH
net-mgmt_zabbix4-proxy_UNSET_FORCE=MYSQL

net-mgmt_zabbix44-agent_SET_FORCE=IPV6

net-mgmt_zabbix44-proxy_SET_FORCE=IPMI IPV6 LIBXML2 SQLITE SSH
net-mgmt_zabbix44-proxy_UNSET_FORCE=MYSQL

net-mgmt_zabbix5-agent_SET_FORCE=IPV6

net-mgmt_zabbix5-proxy_SET_FORCE=IPMI IPV6 LIBXML2 SQLITE SSH
net-mgmt_zabbix5-proxy_UNSET_FORCE=MYSQL

net-mgmt_zabbix52-agent_SET_FORCE=IPV6

net-mgmt_zabbix52-proxy_SET_FORCE=IPMI IPV6 LIBXML2 SQLITE SSH
net-mgmt_zabbix52-proxy_UNSET_FORCE=MYSQL

net-mgmt_zabbix54-agent_SET_FORCE=IPV6

net-mgmt_zabbix54-proxy_SET_FORCE=IPMI IPV6 LIBXML2 SQLITE SSH
net-mgmt_zabbix54-proxy_UNSET_FORCE=MYSQL

# security
security_ca_root_nss_SET_FORCE=	ETCSYMLINK

security_opensc_SET_FORCE=	PCSC
security_opensc_UNSET_FORCE=	DOCS MANPAGES

security_openvpn_SET_FORCE=	X509ALTUSERNAME ASYNC_PUSH
security_openvpn_UNSET_FORCE=	EASYRSA

shells_scponly_SET_FORCE=CHROOT SCP WILDCARDS WINSCP
shells_scponly_UNSET_FORCE=DEFAULT_CHDIR DOCS GFTP RSYNC SVN SVNSERVE UNISON

security_sudo_SET_FORCE=LDAP

security_snort_SET_FORCE=APPID COREDUMPS GRE IPV6 NORMALIZER PERFPROFILE SOURCEFIRE
security_snort_UNSET_FORCE=BARNYARD FILEINSPECT HA PULLEDPORK

.if ${.CURDIR:N*security/snort3*}==""
CUR_ARCH!=  /usr/bin/uname -p
.if ${CUR_ARCH} == "armv7" || ${CUR_ARCH} == "aarch64"
security_snort3_SET_FORCE=LARGEPCAP STATICDAQ
security_snort3_UNSET_FORCE=HYPERSCAN TSC
else
security_snort3_SET_FORCE=LARGEPCAP STATICDAQ HYPERSCAN
.endif
.endif

security_strongswan_SET_FORCE=	CURL EAPDYNAMIC EAPRADIUS EAPSIMFILE \
			IKEv1 UNBOUND XAUTH IPSECKEY PKCS11 PKI UNITY VICI VSTR SWANCTL
security_strongswan_UNSET_FORCE=	EAPAKA3GPP2 BUILTIN LIBC SMP

security_suricata_SET_FORCE=GEOIP HTP_PORT IPFW JSON LUAJIT NSS PORTS_PCAP NETMAP HYPERSCAN REDIS
security_suricata4_SET_FORCE=GEOIP HTP_PORT IPFW JSON LUAJIT NSS PORTS_PCAP NETMAP HYPERSCAN REDIS
.if ${.CURDIR:N*security/suricata*}==""
CUR_ARCH!=	/usr/bin/uname -p
NATIVE_BUILD!=	/sbin/sysctl -qn kern.supported_archs | grep -q ${CUR_ARCH} && echo yes || /usr/bin/true
.if ${NATIVE_BUILD} != "yes"
security_suricata_UNSET_FORCE=LUA PRELUDE SC TESTS RUST
security_suricata4_UNSET_FORCE=LUA PRELUDE SC TESTS RUST
.else
security_suricata_UNSET_FORCE=LUA PRELUDE SC TESTS
security_suricata4_UNSET_FORCE=LUA PRELUDE SC TESTS
.endif
.endif

security_xinetd_UNSET_FORCE=	XCONV

# sysutils
sysutils_apcupsd_SET_FORCE=APCDUMB_DRV APCSMART_DRV PCNET_DRV SNMP_DRV TCP_WRAPPERS USB
sysutils_apcupsd_UNSET_FORCE=CGI CLIENT_ONLY GAPCMON SNMP_DRV_OLD TEST_DRV

sysutils_flashrom_UNSET_FORCE=	FTDI BUSPIRATE

sysutils_pftop_SET_FORCE=ALTQ

sysutils_syslog-ng_SET_FORCE=	SYS_SSL
sysutils_syslog-ng_UNSET_FORCE=	PORTS_SSL

# www
www_c-icap_SET_FORCE=LARGE_FILES
www_c-icap_UNSET_FORCE=IPV6

www_lightsquid_SET_FORCE=GD

www_lighttpd_SET_FORCE=	NODELAY

www_nginx_SET_FORCE=	LUA

www_squid_SET_FORCE=ARP_ACL AUTH_LDAP AUTH_NIS AUTH_SASL CACHE_DIGESTS DELAY_POOLS FOLLOW_XFF FS_AUFS FS_DISKD GSSAPI_MIT HTCP ICAP ICMP IDENT IPV6 KQUEUE LARGEFILE LAX_HTTP SNMP SSL SSL_CRTD TP_PF WCCP WCCPV2
www_squid_UNSET_FORCE=AUTH_SMB AUTH_SQL DEBUG DNS_HELPER ECAP ESI FS_ROCK GSSAPI_NONE GSSAPI_BASE GSSAPI_HEIMDAL STACKTRACES TP_IPF TP_IPFW VIA_DB

www_squidguard_SET_FORCE=DNS_BL LDAP STRIP_NTDOMAIN
www_squidguard_UNSET_FORCE=QUOTE_STRING

www_e2guardian_SET_FORCE=ICAP NTLM SSL_MITM

PKG_REPO_BRANCH_DEVEL=v2_5_0
PKG_REPO_BRANCH_RELEASE=v2_5_2
PKG_REPO_SERVER_DEVEL=pkg+http://10.42.0.2/packages
PKG_REPO_SERVER_RELEASE=pkg+http://10.42.0.2/packages
POUDRIERE_PORTS_NAME=Cygate_devel
PFSENSE_DEFAULT_REPO=Cygate-repo-devel
PRODUCT_NAME=Cygate
REPO_BRANCH_PREFIX=
#### Misc Poudriere ####
.include "/etc/make.conf.ports_env"
---End make.conf---
--Resource limits--
cpu time               (seconds, -t)  unlimited
file size           (512-blocks, -f)  unlimited
data seg size           (kbytes, -d)  33554432
stack size              (kbytes, -s)  524288
core file size      (512-blocks, -c)  unlimited
max memory size         (kbytes, -m)  unlimited
locked memory           (kbytes, -l)  unlimited
max user processes              (-u)  19414
open files                      (-n)  9000
virtual mem size        (kbytes, -v)  8388608
swap limit              (kbytes, -w)  unlimited
socket buffer size       (bytes, -b)  unlimited
pseudo-terminals                (-p)  unlimited
kqueues                         (-k)  unlimited
umtx shared locks               (-o)  unlimited
--End resource limits--
=======================<phase: check-sanity   >============================
===== env: NO_DEPENDS=yes USER=nobody UID=65534 GID=65534
===>  License BSD3CLAUSE accepted by the user
===========================================================================
=======================<phase: pkg-depends    >============================
===== env: USE_PACKAGE_DEPENDS_ONLY=1 USER=root UID=0 GID=0
===>   bsnmp-regex-0.6_2 depends on file: /usr/local/sbin/pkg - not found
===>   Installing existing package /packages/All/pkg-1.17.2.pkg
[Cygate_v2_5_0_amd64-Cygate_devel-job-03] Installing pkg-1.17.2...
[Cygate_v2_5_0_amd64-Cygate_devel-job-03] Extracting pkg-1.17.2: .......... done
===>   bsnmp-regex-0.6_2 depends on file: /usr/local/sbin/pkg - found
===>   Returning to build of bsnmp-regex-0.6_2
===========================================================================
=======================<phase: fetch-depends  >============================
===== env: USE_PACKAGE_DEPENDS_ONLY=1 USER=root UID=0 GID=0
===========================================================================
=======================<phase: fetch          >============================
===== env: NO_DEPENDS=yes USER=root UID=0 GID=0
===>  License BSD3CLAUSE accepted by the user
===> Fetching all distfiles required by bsnmp-regex-0.6_2 for building
===========================================================================
=======================<phase: checksum       >============================
===== env: NO_DEPENDS=yes USER=root UID=0 GID=0
===>  License BSD3CLAUSE accepted by the user
===> Fetching all distfiles required by bsnmp-regex-0.6_2 for building
=> SHA256 Checksum OK for bsnmp-regex-0.6.tar.gz.
===========================================================================
=======================<phase: extract-depends>============================
===== env: USE_PACKAGE_DEPENDS_ONLY=1 USER=root UID=0 GID=0
===========================================================================
=======================<phase: extract        >============================
===== env: NO_DEPENDS=yes USER=nobody UID=65534 GID=65534
===>  License BSD3CLAUSE accepted by the user
===> Fetching all distfiles required by bsnmp-regex-0.6_2 for building
===>  Extracting for bsnmp-regex-0.6_2
=> SHA256 Checksum OK for bsnmp-regex-0.6.tar.gz.
===========================================================================
=======================<phase: patch-depends  >============================
===== env: USE_PACKAGE_DEPENDS_ONLY=1 USER=root UID=0 GID=0
===========================================================================
=======================<phase: patch          >============================
===== env: NO_DEPENDS=yes USER=nobody UID=65534 GID=65534
===>  Patching for bsnmp-regex-0.6_2
===>  Applying FreeBSD patches for bsnmp-regex-0.6_2 from /usr/ports/net-mgmt/bsnmp-regex/files
===========================================================================
=======================<phase: build-depends  >============================
===== env: USE_PACKAGE_DEPENDS_ONLY=1 USER=root UID=0 GID=0
===========================================================================
=======================<phase: lib-depends    >============================
===== env: USE_PACKAGE_DEPENDS_ONLY=1 USER=root UID=0 GID=0
===========================================================================
=======================<phase: configure      >============================
===== env: NO_DEPENDS=yes USER=nobody UID=65534 GID=65534
===>  Configuring for bsnmp-regex-0.6_2
===>   FreeBSD 10 autotools fix applied to /wrkdirs/usr/ports/net-mgmt/bsnmp-regex/work/bsnmp-regex-0.6/aclocal.m4
===>   FreeBSD 10 autotools fix applied to /wrkdirs/usr/ports/net-mgmt/bsnmp-regex/work/bsnmp-regex-0.6/configure
configure: loading site script /usr/ports/Templates/config.site
checking for a BSD-compatible install... /usr/bin/install -c
checking whether build environment is sane... yes
checking for a thread-safe mkdir -p... (cached) /bin/mkdir -p
checking for gawk... (cached) /usr/bin/awk
checking whether make sets $(MAKE)... yes
checking for gcc... cc
checking whether the C compiler works... yes
checking for C compiler default output file name... a.out
checking for suffix of executables... 
checking whether we are cross compiling... no
checking for suffix of object files... o
checking whether we are using the GNU C compiler... yes
checking whether cc accepts -g... yes
checking for cc option to accept ISO C89... none needed
checking for style of include used by make... GNU
checking dependency style of cc... gcc3
checking build system type... amd64-portbld-freebsd12.3
checking host system type... amd64-portbld-freebsd12.3
checking how to print strings... printf
checking for a sed that does not truncate output... (cached) /usr/bin/sed
checking for grep that handles long lines and -e... (cached) /usr/bin/grep
checking for egrep... (cached) /usr/bin/egrep
checking for fgrep... (cached) /usr/bin/fgrep
checking for ld used by cc... /usr/bin/ld
checking if the linker (/usr/bin/ld) is GNU ld... yes
checking for BSD- or MS-compatible name lister (nm)... /usr/bin/nm
checking the name lister (/usr/bin/nm) interface... BSD nm
checking whether ln -s works... yes
checking the maximum length of command line arguments... (cached) 524288
checking whether the shell understands some XSI constructs... yes
checking whether the shell understands "+="... no
checking how to convert amd64-portbld-freebsd12.3 file names to amd64-portbld-freebsd12.3 format... func_convert_file_noop
checking how to convert amd64-portbld-freebsd12.3 file names to toolchain format... func_convert_file_noop
checking for /usr/bin/ld option to reload object files... -r
checking for objdump... objdump
checking how to recognize dependent libraries... pass_all
checking for dlltool... no
checking how to associate runtime and link libraries... printf %s\n
checking for ar... ar
checking for archiver @FILE support... no
checking for strip... strip
checking for ranlib... ranlib
checking command to parse /usr/bin/nm output from cc object... ok
checking for sysroot... no
checking for mt... mt
checking if mt is a manifest tool... no
checking how to run the C preprocessor... cpp
checking for ANSI C header files... (cached) yes
checking for sys/types.h... (cached) yes
checking for sys/stat.h... (cached) yes
checking for stdlib.h... (cached) yes
checking for string.h... (cached) yes
checking for memory.h... (cached) yes
checking for strings.h... (cached) yes
checking for inttypes.h... (cached) yes
checking for stdint.h... (cached) yes
checking for unistd.h... (cached) yes
checking for dlfcn.h... (cached) yes
checking for objdir... .libs
checking if cc supports -fno-rtti -fno-exceptions... yes
checking for cc option to produce PIC... -fPIC -DPIC
checking if cc PIC flag -fPIC -DPIC works... yes
checking if cc static flag -static works... yes
checking if cc supports -c -o file.o... yes
checking if cc supports -c -o file.o... (cached) yes
checking whether the cc linker (/usr/bin/ld) supports shared libraries... yes
checking whether -lc should be explicitly linked in... no
checking dynamic linker characteristics... freebsd12.3 ld.so
checking how to hardcode library paths into programs... immediate
checking whether stripping libraries is possible... yes
checking if libtool supports shared libraries... yes
checking whether to build shared libraries... yes
checking whether to build static libraries... yes
checking for gensnmptree... gensnmptree
checking for ANSI C header files... (cached) yes
checking sys/queue.h usability... yes
checking sys/queue.h presence... yes
checking for sys/queue.h... yes
checking sys/limits.h usability... yes
checking sys/limits.h presence... yes
checking for sys/limits.h... yes
checking for sys/stat.h... (cached) yes
checking for sys/time.h... (cached) yes
checking for sys/un.h... (cached) yes
checking bsnmp/snmpmod.h usability... yes
checking bsnmp/snmpmod.h presence... yes
checking for bsnmp/snmpmod.h... yes
checking for an ANSI C-conforming const... yes
checking for size_t... (cached) yes
checking for stdlib.h... (cached) yes
checking for GNU libc compatible malloc... (cached) yes
checking for working memcmp... yes
configure: creating ./config.status
config.status: creating Makefile
config.status: creating module/Makefile
config.status: creating tools/Makefile
config.status: creating doc/Makefile
config.status: creating config.h
config.status: executing depfiles commands
config.status: executing libtool commands
===========================================================================
=======================<phase: build          >============================
===== env: NO_DEPENDS=yes USER=nobody UID=65534 GID=65534
===>  Building for bsnmp-regex-0.6_2
--- all ---
/usr/bin/make  all-recursive
--- all-recursive ---
Making all in module
--- bsnmp-regex.lo ---
--- regex_tree.lo ---
--- bsnmp-regex.lo ---
/bin/sh ../libtool --tag=CC    --mode=compile cc -DHAVE_CONFIG_H -I. -I.. -DCONF_PREFIX=\"/usr/local/etc\"   -I/usr/local/include  -O2 -pipe  -fstack-protector-strong -fno-strict-aliasing  -I/usr/local/include -MT bsnmp-regex.lo -MD -MP -MF .deps/bsnmp-regex.Tpo -c -o bsnmp-regex.lo bsnmp-regex.c
--- regex_tree.lo ---
/bin/sh ../libtool --tag=CC    --mode=compile cc -DHAVE_CONFIG_H -I. -I.. -DCONF_PREFIX=\"/usr/local/etc\"   -I/usr/local/include  -O2 -pipe  -fstack-protector-strong -fno-strict-aliasing  -I/usr/local/include -MT regex_tree.lo -MD -MP -MF .deps/regex_tree.Tpo -c -o regex_tree.lo regex_tree.c
--- bsnmp-regex.lo ---
libtool: compile:  cc -DHAVE_CONFIG_H -I. -I.. -DCONF_PREFIX=\"/usr/local/etc\" -I/usr/local/include -O2 -pipe -fstack-protector-strong -fno-strict-aliasing -I/usr/local/include -MT bsnmp-regex.lo -MD -MP -MF .deps/bsnmp-regex.Tpo -c bsnmp-regex.c  -fPIC -DPIC -o .libs/bsnmp-regex.o
--- regex_tree.lo ---
libtool: compile:  cc -DHAVE_CONFIG_H -I. -I.. -DCONF_PREFIX=\"/usr/local/etc\" -I/usr/local/include -O2 -pipe -fstack-protector-strong -fno-strict-aliasing -I/usr/local/include -MT regex_tree.lo -MD -MP -MF .deps/regex_tree.Tpo -c regex_tree.c  -fPIC -DPIC -o .libs/regex_tree.o
libtool: compile:  cc -DHAVE_CONFIG_H -I. -I.. -DCONF_PREFIX=\"/usr/local/etc\" -I/usr/local/include -O2 -pipe -fstack-protector-strong -fno-strict-aliasing -I/usr/local/include -MT regex_tree.lo -MD -MP -MF .deps/regex_tree.Tpo -c regex_tree.c -o regex_tree.o >/dev/null 2>&1
--- bsnmp-regex.lo ---
bsnmp-regex.c:573:15: warning: passing 'u_char *' (aka 'unsigned char *') to parameter of type 'const char *' converts between pointers to integer types with different sign [-Wpointer-sign]
    if (stat (regex_sock, &sb) == 0) {
              ^~~~~~~~~~
/usr/include/sys/stat.h:391:33: note: passing argument to parameter here
int     stat(const char * __restrict, struct stat * __restrict);
                                    ^
bsnmp-regex.c:581:17: warning: passing 'u_char *' (aka 'unsigned char *') to parameter of type 'const char *' converts between pointers to integer types with different sign [-Wpointer-sign]
        unlink (regex_sock);
                ^~~~~~~~~~
/usr/include/unistd.h:371:25: note: passing argument to parameter here
int      unlink(const char *);
                            ^
bsnmp-regex.c:597:29: warning: passing 'u_char *' (aka 'unsigned char *') to parameter of type 'const char *' converts between pointers to integer types with different sign [-Wpointer-sign]
    strlcpy (addr.sun_path, regex_sock, sizeof (addr.sun_path));
                            ^~~~~~~~~~
/usr/include/string.h:95:59: note: passing argument to parameter here
size_t   strlcpy(char * __restrict, const char * __restrict, size_t);
                                                           ^
bsnmp-regex.c:809:16: warning: passing 'u_char *' (aka 'unsigned char *') to parameter of type 'const char *' converts between pointers to integer types with different sign [-Wpointer-sign]
    f = fopen (regex_config, "r");
               ^~~~~~~~~~~~
/usr/include/stdio.h:259:36: note: passing argument to parameter here
FILE    *fopen(const char * __restrict, const char * __restrict);
                                      ^
bsnmp-regex.c:1084:36: warning: passing 'char *' to parameter of type 'const u_char *' (aka 'const unsigned char *') converts between pointers to integer types with different sign [-Wpointer-sign]
        return (string_get (value, data->descr, -1));
                                   ^~~~~~~~~~~
/usr/include/bsnmp/snmpmod.h:648:51: note: passing argument to parameter here
int string_get(struct snmp_value *, const u_char *, ssize_t);
                                                  ^
bsnmp-regex.c:1098:36: warning: passing 'char *' to parameter of type 'const u_char *' (aka 'const unsigned char *') converts between pointers to integer types with different sign [-Wpointer-sign]
        return (string_get (value, (data->value_str && !expired) ?
                                   ^~~~~~~~~~~~~~~~~~~~~~~~~~~~~~~
/usr/include/bsnmp/snmpmod.h:648:51: note: passing argument to parameter here
int string_get(struct snmp_value *, const u_char *, ssize_t);
                                                  ^
bsnmp-regex.c:1129:18: warning: assigning to 'u_char *' (aka 'unsigned char *') from 'char *' converts between pointers to integer types with different sign [-Wpointer-sign]
    regex_config = strdup (DEFAULT_CONFIG);
                 ^ ~~~~~~~~~~~~~~~~~~~~~~~
bsnmp-regex.c:1133:16: warning: assigning to 'u_char *' (aka 'unsigned char *') from 'char *' converts between pointers to integer types with different sign [-Wpointer-sign]
    regex_sock = strdup (DEFAULT_SOCKET);
               ^ ~~~~~~~~~~~~~~~~~~~~~~~
--- regex_tree.lo ---
mv -f .deps/regex_tree.Tpo .deps/regex_tree.Plo
--- bsnmp-regex.lo ---
8 warnings generated.
libtool: compile:  cc -DHAVE_CONFIG_H -I. -I.. -DCONF_PREFIX=\"/usr/local/etc\" -I/usr/local/include -O2 -pipe -fstack-protector-strong -fno-strict-aliasing -I/usr/local/include -MT bsnmp-regex.lo -MD -MP -MF .deps/bsnmp-regex.Tpo -c bsnmp-regex.c -o bsnmp-regex.o >/dev/null 2>&1
mv -f .deps/bsnmp-regex.Tpo .deps/bsnmp-regex.Plo
--- snmp_regex.la ---
/bin/sh ../libtool --tag=CC    --mode=link cc  -O2 -pipe  -fstack-protector-strong -fno-strict-aliasing  -I/usr/local/include  -module -fstack-protector-strong  -L/usr/local/lib -o snmp_regex.la -rpath /usr/local/lib regex_tree.lo bsnmp-regex.lo  
libtool: link: cc -shared  -fPIC -DPIC  .libs/regex_tree.o .libs/bsnmp-regex.o   -L/usr/local/lib  -O2 -fstack-protector-strong -fstack-protector-strong   -Wl,-soname -Wl,snmp_regex.so.0 -o .libs/snmp_regex.so.0.0.0
libtool: link: (cd ".libs" && rm -f "snmp_regex.so.0" && ln -s "snmp_regex.so.0.0.0" "snmp_regex.so.0")
libtool: link: (cd ".libs" && rm -f "snmp_regex.so" && ln -s "snmp_regex.so.0.0.0" "snmp_regex.so")
libtool: link: ar cru .libs/snmp_regex.a  regex_tree.o bsnmp-regex.o
libtool: link: ranlib .libs/snmp_regex.a
libtool: link: ( cd ".libs" && rm -f "snmp_regex.la" && ln -s "../snmp_regex.la" "snmp_regex.la" )
Making all in tools
--- sockin-sockin.o ---
cc -DHAVE_CONFIG_H -I. -I..   -I/usr/local/include -I../common/ -I.. -O2 -pipe  -fstack-protector-strong -fno-strict-aliasing  -I/usr/local/include -MT sockin-sockin.o -MD -MP -MF .deps/sockin-sockin.Tpo -c -o sockin-sockin.o `test -f 'sockin.c' || echo './'`sockin.c
mv -f .deps/sockin-sockin.Tpo .deps/sockin-sockin.Po
--- sockin ---
/bin/sh ../libtool --tag=CC    --mode=link cc -I../common/ -I.. -O2 -pipe  -fstack-protector-strong -fno-strict-aliasing  -I/usr/local/include   -fstack-protector-strong  -L/usr/local/lib -o sockin sockin-sockin.o  
libtool: link: cc -I../common/ -I.. -O2 -pipe -fstack-protector-strong -fno-strict-aliasing -I/usr/local/include -fstack-protector-strong -o sockin sockin-sockin.o  -L/usr/local/lib
Making all in doc
===========================================================================
=======================<phase: run-depends    >============================
===== env: USE_PACKAGE_DEPENDS_ONLY=1 USER=root UID=0 GID=0
===========================================================================
=======================<phase: stage          >============================
===== env: NO_DEPENDS=yes USER=nobody UID=65534 GID=65534
===>  Staging for bsnmp-regex-0.6_2
===>   Generating temporary packing list
/usr/bin/make  INSTALL_PROGRAM="/bin/sh /wrkdirs/usr/ports/net-mgmt/bsnmp-regex/work/bsnmp-regex-0.6/install-sh -c -s"  install_sh_PROGRAM="/bin/sh /wrkdirs/usr/ports/net-mgmt/bsnmp-regex/work/bsnmp-regex-0.6/install-sh -c -s" INSTALL_STRIP_FLAG=-s  `test -z 'strip' ||  echo "INSTALL_PROGRAM_ENV=STRIPPROG='strip'"` install
Making install in module
test -z "/usr/local/lib" || /bin/mkdir -p "/wrkdirs/usr/ports/net-mgmt/bsnmp-regex/work/stage/usr/local/lib"
 /bin/sh ../libtool   --mode=install /usr/bin/install -c -s  snmp_regex.la '/wrkdirs/usr/ports/net-mgmt/bsnmp-regex/work/stage/usr/local/lib'
libtool: install: /usr/bin/install -c .libs/snmp_regex.so.0.0.0 /wrkdirs/usr/ports/net-mgmt/bsnmp-regex/work/stage/usr/local/lib/snmp_regex.so.0.0.0
libtool: install: strip --strip-unneeded /wrkdirs/usr/ports/net-mgmt/bsnmp-regex/work/stage/usr/local/lib/snmp_regex.so.0.0.0
libtool: install: (cd /wrkdirs/usr/ports/net-mgmt/bsnmp-regex/work/stage/usr/local/lib && { ln -s -f snmp_regex.so.0.0.0 snmp_regex.so.0 || { rm -f snmp_regex.so.0 && ln -s snmp_regex.so.0.0.0 snmp_regex.so.0; }; })
libtool: install: (cd /wrkdirs/usr/ports/net-mgmt/bsnmp-regex/work/stage/usr/local/lib && { ln -s -f snmp_regex.so.0.0.0 snmp_regex.so || { rm -f snmp_regex.so && ln -s snmp_regex.so.0.0.0 snmp_regex.so; }; })
libtool: install: /usr/bin/install -c .libs/snmp_regex.lai /wrkdirs/usr/ports/net-mgmt/bsnmp-regex/work/stage/usr/local/lib/snmp_regex.la
libtool: install: /usr/bin/install -c .libs/snmp_regex.a /wrkdirs/usr/ports/net-mgmt/bsnmp-regex/work/stage/usr/local/lib/snmp_regex.a
libtool: install: strip --strip-debug /wrkdirs/usr/ports/net-mgmt/bsnmp-regex/work/stage/usr/local/lib/snmp_regex.a
libtool: install: chmod 644 /wrkdirs/usr/ports/net-mgmt/bsnmp-regex/work/stage/usr/local/lib/snmp_regex.a
libtool: install: ranlib /wrkdirs/usr/ports/net-mgmt/bsnmp-regex/work/stage/usr/local/lib/snmp_regex.a
libtool: install: warning: remember to run `libtool --finish /usr/local/lib'
Making install in tools
test -z "/usr/local/bin" || /bin/mkdir -p "/wrkdirs/usr/ports/net-mgmt/bsnmp-regex/work/stage/usr/local/bin"
 STRIPPROG='strip' /bin/sh ../libtool   --mode=install /bin/sh /wrkdirs/usr/ports/net-mgmt/bsnmp-regex/work/bsnmp-regex-0.6/install-sh -c -s sockin '/wrkdirs/usr/ports/net-mgmt/bsnmp-regex/work/stage/usr/local/bin'
libtool: install: /bin/sh /wrkdirs/usr/ports/net-mgmt/bsnmp-regex/work/bsnmp-regex-0.6/install-sh -c -s sockin /wrkdirs/usr/ports/net-mgmt/bsnmp-regex/work/stage/usr/local/bin/sockin
Making install in doc
test -z "/usr/local/man/man1" || /bin/mkdir -p "/wrkdirs/usr/ports/net-mgmt/bsnmp-regex/work/stage/usr/local/man/man1"
 install  -m 0644 sockin.1 '/wrkdirs/usr/ports/net-mgmt/bsnmp-regex/work/stage/usr/local/man/man1'
test -z "/usr/local/man/man5" || /bin/mkdir -p "/wrkdirs/usr/ports/net-mgmt/bsnmp-regex/work/stage/usr/local/man/man5"
 install  -m 0644 bsnmp-regex.conf.5 '/wrkdirs/usr/ports/net-mgmt/bsnmp-regex/work/stage/usr/local/man/man5'
test -z "/usr/local/man/man8" || /bin/mkdir -p "/wrkdirs/usr/ports/net-mgmt/bsnmp-regex/work/stage/usr/local/man/man8"
 install  -m 0644 bsnmp-regex.8 '/wrkdirs/usr/ports/net-mgmt/bsnmp-regex/work/stage/usr/local/man/man8'
====> Compressing man pages (compress-man)
===========================================================================
=======================<phase: package        >============================
===== env: 'PKG_NOTES=build_timestamp ports_top_git_hash ports_top_checkout_unclean port_git_hash port_checkout_unclean built_by' 'PKG_NOTE_build_timestamp=2021-10-18T20:32:27+0000' 'PKG_NOTE_ports_top_git_hash=af67f424b' 'PKG_NOTE_ports_top_checkout_unclean=no' 'PKG_NOTE_port_git_hash=af67f424b' 'PKG_NOTE_port_checkout_unclean=no' 'PKG_NOTE_built_by=poudriere-git-3.3.0-1019-gef452659' NO_DEPENDS=yes USER=nobody UID=65534 GID=65534
===>  Building package for bsnmp-regex-0.6_2
install -l rs /.npkg/All/bsnmp-regex-0.6_2.pkg /.npkg/All/bsnmp-regex-0.6_2.txz
===========================================================================
=>> Cleaning up wrkdir
===>  Cleaning for bsnmp-regex-0.6_2
build of net-mgmt/bsnmp-regex | bsnmp-regex-0.6_2 ended at Mon Oct 18 23:32:32 EAT 2021
build time: 00:00:05
