=>> Building sysutils/ccze
build started at Mon Oct 18 23:46:48 EAT 2021
port directory: /usr/ports/sysutils/ccze
package name: ccze-0.2.1_5
building for: FreeBSD Cygate_v2_5_0_amd64-Cygate_devel-job-02 12.3-PRERELEASE FreeBSD 12.3-PRERELEASE 1202508 amd64
maintained by: ecu@200ok.org
Makefile datestamp: -rw-r--r--  1 root  wheel  647 Oct 18 18:58 /usr/ports/sysutils/ccze/Makefile
Ports top last git commit: af67f424b
Ports top unclean checkout: no
Port dir last git commit: af67f424b
Port dir unclean checkout: no
Poudriere version: poudriere-git-3.3.0-1019-gef452659
Host OSVERSION: 1202000
Jail OSVERSION: 1202508
Job Id: 02




!!! Jail is newer than host. (Jail: 1202508, Host: 1202000) !!!
!!! This is not supported. !!!
!!! Host kernel must be same or newer than jail. !!!
!!! Expect build failures. !!!



---Begin Environment---
SHELL=/bin/csh
OSVERSION=1202508
UNAME_v=FreeBSD 12.3-PRERELEASE 1202508
UNAME_r=12.3-PRERELEASE
BLOCKSIZE=K
MAIL=/var/mail/root
STATUS=1
HOME=/root
PATH=/sbin:/bin:/usr/sbin:/usr/bin:/usr/local/sbin:/usr/local/bin:/root/bin
LOCALBASE=/usr/local
USER=root
POUDRIERE_NAME=poudriere-git
LIBEXECPREFIX=/usr/local/libexec/poudriere
POUDRIERE_VERSION=3.3.0-1019-gef452659
MASTERMNT=/usr/local/poudriere/data/.m/Cygate_v2_5_0_amd64-Cygate_devel/ref
LC_COLLATE=C
POUDRIERE_BUILD_TYPE=bulk
PACKAGE_BUILDING=yes
SAVED_TERM=xterm-256color
GID=0
OUTPUT_REDIRECTED_STDERR=4
OUTPUT_REDIRECTED=1
UID=0
PWD=/usr/local/poudriere/data/.m/Cygate_v2_5_0_amd64-Cygate_devel/02/.p
OUTPUT_REDIRECTED_STDOUT=3
P_PORTS_FEATURES=FLAVORS SELECTED_OPTIONS
MASTERNAME=Cygate_v2_5_0_amd64-Cygate_devel
SCRIPTPREFIX=/usr/local/share/poudriere
SCRIPTNAME=bulk.sh
OLDPWD=/usr/local/poudriere/data/.m/Cygate_v2_5_0_amd64-Cygate_devel/ref/.p/pool
POUDRIERE_PKGNAME=poudriere-git-3.3.0-1019-gef452659
SCRIPTPATH=/usr/local/share/poudriere/bulk.sh
POUDRIEREPATH=/usr/local/bin/poudriere
---End Environment---

---Begin Poudriere Port Flags/Env---
PORT_FLAGS=
PKGENV=
FLAVOR=
DEPENDS_ARGS=
MAKE_ARGS=
---End Poudriere Port Flags/Env---

---Begin OPTIONS List---
===> The following configuration options are available for ccze-0.2.1_5:
     DOCS=off: Build and/or install documentation
===> Use 'make config' to modify these settings
---End OPTIONS List---

--MAINTAINER--
ecu@200ok.org
--End MAINTAINER--

--CONFIGURE_ARGS--
--prefix=/usr/local ${_LATE_CONFIGURE_ARGS}
--End CONFIGURE_ARGS--

--CONFIGURE_ENV--
MAKE=gmake XDG_DATA_HOME=/wrkdirs/usr/ports/sysutils/ccze/work  XDG_CONFIG_HOME=/wrkdirs/usr/ports/sysutils/ccze/work  XDG_CACHE_HOME=/wrkdirs/usr/ports/sysutils/ccze/work/.cache  HOME=/wrkdirs/usr/ports/sysutils/ccze/work TMPDIR="/tmp" PATH=/wrkdirs/usr/ports/sysutils/ccze/work/.bin:/sbin:/bin:/usr/sbin:/usr/bin:/usr/local/sbin:/usr/local/bin:/root/bin SHELL=/bin/sh CONFIG_SHELL=/bin/sh CONFIG_SITE=/usr/ports/Templates/config.site lt_cv_sys_max_cmd_len=524288
--End CONFIGURE_ENV--

--MAKE_ENV--
XDG_DATA_HOME=/wrkdirs/usr/ports/sysutils/ccze/work  XDG_CONFIG_HOME=/wrkdirs/usr/ports/sysutils/ccze/work  XDG_CACHE_HOME=/wrkdirs/usr/ports/sysutils/ccze/work/.cache  HOME=/wrkdirs/usr/ports/sysutils/ccze/work TMPDIR="/tmp" PATH=/wrkdirs/usr/ports/sysutils/ccze/work/.bin:/sbin:/bin:/usr/sbin:/usr/bin:/usr/local/sbin:/usr/local/bin:/root/bin NO_PIE=yes MK_DEBUG_FILES=no MK_KERNEL_SYMBOLS=no SHELL=/bin/sh NO_LINT=YES PREFIX=/usr/local  LOCALBASE=/usr/local  CC="cc" CFLAGS="-O2 -pipe  -fstack-protector-strong -fno-strict-aliasing "  CPP="cpp" CPPFLAGS=""  LDFLAGS=" -fstack-protector-strong " LIBS=""  CXX="c++" CXXFLAGS="-O2 -pipe -fstack-protector-strong -fno-strict-aliasing  "  MANPREFIX="/usr/local" BSD_INSTALL_PROGRAM="install  -s -m 555"  BSD_INSTALL_LIB="install  -s -m 0644"  BSD_INSTALL_SCRIPT="install  -m 555"  BSD_INSTALL_DATA="install  -m 0644"  BSD_INSTALL_MAN="install  -m 444"
--End MAKE_ENV--

--PLIST_SUB--
PORTDOCS="@comment " OSREL=12.3 PREFIX=%D LOCALBASE=/usr/local  RESETPREFIX=/usr/local LIB32DIR=lib DOCSDIR="share/doc/ccze"  EXAMPLESDIR="share/examples/ccze"  DATADIR="share/ccze"  WWWDIR="www/ccze"  ETCDIR="etc/ccze"
--End PLIST_SUB--

--SUB_LIST--
 PREFIX=/usr/local LOCALBASE=/usr/local  DATADIR=/usr/local/share/ccze DOCSDIR=/usr/local/share/doc/ccze EXAMPLESDIR=/usr/local/share/examples/ccze  WWWDIR=/usr/local/www/ccze ETCDIR=/usr/local/etc/ccze
--End SUB_LIST--

---Begin make.conf---
USE_PACKAGE_DEPENDS=yes
BATCH=yes
WRKDIRPREFIX=/wrkdirs
PORTSDIR=/usr/ports
PACKAGES=/packages
DISTDIR=/distfiles
FORCE_PACKAGE=yes
PACKAGE_BUILDING=yes
PACKAGE_BUILDING_FLAVORS=yes
#### /usr/local/etc/poudriere.d/Cygate_devel-make.conf ####
ALLOW_UNSUPPORTED_SYSTEM=yes

# Define pfSense repos
PFSENSE_REPOS=	Cygate-repo Cygate-repo-devel Cygate-repo-245

# Used by pfSense-upgrade port to set pkg_set_version
PFSENSE_PKG_SET_VERSION=	2.6.0-DEVELOPMENT

# Generic options
OPTIONS_UNSET_FORCE=	DOCS DOXYGEN EXAMPLES INFO MAN MANPAGES X11

# Individual ports options
.if ${.CURDIR:N*net/quagga*}=="" || ${.CURDIR:N*net/frr*}==""
CUR_ARCH!=	/usr/bin/uname -p
. if ${CUR_ARCH} == "armv7"
WITH_DEBUG=yes
. endif
.endif

.if ${.CURDIR:N*net/frr*}==""
ETCDIR=	/var/etc/frr
.endif

DEFAULT_VERSIONS=	php=74 ssl=base
PHP_FD_SETSIZE=		3172

. if ${.CURDIR:N*sysutils/check_reload_status*}==""
WITH_DEBUG=	yes
. endif

# Options for packages

# databases
databases_rrdtool_UNSET_FORCE=	PYTHON_MODULE RUBY_MODULE PERL_MODULE DEJAVU GRAPH

# devel
devel_git_UNSET_FORCE=CVS GITWEB GUI HTMLDOCS P4 SVN CONTRIB PERL ETCSHELLS

# dns
dns_dnsmasq_UNSET_FORCE=	DNSSEC

dns_unbound_SET_FORCE=	LIBEVENT PYTHON
dns_unbound112_SET_FORCE=	LIBEVENT PYTHON

dns_bind916_SET_FORCE=DLZ_FILESYSTEM FILTER_AAAA IPV6 LINKS RRL SIGCHASE SSL THREADS GSSAPI_NONE
dns_bind916_UNSET_FORCE=FIXED_RRSET IDN LARGE_FILE LMDB

# emulators
emulators_open-vm-tools_UNSET_FORCE=DOCS FUSE LIBNOTIFY X11

# graphics
graphics_cairo_UNSET_FORCE=X11 XCB OPENGL

graphics_gd_SET_FORCE=ICONV
graphics_gd_UNSET_FORCE=FONTCONFIG XPM

graphics_graphviz_SET_FORCE=ICONV NLS
graphics_graphviz_UNSET_FORCE=DIGCOLA IPSEPCOLA PANGOCAIRO XPM

# lang
lang_gcc_UNSET_FORCE=JAVA

# mail
mail_pear-Mail_SET_FORCE=	PEAR_NET_SMTP

# net
net_freeradius3_SET_FORCE=EXPERIMENTAL HEIMDAL LDAP MYSQL PERL PGSQL PYTHON SQLITE3

net_frr7_SET_FORCE=SNMP

net_haproxy18_SET_FORCE=OPENSSL SPCRE LUA
net_haproxy18_UNSET_FORCE=DPCRE

net_haproxy_SET_FORCE=OPENSSL SPCRE LUA PROMEX
net_haproxy_UNSET_FORCE=DPCRE

net_haproxy-devel_SET_FORCE=OPENSSL SPCRE LUA
net_haproxy-devel_UNSET_FORCE=DPCRE

net_libpcap_SET_FORCE=IPV6
net_libpcap_UNSET_FORCE=DAG

net_miniupnpd_SET_FORCE=	PF_FILTER_RULES IPV6 CHECK_PORTINUSE

net_mtr_UNSET_FORCE=X11

net_nss_ldap_UNSET_FORCE=SASL KERBEROS

net_ntp_UNSET_FORCE=	PERL_UTILS

# net-mgmt
net-mgmt_net-snmp_SET_FORCE=IPV6 MFD_REWRITES TLS
net-mgmt_net-snmp_UNSET_FORCE=AX_DISABLE_TRAP AX_SOCKONLY DOCS DUMMY JAIL MYSQL PYTHON SMUX TKMIB UNPRIVILEGED

net-mgmt_zabbix3-agent_SET_FORCE=IPV6

net-mgmt_zabbix3-proxy_SET_FORCE=IPMI IPV6 LIBXML2 SQLITE SSH
net-mgmt_zabbix3-proxy_UNSET_FORCE=MYSQL

net-mgmt_zabbix4-agent_SET_FORCE=IPV6

net-mgmt_zabbix4-proxy_SET_FORCE=IPMI IPV6 LIBXML2 SQLITE SSH
net-mgmt_zabbix4-proxy_UNSET_FORCE=MYSQL

net-mgmt_zabbix44-agent_SET_FORCE=IPV6

net-mgmt_zabbix44-proxy_SET_FORCE=IPMI IPV6 LIBXML2 SQLITE SSH
net-mgmt_zabbix44-proxy_UNSET_FORCE=MYSQL

net-mgmt_zabbix5-agent_SET_FORCE=IPV6

net-mgmt_zabbix5-proxy_SET_FORCE=IPMI IPV6 LIBXML2 SQLITE SSH
net-mgmt_zabbix5-proxy_UNSET_FORCE=MYSQL

net-mgmt_zabbix52-agent_SET_FORCE=IPV6

net-mgmt_zabbix52-proxy_SET_FORCE=IPMI IPV6 LIBXML2 SQLITE SSH
net-mgmt_zabbix52-proxy_UNSET_FORCE=MYSQL

net-mgmt_zabbix54-agent_SET_FORCE=IPV6

net-mgmt_zabbix54-proxy_SET_FORCE=IPMI IPV6 LIBXML2 SQLITE SSH
net-mgmt_zabbix54-proxy_UNSET_FORCE=MYSQL

# security
security_ca_root_nss_SET_FORCE=	ETCSYMLINK

security_opensc_SET_FORCE=	PCSC
security_opensc_UNSET_FORCE=	DOCS MANPAGES

security_openvpn_SET_FORCE=	X509ALTUSERNAME ASYNC_PUSH
security_openvpn_UNSET_FORCE=	EASYRSA

shells_scponly_SET_FORCE=CHROOT SCP WILDCARDS WINSCP
shells_scponly_UNSET_FORCE=DEFAULT_CHDIR DOCS GFTP RSYNC SVN SVNSERVE UNISON

security_sudo_SET_FORCE=LDAP

security_snort_SET_FORCE=APPID COREDUMPS GRE IPV6 NORMALIZER PERFPROFILE SOURCEFIRE
security_snort_UNSET_FORCE=BARNYARD FILEINSPECT HA PULLEDPORK

.if ${.CURDIR:N*security/snort3*}==""
CUR_ARCH!=  /usr/bin/uname -p
.if ${CUR_ARCH} == "armv7" || ${CUR_ARCH} == "aarch64"
security_snort3_SET_FORCE=LARGEPCAP STATICDAQ
security_snort3_UNSET_FORCE=HYPERSCAN TSC
else
security_snort3_SET_FORCE=LARGEPCAP STATICDAQ HYPERSCAN
.endif
.endif

security_strongswan_SET_FORCE=	CURL EAPDYNAMIC EAPRADIUS EAPSIMFILE \
			IKEv1 UNBOUND XAUTH IPSECKEY PKCS11 PKI UNITY VICI VSTR SWANCTL
security_strongswan_UNSET_FORCE=	EAPAKA3GPP2 BUILTIN LIBC SMP

security_suricata_SET_FORCE=GEOIP HTP_PORT IPFW JSON LUAJIT NSS PORTS_PCAP NETMAP HYPERSCAN REDIS
security_suricata4_SET_FORCE=GEOIP HTP_PORT IPFW JSON LUAJIT NSS PORTS_PCAP NETMAP HYPERSCAN REDIS
.if ${.CURDIR:N*security/suricata*}==""
CUR_ARCH!=	/usr/bin/uname -p
NATIVE_BUILD!=	/sbin/sysctl -qn kern.supported_archs | grep -q ${CUR_ARCH} && echo yes || /usr/bin/true
.if ${NATIVE_BUILD} != "yes"
security_suricata_UNSET_FORCE=LUA PRELUDE SC TESTS RUST
security_suricata4_UNSET_FORCE=LUA PRELUDE SC TESTS RUST
.else
security_suricata_UNSET_FORCE=LUA PRELUDE SC TESTS
security_suricata4_UNSET_FORCE=LUA PRELUDE SC TESTS
.endif
.endif

security_xinetd_UNSET_FORCE=	XCONV

# sysutils
sysutils_apcupsd_SET_FORCE=APCDUMB_DRV APCSMART_DRV PCNET_DRV SNMP_DRV TCP_WRAPPERS USB
sysutils_apcupsd_UNSET_FORCE=CGI CLIENT_ONLY GAPCMON SNMP_DRV_OLD TEST_DRV

sysutils_flashrom_UNSET_FORCE=	FTDI BUSPIRATE

sysutils_pftop_SET_FORCE=ALTQ

sysutils_syslog-ng_SET_FORCE=	SYS_SSL
sysutils_syslog-ng_UNSET_FORCE=	PORTS_SSL

# www
www_c-icap_SET_FORCE=LARGE_FILES
www_c-icap_UNSET_FORCE=IPV6

www_lightsquid_SET_FORCE=GD

www_lighttpd_SET_FORCE=	NODELAY

www_nginx_SET_FORCE=	LUA

www_squid_SET_FORCE=ARP_ACL AUTH_LDAP AUTH_NIS AUTH_SASL CACHE_DIGESTS DELAY_POOLS FOLLOW_XFF FS_AUFS FS_DISKD GSSAPI_MIT HTCP ICAP ICMP IDENT IPV6 KQUEUE LARGEFILE LAX_HTTP SNMP SSL SSL_CRTD TP_PF WCCP WCCPV2
www_squid_UNSET_FORCE=AUTH_SMB AUTH_SQL DEBUG DNS_HELPER ECAP ESI FS_ROCK GSSAPI_NONE GSSAPI_BASE GSSAPI_HEIMDAL STACKTRACES TP_IPF TP_IPFW VIA_DB

www_squidguard_SET_FORCE=DNS_BL LDAP STRIP_NTDOMAIN
www_squidguard_UNSET_FORCE=QUOTE_STRING

www_e2guardian_SET_FORCE=ICAP NTLM SSL_MITM

PKG_REPO_BRANCH_DEVEL=v2_5_0
PKG_REPO_BRANCH_RELEASE=v2_5_2
PKG_REPO_SERVER_DEVEL=pkg+http://10.42.0.2/packages
PKG_REPO_SERVER_RELEASE=pkg+http://10.42.0.2/packages
POUDRIERE_PORTS_NAME=Cygate_devel
PFSENSE_DEFAULT_REPO=Cygate-repo-devel
PRODUCT_NAME=Cygate
REPO_BRANCH_PREFIX=
#### Misc Poudriere ####
.include "/etc/make.conf.ports_env"
---End make.conf---
--Resource limits--
cpu time               (seconds, -t)  unlimited
file size           (512-blocks, -f)  unlimited
data seg size           (kbytes, -d)  33554432
stack size              (kbytes, -s)  524288
core file size      (512-blocks, -c)  unlimited
max memory size         (kbytes, -m)  unlimited
locked memory           (kbytes, -l)  unlimited
max user processes              (-u)  19414
open files                      (-n)  9000
virtual mem size        (kbytes, -v)  8388608
swap limit              (kbytes, -w)  unlimited
socket buffer size       (bytes, -b)  unlimited
pseudo-terminals                (-p)  unlimited
kqueues                         (-k)  unlimited
umtx shared locks               (-o)  unlimited
--End resource limits--
=======================<phase: check-sanity   >============================
===== env: NO_DEPENDS=yes USER=nobody UID=65534 GID=65534
===>  License GPLv2 accepted by the user
===========================================================================
=======================<phase: pkg-depends    >============================
===== env: USE_PACKAGE_DEPENDS_ONLY=1 USER=root UID=0 GID=0
===>   ccze-0.2.1_5 depends on file: /usr/local/sbin/pkg - not found
===>   Installing existing package /packages/All/pkg-1.17.2.pkg
[Cygate_v2_5_0_amd64-Cygate_devel-job-02] Installing pkg-1.17.2...
[Cygate_v2_5_0_amd64-Cygate_devel-job-02] Extracting pkg-1.17.2: .......... done
===>   ccze-0.2.1_5 depends on file: /usr/local/sbin/pkg - found
===>   Returning to build of ccze-0.2.1_5
===========================================================================
=======================<phase: fetch-depends  >============================
===== env: USE_PACKAGE_DEPENDS_ONLY=1 USER=root UID=0 GID=0
===========================================================================
=======================<phase: fetch          >============================
===== env: NO_DEPENDS=yes USER=root UID=0 GID=0
===>  License GPLv2 accepted by the user
===> Fetching all distfiles required by ccze-0.2.1_5 for building
===========================================================================
=======================<phase: checksum       >============================
===== env: NO_DEPENDS=yes USER=root UID=0 GID=0
===>  License GPLv2 accepted by the user
===> Fetching all distfiles required by ccze-0.2.1_5 for building
=> SHA256 Checksum OK for ccze-0.2.1.tar.gz.
===========================================================================
=======================<phase: extract-depends>============================
===== env: USE_PACKAGE_DEPENDS_ONLY=1 USER=root UID=0 GID=0
===========================================================================
=======================<phase: extract        >============================
===== env: NO_DEPENDS=yes USER=nobody UID=65534 GID=65534
===>  License GPLv2 accepted by the user
===> Fetching all distfiles required by ccze-0.2.1_5 for building
===>  Extracting for ccze-0.2.1_5
=> SHA256 Checksum OK for ccze-0.2.1.tar.gz.
===========================================================================
=======================<phase: patch-depends  >============================
===== env: USE_PACKAGE_DEPENDS_ONLY=1 USER=root UID=0 GID=0
===========================================================================
=======================<phase: patch          >============================
===== env: NO_DEPENDS=yes USER=nobody UID=65534 GID=65534
===>  Patching for ccze-0.2.1_5
===>  Applying FreeBSD patches for ccze-0.2.1_5 from /usr/ports/sysutils/ccze/files
===========================================================================
=======================<phase: build-depends  >============================
===== env: USE_PACKAGE_DEPENDS_ONLY=1 USER=root UID=0 GID=0
===>   ccze-0.2.1_5 depends on package: gmake>=4.3 - not found
===>   Installing existing package /packages/All/gmake-4.3_2.pkg
[Cygate_v2_5_0_amd64-Cygate_devel-job-02] Installing gmake-4.3_2...
[Cygate_v2_5_0_amd64-Cygate_devel-job-02] `-- Installing gettext-runtime-0.21...
[Cygate_v2_5_0_amd64-Cygate_devel-job-02] |   `-- Installing indexinfo-0.3.1...
[Cygate_v2_5_0_amd64-Cygate_devel-job-02] |   `-- Extracting indexinfo-0.3.1: .... done
[Cygate_v2_5_0_amd64-Cygate_devel-job-02] `-- Extracting gettext-runtime-0.21: .......... done
[Cygate_v2_5_0_amd64-Cygate_devel-job-02] Extracting gmake-4.3_2: .......... done
===>   ccze-0.2.1_5 depends on package: gmake>=4.3 - found
===>   Returning to build of ccze-0.2.1_5
===========================================================================
=======================<phase: lib-depends    >============================
===== env: USE_PACKAGE_DEPENDS_ONLY=1 USER=root UID=0 GID=0
===>   ccze-0.2.1_5 depends on shared library: libpcre.so - not found
===>   Installing existing package /packages/All/pcre-8.45.pkg
[Cygate_v2_5_0_amd64-Cygate_devel-job-02] Installing pcre-8.45...
[Cygate_v2_5_0_amd64-Cygate_devel-job-02] Extracting pcre-8.45: .......... done
===>   ccze-0.2.1_5 depends on shared library: libpcre.so - found (/usr/local/lib/libpcre.so)
===>   Returning to build of ccze-0.2.1_5
===========================================================================
=======================<phase: configure      >============================
===== env: NO_DEPENDS=yes USER=nobody UID=65534 GID=65534
===>  Configuring for ccze-0.2.1_5
configure: loading site script /usr/ports/Templates/config.site
checking build system type... amd64-portbld-freebsd12.3
checking host system type... amd64-portbld-freebsd12.3
checking for cc... cc
checking for gcc... (cached) cc
checking for C compiler default output... a.out
checking whether the C compiler works... yes
checking whether we are cross compiling... no
checking for suffix of executables... 
checking for suffix of object files... o
checking whether we are using the GNU C compiler... yes
checking whether cc accepts -g... yes
checking for cc option to accept ANSI C... none needed
checking whether we are using GCC 3... no
checking how to run the C preprocessor... cpp
checking for a BSD-compatible install... /usr/bin/install -c
checking for egrep... grep -E
checking for ANSI C header files... (cached) yes
checking for dirent.h that defines DIR... yes
checking for library containing opendir... none required
checking for sys/types.h... (cached) yes
checking for sys/stat.h... (cached) yes
checking for stdlib.h... (cached) yes
checking for string.h... (cached) yes
checking for memory.h... (cached) yes
checking for strings.h... (cached) yes
checking for inttypes.h... (cached) yes
checking for stdint.h... (cached) yes
checking for unistd.h... (cached) yes
checking argp.h usability... no
checking argp.h presence... no
checking for argp.h... no
checking for getopt.h... (cached) yes
checking for netdb.h... (cached) yes
checking for fcntl.h... (cached) yes
checking for stddef.h... (cached) yes
checking for an ANSI C-conforming const... yes
checking for working volatile... yes
checking for size_t... (cached) yes
checking return type of signal handlers... void
checking for error_t... no
checking for stdlib.h... (cached) yes
checking for GNU libc compatible malloc... (cached) yes
checking for stdlib.h... (cached) yes
checking for GNU libc compatible realloc... yes
checking for strftime... (cached) yes
checking whether lstat dereferences a symlink specified with a trailing slash... (cached) yes
checking whether stat accepts an empty string... no
checking for working memcmp... yes
checking for vprintf... (cached) yes
checking for _doprnt... no
checking whether closedir returns void... no
checking for alphasort... (cached) yes
checking for argp_parse... no
checking for asprintf... (cached) yes
checking for getdelim... (cached) yes
checking for getline... (cached) yes
checking for getopt_long... yes
checking for getsubopt... yes
checking for memchr... (cached) yes
checking for memset... (cached) yes
checking for scandir... (cached) yes
checking for strcasecmp... (cached) yes
checking for strchr... (cached) yes
checking for strdup... (cached) yes
checking for strndup... (cached) yes
checking for strstr... (cached) yes
checking for initscr in -lncurses... yes
checking for dlopen... (cached) yes
checking for getopt_long... (cached) yes
checking for pcre-config... /usr/local/bin/pcre-config
checking for PCRE... found
checking for suboptarg... yes
configure: creating ./config.status
config.status: creating Rules.mk
config.status: creating Makefile
config.status: creating doc/Makefile
config.status: creating src/Makefile
config.status: creating testsuite/Makefile
config.status: creating system.h
===========================================================================
=======================<phase: build          >============================
===== env: NO_DEPENDS=yes USER=nobody UID=65534 GID=65534
===>  Building for ccze-0.2.1_5
gmake[1]: Entering directory '/wrkdirs/usr/ports/sysutils/ccze/work/ccze-0.2.1'
gmake -C doc all
gmake[2]: Entering directory '/wrkdirs/usr/ports/sysutils/ccze/work/ccze-0.2.1/doc'
sed -e "s,@VERSION@,0.2.1,g" -e "s,@DIST@,stable,g" \
    <ccze.spec.in >ccze.spec
sed -e "s,@VERSION\@,0.2.1,g" \
    -e "s,@sysconfdir\@,/usr/local/etc,g" \
    -e "s,@pkglibdir\@,/usr/local/lib/ccze,g" \
<./ccze.1.in >ccze.1T && mv -f ccze.1T ccze.1
sed -e "s,@VERSION\@,0.2.1,g" \
    -e "s,@sysconfdir\@,/usr/local/etc,g" \
    -e "s,@pkglibdir\@,/usr/local/lib/ccze,g" \
<./ccze-plugin.7.in >ccze-plugin.7T && mv -f ccze-plugin.7T ccze-plugin.7
sed -e "s,@VERSION\@,0.2.1,g" \
    -e "s,@sysconfdir\@,/usr/local/etc,g" \
    -e "s,@pkglibdir\@,/usr/local/lib/ccze,g" \
<./ccze-cssdump.1.in >ccze-cssdump.1T && mv -f ccze-cssdump.1T ccze-cssdump.1
gmake[2]: Leaving directory '/wrkdirs/usr/ports/sysutils/ccze/work/ccze-0.2.1/doc'
gmake -C src all
gmake[2]: Entering directory '/wrkdirs/usr/ports/sysutils/ccze/work/ccze-0.2.1/src'
cc -c  -I. -I. -I.. -DPATCHLEVEL=\"1\" -DSYSCONFDIR=\"/usr/local/etc\" -D_GNU_SOURCE=1 -DPKGLIBDIR=\"/usr/local/lib/ccze\" -DHAVE_SYSTEM_H=1 -DBUILTIN=1 -Wshadow -Wpointer-arith -Waggregate-return -Wstrict-prototypes -Wmissing-prototypes -Wcast-qual -Wbad-function-cast -Wsign-compare -Wchar-subscripts -Wcomment -Wformat -Wformat-nonliteral -Wformat-security -Wimplicit -Wmain -Wmissing-braces -Wparentheses -Wreturn-type -Wswitch -Wmissing-noreturn -Wmissing-declarations  -O2 -pipe  -fstack-protector-strong -fno-strict-aliasing  -I/usr/local/include ccze.c
cc -c  -I. -I. -I.. -DPATCHLEVEL=\"1\" -DSYSCONFDIR=\"/usr/local/etc\" -D_GNU_SOURCE=1 -DPKGLIBDIR=\"/usr/local/lib/ccze\" -DHAVE_SYSTEM_H=1 -DBUILTIN=1 -Wshadow -Wpointer-arith -Waggregate-return -Wstrict-prototypes -Wmissing-prototypes -Wcast-qual -Wbad-function-cast -Wsign-compare -Wchar-subscripts -Wcomment -Wformat -Wformat-nonliteral -Wformat-security -Wimplicit -Wmain -Wmissing-braces -Wparentheses -Wreturn-type -Wswitch -Wmissing-noreturn -Wmissing-declarations  -O2 -pipe  -fstack-protector-strong -fno-strict-aliasing  -I/usr/local/include ccze-color.c
cc -c  -I. -I. -I.. -DPATCHLEVEL=\"1\" -DSYSCONFDIR=\"/usr/local/etc\" -D_GNU_SOURCE=1 -DPKGLIBDIR=\"/usr/local/lib/ccze\" -DHAVE_SYSTEM_H=1 -DBUILTIN=1 -Wshadow -Wpointer-arith -Waggregate-return -Wstrict-prototypes -Wmissing-prototypes -Wcast-qual -Wbad-function-cast -Wsign-compare -Wchar-subscripts -Wcomment -Wformat -Wformat-nonliteral -Wformat-security -Wimplicit -Wmain -Wmissing-braces -Wparentheses -Wreturn-type -Wswitch -Wmissing-noreturn -Wmissing-declarations  -O2 -pipe  -fstack-protector-strong -fno-strict-aliasing  -I/usr/local/include ccze-plugin.c
cc -c  -I. -I. -I.. -DPATCHLEVEL=\"1\" -DSYSCONFDIR=\"/usr/local/etc\" -D_GNU_SOURCE=1 -DPKGLIBDIR=\"/usr/local/lib/ccze\" -DHAVE_SYSTEM_H=1 -DBUILTIN=1 -Wshadow -Wpointer-arith -Waggregate-return -Wstrict-prototypes -Wmissing-prototypes -Wcast-qual -Wbad-function-cast -Wsign-compare -Wchar-subscripts -Wcomment -Wformat -Wformat-nonliteral -Wformat-security -Wimplicit -Wmain -Wmissing-braces -Wparentheses -Wreturn-type -Wswitch -Wmissing-noreturn -Wmissing-declarations  -O2 -pipe  -fstack-protector-strong -fno-strict-aliasing  -I/usr/local/include ccze-wordcolor.c
echo '#include <ccze.h>' >ccze-builtins.c
echo '#include "ccze-private.h"' >>ccze-builtins.c
cc -c  -I. -I. -I.. -DPATCHLEVEL=\"1\" -DSYSCONFDIR=\"/usr/local/etc\" -D_GNU_SOURCE=1 -DPKGLIBDIR=\"/usr/local/lib/ccze\" -DHAVE_SYSTEM_H=1 -DBUILTIN=1 -Wshadow -Wpointer-arith -Waggregate-return -Wstrict-prototypes -Wmissing-prototypes -Wcast-qual -Wbad-function-cast -Wsign-compare -Wchar-subscripts -Wcomment -Wformat -Wformat-nonliteral -Wformat-security -Wimplicit -Wmain -Wmissing-braces -Wparentheses -Wreturn-type -Wswitch -Wmissing-noreturn -Wmissing-declarations  -O2 -pipe  -fstack-protector-strong -fno-strict-aliasing  -I/usr/local/include ccze-compat.c
echo >>ccze-builtins.c
echo "void" >>ccze-builtins.c
cc -fPIC -DPIC -I. -I. -I.. -DPATCHLEVEL=\"1\" -DSYSCONFDIR=\"/usr/local/etc\" -D_GNU_SOURCE=1 -DPKGLIBDIR=\"/usr/local/lib/ccze\" -DHAVE_SYSTEM_H=1 -DBUILTIN=1 -Wshadow -Wpointer-arith -Waggregate-return -Wstrict-prototypes -Wmissing-prototypes -Wcast-qual -Wbad-function-cast -Wsign-compare -Wchar-subscripts -Wcomment -Wformat -Wformat-nonliteral -Wformat-security -Wimplicit -Wmain -Wmissing-braces -Wparentheses -Wreturn-type -Wswitch -Wmissing-noreturn -Wmissing-declarations  -O2 -pipe  -fstack-protector-strong -fno-strict-aliasing  -I/usr/local/include -fstack-protector-strong  -L/usr/local/lib -Wl,-R/usr/local/lib -lpcre -lncurses  -o apm.so mod_apm.c -shared
echo "ccze_plugin_load_all_builtins (void)" >>ccze-builtins.c
echo "{" >>ccze-builtins.c
cc -fPIC -DPIC -I. -I. -I.. -DPATCHLEVEL=\"1\" -DSYSCONFDIR=\"/usr/local/etc\" -D_GNU_SOURCE=1 -DPKGLIBDIR=\"/usr/local/lib/ccze\" -DHAVE_SYSTEM_H=1 -DBUILTIN=1 -Wshadow -Wpointer-arith -Waggregate-return -Wstrict-prototypes -Wmissing-prototypes -Wcast-qual -Wbad-function-cast -Wsign-compare -Wchar-subscripts -Wcomment -Wformat -Wformat-nonliteral -Wformat-security -Wimplicit -Wmain -Wmissing-braces -Wparentheses -Wreturn-type -Wswitch -Wmissing-noreturn -Wmissing-declarations  -O2 -pipe  -fstack-protector-strong -fno-strict-aliasing  -I/usr/local/include -fstack-protector-strong  -L/usr/local/lib -Wl,-R/usr/local/lib -lpcre -lncurses  -o distcc.so mod_distcc.c -shared
echo "}" >>ccze-builtins.c
cc -fPIC -DPIC -I. -I. -I.. -DPATCHLEVEL=\"1\" -DSYSCONFDIR=\"/usr/local/etc\" -D_GNU_SOURCE=1 -DPKGLIBDIR=\"/usr/local/lib/ccze\" -DHAVE_SYSTEM_H=1 -DBUILTIN=1 -Wshadow -Wpointer-arith -Waggregate-return -Wstrict-prototypes -Wmissing-prototypes -Wcast-qual -Wbad-function-cast -Wsign-compare -Wchar-subscripts -Wcomment -Wformat -Wformat-nonliteral -Wformat-security -Wimplicit -Wmain -Wmissing-braces -Wparentheses -Wreturn-type -Wswitch -Wmissing-noreturn -Wmissing-declarations  -O2 -pipe  -fstack-protector-strong -fno-strict-aliasing  -I/usr/local/include -fstack-protector-strong  -L/usr/local/lib -Wl,-R/usr/local/lib -lpcre -lncurses  -o exim.so mod_exim.c -shared
ccze-color.c:264:16: warning: comparison of integers of different signs: 'int' and 'chtype' (aka 'unsigned long') [-Wsign-compare]
  if (my_color < COLOR_PAIR (8))
      ~~~~~~~~ ^ ~~~~~~~~~~~~~~
cc -fPIC -DPIC -I. -I. -I.. -DPATCHLEVEL=\"1\" -DSYSCONFDIR=\"/usr/local/etc\" -D_GNU_SOURCE=1 -DPKGLIBDIR=\"/usr/local/lib/ccze\" -DHAVE_SYSTEM_H=1 -DBUILTIN=1 -Wshadow -Wpointer-arith -Waggregate-return -Wstrict-prototypes -Wmissing-prototypes -Wcast-qual -Wbad-function-cast -Wsign-compare -Wchar-subscripts -Wcomment -Wformat -Wformat-nonliteral -Wformat-security -Wimplicit -Wmain -Wmissing-braces -Wparentheses -Wreturn-type -Wswitch -Wmissing-noreturn -Wmissing-declarations  -O2 -pipe  -fstack-protector-strong -fno-strict-aliasing  -I/usr/local/include -fstack-protector-strong  -L/usr/local/lib -Wl,-R/usr/local/lib -lpcre -lncurses  -o fetchmail.so mod_fetchmail.c -shared
ccze-wordcolor.c:86:67: warning: cast from 'char **' to 'const char **' must have all intermediate pointers const qualified to be safe [-Wcast-qual]
      pcre_get_substring (word, offsets, match, 1, (const char **)&pre);
                                                                  ^
ccze-wordcolor.c:87:67: warning: cast from 'char **' to 'const char **' must have all intermediate pointers const qualified to be safe [-Wcast-qual]
      pcre_get_substring (word, offsets, match, 2, (const char **)&tmp);
                                                                  ^
ccze-wordcolor.c:98:67: warning: cast from 'char **' to 'const char **' must have all intermediate pointers const qualified to be safe [-Wcast-qual]
      pcre_get_substring (word, offsets, match, 1, (const char **)&tmp);
                                                                  ^
ccze-wordcolor.c:99:67: warning: cast from 'char **' to 'const char **' must have all intermediate pointers const qualified to be safe [-Wcast-qual]
      pcre_get_substring (word, offsets, match, 2, (const char **)&post);
                                                                  ^
cc -fPIC -DPIC -I. -I. -I.. -DPATCHLEVEL=\"1\" -DSYSCONFDIR=\"/usr/local/etc\" -D_GNU_SOURCE=1 -DPKGLIBDIR=\"/usr/local/lib/ccze\" -DHAVE_SYSTEM_H=1 -DBUILTIN=1 -Wshadow -Wpointer-arith -Waggregate-return -Wstrict-prototypes -Wmissing-prototypes -Wcast-qual -Wbad-function-cast -Wsign-compare -Wchar-subscripts -Wcomment -Wformat -Wformat-nonliteral -Wformat-security -Wimplicit -Wmain -Wmissing-braces -Wparentheses -Wreturn-type -Wswitch -Wmissing-noreturn -Wmissing-declarations  -O2 -pipe  -fstack-protector-strong -fno-strict-aliasing  -I/usr/local/include -fstack-protector-strong  -L/usr/local/lib -Wl,-R/usr/local/lib -lpcre -lncurses  -o ftpstats.so mod_ftpstats.c -shared
ccze-compat.c:216:21: warning: format string is not a string literal [-Wformat-nonliteral]
  vfprintf (stderr, fmt, ap);
                    ^~~
mod_apm.c:38:62: warning: cast from 'char **' to 'const char **' must have all intermediate pointers const qualified to be safe [-Wcast-qual]
  pcre_get_substring (str, offsets, match, 1, (const char **)&battery);
                                                             ^
mod_apm.c:39:62: warning: cast from 'char **' to 'const char **' must have all intermediate pointers const qualified to be safe [-Wcast-qual]
  pcre_get_substring (str, offsets, match, 2, (const char **)&charge);
                                                             ^
mod_apm.c:40:62: warning: cast from 'char **' to 'const char **' must have all intermediate pointers const qualified to be safe [-Wcast-qual]
  pcre_get_substring (str, offsets, match, 4, (const char **)&rate);
                                                             ^
mod_apm.c:41:62: warning: cast from 'char **' to 'const char **' must have all intermediate pointers const qualified to be safe [-Wcast-qual]
  pcre_get_substring (str, offsets, match, 5, (const char **)&stuff1);
                                                             ^
mod_apm.c:42:62: warning: cast from 'char **' to 'const char **' must have all intermediate pointers const qualified to be safe [-Wcast-qual]
  pcre_get_substring (str, offsets, match, 6, (const char **)&elapsed);
                                                             ^
mod_apm.c:43:62: warning: cast from 'char **' to 'const char **' must have all intermediate pointers const qualified to be safe [-Wcast-qual]
  pcre_get_substring (str, offsets, match, 7, (const char **)&remain);
                                                             ^
mod_apm.c:44:62: warning: cast from 'char **' to 'const char **' must have all intermediate pointers const qualified to be safe [-Wcast-qual]
  pcre_get_substring (str, offsets, match, 8, (const char **)&stuff2);
                                                             ^
cc -fPIC -DPIC -I. -I. -I.. -DPATCHLEVEL=\"1\" -DSYSCONFDIR=\"/usr/local/etc\" -D_GNU_SOURCE=1 -DPKGLIBDIR=\"/usr/local/lib/ccze\" -DHAVE_SYSTEM_H=1 -DBUILTIN=1 -Wshadow -Wpointer-arith -Waggregate-return -Wstrict-prototypes -Wmissing-prototypes -Wcast-qual -Wbad-function-cast -Wsign-compare -Wchar-subscripts -Wcomment -Wformat -Wformat-nonliteral -Wformat-security -Wimplicit -Wmain -Wmissing-braces -Wparentheses -Wreturn-type -Wswitch -Wmissing-noreturn -Wmissing-declarations  -O2 -pipe  -fstack-protector-strong -fno-strict-aliasing  -I/usr/local/include -fstack-protector-strong  -L/usr/local/lib -Wl,-R/usr/local/lib -lpcre -lncurses  -o httpd.so mod_httpd.c -shared
cc -fPIC -DPIC -I. -I. -I.. -DPATCHLEVEL=\"1\" -DSYSCONFDIR=\"/usr/local/etc\" -D_GNU_SOURCE=1 -DPKGLIBDIR=\"/usr/local/lib/ccze\" -DHAVE_SYSTEM_H=1 -DBUILTIN=1 -Wshadow -Wpointer-arith -Waggregate-return -Wstrict-prototypes -Wmissing-prototypes -Wcast-qual -Wbad-function-cast -Wsign-compare -Wchar-subscripts -Wcomment -Wformat -Wformat-nonliteral -Wformat-security -Wimplicit -Wmain -Wmissing-braces -Wparentheses -Wreturn-type -Wswitch -Wmissing-noreturn -Wmissing-declarations  -O2 -pipe  -fstack-protector-strong -fno-strict-aliasing  -I/usr/local/include -fstack-protector-strong  -L/usr/local/lib -Wl,-R/usr/local/lib -lpcre -lncurses  -o icecast.so mod_icecast.c -shared
mod_distcc.c:40:62: warning: cast from 'char **' to 'const char **' must have all intermediate pointers const qualified to be safe [-Wcast-qual]
  pcre_get_substring (str, offsets, match, 1, (const char **)&pid);
                                                             ^
mod_distcc.c:41:62: warning: cast from 'char **' to 'const char **' must have all intermediate pointers const qualified to be safe [-Wcast-qual]
  pcre_get_substring (str, offsets, match, 2, (const char **)&func);
                                                             ^
mod_distcc.c:42:62: warning: cast from 'char **' to 'const char **' must have all intermediate pointers const qualified to be safe [-Wcast-qual]
  pcre_get_substring (str, offsets, match, 3, (const char **)&rest);
                                                             ^
mod_exim.c:40:62: warning: cast from 'char **' to 'const char **' must have all intermediate pointers const qualified to be safe [-Wcast-qual]
  pcre_get_substring (str, offsets, match, 1, (const char **)&date);
                                                             ^
mod_exim.c:41:62: warning: cast from 'char **' to 'const char **' must have all intermediate pointers const qualified to be safe [-Wcast-qual]
  pcre_get_substring (str, offsets, match, 2, (const char **)&msgfull);
                                                             ^
mod_exim.c:47:217 warnings generated.
: warning: cast from 'char **' to 'const char **' must have all intermediate pointers const qualified to be safe [-Wcast-qual]
                          (const char **)&uniqn);
                                         ^
mod_exim.c:49:21: warning: cast from 'char **' to 'const char **' must have all intermediate pointers const qualified to be safe [-Wcast-qual]
                          (const char **)&action);
                                         ^
mod_exim.c:51:21: warning: cast from 'char **' to 'const char **' must have all intermediate pointers const qualified to be safe [-Wcast-qual]
                          (const char **)&msg);
                                         ^
mod_exim.c:63:21: warning: cast from 'char **' to 'const char **' must have all intermediate pointers const qualified to be safe [-Wcast-qual]
                          (const char **)&uniqn);
                                         ^
mod_exim.c:65:21: warning: cast from 'char **' to 'const char **' must have all intermediate pointers const qualified to be safe [-Wcast-qual]
                          (const char **)&msg);
                                         ^
mod_fetchmail.c:37:62: warning: cast from 'char **' to 'const char **' must have all intermediate pointers const qualified to be safe [-Wcast-qual]
  pcre_get_substring (str, offsets, match, 1, (const char **)&start);
                                                             ^
mod_fetchmail.c:38:62: warning: cast from 'char **' to 'const char **' must have all intermediate pointers const qualified to be safe [-Wcast-qual]
  pcre_get_substring (str, offsets, match, 2, (const char **)&addy);
                                                             ^
mod_fetchmail.c:39:62: warning: cast from 'char **' to 'const char **' must have all intermediate pointers const qualified to be safe [-Wcast-qual]
  pcre_get_substring (str, offsets, match, 3, (const char **)&current);
                                                             ^
mod_fetchmail.c:40:62: warning: cast from 'char **' to 'const char **' must have all intermediate pointers const qualified to be safe [-Wcast-qual]
  pcre_get_substring (str, offsets, match, 4, (const char **)&full);
                                                             ^
mod_fetchmail.c:41:62: warning: cast from 'char **' to 'const char **' must have all intermediate pointers const qualified to be safe [-Wcast-qual]
  pcre_get_substring (str, offsets, match, 5, (const char **)&rest);
                                                             ^
3 warnings generated.
mod_httpd.c:53:62: warning: cast from 'char **' to 'const char **' must have all intermediate pointers const qualified to be safe [-Wcast-qual]
  pcre_get_substring (str, offsets, match, 1, (const char **)&vhost);
                                                             ^
mod_httpd.c:54:62: warning: cast from 'char **' to 'const char **' must have all intermediate pointers const qualified to be safe [-Wcast-qual]
  pcre_get_substring (str, offsets, match, 2, (const char **)&host);
                                                             ^
mod_httpd.c:55:62: warning: cast from 'char **' to 'const char **' must have all intermediate pointers const qualified to be safe [-Wcast-qual]
mod_ftpstats.c:40:  pcre_get_substring (str, offsets, match, 3, (const char **)&user);
                                                             ^62: warning: cast from 'char **' to 'const char **' must have all intermediate pointers const qualified to be safe [-Wcast-qual]
  pcre_get_substring (str, offsets, match, 1, (const char **)&date);
                                                             ^
mod_ftpstats.c:41:62: warning: cast from 'char **' to 'const char **' must have all intermediate pointers const qualified to be safe [-Wcast-qual]
  pcre_get_substring (str, offsets, match, 2, (const char **)&sessionid);
                                                             ^
mod_ftpstats.c:42:62: warning: cast from 'char **' to 'const char **' must have all intermediate pointers const qualified to be safe [-Wcast-qual]
  pcre_get_substring (str, offsets, match, 3, (const char **)&user);
                                                             ^
mod_ftpstats.c:43:62: warning: cast from 'char **' to 'const char **' must have all intermediate pointers const qualified to be safe [-Wcast-qual]
  pcre_get_substring (str, offsets, match, 4, (const char **)&host);
                                                             ^
mod_ftpstats.c:44:62: warning: cast from 'char **' to 'const char **' must have all intermediate pointers const qualified to be safe [-Wcast-qual]
  pcre_get_substring (str, offsets, match, 5, (const char **)&type);
                                                             ^
mod_ftpstats.c:45:62: warning: cast from 'char **' to 'const char **' must have all intermediate pointers const qualified to be safe [-Wcast-qual]
  pcre_get_substring (str, offsets, match, 6, (const char **)&size);
                                                             ^
mod_ftpstats.c:46:62: warning: cast from 'char **' to 'const char **' must have all intermediate pointers const qualified to be safe [-Wcast-qual]
  pcre_get_substring (str, offsets, match, 7, (const char **)&duration);
                                                             ^
mod_ftpstats.c:47:62: warning: cast from 'char **' to 'const char **' must have all intermediate pointers const qualified to be safe [-Wcast-qual]
  pcre_get_substring (str, offsets, match, 8, (const char **)&file);
                                                             ^

mod_httpd.c:56:62: warning: cast from 'char **' to 'const char **' must have all intermediate pointers const qualified to be safe [-Wcast-qual]
  pcre_get_substring (str, offsets, match, 4, (const char **)&date);
                                                             ^
mod_httpd.c:57:62: warning: cast from 'char **' to 'const char **' must have all intermediate pointers const qualified to be safe [-Wcast-qual]
  pcre_get_substring (str, offsets, match, 5, (const char **)&full_action);
                                                             ^
mod_httpd.c:58:62: warning: cast from 'char **' to 'const char **' must have all intermediate pointers const qualified to be safe [-Wcast-qual]
  pcre_get_substring (str, offsets, match, 6, (const char **)&method);
                                                             ^
mod_httpd.c:59:62: warning: cast from 'char **' to 'const char **' must have all intermediate pointers const qualified to be safe [-Wcast-qual]
  pcre_get_substring (str, offsets, match, 7, (const char **)&http_code);
                                                             ^
mod_httpd.c:60:62: warning: cast from 'char **' to 'const char **' must have all intermediate pointers const qualified to be safe [-Wcast-qual]
  pcre_get_substring (str, offsets, match, 8, (const char **)&gsize);
                                                             ^
mod_httpd.c:61:62: warning: cast from 'char **' to 'const char **' must have all intermediate pointers const qualified to be safe [-Wcast-qual]
  pcre_get_substring (str, offsets, match, 9, (const char **)&other);
                                                             ^
mod_httpd.c:106:62: warning: cast from 'char **' to 'const char **' must have all intermediate pointers const qualified to be safe [-Wcast-qual]
  pcre_get_substring (str, offsets, match, 1, (const char **)&date);
                                                             ^
mod_httpd.c:107:62: warning: cast from 'char **' to 'const char **' must have all intermediate pointers const qualified to be safe [-Wcast-qual]
  pcre_get_substring (str, offsets, match, 2, (const char **)&level);
                                                             ^
mod_httpd.c:108:62: warning: cast from 'char **' to 'const char **' must have all intermediate pointers const qualified to be safe [-Wcast-qual]
  pcre_get_substring (str, offsets, match, 3, (const char **)&msg);
                                                             ^
cc -fPIC -DPIC -I. -I. -I.. -DPATCHLEVEL=\"1\" -DSYSCONFDIR=\"/usr/local/etc\" -D_GNU_SOURCE=1 -DPKGLIBDIR=\"/usr/local/lib/ccze\" -DHAVE_SYSTEM_H=1 -DBUILTIN=1 -Wshadow -Wpointer-arith -Waggregate-return -Wstrict-prototypes -Wmissing-prototypes -Wcast-qual -Wbad-function-cast -Wsign-compare -Wchar-subscripts -Wcomment -Wformat -Wformat-nonliteral -Wformat-security -Wimplicit -Wmain -Wmissing-braces -Wparentheses -Wreturn-type -Wswitch -Wmissing-noreturn -Wmissing-declarations  -O2 -pipe  -fstack-protector-strong -fno-strict-aliasing  -I/usr/local/include -fstack-protector-strong  -L/usr/local/lib -Wl,-R/usr/local/lib -lpcre -lncurses  -o oops.so mod_oops.c -shared
mod_icecast.c:41:62: warning: cast from 'char **' to 'const char **' must have all intermediate pointers const qualified to be safe [-Wcast-qual]
  pcre_get_substring (str, offsets, match, 1, (const char **)&date);
                                                             ^
mod_icecast.c:42:62: warning: cast from 'char **' to 'const char **' must have all intermediate pointers const qualified to be safe [-Wcast-qual]
  pcre_get_substring (str, offsets, match, 2, (const char **)&admin);
                                                             ^
mod_icecast.c:43:62: warning: cast from 'char **' to 'const char **' must have all intermediate pointers const qualified to be safe [-Wcast-qual]
  pcre_get_substring (str, offsets, match, 4, (const char **)&threadno);
                                                             ^
mod_icecast.c:44:62: warning: cast from 'char **' to 'const char **' must have all intermediate pointers const qualified to be safe [-Wcast-qual]
  pcre_get_substring (str, offsets, match, 5, (const char **)&thread);
                                                             ^
mod_icecast.c:45:62: warning: cast from 'char **' to 'const char **' must have all intermediate pointers const qualified to be safe [-Wcast-qual]
  pcre_get_substring (str, offsets, match, 6, (const char **)&rest);
                                                             ^
mod_icecast.c:82:62: warning: cast from 'char **' to 'const char **' must have all intermediate pointers const qualified to be safe [-Wcast-qual]
  pcre_get_substring (str, offsets, match, 1, (const char **)&date);
                                                             ^
mod_icecast.c:83:62: warning: cast from 'char **' to 'const char **' must have all intermediate pointers const qualified to be safe [-Wcast-qual]
  pcre_get_substring (str, offsets, match, 3, (const char **)&threadno);
                                                             ^
5 warnings generatedmod_icecast.c:84:62: warning: cast from 'char **' to 'const char **' must have all intermediate pointers const qualified to be safe [-Wcast-qual]
  pcre_get_substring (str, offsets, match, 4, (const char **)&thread);
                                                             ^
mod_icecast.c:85:62: warning: cast from 'char **' to 'const char **' must have all intermediate pointers const qualified to be safe [-Wcast-qual]
  pcre_get_substring (str, offsets, match, 5, (const char **)&date2);
                                                             ^
mod_icecast.c:86:62: warning: cast from 'char **' to 'const char **' must have all intermediate pointers const qualified to be safe [-Wcast-qual]
  pcre_get_substring (str, offsets, match, 6, (const char **)&bw);
                                                             ^
mod_icecast.c:87:62: warning: cast from 'char **' to 'const char **' must have all intermediate pointers const qualified to be safe [-Wcast-qual]
  pcre_get_substring (str, offsets, match, 7, (const char **)&unit);
                                                             ^
mod_icecast.c:88:62: warning: cast from 'char **' to 'const char **' must have all intermediate pointers const qualified to be safe [-Wcast-qual]
  pcre_get_substring (str, offsets, match, 8, (const char **)&src);
                                                             ^
mod_icecast.c:89:62: warning: cast from 'char **' to 'const char **' must have all intermediate pointers const qualified to be safe [-Wcast-qual]
  pcre_get_substring (str, offsets, match, 9, (const char **)&clients);
                                                             ^
mod_icecast.c:90:63: warning: cast from 'char **' to 'const char **' must have all intermediate pointers const qualified to be safe [-Wcast-qual]
1 warning generated.
.
  pcre_get_substring (str, offsets, match, 10, (const char **)&admins);
                                                              ^
7 warnings generated.
cc -fPIC -DPIC -I. -I. -I.. -DPATCHLEVEL=\"1\" -DSYSCONFDIR=\"/usr/local/etc\" -D_GNU_SOURCE=1 -DPKGLIBDIR=\"/usr/local/lib/ccze\" -DHAVE_SYSTEM_H=1 -DBUILTIN=1 -Wshadow -Wpointer-arith -Waggregate-return -Wstrict-prototypes -Wmissing-prototypes -Wcast-qual -Wbad-function-cast -Wsign-compare -Wchar-subscripts -Wcomment -Wformat -Wformat-nonliteral -Wformat-security -Wimplicit -Wmain -Wmissing-braces -Wparentheses -Wreturn-type -Wswitch -Wmissing-noreturn -Wmissing-declarations  -O2 -pipe  -fstack-protector-strong -fno-strict-aliasing  -I/usr/local/include -fstack-protector-strong  -L/usr/local/lib -Wl,-R/usr/local/lib -lpcre -lncurses  -o php.so mod_php.c -shared
4 warnings generated.
cc -fPIC -DPIC -I. -I. -I.. -DPATCHLEVEL=\"1\" -DSYSCONFDIR=\"/usr/local/etc\" -D_GNU_SOURCE=1 -DPKGLIBDIR=\"/usr/local/lib/ccze\" -DHAVE_SYSTEM_H=1 -DBUILTIN=1 -Wshadow -Wpointer-arith -Waggregate-return -Wstrict-prototypes -Wmissing-prototypes -Wcast-qual -Wbad-function-cast -Wsign-compare -Wchar-subscripts -Wcomment -Wformat -Wformat-nonliteral -Wformat-security -Wimplicit -Wmain -Wmissing-braces -Wparentheses -Wreturn-type -Wswitch -Wmissing-noreturn -Wmissing-declarations  -O2 -pipe  -fstack-protector-strong -fno-strict-aliasing  -I/usr/local/include -fstack-protector-strong  -L/usr/local/lib -Wl,-R/usr/local/lib -lpcre -lncurses  -o postfix.so mod_postfix.c -shared
8 warnings generated.
cc -fPIC -DPIC -I. -I. -I.. -DPATCHLEVEL=\"1\" -DSYSCONFDIR=\"/usr/local/etc\" -D_GNU_SOURCE=1 -DPKGLIBDIR=\"/usr/local/lib/ccze\" -DHAVE_SYSTEM_H=1 -DBUILTIN=1 -Wshadow -Wpointer-arith -Waggregate-return -Wstrict-prototypes -Wmissing-prototypes -Wcast-qual -Wbad-function-cast -Wsign-compare -Wchar-subscripts -Wcomment -Wformat -Wformat-nonliteral -Wformat-security -Wimplicit -Wmain -Wmissing-braces -Wparentheses -Wreturn-type -Wswitch -Wmissing-noreturn -Wmissing-declarations  -O2 -pipe  -fstack-protector-strong -fno-strict-aliasing  -I/usr/local/include -fstack-protector-strong  -L/usr/local/lib -Wl,-R/usr/local/lib -lpcre -lncurses  -o procmail.so mod_procmail.c -shared
cc -fPIC -DPIC -I. -I. -I.. -DPATCHLEVEL=\"1\" -DSYSCONFDIR=\"/usr/local/etc\" -D_GNU_SOURCE=1 -DPKGLIBDIR=\"/usr/local/lib/ccze\" -DHAVE_SYSTEM_H=1 -DBUILTIN=1 -Wshadow -Wpointer-arith -Waggregate-return -Wstrict-prototypes -Wmissing-prototypes -Wcast-qual -Wbad-function-cast -Wsign-compare -Wchar-subscripts -Wcomment -Wformat -Wformat-nonliteral -Wformat-security -Wimplicit -Wmain -Wmissing-braces -Wparentheses -Wreturn-type -Wswitch -Wmissing-noreturn -Wmissing-declarations  -O2 -pipe  -fstack-protector-strong -fno-strict-aliasing  -I/usr/local/include -fstack-protector-strong  -L/usr/local/lib -Wl,-R/usr/local/lib -lpcre -lncurses  -o proftpd.so mod_proftpd.c -shared
14 warnings generated.
12 warnings generated.
mod_oops.c:40:62: warning: cast from 'char **' to 'const char **' must have all intermediate pointers const qualified to be safe [-Wcast-qual]
  pcre_get_substring (str, offsets, match, 1, (const char **)&date);
                                                             ^
mod_oops.c:41:62: warning: cast from 'char **' to 'const char **' must have all intermediate pointers const qualified to be safe [-Wcast-qual]
  pcre_get_substring (str, offsets, match, 4, (const char **)&sp1);
                                                             ^
mod_oops.c:42:62: warning: cast from 'char **' to 'const char **' must have all intermediate pointers const qualified to be safe [-Wcast-qual]
  pcre_get_substring (str, offsets, match, 5, (const char **)&id);
                                                             ^
mod_oops.c:43:62: warning: cast from 'char **' to 'const char **' must have all intermediate pointers const qualified to be safe [-Wcast-qual]
  pcre_get_substring (str, offsets, match, 6, (const char **)&field);
                                                             ^
mod_oops.c:44:62: warning: cast from 'char **' to 'const char **' must have all intermediate pointers const qualified to be safe [-Wcast-qual]
  pcre_get_substring (str, offsets, match, 7, (const char **)&sp2);
                                                             ^
mod_oops.c:45:62: warning: cast from 'char **' to 'const char **' must have all intermediate pointers const qualified to be safe [-Wcast-qual]
  pcre_get_substring (str, offsets, match, 8, (const char **)&value);
                                                             ^
mod_oops.c:46:62: warning: cast from 'char **' to 'const char **' must have all intermediate pointers const qualified to be safe [-Wcast-qual]
  pcre_get_substring (str, offsets, match, 9, (const char **)&etc);
                                                             ^
cc -fPIC -DPIC -I. -I. -I.. -DPATCHLEVEL=\"1\" -DSYSCONFDIR=\"/usr/local/etc\" -D_GNU_SOURCE=1 -DPKGLIBDIR=\"/usr/local/lib/ccze\" -DHAVE_SYSTEM_H=1 -DBUILTIN=1 -Wshadow -Wpointer-arith -Waggregate-return -Wstrict-prototypes -Wmissing-prototypes -Wcast-qual -Wbad-function-cast -Wsign-compare -Wchar-subscripts -Wcomment -Wformat -Wformat-nonliteral -Wformat-security -Wimplicit -Wmain -Wmissing-braces -Wparentheses -Wreturn-type -Wswitch -Wmissing-noreturn -Wmissing-declarations  -O2 -pipe  -fstack-protector-strong -fno-strict-aliasing  -I/usr/local/include -fstack-protector-strong  -L/usr/local/lib -Wl,-R/usr/local/lib -lpcre -lncurses  -o squid.so mod_squid.c -shared
mod_php.c:40:62: warning: cast from 'char **' to 'const char **' must have all intermediate pointers const qualified to be safe [-Wcast-qual]
  pcre_get_substring (str, offsets, match, 1, (const char **)&date);
                                                             ^
mod_php.c:41:62: warning: cast from 'char **' to 'const char **' must have all intermediate pointers const qualified to be safe [-Wcast-qual]
  pcre_get_substring (str, offsets, match, 2, (const char **)&rest);
                                                             ^
cc -fPIC -DPIC -I. -I. -I.. -DPATCHLEVEL=\"1\" -DSYSCONFDIR=\"/usr/local/etc\" -D_GNU_SOURCE=1 -DPKGLIBDIR=\"/usr/local/lib/ccze\" -DHAVE_SYSTEM_H=1 -DBUILTIN=1 -Wshadow -Wpointer-arith -Waggregate-return -Wstrict-prototypes -Wmissing-prototypes -Wcast-qual -Wbad-function-cast -Wsign-compare -Wchar-subscripts -Wcomment -Wformat -Wformat-nonliteral -Wformat-security -Wimplicit -Wmain -Wmissing-braces -Wparentheses -Wreturn-type -Wswitch -Wmissing-noreturn -Wmissing-declarations  -O2 -pipe  -fstack-protector-strong -fno-strict-aliasing  -I/usr/local/include -fstack-protector-strong  -L/usr/local/lib -Wl,-R/usr/local/lib -lpcre -lncurses  -o sulog.so mod_sulog.c -shared
cc -fPIC -DPIC -I. -I. -I.. -DPATCHLEVEL=\"1\" -DSYSCONFDIR=\"/usr/local/etc\" -D_GNU_SOURCE=1 -DPKGLIBDIR=\"/usr/local/lib/ccze\" -DHAVE_SYSTEM_H=1 -DBUILTIN=1 -Wshadow -Wpointer-arith -Waggregate-return -Wstrict-prototypes -Wmissing-prototypes -Wcast-qual -Wbad-function-cast -Wsign-compare -Wchar-subscripts -Wcomment -Wformat -Wformat-nonliteral -Wformat-security -Wimplicit -Wmain -Wmissing-braces -Wparentheses -Wreturn-type -Wswitch -Wmissing-noreturn -Wmissing-declarations  -O2 -pipe  -fstack-protector-strong -fno-strict-aliasing  -I/usr/local/include -fstack-protector-strong  -L/usr/local/lib -Wl,-R/usr/local/lib -lpcre -lncurses  -o super.so mod_super.c -shared
mod_postfix.c:61:62: warning: cast from 'char **' to 'const char **' must have all intermediate pointers const qualified to be safe [-Wcast-qual]
  pcre_get_substring (str, offsets, match, 1, (const char **)&spoolid);
                                                             ^
mod_postfix.c:62:62: warning: cast from 'char **' to 'const char **' must have all intermediate pointers const qualified to be safe [-Wcast-qual]
  pcre_get_substring (str, offsets, match, 2, (const char **)&s);
                                                             ^
mod_postfix.c:63:62: warning: cast from 'char **' to 'const char **' must have all intermediate pointers const qualified to be safe [-Wcast-qual]
  pcre_get_substring (str, offsets, match, 4, (const char **)&rest);
                                                             ^
7 warnings generated.
mod_procmail.c:41:62: warning: cast from 'char **' to 'const char **' must have all intermediate pointers const qualified to be safe [-Wcast-qual]
  pcre_get_substring (str, offsets, match, 1, (const char **)&space1);
                                                             ^
mod_procmail.c:42:62: warning: cast from 'char **' to 'const char **' must have all intermediate pointers const qualified to be safe [-Wcast-qual]
  pcre_get_substring (str, offsets, match, 2, (const char **)&header);
                                                             ^
mod_procmail.c:43:62: warning: cast from 'char **' to 'const char **' must have all intermediate pointers const qualified to be safe [-Wcast-qual]
  pcre_get_substring (str, offsets, match, 3, (const char **)&value);
                                                             ^
mod_procmail.c:44:62: warning: cast from 'char **' to 'const char **' must have all intermediate pointers const qualified to be safe [-Wcast-qual]
2 warnings generated.
  pcre_get_substring (str, offsets, match, 4, (const char **)&space2);
                                                             ^
mod_procmail.c:45:62: warning: cast from 'char **' to 'const char **' must have all intermediate pointers const qualified to be safe [-Wcast-qual]
  pcre_get_substring (str, offsets, match, 5, (const char **)&extra);
                                                             ^
cc -fPIC -DPIC -I. -I. -I.. -DPATCHLEVEL=\"1\" -DSYSCONFDIR=\"/usr/local/etc\" -D_GNU_SOURCE=1 -DPKGLIBDIR=\"/usr/local/lib/ccze\" -DHAVE_SYSTEM_H=1 -DBUILTIN=1 -Wshadow -Wpointer-arith -Waggregate-return -Wstrict-prototypes -Wmissing-prototypes -Wcast-qual -Wbad-function-cast -Wsign-compare -Wchar-subscripts -Wcomment -Wformat -Wformat-nonliteral -Wformat-security -Wimplicit -Wmain -Wmissing-braces -Wparentheses -Wreturn-type -Wswitch -Wmissing-noreturn -Wmissing-declarations  -O2 -pipe  -fstack-protector-strong -fno-strict-aliasing  -I/usr/local/include -fstack-protector-strong  -L/usr/local/lib -Wl,-R/usr/local/lib -lpcre -lncurses  -o syslog.so mod_syslog.c -shared
mod_proftpd.c:38:62: warning: cast from 'char **' to 'const char **' must have all intermediate pointers const qualified to be safe [-Wcast-qual]
  pcre_get_substring (str, offsets, match, 1, (const char **)&host);
                                                             ^
mod_proftpd.c:39:62: warning: cast from 'char **' to 'const char **' must have all intermediate pointers const qualified to be safe [-Wcast-qual]
  pcre_get_substring (str, offsets, match, 2, (const char **)&user);
                                                             ^
mod_proftpd.c:40:62: warning: cast from 'char **' to 'const char **' must have all intermediate pointers const qualified to be safe [-Wcast-qual]
  pcre_get_substring (str, offsets, match, 3, (const char **)&auser);
                                                             ^
mod_proftpd.c:41:62: warning: cast from 'char **' to 'const char **' must have all intermediate pointers const qualified to be safe [-Wcast-qual]
  pcre_get_substring (str, offsets, match, 4, (const char **)&date);
                                                             ^
mod_proftpd.c:42:62: warning: cast from 'char **' to 'const char **' must have all intermediate pointers const qualified to be safe [-Wcast-qual]
  pcre_get_substring (str, offsets, match, 5, (const char **)&command);
                                                             ^
mod_proftpd.c:43:62: warning: cast from 'char **' to 'const char **' must have all intermediate pointers const qualified to be safe [-Wcast-qual]
  pcre_get_substring (str, offsets, match, 6, (const char **)&file);
                                                             ^
mod_proftpd.c:44:62: warning: cast from 'char **' to 'const char **' must have all intermediate pointers const qualified to be safe [-Wcast-qual]
  pcre_get_substring (str, offsets, match, 7, (const char **)&ftpcode);
                                                             ^
mod_proftpd.c:45:62: warning: cast from 'char **' to 'const char **' must have all intermediate pointers const qualified to be safe [-Wcast-qual]
  pcre_get_substring (str, offsets, match, 8, (const char **)&size);
                                                             ^
mod_proftpd.c:89:62: warning: cast from 'char **' to 'const char **' must have all intermediate pointers const qualified to be safe [-Wcast-qual]
  pcre_get_substring (str, offsets, match, 1, (const char **)&servhost);
                                                             ^
mod_proftpd.c:90:62: warning: cast from 'char **' to 'const char **' must have all intermediate pointers const qualified to be safe [-Wcast-qual]
  pcre_get_substring (str, offsets, match, 2, (const char **)&pid);
                                                             ^
mod_proftpd.c:91:62: warning: cast from 'char **' to 'const char **' must have all intermediate pointers const qualified to be safe [-Wcast-qual]
  pcre_get_substring (str, offsets, match, 3, (const char **)&remhost);
                                                             ^
mod_proftpd.c:92:62: warning: cast from 'char **' to 'const char **' must have all intermediate pointers const qualified to be safe [-Wcast-qual]
  pcre_get_substring (str, offsets, match, 4, (const char **)&date);
                                                             ^
mod_proftpd.c:93:62: warning: cast from 'char **' to 'const char **' must have all intermediate pointers const qualified to be safe [-Wcast-qual]
  pcre_get_substring (str, offsets, match, 5, (const char **)&cmd);
                                                             ^
mod_proftpd.c:94:62: warning: cast from 'char **' to 'const char **' must have all intermediate pointers const qualified to be safe [-Wcast-qual]
  pcre_get_substring (str, offsets, match, 6, (const char **)&value);
                                                             ^
mod_proftpd.c:95:62: warning: cast from 'char **' to 'const char **' must have all intermediate pointers const qualified to be safe [-Wcast-qual]
  pcre_get_substring (str, offsets, match, 7, (const char **)&ftpcode);
                                                             ^
cc -fPIC -DPIC -I. -I. -I.. -DPATCHLEVEL=\"1\" -DSYSCONFDIR=\"/usr/local/etc\" -D_GNU_SOURCE=1 -DPKGLIBDIR=\"/usr/local/lib/ccze\" -DHAVE_SYSTEM_H=1 -DBUILTIN=1 -Wshadow -Wpointer-arith -Waggregate-return -Wstrict-prototypes -Wmissing-prototypes -Wcast-qual -Wbad-function-cast -Wsign-compare -Wchar-subscripts -Wcomment -Wformat -Wformat-nonliteral -Wformat-security -Wimplicit -Wmain -Wmissing-braces -Wparentheses -Wreturn-type -Wswitch -Wmissing-noreturn -Wmissing-declarations  -O2 -pipe  -fstack-protector-strong -fno-strict-aliasing  -I/usr/local/include -fstack-protector-strong  -L/usr/local/lib -Wl,-R/usr/local/lib -lpcre -lncurses  -o ulogd.so mod_ulogd.c -shared
mod_squid.c:90:62: warning: cast from 'char **' to 'const char **' must have all intermediate pointers const qualified to be safe [-Wcast-qual]
  pcre_get_substring (str, offsets, match, 1, (const char **)&date);
                                                             ^
mod_squid.c:91:62: warning: cast from 'char **' to 'const char **' must have all intermediate pointers const qualified to be safe [-Wcast-qual]
  pcre_get_substring (str, offsets, match, 2, (const char **)&espace);
                                                             ^
mod_squid.c:92:62: warning: cast from 'char **' to 'const char **' must have all intermediate pointers const qualified to be safe [-Wcast-qual]
  pcre_get_substring (str, offsets, match, 3, (const char **)&elaps);
                                                             ^
mod_squid.c:93:62: warning: cast from 'char **' to 'const char **' must have all intermediate pointers const qualified to be safe [-Wcast-qual]
  pcre_get_substring (str, offsets, match, 4, (const char **)&host);
                                                             ^
mod_squid.c:94:62: warning: cast from 'char **' to 'const char **' must have all intermediate pointers const qualified to be safe [-Wcast-qual]
  pcre_get_substring (str, offsets, match, 5, (const char **)&action);
                                                             ^
mod_squid.c:95:62: warning: cast from 'char **' to 'const char **' must have all intermediate pointers const qualified to be safe [-Wcast-qual]
  pcre_get_substring (str, offsets, match, 6, (const char **)&httpc);
                                                             ^
mod_squid.c:96:62: warning: cast from 'char **' to 'const char **' must have all intermediate pointers const qualified to be safe [-Wcast-qual]
  pcre_get_substring (str, offsets, match, 7, (const char **)&gsize);
                                                             ^
mod_squid.c:97:62: warning: cast from 'char **' to 'const char **' must have all intermediate pointers const qualified to be safe [-Wcast-qual]
  pcre_get_substring (str, offsets, match, 8, (const char **)&method);
                                                             ^
mod_squid.c:98:62: warning: cast from 'char **' to 'const char **' must have all intermediate pointers const qualified to be safe [-Wcast-qual]
  pcre_get_substring (str, offsets, match, 9, (const char **)&uri);
                                                             ^
mod_squid.c:99:63: warning: cast from 'char **' to 'const char **' must have all intermediate pointers const qualified to be safe [-Wcast-qual]
  pcre_get_substring (str, offsets, match, 10, (const char **)&ident);
                                                              ^
mod_squid.c:100:63: warning: cast from 'char **' to 'const char **' must have all intermediate pointers const qualified to be safe [-Wcast-qual]
  pcre_get_substring (str, offsets, match, 11, (const char **)&hierar);
                                                              ^
mod_squid.c:101:63: warning: cast from 'char **' to 'const char **' must have all intermediate pointers const qualified to be safe [-Wcast-qual]
  pcre_get_substring (str, offsets, match, 12, (const char **)&fhost);
                                                              ^
mod_squid.c:102:63: warning: cast from 'char **' to 'const char **' must have all intermediate pointers const qualified to be safe [-Wcast-qual]
  pcre_get_substring (str, offsets, match, 13, (const char **)&ctype);
                                                              ^
mod_squid.c:160:62: warning: cast from 'char **' to 'const char **' must have all intermediate pointers const qualified to be safe [-Wcast-qual]
  pcre_get_substring (str, offsets, match, 1, (const char **)&date);
                                                             ^
mod_squid.c:161:62: warning: cast from 'char **' to 'const char **' must have all intermediate pointers const qualified to be safe [-Wcast-qual]
  pcre_get_substring (str, offsets, match, 3, (const char **)&other);
                                                             ^
mod_squid.c:177:62: warning: cast from 'char **' to 'const char **' must have all intermediate pointers const qualified to be safe [-Wcast-qual]
  pcre_get_substring (str, offsets, match, 1, (const char **)&date);
                                                             ^
mod_squid.c:178:62: warning: cast from 'char **' to 'const char **' must have all intermediate pointers const qualified to be safe [-Wcast-qual]
cc -fPIC -DPIC -I. -I. -I.. -DPATCHLEVEL=\"1\" -DSYSCONFDIR=\"/usr/local/etc\" -D_GNU_SOURCE=1 -DPKGLIBDIR=\"/usr/local/lib/ccze\" -DHAVE_SYSTEM_H=1 -DBUILTIN=1 -Wshadow -Wpointer-arith -Waggregate-return -Wstrict-prototypes -Wmissing-prototypes -Wcast-qual -Wbad-function-cast -Wsign-compare -Wchar-subscripts -Wcomment -Wformat -Wformat-nonliteral -Wformat-security -Wimplicit -Wmain -Wmissing-braces -Wparentheses -Wreturn-type -Wswitch -Wmissing-noreturn -Wmissing-declarations  -O2 -pipe  -fstack-protector-strong -fno-strict-aliasing  -I/usr/local/include -fstack-protector-strong  -L/usr/local/lib -Wl,-R/usr/local/lib -lpcre -lncurses  -o vsftpd.so mod_vsftpd.c -shared
  pcre_get_substring (str, offsets, match, 2, (const char **)&tag);
                                                             ^
mod_squid.c:179:62: warning: cast from 'char **' to 'const char **' must have all intermediate pointers const qualified to be safe [-Wcast-qual]
  pcre_get_substring (str, offsets, match, 3, (const char **)&swapnum);
                                                             ^
mod_squid.c:180:62: warning: cast from 'char **' to 'const char **' must have all intermediate pointers const qualified to be safe [-Wcast-qual]
  pcre_get_substring (str, offsets, match, 4, (const char **)&swapname);
                                                             ^
mod_squid.c:181:62: warning: cast from 'char **' to 'const char **' must have all intermediate pointers const qualified to be safe [-Wcast-qual]
  pcre_get_substring (str, offsets, match, 5, (const char **)&swapsum);
                                                             ^
mod_squid.c:182:62: warning: cast from 'char **' to 'const char **' must have all intermediate pointers const qualified to be safe [-Wcast-qual]
  pcre_get_substring (str, offsets, match, 6, (const char **)&space1);
                                                             ^
mod_squid.c:183:62: warning: cast from 'char **' to 'const char **' must have all intermediate pointers const qualified to be safe [-Wcast-qual]
  pcre_get_substring (str, offsets, match, 7, (const char **)&hcode);
                                                             ^
mod_squid.c:184:62: warning: cast from 'char **' to 'const char **' must have all intermediate pointers const qualified to be safe [-Wcast-qual]
3 warnings generated.
  pcre_get_substring (str, offsets, match, 8, (const char **)&space2);
                                                             ^
mod_squid.c:185:62: warning: cast from 'char **' to 'const char **' must have all intermediate pointers const qualified to be safe [-Wcast-qual]
  pcre_get_substring (str, offsets, match, 9, (const char **)&hdate);
                                                             ^
mod_squid.c:186:63: warning: cast from 'char **' to 'const char **' must have all intermediate pointers const qualified to be safe [-Wcast-qual]
  pcre_get_substring (str, offsets, match, 10, (const char **)&space3);
                                                              ^
mod_squid.c:187:63: warning: cast from 'char **' to 'const char **' must have all intermediate pointers const qualified to be safe [-Wcast-qual]
1 warning generated.
  pcre_get_substring (str, offsets, match, 11, (const char **)&lmdate);
                                                              ^
mod_squid.c:188:63: warning: cast from 'char **' to 'const char **' must have all intermediate pointers const qualified to be safe [-Wcast-qual]
  pcre_get_substring (str, offsets, match, 12, (const char **)&space4);
                                                              ^
mod_squid.c:189:63: warning: cast from 'char **' to 'const char **' must have all intermediate pointers const qualified to be safe [-Wcast-qual]
  pcre_get_substring (str, offsets, match, 13, (const char **)&expire);
                                                              ^
mod_squid.c:190:63: warning: cast from 'char **' to 'const char **' must have all intermediate pointers const qualified to be safe [-Wcast-qual]
  pcre_get_substring (str, offsets, match, 14, (const char **)&ctype);
                                                              ^
mod_squid.c:191:63: warning: cast from 'char **' to 'const char **' must have all intermediate pointers const qualified to be safe [-Wcast-qual]
  pcre_get_substring (str, offsets, match, 15, (const char **)&size);
                                                              ^
mod_squid.c:192:63: warning: cast from 'char **' to 'const char **' must have all intermediate pointers const qualified to be safe [-Wcast-qual]
  pcre_get_substring (str, offsets, match, 16, (const char **)&read);
                                                              ^
mod_squid.c:193:63: warning: cast from 'char **' to 'const char **' must have all intermediate pointers const qualified to be safe [-Wcast-qual]
  pcre_get_substring (str, offsets, match, 17, (const char **)&method);
                                                              ^
mod_squid.c:194:63: warning: cast from 'char **' to 'const char **' must have all intermediate pointers const qualified to be safe [-Wcast-qual]
  pcre_get_substring (str, offsets, match, 18, (const char **)&uri);
                                                              ^
mod_sulog.c:37:62: warning: cast from 'char **' to 'const char **' must have all intermediate pointers const qualified to be safe [-Wcast-qual]
  pcre_get_substring (str, offsets, match, 1, (const char **)&date);
                                                             ^
mod_sulog.c:38:62: warning: cast from 'char **' to 'const char **' must have all intermediate pointers const qualified to be safe [-Wcast-qual]
  pcre_get_substring (str, offsets, match, 2, (const char **)&islogin);
                                                             ^
mod_sulog.c:39:62: warning: cast from 'char **' to 'const char **' must have all intermediate pointers const qualified to be safe [-Wcast-qual]
  pcre_get_substring (str, offsets, match, 3, (const char **)&tty);
                                                             ^
mod_sulog.c:40:62: warning: cast from 'char **' to 'const char **' must have all intermediate pointers const qualified to be safe [-Wcast-qual]
  pcre_get_substring (str, offsets, match, 4, (const char **)&fromuser);
                                                             ^
mod_sulog.c:41:62: warning: cast from 'char **' to 'const char **' must have all intermediate pointers const qualified to be safe [-Wcast-qual]
  pcre_get_substring (str, offsets, match, 5, (const char **)&touser);
                                                             ^
5 warnings generated.
cc -fPIC -DPIC -I. -I. -I.. -DPATCHLEVEL=\"1\" -DSYSCONFDIR=\"/usr/local/etc\" -D_GNU_SOURCE=1 -DPKGLIBDIR=\"/usr/local/lib/ccze\" -DHAVE_SYSTEM_H=1 -DBUILTIN=1 -Wshadow -Wpointer-arith -Waggregate-return -Wstrict-prototypes -Wmissing-prototypes -Wcast-qual -Wbad-function-cast -Wsign-compare -Wchar-subscripts -Wcomment -Wformat -Wformat-nonliteral -Wformat-security -Wimplicit -Wmain -Wmissing-braces -Wparentheses -Wreturn-type -Wswitch -Wmissing-noreturn -Wmissing-declarations  -O2 -pipe  -fstack-protector-strong -fno-strict-aliasing  -I/usr/local/include -fstack-protector-strong  -L/usr/local/lib -Wl,-R/usr/local/lib -lpcre -lncurses  -o xferlog.so mod_xferlog.c -shared
mod_super.c:37:62: warning: cast from 'char **' to 'const char **' must have all intermediate pointers const qualified to be safe [-Wcast-qual]
  pcre_get_substring (str, offsets, match, 1, (const char **)&email);
                                                             ^
mod_super.c:38:62: warning: cast from 'char **' to 'const char **' must have all intermediate pointers const qualified to be safe [-Wcast-qual]
  pcre_get_substring (str, offsets, match, 2, (const char **)&date);
                                                             ^
mod_super.c:39:62: warning: cast from 'char **' to 'const char **' must have all intermediate pointers const qualified to be safe [-Wcast-qual]
  pcre_get_substring (str, offsets, match, 3, (const char **)&space);
                                                             ^
mod_super.c:40:62: warning: cast from 'char **' to 'const char **' must have all intermediate pointers const qualified to be safe [-Wcast-qual]
  pcre_get_substring (str, offsets, match, 4, (const char **)&suptag);
                                                             ^
mod_super.c:41:62: warning: cast from 'char **' to 'const char **' must have all intermediate pointers const qualified to be safe [-Wcast-qual]
  pcre_get_substring (str, offsets, match, 5, (const char **)&other);
                                                             ^
cc -c  -I. -I. -I.. -DPATCHLEVEL=\"1\" -DSYSCONFDIR=\"/usr/local/etc\" -D_GNU_SOURCE=1 -DPKGLIBDIR=\"/usr/local/lib/ccze\" -DHAVE_SYSTEM_H=1 -DBUILTIN=1 -Wshadow -Wpointer-arith -Waggregate-return -Wstrict-prototypes -Wmissing-prototypes -Wcast-qual -Wbad-function-cast -Wsign-compare -Wchar-subscripts -Wcomment -Wformat -Wformat-nonliteral -Wformat-security -Wimplicit -Wmain -Wmissing-braces -Wparentheses -Wreturn-type -Wswitch -Wmissing-noreturn -Wmissing-declarations  -O2 -pipe  -fstack-protector-strong -fno-strict-aliasing  -I/usr/local/include ccze-dump.c
cc -c  -I. -I. -I.. -DPATCHLEVEL=\"1\" -DSYSCONFDIR=\"/usr/local/etc\" -D_GNU_SOURCE=1 -DPKGLIBDIR=\"/usr/local/lib/ccze\" -DHAVE_SYSTEM_H=1 -DBUILTIN=1 -Wshadow -Wpointer-arith -Waggregate-return -Wstrict-prototypes -Wmissing-prototypes -Wcast-qual -Wbad-function-cast -Wsign-compare -Wchar-subscripts -Wcomment -Wformat -Wformat-nonliteral -Wformat-security -Wimplicit -Wmain -Wmissing-braces -Wparentheses -Wreturn-type -Wswitch -Wmissing-noreturn -Wmissing-declarations  -O2 -pipe  -fstack-protector-strong -fno-strict-aliasing  -I/usr/local/include ccze-cssdump.c
5 warnings generated.
mod_syslog.c:41:62: warning: cast from 'char **' to 'const char **' must have all intermediate pointers const qualified to be safe [-Wcast-qual]
  pcre_get_substring (str, offsets, match, 1, (const char **)&date);
                                                             ^
mod_syslog.c:42:62: warning: cast from 'char **' to 'const char **' must have all intermediate pointers const qualified to be safe [-Wcast-qual]
  pcre_get_substring (str, offsets, match, 2, (const char **)&host);
                                                             ^
mod_syslog.c:43:62: warning: cast from 'char **' to 'const char **' must have all intermediate pointers const qualified to be safe [-Wcast-qual]
  pcre_get_substring (str, offsets, match, 3, (const char **)&send);
                                                             ^
mod_syslog.c:50:66: warning: cast from 'char **' to 'const char **' must have all intermediate pointers const qualified to be safe [-Wcast-qual]
      pcre_get_substring (str, offsets, match, 4, (const char **)&process);
                                                                 ^
mod_syslog.c:51:66: warning: cast from 'char **' to 'const char **' must have all intermediate pointers const qualified to be safe [-Wcast-qual]
      pcre_get_substring (str, offsets, match, 5, (const char **)&msg);
                                                                 ^
15 warnings generated.
5 warnings generated.
cc -c  -I. -I. -I.. -DPATCHLEVEL=\"1\" -DSYSCONFDIR=\"/usr/local/etc\" -D_GNU_SOURCE=1 -DPKGLIBDIR=\"/usr/local/lib/ccze\" -DHAVE_SYSTEM_H=1 -DBUILTIN=1 -Wshadow -Wpointer-arith -Waggregate-return -Wstrict-prototypes -Wmissing-prototypes -Wcast-qual -Wbad-function-cast -Wsign-compare -Wchar-subscripts -Wcomment -Wformat -Wformat-nonliteral -Wformat-security -Wimplicit -Wmain -Wmissing-braces -Wparentheses -Wreturn-type -Wswitch -Wmissing-noreturn -Wmissing-declarations  -O2 -pipe  -fstack-protector-strong -fno-strict-aliasing  -I/usr/local/include ccze-builtins.c
mod_vsftpd.c:37:62: warning: cast from 'char **' to 'const char **' must have all intermediate pointers const qualified to be safe [-Wcast-qual]
  pcre_get_substring (str, offsets, match, 1, (const char **)&date);
                                                             ^
mod_vsftpd.c:38:62: warning: cast from 'char **' to 'const char **' must have all intermediate pointers const qualified to be safe [-Wcast-qual]
  pcre_get_substring (str, offsets, match, 2, (const char **)&sspace);
                                                             ^
mod_vsftpd.c:39:62: warning: cast from 'char **' to 'const char **' must have all intermediate pointers const qualified to be safe [-Wcast-qual]
  pcre_get_substring (str, offsets, match, 3, (const char **)&pid);
                                                             ^
mod_vsftpd.c:40:62: warning: cast from 'char **' to 'const char **' must have all intermediate pointers const qualified to be safe [-Wcast-qual]
  pcre_get_substring (str, offsets, match, 5, (const char **)&user);
                                                             ^
mod_vsftpd.c:41:62: warning: cast from 'char **' to 'const char **' must have all intermediate pointers const qualified to be safe [-Wcast-qual]
  pcre_get_substring (str, offsets, match, 6, (const char **)&other);
                                                             ^
mod_xferlog.c:39:62: warning: cast from 'char **' to 'const char **' must have all intermediate pointers const qualified to be safe [-Wcast-qual]
  pcre_get_substring (str, offsets, match, 1, (const char **)&curtime);
                                                             ^
mod_xferlog.c:40:62: warning: cast from 'char **' to 'const char **' must have all intermediate pointers const qualified to be safe [-Wcast-qual]
  pcre_get_substring (str, offsets, match, 2, (const char **)&transtime);
                                                             ^
mod_xferlog.c:41:62: warning: cast from 'char **' to 'const char **' must have all intermediate pointers const qualified to be safe [-Wcast-qual]
  pcre_get_substring (str, offsets, match, 3, (const char **)&host);
                                                             ^
mod_xferlog.c:42:62: warning: cast from 'char **' to 'const char **' must have all intermediate pointers const qualified to be safe [-Wcast-qual]
  pcre_get_substring (str, offsets, match, 4, (const char **)&fsize);
                                                             ^
mod_xferlog.c:43:62: warning: cast from 'char **' to 'const char **' must have all intermediate pointers const qualified to be safe [-Wcast-qual]
  pcre_get_substring (str, offsets, match, 5, (const char **)&fname);
                                                             ^
mod_xferlog.c:44:62: warning: cast from 'char **' to 'const char **' must have all intermediate pointers const qualified to be safe [-Wcast-qual]
  pcre_get_substring (str, offsets, match, 6, (const char **)&transtype);
                                                             ^
mod_xferlog.c:45:62: warning: cast from 'char **' to 'const char **' must have all intermediate pointers const qualified to be safe [-Wcast-qual]
  pcre_get_substring (str, offsets, match, 7, (const char **)&actionflag);
                                                             ^
mod_xferlog.c:46:62: warning: cast from 'char **' to 'const char **' must have all intermediate pointers const qualified to be safe [-Wcast-qual]
  pcre_get_substring (str, offsets, match, 8, (const char **)&direction);
                                                             ^
mod_xferlog.c:47:62: warning: cast from 'char **' to 'const char **' must have all intermediate pointers const qualified to be safe [-Wcast-qual]
  pcre_get_substring (str, offsets, match, 9, (const char **)&amode);
                                                             ^
mod_xferlog.c:48:63: warning: cast from 'char **' to 'const char **' must have all intermediate pointers const qualified to be safe [-Wcast-qual]
  pcre_get_substring (str, offsets, match, 10, (const char **)&user);
                                                              ^
mod_xferlog.c:49:63: warning: cast from 'char **' to 'const char **' must have all intermediate pointers const qualified to be safe [-Wcast-qual]
  pcre_get_substring (str, offsets, match, 11, (const char **)&service);
                                                              ^
mod_xferlog.c:50:63: warning: cast from 'char **' to 'const char **' must have all intermediate pointers const qualified to be safe [-Wcast-qual]
  pcre_get_substring (str, offsets, match, 12, (const char **)&amethod);
                                                              ^
mod_xferlog.c:51:63: warning: cast from 'char **' to 'const char **' must have all intermediate pointers const qualified to be safe [-Wcast-qual]
  pcre_get_substring (str, offsets, match, 13, (const char **)&auid);
                                                              ^
mod_xferlog.c:52:63: warning: cast from 'char **' to 'const char **' must have all intermediate pointers const qualified to be safe [-Wcast-qual]
  pcre_get_substring (str, offsets, match, 14, (const char **)&status);
                                                              ^
5 warnings generated.
In file included from ccze-cssdump.c:29:
./ccze-color.c:264:16: warning: comparison of integers of different signs: 'int' and 'chtype' (aka 'unsigned long') [-Wsign-compare]
  if (my_color < COLOR_PAIR (8))
      ~~~~~~~~ ^ ~~~~~~~~~~~~~~
5 warnings generated.
33 warnings generated.
In file included from ccze-dump.c:29:
./ccze-color.c:264:16: warning: comparison of integers of different signs: 'int' and 'chtype' (aka 'unsigned long') [-Wsign-compare]
  if (my_color < COLOR_PAIR (8))
      ~~~~~~~~ ^ ~~~~~~~~~~~~~~
cc -rdynamic -I. -I. -I.. -DPATCHLEVEL=\"1\" -DSYSCONFDIR=\"/usr/local/etc\" -D_GNU_SOURCE=1 -DPKGLIBDIR=\"/usr/local/lib/ccze\" -DHAVE_SYSTEM_H=1 -DBUILTIN=1 -Wshadow -Wpointer-arith -Waggregate-return -Wstrict-prototypes -Wmissing-prototypes -Wcast-qual -Wbad-function-cast -Wsign-compare -Wchar-subscripts -Wcomment -Wformat -Wformat-nonliteral -Wformat-security -Wimplicit -Wmain -Wmissing-braces -Wparentheses -Wreturn-type -Wswitch -Wmissing-noreturn -Wmissing-declarations  -O2 -pipe  -fstack-protector-strong -fno-strict-aliasing  -I/usr/local/include -o ccze ccze.o ccze-color.o ccze-plugin.o ccze-wordcolor.o ccze-builtins.o ccze-compat.o -fstack-protector-strong  -L/usr/local/lib -Wl,-R/usr/local/lib -lpcre -lncurses 
ccze-dump.c:103:16: warning: comparison of integers of different signs: 'int' and 'chtype' (aka 'unsigned long') [-Wsign-compare]
  if (my_color < COLOR_PAIR (8))
      ~~~~~~~~ ^ ~~~~~~~~~~~~~~
14 warnings generated.
1 warning generated.
cc -I. -I. -I.. -DPATCHLEVEL=\"1\" -DSYSCONFDIR=\"/usr/local/etc\" -D_GNU_SOURCE=1 -DPKGLIBDIR=\"/usr/local/lib/ccze\" -DHAVE_SYSTEM_H=1 -DBUILTIN=1 -Wshadow -Wpointer-arith -Waggregate-return -Wstrict-prototypes -Wmissing-prototypes -Wcast-qual -Wbad-function-cast -Wsign-compare -Wchar-subscripts -Wcomment -Wformat -Wformat-nonliteral -Wformat-security -Wimplicit -Wmain -Wmissing-braces -Wparentheses -Wreturn-type -Wswitch -Wmissing-noreturn -Wmissing-declarations  -O2 -pipe  -fstack-protector-strong -fno-strict-aliasing  -I/usr/local/include -o ccze-cssdump ccze-cssdump.o ccze-compat.o
2 warnings generated.
cc -I. -I. -I.. -DPATCHLEVEL=\"1\" -DSYSCONFDIR=\"/usr/local/etc\" -D_GNU_SOURCE=1 -DPKGLIBDIR=\"/usr/local/lib/ccze\" -DHAVE_SYSTEM_H=1 -DBUILTIN=1 -Wshadow -Wpointer-arith -Waggregate-return -Wstrict-prototypes -Wmissing-prototypes -Wcast-qual -Wbad-function-cast -Wsign-compare -Wchar-subscripts -Wcomment -Wformat -Wformat-nonliteral -Wformat-security -Wimplicit -Wmain -Wmissing-braces -Wparentheses -Wreturn-type -Wswitch -Wmissing-noreturn -Wmissing-declarations  -O2 -pipe  -fstack-protector-strong -fno-strict-aliasing  -I/usr/local/include -o ccze-dump ccze-dump.o ccze-compat.o
gmake[2]: Leaving directory '/wrkdirs/usr/ports/sysutils/ccze/work/ccze-0.2.1/src'
gmake -C testsuite all
gmake[2]: Entering directory '/wrkdirs/usr/ports/sysutils/ccze/work/ccze-0.2.1/testsuite'
gmake[2]: Nothing to be done for 'all'.
gmake[2]: Leaving directory '/wrkdirs/usr/ports/sysutils/ccze/work/ccze-0.2.1/testsuite'
gmake[1]: Leaving directory '/wrkdirs/usr/ports/sysutils/ccze/work/ccze-0.2.1'
===========================================================================
=======================<phase: run-depends    >============================
===== env: USE_PACKAGE_DEPENDS_ONLY=1 USER=root UID=0 GID=0
===========================================================================
=======================<phase: stage          >============================
===== env: NO_DEPENDS=yes USER=nobody UID=65534 GID=65534
===>  Staging for ccze-0.2.1_5
===>   Generating temporary packing list
gmake[1]: Entering directory '/wrkdirs/usr/ports/sysutils/ccze/work/ccze-0.2.1'
gmake -C doc install
gmake[2]: Entering directory '/wrkdirs/usr/ports/sysutils/ccze/work/ccze-0.2.1/doc'
/usr/bin/install -c -d /wrkdirs/usr/ports/sysutils/ccze/work/stage/usr/local/man/man1
install  -m 0644 ccze.1 ccze-cssdump.1 /wrkdirs/usr/ports/sysutils/ccze/work/stage/usr/local/man/man1/
/usr/bin/install -c -d /wrkdirs/usr/ports/sysutils/ccze/work/stage/usr/local/man/man7
install  -m 0644 ccze-plugin.7 /wrkdirs/usr/ports/sysutils/ccze/work/stage/usr/local/man/man7/
gmake[2]: Leaving directory '/wrkdirs/usr/ports/sysutils/ccze/work/ccze-0.2.1/doc'
gmake -C src install
gmake[2]: Entering directory '/wrkdirs/usr/ports/sysutils/ccze/work/ccze-0.2.1/src'
/usr/bin/install -c -d /wrkdirs/usr/ports/sysutils/ccze/work/stage/usr/local/bin
install  -s -m 555 ccze ccze-cssdump /wrkdirs/usr/ports/sysutils/ccze/work/stage/usr/local/bin/
/usr/bin/install -c -d /wrkdirs/usr/ports/sysutils/ccze/work/stage/usr/local/include
install  -m 0644 ./ccze.h /wrkdirs/usr/ports/sysutils/ccze/work/stage/usr/local/include
/usr/bin/install -c -d /wrkdirs/usr/ports/sysutils/ccze/work/stage/usr/local/lib/ccze
install  -m 0644 apm.so distcc.so exim.so fetchmail.so ftpstats.so httpd.so icecast.so oops.so php.so postfix.so procmail.so proftpd.so squid.so sulog.so super.so syslog.so ulogd.so vsftpd.so xferlog.so /wrkdirs/usr/ports/sysutils/ccze/work/stage/usr/local/lib/ccze/
gmake[2]: Leaving directory '/wrkdirs/usr/ports/sysutils/ccze/work/ccze-0.2.1/src'
gmake[1]: Leaving directory '/wrkdirs/usr/ports/sysutils/ccze/work/ccze-0.2.1'
install  -m 0644 /wrkdirs/usr/ports/sysutils/ccze/work/ccze-0.2.1/FAQ /wrkdirs/usr/ports/sysutils/ccze/work/stage/usr/local/share/doc/ccze
====> Compressing man pages (compress-man)
===========================================================================
=======================<phase: package        >============================
===== env: 'PKG_NOTES=build_timestamp ports_top_git_hash ports_top_checkout_unclean port_git_hash port_checkout_unclean built_by' 'PKG_NOTE_build_timestamp=2021-10-18T20:46:48+0000' 'PKG_NOTE_ports_top_git_hash=af67f424b' 'PKG_NOTE_ports_top_checkout_unclean=no' 'PKG_NOTE_port_git_hash=af67f424b' 'PKG_NOTE_port_checkout_unclean=no' 'PKG_NOTE_built_by=poudriere-git-3.3.0-1019-gef452659' NO_DEPENDS=yes USER=nobody UID=65534 GID=65534
===>  Building package for ccze-0.2.1_5
install -l rs /.npkg/All/ccze-0.2.1_5.pkg /.npkg/All/ccze-0.2.1_5.txz
===========================================================================
=>> Cleaning up wrkdir
===>  Cleaning for ccze-0.2.1_5
build of sysutils/ccze | ccze-0.2.1_5 ended at Mon Oct 18 23:46:52 EAT 2021
build time: 00:00:04
