=>> Building net/Cygate-pkg-pfBlockerNG-devel
build started at Mon Oct 18 23:44:49 EAT 2021
port directory: /usr/ports/net/Cygate-pkg-pfBlockerNG-devel
package name: Cygate-pkg-pfBlockerNG-devel-3.1.0
building for: FreeBSD Cygate_v2_5_0_amd64-Cygate_devel-job-02 12.3-PRERELEASE FreeBSD 12.3-PRERELEASE 1202508 amd64
maintained by: coreteam@pfsense.org
Makefile datestamp: -rw-r--r--  1 root  wheel  6166 Oct 18 18:59 /usr/ports/net/Cygate-pkg-pfBlockerNG-devel/Makefile
Ports top last git commit: af67f424b
Ports top unclean checkout: no
Port dir last git commit: 
Port dir unclean checkout: no
Poudriere version: poudriere-git-3.3.0-1019-gef452659
Host OSVERSION: 1202000
Jail OSVERSION: 1202508
Job Id: 02




!!! Jail is newer than host. (Jail: 1202508, Host: 1202000) !!!
!!! This is not supported. !!!
!!! Host kernel must be same or newer than jail. !!!
!!! Expect build failures. !!!



---Begin Environment---
SHELL=/bin/csh
OSVERSION=1202508
UNAME_v=FreeBSD 12.3-PRERELEASE 1202508
UNAME_r=12.3-PRERELEASE
BLOCKSIZE=K
MAIL=/var/mail/root
STATUS=1
HOME=/root
PATH=/sbin:/bin:/usr/sbin:/usr/bin:/usr/local/sbin:/usr/local/bin:/root/bin
LOCALBASE=/usr/local
USER=root
POUDRIERE_NAME=poudriere-git
LIBEXECPREFIX=/usr/local/libexec/poudriere
POUDRIERE_VERSION=3.3.0-1019-gef452659
MASTERMNT=/usr/local/poudriere/data/.m/Cygate_v2_5_0_amd64-Cygate_devel/ref
LC_COLLATE=C
POUDRIERE_BUILD_TYPE=bulk
PACKAGE_BUILDING=yes
SAVED_TERM=xterm-256color
GID=0
OUTPUT_REDIRECTED_STDERR=4
OUTPUT_REDIRECTED=1
UID=0
PWD=/usr/local/poudriere/data/.m/Cygate_v2_5_0_amd64-Cygate_devel/02/.p
OUTPUT_REDIRECTED_STDOUT=3
P_PORTS_FEATURES=FLAVORS SELECTED_OPTIONS
MASTERNAME=Cygate_v2_5_0_amd64-Cygate_devel
SCRIPTPREFIX=/usr/local/share/poudriere
SCRIPTNAME=bulk.sh
OLDPWD=/usr/local/poudriere/data/.m/Cygate_v2_5_0_amd64-Cygate_devel/ref/.p/pool
POUDRIERE_PKGNAME=poudriere-git-3.3.0-1019-gef452659
SCRIPTPATH=/usr/local/share/poudriere/bulk.sh
POUDRIEREPATH=/usr/local/bin/poudriere
---End Environment---

---Begin Poudriere Port Flags/Env---
PORT_FLAGS=
PKGENV=
FLAVOR=
DEPENDS_ARGS=
MAKE_ARGS=
---End Poudriere Port Flags/Env---

---Begin OPTIONS List---
---End OPTIONS List---

--MAINTAINER--
coreteam@pfsense.org
--End MAINTAINER--

--CONFIGURE_ARGS--

--End CONFIGURE_ARGS--

--CONFIGURE_ENV--
PYTHON="/usr/local/bin/python3.8" XDG_DATA_HOME=/wrkdirs/usr/ports/net/Cygate-pkg-pfBlockerNG-devel/work  XDG_CONFIG_HOME=/wrkdirs/usr/ports/net/Cygate-pkg-pfBlockerNG-devel/work  XDG_CACHE_HOME=/wrkdirs/usr/ports/net/Cygate-pkg-pfBlockerNG-devel/work/.cache  HOME=/wrkdirs/usr/ports/net/Cygate-pkg-pfBlockerNG-devel/work TMPDIR="/tmp" PATH=/wrkdirs/usr/ports/net/Cygate-pkg-pfBlockerNG-devel/work/.bin:/sbin:/bin:/usr/sbin:/usr/bin:/usr/local/sbin:/usr/local/bin:/root/bin SHELL=/bin/sh CONFIG_SHELL=/bin/sh
--End CONFIGURE_ENV--

--MAKE_ENV--
XDG_DATA_HOME=/wrkdirs/usr/ports/net/Cygate-pkg-pfBlockerNG-devel/work  XDG_CONFIG_HOME=/wrkdirs/usr/ports/net/Cygate-pkg-pfBlockerNG-devel/work  XDG_CACHE_HOME=/wrkdirs/usr/ports/net/Cygate-pkg-pfBlockerNG-devel/work/.cache  HOME=/wrkdirs/usr/ports/net/Cygate-pkg-pfBlockerNG-devel/work TMPDIR="/tmp" PATH=/wrkdirs/usr/ports/net/Cygate-pkg-pfBlockerNG-devel/work/.bin:/sbin:/bin:/usr/sbin:/usr/bin:/usr/local/sbin:/usr/local/bin:/root/bin NO_PIE=yes MK_DEBUG_FILES=no MK_KERNEL_SYMBOLS=no SHELL=/bin/sh NO_LINT=YES PREFIX=/usr/local  LOCALBASE=/usr/local  CC="cc" CFLAGS="-O2 -pipe  -fstack-protector-strong -fno-strict-aliasing "  CPP="cpp" CPPFLAGS=""  LDFLAGS=" -fstack-protector-strong " LIBS=""  CXX="c++" CXXFLAGS="-O2 -pipe -fstack-protector-strong -fno-strict-aliasing  "  MANPREFIX="/usr/local" BSD_INSTALL_PROGRAM="install  -s -m 555"  BSD_INSTALL_LIB="install  -s -m 0644"  BSD_INSTALL_SCRIPT="install  -m 555"  BSD_INSTALL_DATA="install  -m 0644"  BSD_INSTALL_MAN="install  -m 444"
--End MAKE_ENV--

--PLIST_SUB--
PHP_EXT_DIR=20190902 PYTHON_INCLUDEDIR=include/python3.8  PYTHON_LIBDIR=lib/python3.8  PYTHON_PLATFORM=freebsd12  PYTHON_SITELIBDIR=lib/python3.8/site-packages  PYTHON_SUFFIX=38  PYTHON_EXT_SUFFIX=.cpython-38  PYTHON_VER=3.8  PYTHON_VERSION=python3.8 PYTHON2="@comment " PYTHON3="" OSREL=12.3 PREFIX=%D LOCALBASE=/usr/local  RESETPREFIX=/usr/local LIB32DIR=lib DOCSDIR="share/doc/Cygate-pkg-pfBlockerNG-devel"  EXAMPLESDIR="share/examples/Cygate-pkg-pfBlockerNG-devel"  DATADIR="share/Cygate-pkg-pfBlockerNG-devel"  WWWDIR="www/Cygate-pkg-pfBlockerNG-devel"  ETCDIR="etc/Cygate-pkg-pfBlockerNG-devel"
--End PLIST_SUB--

--SUB_LIST--
PORTNAME=Cygate-pkg-pfBlockerNG-devel PHP_EXT_DIR=20190902 PREFIX=/usr/local LOCALBASE=/usr/local  DATADIR=/usr/local/share/Cygate-pkg-pfBlockerNG-devel DOCSDIR=/usr/local/share/doc/Cygate-pkg-pfBlockerNG-devel EXAMPLESDIR=/usr/local/share/examples/Cygate-pkg-pfBlockerNG-devel  WWWDIR=/usr/local/www/Cygate-pkg-pfBlockerNG-devel ETCDIR=/usr/local/etc/Cygate-pkg-pfBlockerNG-devel
--End SUB_LIST--

---Begin make.conf---
USE_PACKAGE_DEPENDS=yes
BATCH=yes
WRKDIRPREFIX=/wrkdirs
PORTSDIR=/usr/ports
PACKAGES=/packages
DISTDIR=/distfiles
FORCE_PACKAGE=yes
PACKAGE_BUILDING=yes
PACKAGE_BUILDING_FLAVORS=yes
#### /usr/local/etc/poudriere.d/Cygate_devel-make.conf ####
ALLOW_UNSUPPORTED_SYSTEM=yes

# Define pfSense repos
PFSENSE_REPOS=	Cygate-repo Cygate-repo-devel Cygate-repo-245

# Used by pfSense-upgrade port to set pkg_set_version
PFSENSE_PKG_SET_VERSION=	2.6.0-DEVELOPMENT

# Generic options
OPTIONS_UNSET_FORCE=	DOCS DOXYGEN EXAMPLES INFO MAN MANPAGES X11

# Individual ports options
.if ${.CURDIR:N*net/quagga*}=="" || ${.CURDIR:N*net/frr*}==""
CUR_ARCH!=	/usr/bin/uname -p
. if ${CUR_ARCH} == "armv7"
WITH_DEBUG=yes
. endif
.endif

.if ${.CURDIR:N*net/frr*}==""
ETCDIR=	/var/etc/frr
.endif

DEFAULT_VERSIONS=	php=74 ssl=base
PHP_FD_SETSIZE=		3172

. if ${.CURDIR:N*sysutils/check_reload_status*}==""
WITH_DEBUG=	yes
. endif

# Options for packages

# databases
databases_rrdtool_UNSET_FORCE=	PYTHON_MODULE RUBY_MODULE PERL_MODULE DEJAVU GRAPH

# devel
devel_git_UNSET_FORCE=CVS GITWEB GUI HTMLDOCS P4 SVN CONTRIB PERL ETCSHELLS

# dns
dns_dnsmasq_UNSET_FORCE=	DNSSEC

dns_unbound_SET_FORCE=	LIBEVENT PYTHON
dns_unbound112_SET_FORCE=	LIBEVENT PYTHON

dns_bind916_SET_FORCE=DLZ_FILESYSTEM FILTER_AAAA IPV6 LINKS RRL SIGCHASE SSL THREADS GSSAPI_NONE
dns_bind916_UNSET_FORCE=FIXED_RRSET IDN LARGE_FILE LMDB

# emulators
emulators_open-vm-tools_UNSET_FORCE=DOCS FUSE LIBNOTIFY X11

# graphics
graphics_cairo_UNSET_FORCE=X11 XCB OPENGL

graphics_gd_SET_FORCE=ICONV
graphics_gd_UNSET_FORCE=FONTCONFIG XPM

graphics_graphviz_SET_FORCE=ICONV NLS
graphics_graphviz_UNSET_FORCE=DIGCOLA IPSEPCOLA PANGOCAIRO XPM

# lang
lang_gcc_UNSET_FORCE=JAVA

# mail
mail_pear-Mail_SET_FORCE=	PEAR_NET_SMTP

# net
net_freeradius3_SET_FORCE=EXPERIMENTAL HEIMDAL LDAP MYSQL PERL PGSQL PYTHON SQLITE3

net_frr7_SET_FORCE=SNMP

net_haproxy18_SET_FORCE=OPENSSL SPCRE LUA
net_haproxy18_UNSET_FORCE=DPCRE

net_haproxy_SET_FORCE=OPENSSL SPCRE LUA PROMEX
net_haproxy_UNSET_FORCE=DPCRE

net_haproxy-devel_SET_FORCE=OPENSSL SPCRE LUA
net_haproxy-devel_UNSET_FORCE=DPCRE

net_libpcap_SET_FORCE=IPV6
net_libpcap_UNSET_FORCE=DAG

net_miniupnpd_SET_FORCE=	PF_FILTER_RULES IPV6 CHECK_PORTINUSE

net_mtr_UNSET_FORCE=X11

net_nss_ldap_UNSET_FORCE=SASL KERBEROS

net_ntp_UNSET_FORCE=	PERL_UTILS

# net-mgmt
net-mgmt_net-snmp_SET_FORCE=IPV6 MFD_REWRITES TLS
net-mgmt_net-snmp_UNSET_FORCE=AX_DISABLE_TRAP AX_SOCKONLY DOCS DUMMY JAIL MYSQL PYTHON SMUX TKMIB UNPRIVILEGED

net-mgmt_zabbix3-agent_SET_FORCE=IPV6

net-mgmt_zabbix3-proxy_SET_FORCE=IPMI IPV6 LIBXML2 SQLITE SSH
net-mgmt_zabbix3-proxy_UNSET_FORCE=MYSQL

net-mgmt_zabbix4-agent_SET_FORCE=IPV6

net-mgmt_zabbix4-proxy_SET_FORCE=IPMI IPV6 LIBXML2 SQLITE SSH
net-mgmt_zabbix4-proxy_UNSET_FORCE=MYSQL

net-mgmt_zabbix44-agent_SET_FORCE=IPV6

net-mgmt_zabbix44-proxy_SET_FORCE=IPMI IPV6 LIBXML2 SQLITE SSH
net-mgmt_zabbix44-proxy_UNSET_FORCE=MYSQL

net-mgmt_zabbix5-agent_SET_FORCE=IPV6

net-mgmt_zabbix5-proxy_SET_FORCE=IPMI IPV6 LIBXML2 SQLITE SSH
net-mgmt_zabbix5-proxy_UNSET_FORCE=MYSQL

net-mgmt_zabbix52-agent_SET_FORCE=IPV6

net-mgmt_zabbix52-proxy_SET_FORCE=IPMI IPV6 LIBXML2 SQLITE SSH
net-mgmt_zabbix52-proxy_UNSET_FORCE=MYSQL

net-mgmt_zabbix54-agent_SET_FORCE=IPV6

net-mgmt_zabbix54-proxy_SET_FORCE=IPMI IPV6 LIBXML2 SQLITE SSH
net-mgmt_zabbix54-proxy_UNSET_FORCE=MYSQL

# security
security_ca_root_nss_SET_FORCE=	ETCSYMLINK

security_opensc_SET_FORCE=	PCSC
security_opensc_UNSET_FORCE=	DOCS MANPAGES

security_openvpn_SET_FORCE=	X509ALTUSERNAME ASYNC_PUSH
security_openvpn_UNSET_FORCE=	EASYRSA

shells_scponly_SET_FORCE=CHROOT SCP WILDCARDS WINSCP
shells_scponly_UNSET_FORCE=DEFAULT_CHDIR DOCS GFTP RSYNC SVN SVNSERVE UNISON

security_sudo_SET_FORCE=LDAP

security_snort_SET_FORCE=APPID COREDUMPS GRE IPV6 NORMALIZER PERFPROFILE SOURCEFIRE
security_snort_UNSET_FORCE=BARNYARD FILEINSPECT HA PULLEDPORK

.if ${.CURDIR:N*security/snort3*}==""
CUR_ARCH!=  /usr/bin/uname -p
.if ${CUR_ARCH} == "armv7" || ${CUR_ARCH} == "aarch64"
security_snort3_SET_FORCE=LARGEPCAP STATICDAQ
security_snort3_UNSET_FORCE=HYPERSCAN TSC
else
security_snort3_SET_FORCE=LARGEPCAP STATICDAQ HYPERSCAN
.endif
.endif

security_strongswan_SET_FORCE=	CURL EAPDYNAMIC EAPRADIUS EAPSIMFILE \
			IKEv1 UNBOUND XAUTH IPSECKEY PKCS11 PKI UNITY VICI VSTR SWANCTL
security_strongswan_UNSET_FORCE=	EAPAKA3GPP2 BUILTIN LIBC SMP

security_suricata_SET_FORCE=GEOIP HTP_PORT IPFW JSON LUAJIT NSS PORTS_PCAP NETMAP HYPERSCAN REDIS
security_suricata4_SET_FORCE=GEOIP HTP_PORT IPFW JSON LUAJIT NSS PORTS_PCAP NETMAP HYPERSCAN REDIS
.if ${.CURDIR:N*security/suricata*}==""
CUR_ARCH!=	/usr/bin/uname -p
NATIVE_BUILD!=	/sbin/sysctl -qn kern.supported_archs | grep -q ${CUR_ARCH} && echo yes || /usr/bin/true
.if ${NATIVE_BUILD} != "yes"
security_suricata_UNSET_FORCE=LUA PRELUDE SC TESTS RUST
security_suricata4_UNSET_FORCE=LUA PRELUDE SC TESTS RUST
.else
security_suricata_UNSET_FORCE=LUA PRELUDE SC TESTS
security_suricata4_UNSET_FORCE=LUA PRELUDE SC TESTS
.endif
.endif

security_xinetd_UNSET_FORCE=	XCONV

# sysutils
sysutils_apcupsd_SET_FORCE=APCDUMB_DRV APCSMART_DRV PCNET_DRV SNMP_DRV TCP_WRAPPERS USB
sysutils_apcupsd_UNSET_FORCE=CGI CLIENT_ONLY GAPCMON SNMP_DRV_OLD TEST_DRV

sysutils_flashrom_UNSET_FORCE=	FTDI BUSPIRATE

sysutils_pftop_SET_FORCE=ALTQ

sysutils_syslog-ng_SET_FORCE=	SYS_SSL
sysutils_syslog-ng_UNSET_FORCE=	PORTS_SSL

# www
www_c-icap_SET_FORCE=LARGE_FILES
www_c-icap_UNSET_FORCE=IPV6

www_lightsquid_SET_FORCE=GD

www_lighttpd_SET_FORCE=	NODELAY

www_nginx_SET_FORCE=	LUA

www_squid_SET_FORCE=ARP_ACL AUTH_LDAP AUTH_NIS AUTH_SASL CACHE_DIGESTS DELAY_POOLS FOLLOW_XFF FS_AUFS FS_DISKD GSSAPI_MIT HTCP ICAP ICMP IDENT IPV6 KQUEUE LARGEFILE LAX_HTTP SNMP SSL SSL_CRTD TP_PF WCCP WCCPV2
www_squid_UNSET_FORCE=AUTH_SMB AUTH_SQL DEBUG DNS_HELPER ECAP ESI FS_ROCK GSSAPI_NONE GSSAPI_BASE GSSAPI_HEIMDAL STACKTRACES TP_IPF TP_IPFW VIA_DB

www_squidguard_SET_FORCE=DNS_BL LDAP STRIP_NTDOMAIN
www_squidguard_UNSET_FORCE=QUOTE_STRING

www_e2guardian_SET_FORCE=ICAP NTLM SSL_MITM

PKG_REPO_BRANCH_DEVEL=v2_5_0
PKG_REPO_BRANCH_RELEASE=v2_5_2
PKG_REPO_SERVER_DEVEL=pkg+http://10.42.0.2/packages
PKG_REPO_SERVER_RELEASE=pkg+http://10.42.0.2/packages
POUDRIERE_PORTS_NAME=Cygate_devel
PFSENSE_DEFAULT_REPO=Cygate-repo-devel
PRODUCT_NAME=Cygate
REPO_BRANCH_PREFIX=
#### Misc Poudriere ####
.include "/etc/make.conf.ports_env"
---End make.conf---
--Resource limits--
cpu time               (seconds, -t)  unlimited
file size           (512-blocks, -f)  unlimited
data seg size           (kbytes, -d)  33554432
stack size              (kbytes, -s)  524288
core file size      (512-blocks, -c)  unlimited
max memory size         (kbytes, -m)  unlimited
locked memory           (kbytes, -l)  unlimited
max user processes              (-u)  19414
open files                      (-n)  9000
virtual mem size        (kbytes, -v)  8388608
swap limit              (kbytes, -w)  unlimited
socket buffer size       (bytes, -b)  unlimited
pseudo-terminals                (-p)  unlimited
kqueues                         (-k)  unlimited
umtx shared locks               (-o)  unlimited
--End resource limits--
=======================<phase: check-sanity   >============================
===== env: NO_DEPENDS=yes USER=nobody UID=65534 GID=65534
===>  License APACHE20 accepted by the user
===========================================================================
=======================<phase: pkg-depends    >============================
===== env: USE_PACKAGE_DEPENDS_ONLY=1 USER=root UID=0 GID=0
===>   Cygate-pkg-pfBlockerNG-devel-3.1.0 depends on file: /usr/local/sbin/pkg - not found
===>   Installing existing package /packages/All/pkg-1.17.2.pkg
[Cygate_v2_5_0_amd64-Cygate_devel-job-02] Installing pkg-1.17.2...
[Cygate_v2_5_0_amd64-Cygate_devel-job-02] Extracting pkg-1.17.2: .......... done
===>   Cygate-pkg-pfBlockerNG-devel-3.1.0 depends on file: /usr/local/sbin/pkg - found
===>   Returning to build of Cygate-pkg-pfBlockerNG-devel-3.1.0
===========================================================================
=======================<phase: fetch-depends  >============================
===== env: USE_PACKAGE_DEPENDS_ONLY=1 USER=root UID=0 GID=0
===========================================================================
=======================<phase: fetch          >============================
===== env: NO_DEPENDS=yes USER=root UID=0 GID=0
===>  License APACHE20 accepted by the user
===> Fetching all distfiles required by Cygate-pkg-pfBlockerNG-devel-3.1.0 for building
===========================================================================
=======================<phase: checksum       >============================
===== env: NO_DEPENDS=yes USER=root UID=0 GID=0
===>  License APACHE20 accepted by the user
===> Fetching all distfiles required by Cygate-pkg-pfBlockerNG-devel-3.1.0 for building
===========================================================================
=======================<phase: extract-depends>============================
===== env: USE_PACKAGE_DEPENDS_ONLY=1 USER=root UID=0 GID=0
===========================================================================
=======================<phase: extract        >============================
===== env: NO_DEPENDS=yes USER=nobody UID=65534 GID=65534
===>  License APACHE20 accepted by the user
===> Fetching all distfiles required by Cygate-pkg-pfBlockerNG-devel-3.1.0 for building
===>  Extracting for Cygate-pkg-pfBlockerNG-devel-3.1.0
/bin/mkdir -p /wrkdirs/usr/ports/net/Cygate-pkg-pfBlockerNG-devel/work/Cygate-pkg-pfBlockerNG-devel-3.1.0
===========================================================================
=======================<phase: patch-depends  >============================
===== env: USE_PACKAGE_DEPENDS_ONLY=1 USER=root UID=0 GID=0
===========================================================================
=======================<phase: patch          >============================
===== env: NO_DEPENDS=yes USER=nobody UID=65534 GID=65534
===>  Patching for Cygate-pkg-pfBlockerNG-devel-3.1.0
===========================================================================
=======================<phase: build-depends  >============================
===== env: USE_PACKAGE_DEPENDS_ONLY=1 USER=root UID=0 GID=0
===>   Cygate-pkg-pfBlockerNG-devel-3.1.0 depends on file: /usr/local/bin/python3.8 - not found
===>   Installing existing package /packages/All/python38-3.8.12_1.pkg
[Cygate_v2_5_0_amd64-Cygate_devel-job-02] Installing python38-3.8.12_1...
[Cygate_v2_5_0_amd64-Cygate_devel-job-02] `-- Installing gettext-runtime-0.21...
[Cygate_v2_5_0_amd64-Cygate_devel-job-02] |   `-- Installing indexinfo-0.3.1...
[Cygate_v2_5_0_amd64-Cygate_devel-job-02] |   `-- Extracting indexinfo-0.3.1: .... done
[Cygate_v2_5_0_amd64-Cygate_devel-job-02] `-- Extracting gettext-runtime-0.21: .......... done
[Cygate_v2_5_0_amd64-Cygate_devel-job-02] `-- Installing libffi-3.3_1...
[Cygate_v2_5_0_amd64-Cygate_devel-job-02] `-- Extracting libffi-3.3_1: .......... done
[Cygate_v2_5_0_amd64-Cygate_devel-job-02] `-- Installing mpdecimal-2.5.1...
[Cygate_v2_5_0_amd64-Cygate_devel-job-02] `-- Extracting mpdecimal-2.5.1: .......... done
[Cygate_v2_5_0_amd64-Cygate_devel-job-02] `-- Installing readline-8.1.1...
[Cygate_v2_5_0_amd64-Cygate_devel-job-02] `-- Extracting readline-8.1.1: .......... done
[Cygate_v2_5_0_amd64-Cygate_devel-job-02] Extracting python38-3.8.12_1: .......... done
=====
Message from python38-3.8.12_1:

--
Note that some standard Python modules are provided as separate ports
as they require additional dependencies. They are available as:

py38-gdbm       databases/py-gdbm@py38
py38-sqlite3    databases/py-sqlite3@py38
py38-tkinter    x11-toolkits/py-tkinter@py38
===>   Cygate-pkg-pfBlockerNG-devel-3.1.0 depends on file: /usr/local/bin/python3.8 - found
===>   Returning to build of Cygate-pkg-pfBlockerNG-devel-3.1.0
===========================================================================
=======================<phase: lib-depends    >============================
===== env: USE_PACKAGE_DEPENDS_ONLY=1 USER=root UID=0 GID=0
===========================================================================
=======================<phase: configure      >============================
===== env: NO_DEPENDS=yes USER=nobody UID=65534 GID=65534
===>  Configuring for Cygate-pkg-pfBlockerNG-devel-3.1.0
===========================================================================
=======================<phase: build          >============================
===== env: NO_DEPENDS=yes USER=nobody UID=65534 GID=65534
===========================================================================
=======================<phase: run-depends    >============================
===== env: USE_PACKAGE_DEPENDS_ONLY=1 USER=root UID=0 GID=0
===>   Cygate-pkg-pfBlockerNG-devel-3.1.0 depends on file: /usr/local/bin/mmdblookup - not found
===>   Installing existing package /packages/All/libmaxminddb-1.6.0.pkg
[Cygate_v2_5_0_amd64-Cygate_devel-job-02] Installing libmaxminddb-1.6.0...
[Cygate_v2_5_0_amd64-Cygate_devel-job-02] Extracting libmaxminddb-1.6.0: .......... done
===>   Cygate-pkg-pfBlockerNG-devel-3.1.0 depends on file: /usr/local/bin/mmdblookup - found
===>   Returning to build of Cygate-pkg-pfBlockerNG-devel-3.1.0
===>   Cygate-pkg-pfBlockerNG-devel-3.1.0 depends on file: /usr/local/bin/grepcidr - not found
===>   Installing existing package /packages/All/grepcidr-2.0.pkg
[Cygate_v2_5_0_amd64-Cygate_devel-job-02] Installing grepcidr-2.0...
[Cygate_v2_5_0_amd64-Cygate_devel-job-02] Extracting grepcidr-2.0: ..... done
=====
Message from grepcidr-2.0:

--
===>   NOTICE:

The grepcidr port currently does not have a maintainer. As a result, it is
more likely to have unresolved issues, not be up-to-date, or even be removed in
the future. To volunteer to maintain this port, please create an issue at:

https://bugs.freebsd.org/bugzilla

More information about port maintainership is available at:

https://docs.freebsd.org/en/articles/contributing/#ports-contributing
===>   Cygate-pkg-pfBlockerNG-devel-3.1.0 depends on file: /usr/local/bin/grepcidr - found
===>   Returning to build of Cygate-pkg-pfBlockerNG-devel-3.1.0
===>   Cygate-pkg-pfBlockerNG-devel-3.1.0 depends on file: /usr/local/bin/iprange - not found
===>   Installing existing package /packages/All/iprange-1.0.4.pkg
[Cygate_v2_5_0_amd64-Cygate_devel-job-02] Installing iprange-1.0.4...
[Cygate_v2_5_0_amd64-Cygate_devel-job-02] Extracting iprange-1.0.4: ..... done
===>   Cygate-pkg-pfBlockerNG-devel-3.1.0 depends on file: /usr/local/bin/iprange - found
===>   Returning to build of Cygate-pkg-pfBlockerNG-devel-3.1.0
===>   Cygate-pkg-pfBlockerNG-devel-3.1.0 depends on file: /usr/local/bin/mwhois - not found
===>   Installing existing package /packages/All/whois-5.5.7.pkg
[Cygate_v2_5_0_amd64-Cygate_devel-job-02] Installing whois-5.5.7...
[Cygate_v2_5_0_amd64-Cygate_devel-job-02] `-- Installing libidn2-2.3.2...
[Cygate_v2_5_0_amd64-Cygate_devel-job-02] |   `-- Installing libunistring-0.9.10_1...
[Cygate_v2_5_0_amd64-Cygate_devel-job-02] |   `-- Extracting libunistring-0.9.10_1: .......... done
[Cygate_v2_5_0_amd64-Cygate_devel-job-02] `-- Extracting libidn2-2.3.2: .......... done
[Cygate_v2_5_0_amd64-Cygate_devel-job-02] Extracting whois-5.5.7: .......... done
===>   Cygate-pkg-pfBlockerNG-devel-3.1.0 depends on file: /usr/local/bin/mwhois - found
===>   Returning to build of Cygate-pkg-pfBlockerNG-devel-3.1.0
===>   Cygate-pkg-pfBlockerNG-devel-3.1.0 depends on file: /usr/local/bin/jq - not found
===>   Installing existing package /packages/All/jq-1.6.pkg
[Cygate_v2_5_0_amd64-Cygate_devel-job-02] Installing jq-1.6...
[Cygate_v2_5_0_amd64-Cygate_devel-job-02] `-- Installing oniguruma-6.9.7.1...
[Cygate_v2_5_0_amd64-Cygate_devel-job-02] `-- Extracting oniguruma-6.9.7.1: .......... done
[Cygate_v2_5_0_amd64-Cygate_devel-job-02] Extracting jq-1.6: .......... done
===>   Cygate-pkg-pfBlockerNG-devel-3.1.0 depends on file: /usr/local/bin/jq - found
===>   Returning to build of Cygate-pkg-pfBlockerNG-devel-3.1.0
===>   Cygate-pkg-pfBlockerNG-devel-3.1.0 depends on file: /usr/local/bin/rsync - not found
===>   Installing existing package /packages/All/rsync-3.2.3_1.pkg
[Cygate_v2_5_0_amd64-Cygate_devel-job-02] Installing rsync-3.2.3_1...
[Cygate_v2_5_0_amd64-Cygate_devel-job-02] `-- Installing libiconv-1.16...
[Cygate_v2_5_0_amd64-Cygate_devel-job-02] `-- Extracting libiconv-1.16: .......... done
[Cygate_v2_5_0_amd64-Cygate_devel-job-02] `-- Installing liblz4-1.9.3,1...
[Cygate_v2_5_0_amd64-Cygate_devel-job-02] `-- Extracting liblz4-1.9.3,1: .......... done
[Cygate_v2_5_0_amd64-Cygate_devel-job-02] `-- Installing xxhash-0.8.0...
[Cygate_v2_5_0_amd64-Cygate_devel-job-02] `-- Extracting xxhash-0.8.0: .......... done
[Cygate_v2_5_0_amd64-Cygate_devel-job-02] `-- Installing zstd-1.5.0...
[Cygate_v2_5_0_amd64-Cygate_devel-job-02] `-- Extracting zstd-1.5.0: .......... done
[Cygate_v2_5_0_amd64-Cygate_devel-job-02] Extracting rsync-3.2.3_1: .......... done
===>   Cygate-pkg-pfBlockerNG-devel-3.1.0 depends on file: /usr/local/bin/rsync - found
===>   Returning to build of Cygate-pkg-pfBlockerNG-devel-3.1.0
===>   Cygate-pkg-pfBlockerNG-devel-3.1.0 depends on file: /usr/local/sbin/lighttpd - not found
===>   Installing existing package /packages/All/lighttpd-1.4.60_1.pkg
[Cygate_v2_5_0_amd64-Cygate_devel-job-02] Installing lighttpd-1.4.60_1...
[Cygate_v2_5_0_amd64-Cygate_devel-job-02] `-- Installing lua52-5.2.4...
[Cygate_v2_5_0_amd64-Cygate_devel-job-02] |   `-- Installing libedit-3.1.20210216,1...
[Cygate_v2_5_0_amd64-Cygate_devel-job-02] |   `-- Extracting libedit-3.1.20210216,1: .......... done
[Cygate_v2_5_0_amd64-Cygate_devel-job-02] `-- Extracting lua52-5.2.4: ......... done
[Cygate_v2_5_0_amd64-Cygate_devel-job-02] `-- Installing nettle-3.7.3...
[Cygate_v2_5_0_amd64-Cygate_devel-job-02] |   `-- Installing gmp-6.2.1...
[Cygate_v2_5_0_amd64-Cygate_devel-job-02] |   `-- Extracting gmp-6.2.1: .......... done
[Cygate_v2_5_0_amd64-Cygate_devel-job-02] `-- Extracting nettle-3.7.3: .......... done
[Cygate_v2_5_0_amd64-Cygate_devel-job-02] `-- Installing pcre-8.45...
[Cygate_v2_5_0_amd64-Cygate_devel-job-02] `-- Extracting pcre-8.45: .......... done
===> Creating groups.
Using existing group 'www'.
===> Creating users
Using existing user 'www'.
[Cygate_v2_5_0_amd64-Cygate_devel-job-02] Extracting lighttpd-1.4.60_1: .......... done
===>   Cygate-pkg-pfBlockerNG-devel-3.1.0 depends on file: /usr/local/sbin/lighttpd - found
===>   Returning to build of Cygate-pkg-pfBlockerNG-devel-3.1.0
===>   Cygate-pkg-pfBlockerNG-devel-3.1.0 depends on package: py38-sqlite3>0 - not found
===>   Installing existing package /packages/All/py38-sqlite3-3.8.12_7.pkg
[Cygate_v2_5_0_amd64-Cygate_devel-job-02] Installing py38-sqlite3-3.8.12_7...
[Cygate_v2_5_0_amd64-Cygate_devel-job-02] `-- Installing py38-setuptools-57.0.0...
[Cygate_v2_5_0_amd64-Cygate_devel-job-02] `-- Extracting py38-setuptools-57.0.0: .......... done
[Cygate_v2_5_0_amd64-Cygate_devel-job-02] `-- Installing sqlite3-3.35.5_3,1...
[Cygate_v2_5_0_amd64-Cygate_devel-job-02] `-- Extracting sqlite3-3.35.5_3,1: .......... done
[Cygate_v2_5_0_amd64-Cygate_devel-job-02] Extracting py38-sqlite3-3.8.12_7: ........ done
===>   Cygate-pkg-pfBlockerNG-devel-3.1.0 depends on package: py38-sqlite3>0 - found
===>   Returning to build of Cygate-pkg-pfBlockerNG-devel-3.1.0
===>   Cygate-pkg-pfBlockerNG-devel-3.1.0 depends on package: py38-maxminddb>0 - not found
===>   Installing existing package /packages/All/py38-maxminddb-2.0.3.pkg
[Cygate_v2_5_0_amd64-Cygate_devel-job-02] Installing py38-maxminddb-2.0.3...
[Cygate_v2_5_0_amd64-Cygate_devel-job-02] Extracting py38-maxminddb-2.0.3: .......... done
===>   Cygate-pkg-pfBlockerNG-devel-3.1.0 depends on package: py38-maxminddb>0 - found
===>   Returning to build of Cygate-pkg-pfBlockerNG-devel-3.1.0
===>   Cygate-pkg-pfBlockerNG-devel-3.1.0 depends on file: /usr/local/include/php/main/php.h - not found
===>   Installing existing package /packages/All/php74-7.4.24.pkg
[Cygate_v2_5_0_amd64-Cygate_devel-job-02] Installing php74-7.4.24...
[Cygate_v2_5_0_amd64-Cygate_devel-job-02] `-- Installing libargon2-20190702...
[Cygate_v2_5_0_amd64-Cygate_devel-job-02] `-- Extracting libargon2-20190702: .......... done
[Cygate_v2_5_0_amd64-Cygate_devel-job-02] `-- Installing libxml2-2.9.12...
[Cygate_v2_5_0_amd64-Cygate_devel-job-02] `-- Extracting libxml2-2.9.12: .......... done
[Cygate_v2_5_0_amd64-Cygate_devel-job-02] `-- Installing pcre2-10.37...
[Cygate_v2_5_0_amd64-Cygate_devel-job-02] `-- Extracting pcre2-10.37: .......... done
[Cygate_v2_5_0_amd64-Cygate_devel-job-02] Extracting php74-7.4.24: .......... done
===>   Cygate-pkg-pfBlockerNG-devel-3.1.0 depends on file: /usr/local/include/php/main/php.h - found
===>   Returning to build of Cygate-pkg-pfBlockerNG-devel-3.1.0
===>   Cygate-pkg-pfBlockerNG-devel-3.1.0 depends on file: /usr/local/bin/python3.8 - found
===>   Cygate-pkg-pfBlockerNG-devel-3.1.0 depends on file: /usr/local/lib/php/20190902/intl.so - not found
===>   Installing existing package /packages/All/php74-intl-7.4.24.pkg
[Cygate_v2_5_0_amd64-Cygate_devel-job-02] Installing php74-intl-7.4.24...
[Cygate_v2_5_0_amd64-Cygate_devel-job-02] `-- Installing icu-69.1,1...
[Cygate_v2_5_0_amd64-Cygate_devel-job-02] `-- Extracting icu-69.1,1: .......... done
[Cygate_v2_5_0_amd64-Cygate_devel-job-02] Extracting php74-intl-7.4.24: .......... done
=====
Message from php74-intl-7.4.24:

--
This file has been added to automatically load the installed extension:
/usr/local/etc/php/ext-20-intl.ini
===>   Cygate-pkg-pfBlockerNG-devel-3.1.0 depends on file: /usr/local/lib/php/20190902/intl.so - found
===>   Returning to build of Cygate-pkg-pfBlockerNG-devel-3.1.0
===========================================================================
=======================<phase: stage          >============================
===== env: NO_DEPENDS=yes USER=nobody UID=65534 GID=65534
===>  Staging for Cygate-pkg-pfBlockerNG-devel-3.1.0
===>   Generating temporary packing list
/bin/mkdir -p /wrkdirs/usr/ports/net/Cygate-pkg-pfBlockerNG-devel/work/stage/etc/inc/priv
/bin/mkdir -p /wrkdirs/usr/ports/net/Cygate-pkg-pfBlockerNG-devel/work/stage/usr/local/pkg/pfblockerng
/bin/mkdir -p /wrkdirs/usr/ports/net/Cygate-pkg-pfBlockerNG-devel/work/stage/usr/local/www/pfblockerng/www
/bin/mkdir -p /wrkdirs/usr/ports/net/Cygate-pkg-pfBlockerNG-devel/work/stage/usr/local/www/widgets/widgets
/bin/mkdir -p /wrkdirs/usr/ports/net/Cygate-pkg-pfBlockerNG-devel/work/stage/usr/local/www/widgets/include
/bin/mkdir -p /wrkdirs/usr/ports/net/Cygate-pkg-pfBlockerNG-devel/work/stage/usr/local/www/widgets/javascript
/bin/mkdir -p /wrkdirs/usr/ports/net/Cygate-pkg-pfBlockerNG-devel/work/stage/usr/local/www/wizards
/bin/mkdir -p /wrkdirs/usr/ports/net/Cygate-pkg-pfBlockerNG-devel/work/stage/var/unbound
/bin/mkdir -p /wrkdirs/usr/ports/net/Cygate-pkg-pfBlockerNG-devel/work/stage/usr/local/share/Cygate-pkg-pfBlockerNG-devel
install  -m 0644 -m 0644 /usr/ports/net/Cygate-pkg-pfBlockerNG-devel/files/usr/local/pkg/pfblockerng.xml  /wrkdirs/usr/ports/net/Cygate-pkg-pfBlockerNG-devel/work/stage/usr/local/pkg
install  -m 0644 /usr/ports/net/Cygate-pkg-pfBlockerNG-devel/files/etc/inc/priv/pfblockerng.priv.inc  /wrkdirs/usr/ports/net/Cygate-pkg-pfBlockerNG-devel/work/stage/etc/inc/priv
install  -m 0644 /usr/ports/net/Cygate-pkg-pfBlockerNG-devel/files/usr/local/pkg/pfblockerng/pfblockerng.inc  /wrkdirs/usr/ports/net/Cygate-pkg-pfBlockerNG-devel/work/stage/usr/local/pkg/pfblockerng
install  -m 0644 /usr/ports/net/Cygate-pkg-pfBlockerNG-devel/files/usr/local/pkg/pfblockerng/pfblockerng_install.inc  /wrkdirs/usr/ports/net/Cygate-pkg-pfBlockerNG-devel/work/stage/usr/local/pkg/pfblockerng
install  -m 0644 /usr/ports/net/Cygate-pkg-pfBlockerNG-devel/files/usr/local/pkg/pfblockerng/pfblockerng_extra.inc  /wrkdirs/usr/ports/net/Cygate-pkg-pfBlockerNG-devel/work/stage/usr/local/pkg/pfblockerng
install  -m 0644 /usr/ports/net/Cygate-pkg-pfBlockerNG-devel/files/usr/local/www/pfblockerng/pfBlockerNG.js  /wrkdirs/usr/ports/net/Cygate-pkg-pfBlockerNG-devel/work/stage/usr/local/www/pfblockerng
install  -m 0644 /usr/ports/net/Cygate-pkg-pfBlockerNG-devel/files/usr/local/www/pfblockerng/pfblockerng_asn.txt  /wrkdirs/usr/ports/net/Cygate-pkg-pfBlockerNG-devel/work/stage/usr/local/www/pfblockerng
install  -m 0644 /usr/ports/net/Cygate-pkg-pfBlockerNG-devel/files/usr/local/www/pfblockerng/pfblockerng.php  /wrkdirs/usr/ports/net/Cygate-pkg-pfBlockerNG-devel/work/stage/usr/local/www/pfblockerng
install  -m 0644 /usr/ports/net/Cygate-pkg-pfBlockerNG-devel/files/usr/local/www/pfblockerng/pfblockerng_alerts.php  /wrkdirs/usr/ports/net/Cygate-pkg-pfBlockerNG-devel/work/stage/usr/local/www/pfblockerng
install  -m 0644 /usr/ports/net/Cygate-pkg-pfBlockerNG-devel/files/usr/local/www/pfblockerng/pfblockerng_blacklist.php  /wrkdirs/usr/ports/net/Cygate-pkg-pfBlockerNG-devel/work/stage/usr/local/www/pfblockerng
install  -m 0644 /usr/ports/net/Cygate-pkg-pfBlockerNG-devel/files/usr/local/www/pfblockerng/pfblockerng_category.php  /wrkdirs/usr/ports/net/Cygate-pkg-pfBlockerNG-devel/work/stage/usr/local/www/pfblockerng
install  -m 0644 /usr/ports/net/Cygate-pkg-pfBlockerNG-devel/files/usr/local/www/pfblockerng/pfblockerng_category_edit.php  /wrkdirs/usr/ports/net/Cygate-pkg-pfBlockerNG-devel/work/stage/usr/local/www/pfblockerng
install  -m 0644 /usr/ports/net/Cygate-pkg-pfBlockerNG-devel/files/usr/local/www/pfblockerng/pfblockerng_dnsbl.php  /wrkdirs/usr/ports/net/Cygate-pkg-pfBlockerNG-devel/work/stage/usr/local/www/pfblockerng
install  -m 0644 /usr/ports/net/Cygate-pkg-pfBlockerNG-devel/files/usr/local/www/pfblockerng/pfblockerng_feeds.json  /wrkdirs/usr/ports/net/Cygate-pkg-pfBlockerNG-devel/work/stage/usr/local/www/pfblockerng
install  -m 0644 /usr/ports/net/Cygate-pkg-pfBlockerNG-devel/files/usr/local/www/pfblockerng/pfblockerng_feeds.php  /wrkdirs/usr/ports/net/Cygate-pkg-pfBlockerNG-devel/work/stage/usr/local/www/pfblockerng
install  -m 0644 /usr/ports/net/Cygate-pkg-pfBlockerNG-devel/files/usr/local/www/pfblockerng/pfblockerng_general.php  /wrkdirs/usr/ports/net/Cygate-pkg-pfBlockerNG-devel/work/stage/usr/local/www/pfblockerng
install  -m 0644 /usr/ports/net/Cygate-pkg-pfBlockerNG-devel/files/usr/local/www/pfblockerng/pfblockerng_ip.php  /wrkdirs/usr/ports/net/Cygate-pkg-pfBlockerNG-devel/work/stage/usr/local/www/pfblockerng
install  -m 0644 /usr/ports/net/Cygate-pkg-pfBlockerNG-devel/files/usr/local/www/pfblockerng/pfblockerng_update.php  /wrkdirs/usr/ports/net/Cygate-pkg-pfBlockerNG-devel/work/stage/usr/local/www/pfblockerng
install  -m 0644 /usr/ports/net/Cygate-pkg-pfBlockerNG-devel/files/usr/local/www/pfblockerng/pfblockerng_sync.php  /wrkdirs/usr/ports/net/Cygate-pkg-pfBlockerNG-devel/work/stage/usr/local/www/pfblockerng
install  -m 0644 /usr/ports/net/Cygate-pkg-pfBlockerNG-devel/files/usr/local/www/pfblockerng/pfblockerng_safesearch.php  /wrkdirs/usr/ports/net/Cygate-pkg-pfBlockerNG-devel/work/stage/usr/local/www/pfblockerng
install  -m 0644 /usr/ports/net/Cygate-pkg-pfBlockerNG-devel/files/usr/local/www/pfblockerng/pfblockerng_threats.php  /wrkdirs/usr/ports/net/Cygate-pkg-pfBlockerNG-devel/work/stage/usr/local/www/pfblockerng
install  -m 0644 /usr/ports/net/Cygate-pkg-pfBlockerNG-devel/files/usr/local/www/pfblockerng/pfblockerng_log.php  /wrkdirs/usr/ports/net/Cygate-pkg-pfBlockerNG-devel/work/stage/usr/local/www/pfblockerng
install  -m 0644 /usr/ports/net/Cygate-pkg-pfBlockerNG-devel/files/usr/local/www/widgets/widgets/pfblockerng.widget.php  /wrkdirs/usr/ports/net/Cygate-pkg-pfBlockerNG-devel/work/stage/usr/local/www/widgets/widgets
install  -m 0644 /usr/ports/net/Cygate-pkg-pfBlockerNG-devel/files/usr/local/www/widgets/include/widget-pfblockerng.inc  /wrkdirs/usr/ports/net/Cygate-pkg-pfBlockerNG-devel/work/stage/usr/local/www/widgets/include
install  -m 0644 /usr/ports/net/Cygate-pkg-pfBlockerNG-devel/files/usr/local/www/widgets/javascript/pfblockerng.js  /wrkdirs/usr/ports/net/Cygate-pkg-pfBlockerNG-devel/work/stage/usr/local/www/widgets/javascript
install  -m 0644 /usr/ports/net/Cygate-pkg-pfBlockerNG-devel/files/usr/local/www/wizards/pfblockerng_wizard.xml  /wrkdirs/usr/ports/net/Cygate-pkg-pfBlockerNG-devel/work/stage/usr/local/www/wizards/pfblockerng_wizard.xml
install  -m 0644 /usr/ports/net/Cygate-pkg-pfBlockerNG-devel/files/usr/local/www/wizards/pfblockerng_wizard.inc  /wrkdirs/usr/ports/net/Cygate-pkg-pfBlockerNG-devel/work/stage/usr/local/www/wizards/pfblockerng_wizard.inc
install  -m 0644 /usr/ports/net/Cygate-pkg-pfBlockerNG-devel/files/usr/local/pkg/pfblockerng/dnsbl_tld  /wrkdirs/usr/ports/net/Cygate-pkg-pfBlockerNG-devel/work/stage/usr/local/pkg/pfblockerng
install  -m 0644 /usr/ports/net/Cygate-pkg-pfBlockerNG-devel/files/usr/local/pkg/pfblockerng/shallalist_global_usage  /wrkdirs/usr/ports/net/Cygate-pkg-pfBlockerNG-devel/work/stage/usr/local/pkg/pfblockerng
install  -m 0644 /usr/ports/net/Cygate-pkg-pfBlockerNG-devel/files/usr/local/pkg/pfblockerng/ut1_global_usage  /wrkdirs/usr/ports/net/Cygate-pkg-pfBlockerNG-devel/work/stage/usr/local/pkg/pfblockerng
install  -m 0644 /usr/ports/net/Cygate-pkg-pfBlockerNG-devel/files/usr/local/pkg/pfblockerng/pfb_dnsbl.doh.conf  /wrkdirs/usr/ports/net/Cygate-pkg-pfBlockerNG-devel/work/stage/usr/local/pkg/pfblockerng
install  -m 0644 /usr/ports/net/Cygate-pkg-pfBlockerNG-devel/files/usr/local/pkg/pfblockerng/pfb_dnsbl.safesearch.conf  /wrkdirs/usr/ports/net/Cygate-pkg-pfBlockerNG-devel/work/stage/usr/local/pkg/pfblockerng
install  -m 0644 /usr/ports/net/Cygate-pkg-pfBlockerNG-devel/files/usr/local/pkg/pfblockerng/pfb_dnsbl.youtube_restrict.conf  /wrkdirs/usr/ports/net/Cygate-pkg-pfBlockerNG-devel/work/stage/usr/local/pkg/pfblockerng
install  -m 0644 /usr/ports/net/Cygate-pkg-pfBlockerNG-devel/files/usr/local/pkg/pfblockerng/pfb_dnsbl.youtube_restrictmoderate.conf  /wrkdirs/usr/ports/net/Cygate-pkg-pfBlockerNG-devel/work/stage/usr/local/pkg/pfblockerng
install  -m 0644 -m 0755 /usr/ports/net/Cygate-pkg-pfBlockerNG-devel/files/usr/local/pkg/pfblockerng/pfblockerng.sh  /wrkdirs/usr/ports/net/Cygate-pkg-pfBlockerNG-devel/work/stage/usr/local/pkg/pfblockerng
install  -m 0644 -m 0755 /usr/ports/net/Cygate-pkg-pfBlockerNG-devel/files/usr/local/www/pfblockerng/www/index.php  /wrkdirs/usr/ports/net/Cygate-pkg-pfBlockerNG-devel/work/stage/usr/local/www/pfblockerng/www
install  -m 0644 -m 0755 /usr/ports/net/Cygate-pkg-pfBlockerNG-devel/files/usr/local/www/pfblockerng/www/dnsbl_default.php  /wrkdirs/usr/ports/net/Cygate-pkg-pfBlockerNG-devel/work/stage/usr/local/www/pfblockerng/www
install  -m 0644 -m 0755 /usr/ports/net/Cygate-pkg-pfBlockerNG-devel/files/var/unbound/pfb_unbound.py  /wrkdirs/usr/ports/net/Cygate-pkg-pfBlockerNG-devel/work/stage/var/unbound
install  -m 0644 -m 0755 /usr/ports/net/Cygate-pkg-pfBlockerNG-devel/files/var/unbound/pfb_unbound_include.inc  /wrkdirs/usr/ports/net/Cygate-pkg-pfBlockerNG-devel/work/stage/var/unbound
install  -m 0644 -m 0755 /usr/ports/net/Cygate-pkg-pfBlockerNG-devel/files/var/unbound/pfb_py_hsts.txt  /wrkdirs/usr/ports/net/Cygate-pkg-pfBlockerNG-devel/work/stage/var/unbound
install  -m 0644 /usr/ports/net/Cygate-pkg-pfBlockerNG-devel/files/usr/local/share/Cygate-pkg-pfBlockerNG-devel/info.xml  /wrkdirs/usr/ports/net/Cygate-pkg-pfBlockerNG-devel/work/stage/usr/local/share/Cygate-pkg-pfBlockerNG-devel
====> Compressing man pages (compress-man)
===========================================================================
=======================<phase: package        >============================
===== env: 'PKG_NOTES=build_timestamp ports_top_git_hash ports_top_checkout_unclean port_git_hash port_checkout_unclean built_by' 'PKG_NOTE_build_timestamp=2021-10-18T20:44:49+0000' 'PKG_NOTE_ports_top_git_hash=af67f424b' 'PKG_NOTE_ports_top_checkout_unclean=no' 'PKG_NOTE_port_git_hash=' 'PKG_NOTE_port_checkout_unclean=no' 'PKG_NOTE_built_by=poudriere-git-3.3.0-1019-gef452659' NO_DEPENDS=yes USER=nobody UID=65534 GID=65534
===>  Building package for Cygate-pkg-pfBlockerNG-devel-3.1.0
install -l rs /.npkg/All/Cygate-pkg-pfBlockerNG-devel-3.1.0.pkg /.npkg/All/Cygate-pkg-pfBlockerNG-devel-3.1.0.txz
===========================================================================
=>> Cleaning up wrkdir
===>  Cleaning for Cygate-pkg-pfBlockerNG-devel-3.1.0
build of net/Cygate-pkg-pfBlockerNG-devel | Cygate-pkg-pfBlockerNG-devel-3.1.0 ended at Mon Oct 18 23:45:03 EAT 2021
build time: 00:00:14
