=>> Building net/Cygate-pkg-freeradius3
build started at Mon Oct 18 23:40:10 EAT 2021
port directory: /usr/ports/net/Cygate-pkg-freeradius3
package name: Cygate-pkg-freeradius3-0.15.7_32
building for: FreeBSD Cygate_v2_5_0_amd64-Cygate_devel-job-03 12.3-PRERELEASE FreeBSD 12.3-PRERELEASE 1202508 amd64
maintained by: coreteam@pfsense.org
Makefile datestamp: -rw-r--r--  1 root  wheel  2457 Oct 18 18:59 /usr/ports/net/Cygate-pkg-freeradius3/Makefile
Ports top last git commit: af67f424b
Ports top unclean checkout: no
Port dir last git commit: 
Port dir unclean checkout: no
Poudriere version: poudriere-git-3.3.0-1019-gef452659
Host OSVERSION: 1202000
Jail OSVERSION: 1202508
Job Id: 03




!!! Jail is newer than host. (Jail: 1202508, Host: 1202000) !!!
!!! This is not supported. !!!
!!! Host kernel must be same or newer than jail. !!!
!!! Expect build failures. !!!



---Begin Environment---
SHELL=/bin/csh
OSVERSION=1202508
UNAME_v=FreeBSD 12.3-PRERELEASE 1202508
UNAME_r=12.3-PRERELEASE
BLOCKSIZE=K
MAIL=/var/mail/root
STATUS=1
HOME=/root
PATH=/sbin:/bin:/usr/sbin:/usr/bin:/usr/local/sbin:/usr/local/bin:/root/bin
LOCALBASE=/usr/local
USER=root
POUDRIERE_NAME=poudriere-git
LIBEXECPREFIX=/usr/local/libexec/poudriere
POUDRIERE_VERSION=3.3.0-1019-gef452659
MASTERMNT=/usr/local/poudriere/data/.m/Cygate_v2_5_0_amd64-Cygate_devel/ref
LC_COLLATE=C
POUDRIERE_BUILD_TYPE=bulk
PACKAGE_BUILDING=yes
SAVED_TERM=xterm-256color
GID=0
OUTPUT_REDIRECTED_STDERR=4
OUTPUT_REDIRECTED=1
UID=0
PWD=/usr/local/poudriere/data/.m/Cygate_v2_5_0_amd64-Cygate_devel/03/.p
OUTPUT_REDIRECTED_STDOUT=3
P_PORTS_FEATURES=FLAVORS SELECTED_OPTIONS
MASTERNAME=Cygate_v2_5_0_amd64-Cygate_devel
SCRIPTPREFIX=/usr/local/share/poudriere
SCRIPTNAME=bulk.sh
OLDPWD=/usr/local/poudriere/data/.m/Cygate_v2_5_0_amd64-Cygate_devel/ref/.p/pool
POUDRIERE_PKGNAME=poudriere-git-3.3.0-1019-gef452659
SCRIPTPATH=/usr/local/share/poudriere/bulk.sh
POUDRIEREPATH=/usr/local/bin/poudriere
---End Environment---

---Begin Poudriere Port Flags/Env---
PORT_FLAGS=
PKGENV=
FLAVOR=
DEPENDS_ARGS=
MAKE_ARGS=
---End Poudriere Port Flags/Env---

---Begin OPTIONS List---
---End OPTIONS List---

--MAINTAINER--
coreteam@pfsense.org
--End MAINTAINER--

--CONFIGURE_ARGS--

--End CONFIGURE_ARGS--

--CONFIGURE_ENV--
PYTHON="/usr/local/bin/python3.8" XDG_DATA_HOME=/wrkdirs/usr/ports/net/Cygate-pkg-freeradius3/work  XDG_CONFIG_HOME=/wrkdirs/usr/ports/net/Cygate-pkg-freeradius3/work  XDG_CACHE_HOME=/wrkdirs/usr/ports/net/Cygate-pkg-freeradius3/work/.cache  HOME=/wrkdirs/usr/ports/net/Cygate-pkg-freeradius3/work TMPDIR="/tmp" PATH=/wrkdirs/usr/ports/net/Cygate-pkg-freeradius3/work/.bin:/sbin:/bin:/usr/sbin:/usr/bin:/usr/local/sbin:/usr/local/bin:/root/bin SHELL=/bin/sh CONFIG_SHELL=/bin/sh
--End CONFIGURE_ENV--

--MAKE_ENV--
XDG_DATA_HOME=/wrkdirs/usr/ports/net/Cygate-pkg-freeradius3/work  XDG_CONFIG_HOME=/wrkdirs/usr/ports/net/Cygate-pkg-freeradius3/work  XDG_CACHE_HOME=/wrkdirs/usr/ports/net/Cygate-pkg-freeradius3/work/.cache  HOME=/wrkdirs/usr/ports/net/Cygate-pkg-freeradius3/work TMPDIR="/tmp" PATH=/wrkdirs/usr/ports/net/Cygate-pkg-freeradius3/work/.bin:/sbin:/bin:/usr/sbin:/usr/bin:/usr/local/sbin:/usr/local/bin:/root/bin NO_PIE=yes MK_DEBUG_FILES=no MK_KERNEL_SYMBOLS=no SHELL=/bin/sh NO_LINT=YES PREFIX=/usr/local  LOCALBASE=/usr/local  CC="cc" CFLAGS="-O2 -pipe  -fstack-protector-strong -fno-strict-aliasing "  CPP="cpp" CPPFLAGS=""  LDFLAGS=" -fstack-protector-strong " LIBS=""  CXX="c++" CXXFLAGS="-O2 -pipe -fstack-protector-strong -fno-strict-aliasing  "  MANPREFIX="/usr/local" BSD_INSTALL_PROGRAM="install  -s -m 555"  BSD_INSTALL_LIB="install  -s -m 0644"  BSD_INSTALL_SCRIPT="install  -m 555"  BSD_INSTALL_DATA="install  -m 0644"  BSD_INSTALL_MAN="install  -m 444"
--End MAKE_ENV--

--PLIST_SUB--
PYTHON_INCLUDEDIR=include/python3.8  PYTHON_LIBDIR=lib/python3.8  PYTHON_PLATFORM=freebsd12  PYTHON_SITELIBDIR=lib/python3.8/site-packages  PYTHON_SUFFIX=38  PYTHON_EXT_SUFFIX=.cpython-38  PYTHON_VER=3.8  PYTHON_VERSION=python3.8 PYTHON2="@comment " PYTHON3="" OSREL=12.3 PREFIX=%D LOCALBASE=/usr/local  RESETPREFIX=/usr/local LIB32DIR=lib DOCSDIR="share/doc/Cygate-pkg-freeradius3"  EXAMPLESDIR="share/examples/Cygate-pkg-freeradius3"  DATADIR="share/Cygate-pkg-freeradius3"  WWWDIR="www/Cygate-pkg-freeradius3"  ETCDIR="etc/Cygate-pkg-freeradius3"
--End PLIST_SUB--

--SUB_LIST--
PORTNAME=Cygate-pkg-freeradius3 PREFIX=/usr/local LOCALBASE=/usr/local  DATADIR=/usr/local/share/Cygate-pkg-freeradius3 DOCSDIR=/usr/local/share/doc/Cygate-pkg-freeradius3 EXAMPLESDIR=/usr/local/share/examples/Cygate-pkg-freeradius3  WWWDIR=/usr/local/www/Cygate-pkg-freeradius3 ETCDIR=/usr/local/etc/Cygate-pkg-freeradius3
--End SUB_LIST--

---Begin make.conf---
USE_PACKAGE_DEPENDS=yes
BATCH=yes
WRKDIRPREFIX=/wrkdirs
PORTSDIR=/usr/ports
PACKAGES=/packages
DISTDIR=/distfiles
FORCE_PACKAGE=yes
PACKAGE_BUILDING=yes
PACKAGE_BUILDING_FLAVORS=yes
#### /usr/local/etc/poudriere.d/Cygate_devel-make.conf ####
ALLOW_UNSUPPORTED_SYSTEM=yes

# Define pfSense repos
PFSENSE_REPOS=	Cygate-repo Cygate-repo-devel Cygate-repo-245

# Used by pfSense-upgrade port to set pkg_set_version
PFSENSE_PKG_SET_VERSION=	2.6.0-DEVELOPMENT

# Generic options
OPTIONS_UNSET_FORCE=	DOCS DOXYGEN EXAMPLES INFO MAN MANPAGES X11

# Individual ports options
.if ${.CURDIR:N*net/quagga*}=="" || ${.CURDIR:N*net/frr*}==""
CUR_ARCH!=	/usr/bin/uname -p
. if ${CUR_ARCH} == "armv7"
WITH_DEBUG=yes
. endif
.endif

.if ${.CURDIR:N*net/frr*}==""
ETCDIR=	/var/etc/frr
.endif

DEFAULT_VERSIONS=	php=74 ssl=base
PHP_FD_SETSIZE=		3172

. if ${.CURDIR:N*sysutils/check_reload_status*}==""
WITH_DEBUG=	yes
. endif

# Options for packages

# databases
databases_rrdtool_UNSET_FORCE=	PYTHON_MODULE RUBY_MODULE PERL_MODULE DEJAVU GRAPH

# devel
devel_git_UNSET_FORCE=CVS GITWEB GUI HTMLDOCS P4 SVN CONTRIB PERL ETCSHELLS

# dns
dns_dnsmasq_UNSET_FORCE=	DNSSEC

dns_unbound_SET_FORCE=	LIBEVENT PYTHON
dns_unbound112_SET_FORCE=	LIBEVENT PYTHON

dns_bind916_SET_FORCE=DLZ_FILESYSTEM FILTER_AAAA IPV6 LINKS RRL SIGCHASE SSL THREADS GSSAPI_NONE
dns_bind916_UNSET_FORCE=FIXED_RRSET IDN LARGE_FILE LMDB

# emulators
emulators_open-vm-tools_UNSET_FORCE=DOCS FUSE LIBNOTIFY X11

# graphics
graphics_cairo_UNSET_FORCE=X11 XCB OPENGL

graphics_gd_SET_FORCE=ICONV
graphics_gd_UNSET_FORCE=FONTCONFIG XPM

graphics_graphviz_SET_FORCE=ICONV NLS
graphics_graphviz_UNSET_FORCE=DIGCOLA IPSEPCOLA PANGOCAIRO XPM

# lang
lang_gcc_UNSET_FORCE=JAVA

# mail
mail_pear-Mail_SET_FORCE=	PEAR_NET_SMTP

# net
net_freeradius3_SET_FORCE=EXPERIMENTAL HEIMDAL LDAP MYSQL PERL PGSQL PYTHON SQLITE3

net_frr7_SET_FORCE=SNMP

net_haproxy18_SET_FORCE=OPENSSL SPCRE LUA
net_haproxy18_UNSET_FORCE=DPCRE

net_haproxy_SET_FORCE=OPENSSL SPCRE LUA PROMEX
net_haproxy_UNSET_FORCE=DPCRE

net_haproxy-devel_SET_FORCE=OPENSSL SPCRE LUA
net_haproxy-devel_UNSET_FORCE=DPCRE

net_libpcap_SET_FORCE=IPV6
net_libpcap_UNSET_FORCE=DAG

net_miniupnpd_SET_FORCE=	PF_FILTER_RULES IPV6 CHECK_PORTINUSE

net_mtr_UNSET_FORCE=X11

net_nss_ldap_UNSET_FORCE=SASL KERBEROS

net_ntp_UNSET_FORCE=	PERL_UTILS

# net-mgmt
net-mgmt_net-snmp_SET_FORCE=IPV6 MFD_REWRITES TLS
net-mgmt_net-snmp_UNSET_FORCE=AX_DISABLE_TRAP AX_SOCKONLY DOCS DUMMY JAIL MYSQL PYTHON SMUX TKMIB UNPRIVILEGED

net-mgmt_zabbix3-agent_SET_FORCE=IPV6

net-mgmt_zabbix3-proxy_SET_FORCE=IPMI IPV6 LIBXML2 SQLITE SSH
net-mgmt_zabbix3-proxy_UNSET_FORCE=MYSQL

net-mgmt_zabbix4-agent_SET_FORCE=IPV6

net-mgmt_zabbix4-proxy_SET_FORCE=IPMI IPV6 LIBXML2 SQLITE SSH
net-mgmt_zabbix4-proxy_UNSET_FORCE=MYSQL

net-mgmt_zabbix44-agent_SET_FORCE=IPV6

net-mgmt_zabbix44-proxy_SET_FORCE=IPMI IPV6 LIBXML2 SQLITE SSH
net-mgmt_zabbix44-proxy_UNSET_FORCE=MYSQL

net-mgmt_zabbix5-agent_SET_FORCE=IPV6

net-mgmt_zabbix5-proxy_SET_FORCE=IPMI IPV6 LIBXML2 SQLITE SSH
net-mgmt_zabbix5-proxy_UNSET_FORCE=MYSQL

net-mgmt_zabbix52-agent_SET_FORCE=IPV6

net-mgmt_zabbix52-proxy_SET_FORCE=IPMI IPV6 LIBXML2 SQLITE SSH
net-mgmt_zabbix52-proxy_UNSET_FORCE=MYSQL

net-mgmt_zabbix54-agent_SET_FORCE=IPV6

net-mgmt_zabbix54-proxy_SET_FORCE=IPMI IPV6 LIBXML2 SQLITE SSH
net-mgmt_zabbix54-proxy_UNSET_FORCE=MYSQL

# security
security_ca_root_nss_SET_FORCE=	ETCSYMLINK

security_opensc_SET_FORCE=	PCSC
security_opensc_UNSET_FORCE=	DOCS MANPAGES

security_openvpn_SET_FORCE=	X509ALTUSERNAME ASYNC_PUSH
security_openvpn_UNSET_FORCE=	EASYRSA

shells_scponly_SET_FORCE=CHROOT SCP WILDCARDS WINSCP
shells_scponly_UNSET_FORCE=DEFAULT_CHDIR DOCS GFTP RSYNC SVN SVNSERVE UNISON

security_sudo_SET_FORCE=LDAP

security_snort_SET_FORCE=APPID COREDUMPS GRE IPV6 NORMALIZER PERFPROFILE SOURCEFIRE
security_snort_UNSET_FORCE=BARNYARD FILEINSPECT HA PULLEDPORK

.if ${.CURDIR:N*security/snort3*}==""
CUR_ARCH!=  /usr/bin/uname -p
.if ${CUR_ARCH} == "armv7" || ${CUR_ARCH} == "aarch64"
security_snort3_SET_FORCE=LARGEPCAP STATICDAQ
security_snort3_UNSET_FORCE=HYPERSCAN TSC
else
security_snort3_SET_FORCE=LARGEPCAP STATICDAQ HYPERSCAN
.endif
.endif

security_strongswan_SET_FORCE=	CURL EAPDYNAMIC EAPRADIUS EAPSIMFILE \
			IKEv1 UNBOUND XAUTH IPSECKEY PKCS11 PKI UNITY VICI VSTR SWANCTL
security_strongswan_UNSET_FORCE=	EAPAKA3GPP2 BUILTIN LIBC SMP

security_suricata_SET_FORCE=GEOIP HTP_PORT IPFW JSON LUAJIT NSS PORTS_PCAP NETMAP HYPERSCAN REDIS
security_suricata4_SET_FORCE=GEOIP HTP_PORT IPFW JSON LUAJIT NSS PORTS_PCAP NETMAP HYPERSCAN REDIS
.if ${.CURDIR:N*security/suricata*}==""
CUR_ARCH!=	/usr/bin/uname -p
NATIVE_BUILD!=	/sbin/sysctl -qn kern.supported_archs | grep -q ${CUR_ARCH} && echo yes || /usr/bin/true
.if ${NATIVE_BUILD} != "yes"
security_suricata_UNSET_FORCE=LUA PRELUDE SC TESTS RUST
security_suricata4_UNSET_FORCE=LUA PRELUDE SC TESTS RUST
.else
security_suricata_UNSET_FORCE=LUA PRELUDE SC TESTS
security_suricata4_UNSET_FORCE=LUA PRELUDE SC TESTS
.endif
.endif

security_xinetd_UNSET_FORCE=	XCONV

# sysutils
sysutils_apcupsd_SET_FORCE=APCDUMB_DRV APCSMART_DRV PCNET_DRV SNMP_DRV TCP_WRAPPERS USB
sysutils_apcupsd_UNSET_FORCE=CGI CLIENT_ONLY GAPCMON SNMP_DRV_OLD TEST_DRV

sysutils_flashrom_UNSET_FORCE=	FTDI BUSPIRATE

sysutils_pftop_SET_FORCE=ALTQ

sysutils_syslog-ng_SET_FORCE=	SYS_SSL
sysutils_syslog-ng_UNSET_FORCE=	PORTS_SSL

# www
www_c-icap_SET_FORCE=LARGE_FILES
www_c-icap_UNSET_FORCE=IPV6

www_lightsquid_SET_FORCE=GD

www_lighttpd_SET_FORCE=	NODELAY

www_nginx_SET_FORCE=	LUA

www_squid_SET_FORCE=ARP_ACL AUTH_LDAP AUTH_NIS AUTH_SASL CACHE_DIGESTS DELAY_POOLS FOLLOW_XFF FS_AUFS FS_DISKD GSSAPI_MIT HTCP ICAP ICMP IDENT IPV6 KQUEUE LARGEFILE LAX_HTTP SNMP SSL SSL_CRTD TP_PF WCCP WCCPV2
www_squid_UNSET_FORCE=AUTH_SMB AUTH_SQL DEBUG DNS_HELPER ECAP ESI FS_ROCK GSSAPI_NONE GSSAPI_BASE GSSAPI_HEIMDAL STACKTRACES TP_IPF TP_IPFW VIA_DB

www_squidguard_SET_FORCE=DNS_BL LDAP STRIP_NTDOMAIN
www_squidguard_UNSET_FORCE=QUOTE_STRING

www_e2guardian_SET_FORCE=ICAP NTLM SSL_MITM

PKG_REPO_BRANCH_DEVEL=v2_5_0
PKG_REPO_BRANCH_RELEASE=v2_5_2
PKG_REPO_SERVER_DEVEL=pkg+http://10.42.0.2/packages
PKG_REPO_SERVER_RELEASE=pkg+http://10.42.0.2/packages
POUDRIERE_PORTS_NAME=Cygate_devel
PFSENSE_DEFAULT_REPO=Cygate-repo-devel
PRODUCT_NAME=Cygate
REPO_BRANCH_PREFIX=
#### Misc Poudriere ####
.include "/etc/make.conf.ports_env"
---End make.conf---
--Resource limits--
cpu time               (seconds, -t)  unlimited
file size           (512-blocks, -f)  unlimited
data seg size           (kbytes, -d)  33554432
stack size              (kbytes, -s)  524288
core file size      (512-blocks, -c)  unlimited
max memory size         (kbytes, -m)  unlimited
locked memory           (kbytes, -l)  unlimited
max user processes              (-u)  19414
open files                      (-n)  9000
virtual mem size        (kbytes, -v)  8388608
swap limit              (kbytes, -w)  unlimited
socket buffer size       (bytes, -b)  unlimited
pseudo-terminals                (-p)  unlimited
kqueues                         (-k)  unlimited
umtx shared locks               (-o)  unlimited
--End resource limits--
=======================<phase: check-sanity   >============================
===== env: NO_DEPENDS=yes USER=nobody UID=65534 GID=65534
===>  License APACHE20 accepted by the user
===========================================================================
=======================<phase: pkg-depends    >============================
===== env: USE_PACKAGE_DEPENDS_ONLY=1 USER=root UID=0 GID=0
===>   Cygate-pkg-freeradius3-0.15.7_32 depends on file: /usr/local/sbin/pkg - not found
===>   Installing existing package /packages/All/pkg-1.17.2.pkg
[Cygate_v2_5_0_amd64-Cygate_devel-job-03] Installing pkg-1.17.2...
[Cygate_v2_5_0_amd64-Cygate_devel-job-03] Extracting pkg-1.17.2: .......... done
===>   Cygate-pkg-freeradius3-0.15.7_32 depends on file: /usr/local/sbin/pkg - found
===>   Returning to build of Cygate-pkg-freeradius3-0.15.7_32
===========================================================================
=======================<phase: fetch-depends  >============================
===== env: USE_PACKAGE_DEPENDS_ONLY=1 USER=root UID=0 GID=0
===========================================================================
=======================<phase: fetch          >============================
===== env: NO_DEPENDS=yes USER=root UID=0 GID=0
===>  License APACHE20 accepted by the user
===> Fetching all distfiles required by Cygate-pkg-freeradius3-0.15.7_32 for building
===========================================================================
=======================<phase: checksum       >============================
===== env: NO_DEPENDS=yes USER=root UID=0 GID=0
===>  License APACHE20 accepted by the user
===> Fetching all distfiles required by Cygate-pkg-freeradius3-0.15.7_32 for building
===========================================================================
=======================<phase: extract-depends>============================
===== env: USE_PACKAGE_DEPENDS_ONLY=1 USER=root UID=0 GID=0
===========================================================================
=======================<phase: extract        >============================
===== env: NO_DEPENDS=yes USER=nobody UID=65534 GID=65534
===>  License APACHE20 accepted by the user
===> Fetching all distfiles required by Cygate-pkg-freeradius3-0.15.7_32 for building
===>  Extracting for Cygate-pkg-freeradius3-0.15.7_32
/bin/mkdir -p /wrkdirs/usr/ports/net/Cygate-pkg-freeradius3/work/Cygate-pkg-freeradius3-0.15.7
cp -f -R /usr/ports/net/Cygate-pkg-freeradius3/files/ /wrkdirs/usr/ports/net/Cygate-pkg-freeradius3/work/Cygate-pkg-freeradius3-0.15.7
===========================================================================
=======================<phase: patch-depends  >============================
===== env: USE_PACKAGE_DEPENDS_ONLY=1 USER=root UID=0 GID=0
===========================================================================
=======================<phase: patch          >============================
===== env: NO_DEPENDS=yes USER=nobody UID=65534 GID=65534
===>  Patching for Cygate-pkg-freeradius3-0.15.7_32
===========================================================================
=======================<phase: build-depends  >============================
===== env: USE_PACKAGE_DEPENDS_ONLY=1 USER=root UID=0 GID=0
===>   Cygate-pkg-freeradius3-0.15.7_32 depends on file: /usr/local/bin/python3.8 - not found
===>   Installing existing package /packages/All/python38-3.8.12_1.pkg
[Cygate_v2_5_0_amd64-Cygate_devel-job-03] Installing python38-3.8.12_1...
[Cygate_v2_5_0_amd64-Cygate_devel-job-03] `-- Installing gettext-runtime-0.21...
[Cygate_v2_5_0_amd64-Cygate_devel-job-03] |   `-- Installing indexinfo-0.3.1...
[Cygate_v2_5_0_amd64-Cygate_devel-job-03] |   `-- Extracting indexinfo-0.3.1: .... done
[Cygate_v2_5_0_amd64-Cygate_devel-job-03] `-- Extracting gettext-runtime-0.21: .......... done
[Cygate_v2_5_0_amd64-Cygate_devel-job-03] `-- Installing libffi-3.3_1...
[Cygate_v2_5_0_amd64-Cygate_devel-job-03] `-- Extracting libffi-3.3_1: .......... done
[Cygate_v2_5_0_amd64-Cygate_devel-job-03] `-- Installing mpdecimal-2.5.1...
[Cygate_v2_5_0_amd64-Cygate_devel-job-03] `-- Extracting mpdecimal-2.5.1: .......... done
[Cygate_v2_5_0_amd64-Cygate_devel-job-03] `-- Installing readline-8.1.1...
[Cygate_v2_5_0_amd64-Cygate_devel-job-03] `-- Extracting readline-8.1.1: .......... done
[Cygate_v2_5_0_amd64-Cygate_devel-job-03] Extracting python38-3.8.12_1: .......... done
=====
Message from python38-3.8.12_1:

--
Note that some standard Python modules are provided as separate ports
as they require additional dependencies. They are available as:

py38-gdbm       databases/py-gdbm@py38
py38-sqlite3    databases/py-sqlite3@py38
py38-tkinter    x11-toolkits/py-tkinter@py38
===>   Cygate-pkg-freeradius3-0.15.7_32 depends on file: /usr/local/bin/python3.8 - found
===>   Returning to build of Cygate-pkg-freeradius3-0.15.7_32
===========================================================================
=======================<phase: lib-depends    >============================
===== env: USE_PACKAGE_DEPENDS_ONLY=1 USER=root UID=0 GID=0
===========================================================================
=======================<phase: configure      >============================
===== env: NO_DEPENDS=yes USER=nobody UID=65534 GID=65534
===>  Configuring for Cygate-pkg-freeradius3-0.15.7_32
===========================================================================
=======================<phase: build          >============================
===== env: NO_DEPENDS=yes USER=nobody UID=65534 GID=65534
===========================================================================
=======================<phase: run-depends    >============================
===== env: USE_PACKAGE_DEPENDS_ONLY=1 USER=root UID=0 GID=0
===>   Cygate-pkg-freeradius3-0.15.7_32 depends on file: /usr/local/sbin/radiusd - not found
===>   Installing existing package /packages/All/freeradius3-3.0.25.pkg
[Cygate_v2_5_0_amd64-Cygate_devel-job-03] Installing freeradius3-3.0.25...
[Cygate_v2_5_0_amd64-Cygate_devel-job-03] `-- Installing cyrus-sasl-2.1.27_2...
*** Added group `cyrus' (id 60)
*** Added user `cyrus' (id 60)
[Cygate_v2_5_0_amd64-Cygate_devel-job-03] `-- Extracting cyrus-sasl-2.1.27_2: .......... done
[Cygate_v2_5_0_amd64-Cygate_devel-job-03] `-- Installing gdbm-1.21...
[Cygate_v2_5_0_amd64-Cygate_devel-job-03] `-- Extracting gdbm-1.21: .......... done
[Cygate_v2_5_0_amd64-Cygate_devel-job-03] `-- Installing mysql57-client-5.7.35_1...
[Cygate_v2_5_0_amd64-Cygate_devel-job-03] |   `-- Installing curl-7.79.1...
[Cygate_v2_5_0_amd64-Cygate_devel-job-03] |   | `-- Installing ca_root_nss-3.71...
[Cygate_v2_5_0_amd64-Cygate_devel-job-03] |   | `-- Extracting ca_root_nss-3.71: ........ done
[Cygate_v2_5_0_amd64-Cygate_devel-job-03] |   | `-- Installing libnghttp2-1.45.1...
[Cygate_v2_5_0_amd64-Cygate_devel-job-03] |   | `-- Extracting libnghttp2-1.45.1: .......... done
[Cygate_v2_5_0_amd64-Cygate_devel-job-03] |   | `-- Installing libssh2-1.9.0_3,3...
[Cygate_v2_5_0_amd64-Cygate_devel-job-03] |   | `-- Extracting libssh2-1.9.0_3,3: .......... done
[Cygate_v2_5_0_amd64-Cygate_devel-job-03] |   `-- Extracting curl-7.79.1: .......... done
[Cygate_v2_5_0_amd64-Cygate_devel-job-03] |   `-- Installing groff-1.22.4_4...
[Cygate_v2_5_0_amd64-Cygate_devel-job-03] |   | `-- Installing libiconv-1.16...
[Cygate_v2_5_0_amd64-Cygate_devel-job-03] |   | `-- Extracting libiconv-1.16: .......... done
[Cygate_v2_5_0_amd64-Cygate_devel-job-03] |   | `-- Installing perl5-5.32.1_1...
[Cygate_v2_5_0_amd64-Cygate_devel-job-03] |   | `-- Extracting perl5-5.32.1_1: .......... done
[Cygate_v2_5_0_amd64-Cygate_devel-job-03] |   | `-- Installing psutils-1.17_5...
[Cygate_v2_5_0_amd64-Cygate_devel-job-03] |   |   `-- Installing libpaper-1.1.24.4...
[Cygate_v2_5_0_amd64-Cygate_devel-job-03] |   |   `-- Extracting libpaper-1.1.24.4: .......... done
[Cygate_v2_5_0_amd64-Cygate_devel-job-03] |   | `-- Extracting psutils-1.17_5: .......... done
[Cygate_v2_5_0_amd64-Cygate_devel-job-03] |   | `-- Installing uchardet-0.0.7...
[Cygate_v2_5_0_amd64-Cygate_devel-job-03] |   | `-- Extracting uchardet-0.0.7: .......... done
[Cygate_v2_5_0_amd64-Cygate_devel-job-03] |   `-- Extracting groff-1.22.4_4: .......... done
[Cygate_v2_5_0_amd64-Cygate_devel-job-03] |   `-- Installing libedit-3.1.20210216,1...
[Cygate_v2_5_0_amd64-Cygate_devel-job-03] |   `-- Extracting libedit-3.1.20210216,1: .......... done
[Cygate_v2_5_0_amd64-Cygate_devel-job-03] |   `-- Installing libevent-2.1.12...
[Cygate_v2_5_0_amd64-Cygate_devel-job-03] |   `-- Extracting libevent-2.1.12: .......... done
[Cygate_v2_5_0_amd64-Cygate_devel-job-03] |   `-- Installing liblz4-1.9.3,1...
[Cygate_v2_5_0_amd64-Cygate_devel-job-03] |   `-- Extracting liblz4-1.9.3,1: .......... done
[Cygate_v2_5_0_amd64-Cygate_devel-job-03] |   `-- Installing openldap24-client-2.4.59_2...
[Cygate_v2_5_0_amd64-Cygate_devel-job-03] |   `-- Extracting openldap24-client-2.4.59_2: .......... done
[Cygate_v2_5_0_amd64-Cygate_devel-job-03] |   `-- Installing protobuf-3.17.3,1...
[Cygate_v2_5_0_amd64-Cygate_devel-job-03] |   `-- Extracting protobuf-3.17.3,1: .......... done
[Cygate_v2_5_0_amd64-Cygate_devel-job-03] `-- Extracting mysql57-client-5.7.35_1: .......... done
[Cygate_v2_5_0_amd64-Cygate_devel-job-03] `-- Installing postgresql12-client-12.8...
[Cygate_v2_5_0_amd64-Cygate_devel-job-03] `-- Extracting postgresql12-client-12.8: .......... done
[Cygate_v2_5_0_amd64-Cygate_devel-job-03] `-- Installing sqlite3-3.35.5_3,1...
[Cygate_v2_5_0_amd64-Cygate_devel-job-03] `-- Extracting sqlite3-3.35.5_3,1: .......... done
[Cygate_v2_5_0_amd64-Cygate_devel-job-03] `-- Installing talloc-2.3.1...
[Cygate_v2_5_0_amd64-Cygate_devel-job-03] `-- Extracting talloc-2.3.1: .......... done
===> Creating groups.
Creating group 'freeradius' with gid '133'.
===> Creating users
Creating user 'freeradius' with uid '133'.
===> Setting user and group in radiusd.conf
[Cygate_v2_5_0_amd64-Cygate_devel-job-03] Extracting freeradius3-3.0.25: .......... done
===> Bootstrapping default certificates, please wait...
===> Adjusting ownership of directory /usr/local/etc/raddb
===> Adjusting ownership of directory /var/log/radacct
===> Adjusting ownership of directory /var/run/radiusd
===> Adjusting ownership of /var/log/radius.log
===> Adjusting ownership of /var/log/radutmp
===> Adjusting ownership of /var/log/radwtmp
===> Updating libdir in /usr/local/etc/raddb/radiusd.conf
=====
Message from cyrus-sasl-2.1.27_2:

--
You can use sasldb2 for authentication, to add users use:

	saslpasswd2 -c username

If you want to enable SMTP AUTH with the system Sendmail, read
Sendmail.README

NOTE: This port has been compiled with a default pwcheck_method of
      auxprop.  If you want to authenticate your user by /etc/passwd,
      PAM or LDAP, install ports/security/cyrus-sasl2-saslauthd and
      set sasl_pwcheck_method to saslauthd after installing the
      Cyrus-IMAPd 2.X port.  You should also check the
      /usr/local/lib/sasl2/*.conf files for the correct
      pwcheck_method.
      If you want to use GSSAPI mechanism, install
      ports/security/cyrus-sasl2-gssapi.
      If you want to use SRP mechanism, install
      ports/security/cyrus-sasl2-srp.
      If you want to use LDAP auxprop plugin, install
      ports/security/cyrus-sasl2-ldapdb.
=====
Message from ca_root_nss-3.71:

--
FreeBSD does not, and can not warrant that the certification authorities
whose certificates are included in this package have in any way been
audited for trustworthiness or RFC 3647 compliance.

Assessment and verification of trust is the complete responsibility of the
system administrator.


This package installs symlinks to support root certificates discovery by
default for software that uses OpenSSL.

This enables SSL Certificate Verification by client software without manual
intervention.

If you prefer to do this manually, replace the following symlinks with
either an empty file or your site-local certificate bundle.

  * /etc/ssl/cert.pem
  * /usr/local/etc/ssl/cert.pem
  * /usr/local/openssl/cert.pem
=====
Message from groff-1.22.4_4:

--
In order to be able to use the html driver, you need to install the following
packages:
 - ghostscript
 - netpbm
=====
Message from openldap24-client-2.4.59_2:

--
The OpenLDAP client package has been successfully installed.

Edit
  /usr/local/etc/openldap/ldap.conf
to change the system-wide client defaults.

Try `man ldap.conf' and visit the OpenLDAP FAQ-O-Matic at
  http://www.OpenLDAP.org/faq/index.cgi?file=3
for more information.
=====
Message from mysql57-client-5.7.35_1:

--
This is the mysql CLIENT without the server.
for complete server and client, please install databases/mysql57-server
=====
Message from postgresql12-client-12.8:

--
The PostgreSQL port has a collection of "side orders":

postgresql-docs
  For all of the html documentation

p5-Pg
  A perl5 API for client access to PostgreSQL databases.

postgresql-tcltk 
  If you want tcl/tk client support.

postgresql-jdbc
  For Java JDBC support.

postgresql-odbc
  For client access from unix applications using ODBC as access
  method. Not needed to access unix PostgreSQL servers from Win32
  using ODBC. See below.

ruby-postgres, py-psycopg2
  For client access to PostgreSQL databases using the ruby & python
  languages.

postgresql-plperl, postgresql-pltcl & postgresql-plruby
  For using perl5, tcl & ruby as procedural languages.

postgresql-contrib
  Lots of contributed utilities, postgresql functions and
  datatypes. There you find pg_standby, pgcrypto and many other cool
  things.

etc...
=====
Message from freeradius3-3.0.25:

--
To enable FreeRADIUS, put the following line in /etc/rc.conf

radiusd_enable="YES"


The sample configuration can be found at
/usr/local/share/examples/freeradius/raddb

If you are upgrading FreeRADIUS, you are advised to use this as a reference
for updating your configuration.


FreeRADIUS will look for its configuration directory at
/usr/local/etc/raddb by default.

If you did not already have a configuration at this location, the sample
configuration has been copied to this location and has been bootstrapped.


If you wish to point FreeRADIUS to a configuration at a different
location, put the following line in /etc/rc.conf

radiusd_flags="-d /path/to/raddb"


To start the server in normal (daemon) mode, run:

/usr/local/etc/rc.d/radiusd start

and to stop the server, run:

/usr/local/etc/rc.d/radiusd stop


To start the server in debugging mode, run:

/usr/local/etc/rc.d/radiusd debug


You are advised to make cautious changes to the configuration, and to test
frequently, using debugging mode where necessary. Try to resist the
temptation to disable or delete things that you don't understand - you may
well break things!

Useful configuration advice can be found in the FreeRADIUS Wiki at
http://wiki.freeradius.org
===>   Cygate-pkg-freeradius3-0.15.7_32 depends on file: /usr/local/sbin/radiusd - found
===>   Returning to build of Cygate-pkg-freeradius3-0.15.7_32
===>   Cygate-pkg-freeradius3-0.15.7_32 depends on file: /usr/local/bin/bash - not found
===>   Installing existing package /packages/All/bash-5.1.8.pkg
[Cygate_v2_5_0_amd64-Cygate_devel-job-03] Installing bash-5.1.8...
[Cygate_v2_5_0_amd64-Cygate_devel-job-03] Extracting bash-5.1.8: .......... done
===>   Cygate-pkg-freeradius3-0.15.7_32 depends on file: /usr/local/bin/bash - found
===>   Returning to build of Cygate-pkg-freeradius3-0.15.7_32
===>   Cygate-pkg-freeradius3-0.15.7_32 depends on file: /usr/local/bin/python3.8 - found
===========================================================================
=======================<phase: stage          >============================
===== env: NO_DEPENDS=yes USER=nobody UID=65534 GID=65534
===>  Staging for Cygate-pkg-freeradius3-0.15.7_32
===>   Generating temporary packing list
/bin/mkdir -p /wrkdirs/usr/ports/net/Cygate-pkg-freeradius3/work/stage/usr/local/pkg
/bin/mkdir -p /wrkdirs/usr/ports/net/Cygate-pkg-freeradius3/work/stage/etc/inc/priv
/bin/mkdir -p /wrkdirs/usr/ports/net/Cygate-pkg-freeradius3/work/stage/usr/local/www/freeradius/qrcode/
/bin/mkdir -p /wrkdirs/usr/ports/net/Cygate-pkg-freeradius3/work/stage/usr/local/share/Cygate-pkg-freeradius3
install  -m 0644 -m 0644 /wrkdirs/usr/ports/net/Cygate-pkg-freeradius3/work/Cygate-pkg-freeradius3-0.15.7/usr/local/pkg/freeradius.xml  /wrkdirs/usr/ports/net/Cygate-pkg-freeradius3/work/stage/usr/local/pkg
install  -m 0644 /wrkdirs/usr/ports/net/Cygate-pkg-freeradius3/work/Cygate-pkg-freeradius3-0.15.7/usr/local/pkg/freeradius.inc  /wrkdirs/usr/ports/net/Cygate-pkg-freeradius3/work/stage/usr/local/pkg
install  -m 0644 /wrkdirs/usr/ports/net/Cygate-pkg-freeradius3/work/Cygate-pkg-freeradius3-0.15.7/etc/inc/priv/freeradius.priv.inc  /wrkdirs/usr/ports/net/Cygate-pkg-freeradius3/work/stage/etc/inc/priv
install  -m 0644 /wrkdirs/usr/ports/net/Cygate-pkg-freeradius3/work/Cygate-pkg-freeradius3-0.15.7/usr/local/www/freeradius_view_config.php  /wrkdirs/usr/ports/net/Cygate-pkg-freeradius3/work/stage/usr/local/www
install  -m 0644 /wrkdirs/usr/ports/net/Cygate-pkg-freeradius3/work/Cygate-pkg-freeradius3-0.15.7/usr/local/www/freeradius/qrcode/LICENSE  /wrkdirs/usr/ports/net/Cygate-pkg-freeradius3/work/stage/usr/local/www/freeradius/qrcode
install  -m 0644 /wrkdirs/usr/ports/net/Cygate-pkg-freeradius3/work/Cygate-pkg-freeradius3-0.15.7/usr/local/www/freeradius/qrcode/qrcode.js  /wrkdirs/usr/ports/net/Cygate-pkg-freeradius3/work/stage/usr/local/www/freeradius/qrcode
install  -m 0644 /wrkdirs/usr/ports/net/Cygate-pkg-freeradius3/work/Cygate-pkg-freeradius3-0.15.7/usr/local/pkg/freeradiusclients.xml  /wrkdirs/usr/ports/net/Cygate-pkg-freeradius3/work/stage/usr/local/pkg
install  -m 0644 /wrkdirs/usr/ports/net/Cygate-pkg-freeradius3/work/Cygate-pkg-freeradius3-0.15.7/usr/local/pkg/freeradiussettings.xml  /wrkdirs/usr/ports/net/Cygate-pkg-freeradius3/work/stage/usr/local/pkg
install  -m 0644 /wrkdirs/usr/ports/net/Cygate-pkg-freeradius3/work/Cygate-pkg-freeradius3-0.15.7/usr/local/pkg/freeradiuseapconf.xml  /wrkdirs/usr/ports/net/Cygate-pkg-freeradius3/work/stage/usr/local/pkg
install  -m 0644 /wrkdirs/usr/ports/net/Cygate-pkg-freeradius3/work/Cygate-pkg-freeradius3-0.15.7/usr/local/pkg/freeradiussqlconf.xml  /wrkdirs/usr/ports/net/Cygate-pkg-freeradius3/work/stage/usr/local/pkg
install  -m 0644 /wrkdirs/usr/ports/net/Cygate-pkg-freeradius3/work/Cygate-pkg-freeradius3-0.15.7/usr/local/pkg/freeradiusinterfaces.xml  /wrkdirs/usr/ports/net/Cygate-pkg-freeradius3/work/stage/usr/local/pkg
install  -m 0644 /wrkdirs/usr/ports/net/Cygate-pkg-freeradius3/work/Cygate-pkg-freeradius3-0.15.7/usr/local/pkg/freeradiussync.xml  /wrkdirs/usr/ports/net/Cygate-pkg-freeradius3/work/stage/usr/local/pkg
install  -m 0644 /wrkdirs/usr/ports/net/Cygate-pkg-freeradius3/work/Cygate-pkg-freeradius3-0.15.7/usr/local/pkg/freeradiusmodulesldap.xml  /wrkdirs/usr/ports/net/Cygate-pkg-freeradius3/work/stage/usr/local/pkg
install  -m 0644 /wrkdirs/usr/ports/net/Cygate-pkg-freeradius3/work/Cygate-pkg-freeradius3-0.15.7/usr/local/pkg/freeradiusauthorizedmacs.xml  /wrkdirs/usr/ports/net/Cygate-pkg-freeradius3/work/stage/usr/local/pkg
install  -m 0644 /wrkdirs/usr/ports/net/Cygate-pkg-freeradius3/work/Cygate-pkg-freeradius3-0.15.7/usr/local/share/Cygate-pkg-freeradius3/info.xml  /wrkdirs/usr/ports/net/Cygate-pkg-freeradius3/work/stage/usr/local/share/Cygate-pkg-freeradius3
install  -m 555 /wrkdirs/usr/ports/net/Cygate-pkg-freeradius3/work/Cygate-pkg-freeradius3-0.15.7/usr/local/pkg/googleauth.py  /wrkdirs/usr/ports/net/Cygate-pkg-freeradius3/work/stage/usr/local/pkg
install  -m 555 /wrkdirs/usr/ports/net/Cygate-pkg-freeradius3/work/Cygate-pkg-freeradius3-0.15.7/usr/local/pkg/dictionary.mpd  /wrkdirs/usr/ports/net/Cygate-pkg-freeradius3/work/stage/usr/local/pkg
====> Compressing man pages (compress-man)
===========================================================================
=======================<phase: package        >============================
===== env: 'PKG_NOTES=build_timestamp ports_top_git_hash ports_top_checkout_unclean port_git_hash port_checkout_unclean built_by' 'PKG_NOTE_build_timestamp=2021-10-18T20:40:10+0000' 'PKG_NOTE_ports_top_git_hash=af67f424b' 'PKG_NOTE_ports_top_checkout_unclean=no' 'PKG_NOTE_port_git_hash=' 'PKG_NOTE_port_checkout_unclean=no' 'PKG_NOTE_built_by=poudriere-git-3.3.0-1019-gef452659' NO_DEPENDS=yes USER=nobody UID=65534 GID=65534
===>  Building package for Cygate-pkg-freeradius3-0.15.7_32
install -l rs /.npkg/All/Cygate-pkg-freeradius3-0.15.7_32.pkg /.npkg/All/Cygate-pkg-freeradius3-0.15.7_32.txz
===========================================================================
=>> Cleaning up wrkdir
===>  Cleaning for Cygate-pkg-freeradius3-0.15.7_32
build of net/Cygate-pkg-freeradius3 | Cygate-pkg-freeradius3-0.15.7_32 ended at Mon Oct 18 23:40:28 EAT 2021
build time: 00:00:18
