=>> Building net/Cygate-pkg-ntopng
build started at Mon Oct 18 23:36:57 EAT 2021
port directory: /usr/ports/net/Cygate-pkg-ntopng
package name: Cygate-pkg-ntopng-0.8.13_10
building for: FreeBSD Cygate_v2_5_0_amd64-Cygate_devel-job-02 12.3-PRERELEASE FreeBSD 12.3-PRERELEASE 1202508 amd64
maintained by: coreteam@pfsense.org
Makefile datestamp: -rw-r--r--  1 root  wheel  1368 Oct 18 18:59 /usr/ports/net/Cygate-pkg-ntopng/Makefile
Ports top last git commit: af67f424b
Ports top unclean checkout: no
Port dir last git commit: 
Port dir unclean checkout: no
Poudriere version: poudriere-git-3.3.0-1019-gef452659
Host OSVERSION: 1202000
Jail OSVERSION: 1202508
Job Id: 02




!!! Jail is newer than host. (Jail: 1202508, Host: 1202000) !!!
!!! This is not supported. !!!
!!! Host kernel must be same or newer than jail. !!!
!!! Expect build failures. !!!



---Begin Environment---
SHELL=/bin/csh
OSVERSION=1202508
UNAME_v=FreeBSD 12.3-PRERELEASE 1202508
UNAME_r=12.3-PRERELEASE
BLOCKSIZE=K
MAIL=/var/mail/root
STATUS=1
HOME=/root
PATH=/sbin:/bin:/usr/sbin:/usr/bin:/usr/local/sbin:/usr/local/bin:/root/bin
LOCALBASE=/usr/local
USER=root
POUDRIERE_NAME=poudriere-git
LIBEXECPREFIX=/usr/local/libexec/poudriere
POUDRIERE_VERSION=3.3.0-1019-gef452659
MASTERMNT=/usr/local/poudriere/data/.m/Cygate_v2_5_0_amd64-Cygate_devel/ref
LC_COLLATE=C
POUDRIERE_BUILD_TYPE=bulk
PACKAGE_BUILDING=yes
SAVED_TERM=xterm-256color
GID=0
OUTPUT_REDIRECTED_STDERR=4
OUTPUT_REDIRECTED=1
UID=0
PWD=/usr/local/poudriere/data/.m/Cygate_v2_5_0_amd64-Cygate_devel/02/.p
OUTPUT_REDIRECTED_STDOUT=3
P_PORTS_FEATURES=FLAVORS SELECTED_OPTIONS
MASTERNAME=Cygate_v2_5_0_amd64-Cygate_devel
SCRIPTPREFIX=/usr/local/share/poudriere
SCRIPTNAME=bulk.sh
OLDPWD=/usr/local/poudriere/data/.m/Cygate_v2_5_0_amd64-Cygate_devel/ref/.p/pool
POUDRIERE_PKGNAME=poudriere-git-3.3.0-1019-gef452659
SCRIPTPATH=/usr/local/share/poudriere/bulk.sh
POUDRIEREPATH=/usr/local/bin/poudriere
---End Environment---

---Begin Poudriere Port Flags/Env---
PORT_FLAGS=
PKGENV=
FLAVOR=
DEPENDS_ARGS=
MAKE_ARGS=
---End Poudriere Port Flags/Env---

---Begin OPTIONS List---
---End OPTIONS List---

--MAINTAINER--
coreteam@pfsense.org
--End MAINTAINER--

--CONFIGURE_ARGS--

--End CONFIGURE_ARGS--

--CONFIGURE_ENV--
XDG_DATA_HOME=/wrkdirs/usr/ports/net/Cygate-pkg-ntopng/work  XDG_CONFIG_HOME=/wrkdirs/usr/ports/net/Cygate-pkg-ntopng/work  XDG_CACHE_HOME=/wrkdirs/usr/ports/net/Cygate-pkg-ntopng/work/.cache  HOME=/wrkdirs/usr/ports/net/Cygate-pkg-ntopng/work TMPDIR="/tmp" PATH=/wrkdirs/usr/ports/net/Cygate-pkg-ntopng/work/.bin:/sbin:/bin:/usr/sbin:/usr/bin:/usr/local/sbin:/usr/local/bin:/root/bin SHELL=/bin/sh CONFIG_SHELL=/bin/sh
--End CONFIGURE_ENV--

--MAKE_ENV--
XDG_DATA_HOME=/wrkdirs/usr/ports/net/Cygate-pkg-ntopng/work  XDG_CONFIG_HOME=/wrkdirs/usr/ports/net/Cygate-pkg-ntopng/work  XDG_CACHE_HOME=/wrkdirs/usr/ports/net/Cygate-pkg-ntopng/work/.cache  HOME=/wrkdirs/usr/ports/net/Cygate-pkg-ntopng/work TMPDIR="/tmp" PATH=/wrkdirs/usr/ports/net/Cygate-pkg-ntopng/work/.bin:/sbin:/bin:/usr/sbin:/usr/bin:/usr/local/sbin:/usr/local/bin:/root/bin NO_PIE=yes MK_DEBUG_FILES=no MK_KERNEL_SYMBOLS=no SHELL=/bin/sh NO_LINT=YES PREFIX=/usr/local  LOCALBASE=/usr/local  CC="cc" CFLAGS="-O2 -pipe  -fstack-protector-strong -fno-strict-aliasing "  CPP="cpp" CPPFLAGS=""  LDFLAGS=" -fstack-protector-strong " LIBS=""  CXX="c++" CXXFLAGS="-O2 -pipe -fstack-protector-strong -fno-strict-aliasing  "  MANPREFIX="/usr/local" BSD_INSTALL_PROGRAM="install  -s -m 555"  BSD_INSTALL_LIB="install  -s -m 0644"  BSD_INSTALL_SCRIPT="install  -m 555"  BSD_INSTALL_DATA="install  -m 0644"  BSD_INSTALL_MAN="install  -m 444"
--End MAKE_ENV--

--PLIST_SUB--
OSREL=12.3 PREFIX=%D LOCALBASE=/usr/local  RESETPREFIX=/usr/local LIB32DIR=lib DOCSDIR="share/doc/Cygate-pkg-ntopng"  EXAMPLESDIR="share/examples/Cygate-pkg-ntopng"  DATADIR="share/Cygate-pkg-ntopng"  WWWDIR="www/Cygate-pkg-ntopng"  ETCDIR="etc/Cygate-pkg-ntopng"
--End PLIST_SUB--

--SUB_LIST--
PORTNAME=Cygate-pkg-ntopng PREFIX=/usr/local LOCALBASE=/usr/local  DATADIR=/usr/local/share/Cygate-pkg-ntopng DOCSDIR=/usr/local/share/doc/Cygate-pkg-ntopng EXAMPLESDIR=/usr/local/share/examples/Cygate-pkg-ntopng  WWWDIR=/usr/local/www/Cygate-pkg-ntopng ETCDIR=/usr/local/etc/Cygate-pkg-ntopng
--End SUB_LIST--

---Begin make.conf---
USE_PACKAGE_DEPENDS=yes
BATCH=yes
WRKDIRPREFIX=/wrkdirs
PORTSDIR=/usr/ports
PACKAGES=/packages
DISTDIR=/distfiles
FORCE_PACKAGE=yes
PACKAGE_BUILDING=yes
PACKAGE_BUILDING_FLAVORS=yes
#### /usr/local/etc/poudriere.d/Cygate_devel-make.conf ####
ALLOW_UNSUPPORTED_SYSTEM=yes

# Define pfSense repos
PFSENSE_REPOS=	Cygate-repo Cygate-repo-devel Cygate-repo-245

# Used by pfSense-upgrade port to set pkg_set_version
PFSENSE_PKG_SET_VERSION=	2.6.0-DEVELOPMENT

# Generic options
OPTIONS_UNSET_FORCE=	DOCS DOXYGEN EXAMPLES INFO MAN MANPAGES X11

# Individual ports options
.if ${.CURDIR:N*net/quagga*}=="" || ${.CURDIR:N*net/frr*}==""
CUR_ARCH!=	/usr/bin/uname -p
. if ${CUR_ARCH} == "armv7"
WITH_DEBUG=yes
. endif
.endif

.if ${.CURDIR:N*net/frr*}==""
ETCDIR=	/var/etc/frr
.endif

DEFAULT_VERSIONS=	php=74 ssl=base
PHP_FD_SETSIZE=		3172

. if ${.CURDIR:N*sysutils/check_reload_status*}==""
WITH_DEBUG=	yes
. endif

# Options for packages

# databases
databases_rrdtool_UNSET_FORCE=	PYTHON_MODULE RUBY_MODULE PERL_MODULE DEJAVU GRAPH

# devel
devel_git_UNSET_FORCE=CVS GITWEB GUI HTMLDOCS P4 SVN CONTRIB PERL ETCSHELLS

# dns
dns_dnsmasq_UNSET_FORCE=	DNSSEC

dns_unbound_SET_FORCE=	LIBEVENT PYTHON
dns_unbound112_SET_FORCE=	LIBEVENT PYTHON

dns_bind916_SET_FORCE=DLZ_FILESYSTEM FILTER_AAAA IPV6 LINKS RRL SIGCHASE SSL THREADS GSSAPI_NONE
dns_bind916_UNSET_FORCE=FIXED_RRSET IDN LARGE_FILE LMDB

# emulators
emulators_open-vm-tools_UNSET_FORCE=DOCS FUSE LIBNOTIFY X11

# graphics
graphics_cairo_UNSET_FORCE=X11 XCB OPENGL

graphics_gd_SET_FORCE=ICONV
graphics_gd_UNSET_FORCE=FONTCONFIG XPM

graphics_graphviz_SET_FORCE=ICONV NLS
graphics_graphviz_UNSET_FORCE=DIGCOLA IPSEPCOLA PANGOCAIRO XPM

# lang
lang_gcc_UNSET_FORCE=JAVA

# mail
mail_pear-Mail_SET_FORCE=	PEAR_NET_SMTP

# net
net_freeradius3_SET_FORCE=EXPERIMENTAL HEIMDAL LDAP MYSQL PERL PGSQL PYTHON SQLITE3

net_frr7_SET_FORCE=SNMP

net_haproxy18_SET_FORCE=OPENSSL SPCRE LUA
net_haproxy18_UNSET_FORCE=DPCRE

net_haproxy_SET_FORCE=OPENSSL SPCRE LUA PROMEX
net_haproxy_UNSET_FORCE=DPCRE

net_haproxy-devel_SET_FORCE=OPENSSL SPCRE LUA
net_haproxy-devel_UNSET_FORCE=DPCRE

net_libpcap_SET_FORCE=IPV6
net_libpcap_UNSET_FORCE=DAG

net_miniupnpd_SET_FORCE=	PF_FILTER_RULES IPV6 CHECK_PORTINUSE

net_mtr_UNSET_FORCE=X11

net_nss_ldap_UNSET_FORCE=SASL KERBEROS

net_ntp_UNSET_FORCE=	PERL_UTILS

# net-mgmt
net-mgmt_net-snmp_SET_FORCE=IPV6 MFD_REWRITES TLS
net-mgmt_net-snmp_UNSET_FORCE=AX_DISABLE_TRAP AX_SOCKONLY DOCS DUMMY JAIL MYSQL PYTHON SMUX TKMIB UNPRIVILEGED

net-mgmt_zabbix3-agent_SET_FORCE=IPV6

net-mgmt_zabbix3-proxy_SET_FORCE=IPMI IPV6 LIBXML2 SQLITE SSH
net-mgmt_zabbix3-proxy_UNSET_FORCE=MYSQL

net-mgmt_zabbix4-agent_SET_FORCE=IPV6

net-mgmt_zabbix4-proxy_SET_FORCE=IPMI IPV6 LIBXML2 SQLITE SSH
net-mgmt_zabbix4-proxy_UNSET_FORCE=MYSQL

net-mgmt_zabbix44-agent_SET_FORCE=IPV6

net-mgmt_zabbix44-proxy_SET_FORCE=IPMI IPV6 LIBXML2 SQLITE SSH
net-mgmt_zabbix44-proxy_UNSET_FORCE=MYSQL

net-mgmt_zabbix5-agent_SET_FORCE=IPV6

net-mgmt_zabbix5-proxy_SET_FORCE=IPMI IPV6 LIBXML2 SQLITE SSH
net-mgmt_zabbix5-proxy_UNSET_FORCE=MYSQL

net-mgmt_zabbix52-agent_SET_FORCE=IPV6

net-mgmt_zabbix52-proxy_SET_FORCE=IPMI IPV6 LIBXML2 SQLITE SSH
net-mgmt_zabbix52-proxy_UNSET_FORCE=MYSQL

net-mgmt_zabbix54-agent_SET_FORCE=IPV6

net-mgmt_zabbix54-proxy_SET_FORCE=IPMI IPV6 LIBXML2 SQLITE SSH
net-mgmt_zabbix54-proxy_UNSET_FORCE=MYSQL

# security
security_ca_root_nss_SET_FORCE=	ETCSYMLINK

security_opensc_SET_FORCE=	PCSC
security_opensc_UNSET_FORCE=	DOCS MANPAGES

security_openvpn_SET_FORCE=	X509ALTUSERNAME ASYNC_PUSH
security_openvpn_UNSET_FORCE=	EASYRSA

shells_scponly_SET_FORCE=CHROOT SCP WILDCARDS WINSCP
shells_scponly_UNSET_FORCE=DEFAULT_CHDIR DOCS GFTP RSYNC SVN SVNSERVE UNISON

security_sudo_SET_FORCE=LDAP

security_snort_SET_FORCE=APPID COREDUMPS GRE IPV6 NORMALIZER PERFPROFILE SOURCEFIRE
security_snort_UNSET_FORCE=BARNYARD FILEINSPECT HA PULLEDPORK

.if ${.CURDIR:N*security/snort3*}==""
CUR_ARCH!=  /usr/bin/uname -p
.if ${CUR_ARCH} == "armv7" || ${CUR_ARCH} == "aarch64"
security_snort3_SET_FORCE=LARGEPCAP STATICDAQ
security_snort3_UNSET_FORCE=HYPERSCAN TSC
else
security_snort3_SET_FORCE=LARGEPCAP STATICDAQ HYPERSCAN
.endif
.endif

security_strongswan_SET_FORCE=	CURL EAPDYNAMIC EAPRADIUS EAPSIMFILE \
			IKEv1 UNBOUND XAUTH IPSECKEY PKCS11 PKI UNITY VICI VSTR SWANCTL
security_strongswan_UNSET_FORCE=	EAPAKA3GPP2 BUILTIN LIBC SMP

security_suricata_SET_FORCE=GEOIP HTP_PORT IPFW JSON LUAJIT NSS PORTS_PCAP NETMAP HYPERSCAN REDIS
security_suricata4_SET_FORCE=GEOIP HTP_PORT IPFW JSON LUAJIT NSS PORTS_PCAP NETMAP HYPERSCAN REDIS
.if ${.CURDIR:N*security/suricata*}==""
CUR_ARCH!=	/usr/bin/uname -p
NATIVE_BUILD!=	/sbin/sysctl -qn kern.supported_archs | grep -q ${CUR_ARCH} && echo yes || /usr/bin/true
.if ${NATIVE_BUILD} != "yes"
security_suricata_UNSET_FORCE=LUA PRELUDE SC TESTS RUST
security_suricata4_UNSET_FORCE=LUA PRELUDE SC TESTS RUST
.else
security_suricata_UNSET_FORCE=LUA PRELUDE SC TESTS
security_suricata4_UNSET_FORCE=LUA PRELUDE SC TESTS
.endif
.endif

security_xinetd_UNSET_FORCE=	XCONV

# sysutils
sysutils_apcupsd_SET_FORCE=APCDUMB_DRV APCSMART_DRV PCNET_DRV SNMP_DRV TCP_WRAPPERS USB
sysutils_apcupsd_UNSET_FORCE=CGI CLIENT_ONLY GAPCMON SNMP_DRV_OLD TEST_DRV

sysutils_flashrom_UNSET_FORCE=	FTDI BUSPIRATE

sysutils_pftop_SET_FORCE=ALTQ

sysutils_syslog-ng_SET_FORCE=	SYS_SSL
sysutils_syslog-ng_UNSET_FORCE=	PORTS_SSL

# www
www_c-icap_SET_FORCE=LARGE_FILES
www_c-icap_UNSET_FORCE=IPV6

www_lightsquid_SET_FORCE=GD

www_lighttpd_SET_FORCE=	NODELAY

www_nginx_SET_FORCE=	LUA

www_squid_SET_FORCE=ARP_ACL AUTH_LDAP AUTH_NIS AUTH_SASL CACHE_DIGESTS DELAY_POOLS FOLLOW_XFF FS_AUFS FS_DISKD GSSAPI_MIT HTCP ICAP ICMP IDENT IPV6 KQUEUE LARGEFILE LAX_HTTP SNMP SSL SSL_CRTD TP_PF WCCP WCCPV2
www_squid_UNSET_FORCE=AUTH_SMB AUTH_SQL DEBUG DNS_HELPER ECAP ESI FS_ROCK GSSAPI_NONE GSSAPI_BASE GSSAPI_HEIMDAL STACKTRACES TP_IPF TP_IPFW VIA_DB

www_squidguard_SET_FORCE=DNS_BL LDAP STRIP_NTDOMAIN
www_squidguard_UNSET_FORCE=QUOTE_STRING

www_e2guardian_SET_FORCE=ICAP NTLM SSL_MITM

PKG_REPO_BRANCH_DEVEL=v2_5_0
PKG_REPO_BRANCH_RELEASE=v2_5_2
PKG_REPO_SERVER_DEVEL=pkg+http://10.42.0.2/packages
PKG_REPO_SERVER_RELEASE=pkg+http://10.42.0.2/packages
POUDRIERE_PORTS_NAME=Cygate_devel
PFSENSE_DEFAULT_REPO=Cygate-repo-devel
PRODUCT_NAME=Cygate
REPO_BRANCH_PREFIX=
#### Misc Poudriere ####
.include "/etc/make.conf.ports_env"
---End make.conf---
--Resource limits--
cpu time               (seconds, -t)  unlimited
file size           (512-blocks, -f)  unlimited
data seg size           (kbytes, -d)  33554432
stack size              (kbytes, -s)  524288
core file size      (512-blocks, -c)  unlimited
max memory size         (kbytes, -m)  unlimited
locked memory           (kbytes, -l)  unlimited
max user processes              (-u)  19414
open files                      (-n)  9000
virtual mem size        (kbytes, -v)  8388608
swap limit              (kbytes, -w)  unlimited
socket buffer size       (bytes, -b)  unlimited
pseudo-terminals                (-p)  unlimited
kqueues                         (-k)  unlimited
umtx shared locks               (-o)  unlimited
--End resource limits--
=======================<phase: check-sanity   >============================
===== env: NO_DEPENDS=yes USER=nobody UID=65534 GID=65534
===>  License APACHE20 accepted by the user
===========================================================================
=======================<phase: pkg-depends    >============================
===== env: USE_PACKAGE_DEPENDS_ONLY=1 USER=root UID=0 GID=0
===>   Cygate-pkg-ntopng-0.8.13_10 depends on file: /usr/local/sbin/pkg - not found
===>   Installing existing package /packages/All/pkg-1.17.2.pkg
[Cygate_v2_5_0_amd64-Cygate_devel-job-02] Installing pkg-1.17.2...
[Cygate_v2_5_0_amd64-Cygate_devel-job-02] Extracting pkg-1.17.2: .......... done
===>   Cygate-pkg-ntopng-0.8.13_10 depends on file: /usr/local/sbin/pkg - found
===>   Returning to build of Cygate-pkg-ntopng-0.8.13_10
===========================================================================
=======================<phase: fetch-depends  >============================
===== env: USE_PACKAGE_DEPENDS_ONLY=1 USER=root UID=0 GID=0
===========================================================================
=======================<phase: fetch          >============================
===== env: NO_DEPENDS=yes USER=root UID=0 GID=0
===>  License APACHE20 accepted by the user
===> Fetching all distfiles required by Cygate-pkg-ntopng-0.8.13_10 for building
===========================================================================
=======================<phase: checksum       >============================
===== env: NO_DEPENDS=yes USER=root UID=0 GID=0
===>  License APACHE20 accepted by the user
===> Fetching all distfiles required by Cygate-pkg-ntopng-0.8.13_10 for building
===========================================================================
=======================<phase: extract-depends>============================
===== env: USE_PACKAGE_DEPENDS_ONLY=1 USER=root UID=0 GID=0
===========================================================================
=======================<phase: extract        >============================
===== env: NO_DEPENDS=yes USER=nobody UID=65534 GID=65534
===>  License APACHE20 accepted by the user
===> Fetching all distfiles required by Cygate-pkg-ntopng-0.8.13_10 for building
===>  Extracting for Cygate-pkg-ntopng-0.8.13_10
/bin/mkdir -p /wrkdirs/usr/ports/net/Cygate-pkg-ntopng/work/Cygate-pkg-ntopng-0.8.13
===========================================================================
=======================<phase: patch-depends  >============================
===== env: USE_PACKAGE_DEPENDS_ONLY=1 USER=root UID=0 GID=0
===========================================================================
=======================<phase: patch          >============================
===== env: NO_DEPENDS=yes USER=nobody UID=65534 GID=65534
===>  Patching for Cygate-pkg-ntopng-0.8.13_10
===========================================================================
=======================<phase: build-depends  >============================
===== env: USE_PACKAGE_DEPENDS_ONLY=1 USER=root UID=0 GID=0
===========================================================================
=======================<phase: lib-depends    >============================
===== env: USE_PACKAGE_DEPENDS_ONLY=1 USER=root UID=0 GID=0
===>   Cygate-pkg-ntopng-0.8.13_10 depends on shared library: libmaxminddb.so - not found
===>   Installing existing package /packages/All/libmaxminddb-1.6.0.pkg
[Cygate_v2_5_0_amd64-Cygate_devel-job-02] Installing libmaxminddb-1.6.0...
[Cygate_v2_5_0_amd64-Cygate_devel-job-02] Extracting libmaxminddb-1.6.0: .......... done
===>   Cygate-pkg-ntopng-0.8.13_10 depends on shared library: libmaxminddb.so - found (/usr/local/lib/libmaxminddb.so)
===>   Returning to build of Cygate-pkg-ntopng-0.8.13_10
===========================================================================
=======================<phase: configure      >============================
===== env: NO_DEPENDS=yes USER=nobody UID=65534 GID=65534
===>  Configuring for Cygate-pkg-ntopng-0.8.13_10
===========================================================================
=======================<phase: build          >============================
===== env: NO_DEPENDS=yes USER=nobody UID=65534 GID=65534
===========================================================================
=======================<phase: run-depends    >============================
===== env: USE_PACKAGE_DEPENDS_ONLY=1 USER=root UID=0 GID=0
===>   Cygate-pkg-ntopng-0.8.13_10 depends on file: /usr/local/bin/ntopng - not found
===>   Installing existing package /packages/All/ntopng-5.0.d20210923,1.pkg
[Cygate_v2_5_0_amd64-Cygate_devel-job-02] Installing ntopng-5.0.d20210923,1...
[Cygate_v2_5_0_amd64-Cygate_devel-job-02] `-- Installing curl-7.79.1...
[Cygate_v2_5_0_amd64-Cygate_devel-job-02] |   `-- Installing ca_root_nss-3.71...
[Cygate_v2_5_0_amd64-Cygate_devel-job-02] |   `-- Extracting ca_root_nss-3.71: ........ done
[Cygate_v2_5_0_amd64-Cygate_devel-job-02] |   `-- Installing libnghttp2-1.45.1...
[Cygate_v2_5_0_amd64-Cygate_devel-job-02] |   `-- Extracting libnghttp2-1.45.1: .......... done
[Cygate_v2_5_0_amd64-Cygate_devel-job-02] |   `-- Installing libssh2-1.9.0_3,3...
[Cygate_v2_5_0_amd64-Cygate_devel-job-02] |   `-- Extracting libssh2-1.9.0_3,3: .......... done
[Cygate_v2_5_0_amd64-Cygate_devel-job-02] `-- Extracting curl-7.79.1: .......... done
[Cygate_v2_5_0_amd64-Cygate_devel-job-02] `-- Installing expat-2.4.1...
[Cygate_v2_5_0_amd64-Cygate_devel-job-02] `-- Extracting expat-2.4.1: .......... done
[Cygate_v2_5_0_amd64-Cygate_devel-job-02] `-- Installing gettext-runtime-0.21...
[Cygate_v2_5_0_amd64-Cygate_devel-job-02] |   `-- Installing indexinfo-0.3.1...
[Cygate_v2_5_0_amd64-Cygate_devel-job-02] |   `-- Extracting indexinfo-0.3.1: .... done
[Cygate_v2_5_0_amd64-Cygate_devel-job-02] `-- Extracting gettext-runtime-0.21: .......... done
[Cygate_v2_5_0_amd64-Cygate_devel-job-02] `-- Installing json-c-0.15_1...
[Cygate_v2_5_0_amd64-Cygate_devel-job-02] `-- Extracting json-c-0.15_1: .......... done
[Cygate_v2_5_0_amd64-Cygate_devel-job-02] `-- Installing libgcrypt-1.9.4...
[Cygate_v2_5_0_amd64-Cygate_devel-job-02] |   `-- Installing libgpg-error-1.42...
[Cygate_v2_5_0_amd64-Cygate_devel-job-02] |   `-- Extracting libgpg-error-1.42: .......... done
[Cygate_v2_5_0_amd64-Cygate_devel-job-02] `-- Extracting libgcrypt-1.9.4: .......... done
[Cygate_v2_5_0_amd64-Cygate_devel-job-02] `-- Installing libsodium-1.0.18...
[Cygate_v2_5_0_amd64-Cygate_devel-job-02] `-- Extracting libsodium-1.0.18: .......... done
[Cygate_v2_5_0_amd64-Cygate_devel-job-02] `-- Installing libzmq4-4.3.4...
[Cygate_v2_5_0_amd64-Cygate_devel-job-02] |   `-- Installing norm-1.5r6_1...
[Cygate_v2_5_0_amd64-Cygate_devel-job-02] |   `-- Extracting norm-1.5r6_1: .... done
[Cygate_v2_5_0_amd64-Cygate_devel-job-02] |   `-- Installing openpgm-5.2.122_6...
[Cygate_v2_5_0_amd64-Cygate_devel-job-02] |   `-- Extracting openpgm-5.2.122_6: .......... done
[Cygate_v2_5_0_amd64-Cygate_devel-job-02] `-- Extracting libzmq4-4.3.4: .......... done
[Cygate_v2_5_0_amd64-Cygate_devel-job-02] `-- Installing lua53-5.3.6...
[Cygate_v2_5_0_amd64-Cygate_devel-job-02] |   `-- Installing libedit-3.1.20210216,1...
[Cygate_v2_5_0_amd64-Cygate_devel-job-02] |   `-- Extracting libedit-3.1.20210216,1: .......... done
[Cygate_v2_5_0_amd64-Cygate_devel-job-02] `-- Extracting lua53-5.3.6: ......... done
[Cygate_v2_5_0_amd64-Cygate_devel-job-02] `-- Installing mysql57-client-5.7.35_1...
[Cygate_v2_5_0_amd64-Cygate_devel-job-02] |   `-- Installing cyrus-sasl-2.1.27_2...
*** Added group `cyrus' (id 60)
*** Added user `cyrus' (id 60)
[Cygate_v2_5_0_amd64-Cygate_devel-job-02] |   `-- Extracting cyrus-sasl-2.1.27_2: .......... done
[Cygate_v2_5_0_amd64-Cygate_devel-job-02] |   `-- Installing groff-1.22.4_4...
[Cygate_v2_5_0_amd64-Cygate_devel-job-02] |   | `-- Installing libiconv-1.16...
[Cygate_v2_5_0_amd64-Cygate_devel-job-02] |   | `-- Extracting libiconv-1.16: .......... done
[Cygate_v2_5_0_amd64-Cygate_devel-job-02] |   | `-- Installing perl5-5.32.1_1...
[Cygate_v2_5_0_amd64-Cygate_devel-job-02] |   | `-- Extracting perl5-5.32.1_1: .......... done
[Cygate_v2_5_0_amd64-Cygate_devel-job-02] |   | `-- Installing psutils-1.17_5...
[Cygate_v2_5_0_amd64-Cygate_devel-job-02] |   |   `-- Installing libpaper-1.1.24.4...
[Cygate_v2_5_0_amd64-Cygate_devel-job-02] |   |   `-- Extracting libpaper-1.1.24.4: .......... done
[Cygate_v2_5_0_amd64-Cygate_devel-job-02] |   | `-- Extracting psutils-1.17_5: .......... done
[Cygate_v2_5_0_amd64-Cygate_devel-job-02] |   | `-- Installing uchardet-0.0.7...
[Cygate_v2_5_0_amd64-Cygate_devel-job-02] |   | `-- Extracting uchardet-0.0.7: .......... done
[Cygate_v2_5_0_amd64-Cygate_devel-job-02] |   `-- Extracting groff-1.22.4_4: .......... done
[Cygate_v2_5_0_amd64-Cygate_devel-job-02] |   `-- Installing libevent-2.1.12...
[Cygate_v2_5_0_amd64-Cygate_devel-job-02] |   `-- Extracting libevent-2.1.12: .......... done
[Cygate_v2_5_0_amd64-Cygate_devel-job-02] |   `-- Installing liblz4-1.9.3,1...
[Cygate_v2_5_0_amd64-Cygate_devel-job-02] |   `-- Extracting liblz4-1.9.3,1: .......... done
[Cygate_v2_5_0_amd64-Cygate_devel-job-02] |   `-- Installing openldap24-client-2.4.59_2...
[Cygate_v2_5_0_amd64-Cygate_devel-job-02] |   `-- Extracting openldap24-client-2.4.59_2: .......... done
[Cygate_v2_5_0_amd64-Cygate_devel-job-02] |   `-- Installing protobuf-3.17.3,1...
[Cygate_v2_5_0_amd64-Cygate_devel-job-02] |   `-- Extracting protobuf-3.17.3,1: .......... done
[Cygate_v2_5_0_amd64-Cygate_devel-job-02] `-- Extracting mysql57-client-5.7.35_1: .......... done
[Cygate_v2_5_0_amd64-Cygate_devel-job-02] `-- Installing ndpi-4.0.d20210818,1...
[Cygate_v2_5_0_amd64-Cygate_devel-job-02] `-- Extracting ndpi-4.0.d20210818,1: .......... done
[Cygate_v2_5_0_amd64-Cygate_devel-job-02] `-- Installing rrdtool-1.7.2_4...
[Cygate_v2_5_0_amd64-Cygate_devel-job-02] |   `-- Installing glib-2.70.0_1,2...
[Cygate_v2_5_0_amd64-Cygate_devel-job-02] |   | `-- Installing libffi-3.3_1...
[Cygate_v2_5_0_amd64-Cygate_devel-job-02] |   | `-- Extracting libffi-3.3_1: .......... done
[Cygate_v2_5_0_amd64-Cygate_devel-job-02] |   | `-- Installing pcre-8.45...
[Cygate_v2_5_0_amd64-Cygate_devel-job-02] |   | `-- Extracting pcre-8.45: .......... done
[Cygate_v2_5_0_amd64-Cygate_devel-job-02] |   | `-- Installing python38-3.8.12_1...
[Cygate_v2_5_0_amd64-Cygate_devel-job-02] |   |   `-- Installing mpdecimal-2.5.1...
[Cygate_v2_5_0_amd64-Cygate_devel-job-02] |   |   `-- Extracting mpdecimal-2.5.1: .......... done
[Cygate_v2_5_0_amd64-Cygate_devel-job-02] |   |   `-- Installing readline-8.1.1...
[Cygate_v2_5_0_amd64-Cygate_devel-job-02] |   |   `-- Extracting readline-8.1.1: .......... done
[Cygate_v2_5_0_amd64-Cygate_devel-job-02] |   | `-- Extracting python38-3.8.12_1: .......... done
[Cygate_v2_5_0_amd64-Cygate_devel-job-02] |   `-- Extracting glib-2.70.0_1,2: .......... done
No schema files found: doing nothing.
[Cygate_v2_5_0_amd64-Cygate_devel-job-02] |   `-- Installing libxml2-2.9.12...
[Cygate_v2_5_0_amd64-Cygate_devel-job-02] |   `-- Extracting libxml2-2.9.12: .......... done
[Cygate_v2_5_0_amd64-Cygate_devel-job-02] `-- Extracting rrdtool-1.7.2_4: .......... done
[Cygate_v2_5_0_amd64-Cygate_devel-job-02] `-- Installing sqlite3-3.35.5_3,1...
[Cygate_v2_5_0_amd64-Cygate_devel-job-02] `-- Extracting sqlite3-3.35.5_3,1: .......... done
[Cygate_v2_5_0_amd64-Cygate_devel-job-02] `-- Installing zstd-1.5.0...
[Cygate_v2_5_0_amd64-Cygate_devel-job-02] `-- Extracting zstd-1.5.0: .......... done
===> Creating groups.
Creating group 'ntopng' with gid '288'.
===> Creating users
Creating user 'ntopng' with uid '288'.
[Cygate_v2_5_0_amd64-Cygate_devel-job-02] Extracting ntopng-5.0.d20210923,1: .......... done
=====
Message from ca_root_nss-3.71:

--
FreeBSD does not, and can not warrant that the certification authorities
whose certificates are included in this package have in any way been
audited for trustworthiness or RFC 3647 compliance.

Assessment and verification of trust is the complete responsibility of the
system administrator.


This package installs symlinks to support root certificates discovery by
default for software that uses OpenSSL.

This enables SSL Certificate Verification by client software without manual
intervention.

If you prefer to do this manually, replace the following symlinks with
either an empty file or your site-local certificate bundle.

  * /etc/ssl/cert.pem
  * /usr/local/etc/ssl/cert.pem
  * /usr/local/openssl/cert.pem
=====
Message from openpgm-5.2.122_6:

--
===>   NOTICE:

The openpgm port currently does not have a maintainer. As a result, it is
more likely to have unresolved issues, not be up-to-date, or even be removed in
the future. To volunteer to maintain this port, please create an issue at:

https://bugs.freebsd.org/bugzilla

More information about port maintainership is available at:

https://docs.freebsd.org/en/articles/contributing/#ports-contributing
=====
Message from cyrus-sasl-2.1.27_2:

--
You can use sasldb2 for authentication, to add users use:

	saslpasswd2 -c username

If you want to enable SMTP AUTH with the system Sendmail, read
Sendmail.README

NOTE: This port has been compiled with a default pwcheck_method of
      auxprop.  If you want to authenticate your user by /etc/passwd,
      PAM or LDAP, install ports/security/cyrus-sasl2-saslauthd and
      set sasl_pwcheck_method to saslauthd after installing the
      Cyrus-IMAPd 2.X port.  You should also check the
      /usr/local/lib/sasl2/*.conf files for the correct
      pwcheck_method.
      If you want to use GSSAPI mechanism, install
      ports/security/cyrus-sasl2-gssapi.
      If you want to use SRP mechanism, install
      ports/security/cyrus-sasl2-srp.
      If you want to use LDAP auxprop plugin, install
      ports/security/cyrus-sasl2-ldapdb.
=====
Message from groff-1.22.4_4:

--
In order to be able to use the html driver, you need to install the following
packages:
 - ghostscript
 - netpbm
=====
Message from openldap24-client-2.4.59_2:

--
The OpenLDAP client package has been successfully installed.

Edit
  /usr/local/etc/openldap/ldap.conf
to change the system-wide client defaults.

Try `man ldap.conf' and visit the OpenLDAP FAQ-O-Matic at
  http://www.OpenLDAP.org/faq/index.cgi?file=3
for more information.
=====
Message from mysql57-client-5.7.35_1:

--
This is the mysql CLIENT without the server.
for complete server and client, please install databases/mysql57-server
=====
Message from python38-3.8.12_1:

--
Note that some standard Python modules are provided as separate ports
as they require additional dependencies. They are available as:

py38-gdbm       databases/py-gdbm@py38
py38-sqlite3    databases/py-sqlite3@py38
py38-tkinter    x11-toolkits/py-tkinter@py38
=====
Message from ntopng-5.0.d20210923,1:

--
ntopng runs a web interface service by default, it is suggested to protect
such network accessible services with packet filters or TCP wrappers.

ntopng requires to connect to a redis server to work. Please install redis
server from databases/redis or use -r option via ntopng_flags to specify a
remote one.

ntopng supports IP geolocation, to enable this you should use the
ntopng-geoip2update.sh script to update the maxminddb geolocation
data to the latest version.

To pass a configuration file to ntopng, which overrides any command
line arguments, add something like the following to rc.conf:

ntopng_flags="/path/to/file.conf"
===>   Cygate-pkg-ntopng-0.8.13_10 depends on file: /usr/local/bin/ntopng - found
===>   Returning to build of Cygate-pkg-ntopng-0.8.13_10
===>   Cygate-pkg-ntopng-0.8.13_10 depends on file: /usr/local/bin/redis-cli - not found
===>   Installing existing package /packages/All/redis-6.2.6.pkg
[Cygate_v2_5_0_amd64-Cygate_devel-job-02] Installing redis-6.2.6...
===> Creating groups.
Creating group 'redis' with gid '535'.
===> Creating users
Creating user 'redis' with uid '535'.
[Cygate_v2_5_0_amd64-Cygate_devel-job-02] Extracting redis-6.2.6: ......... done
=====
Message from redis-6.2.6:

--
To setup "redis" you need to edit the configuration file:
      /usr/local/etc/redis.conf

      To run redis from startup, add redis_enable="YES"
      in your /etc/rc.conf.
===>   Cygate-pkg-ntopng-0.8.13_10 depends on file: /usr/local/bin/redis-cli - found
===>   Returning to build of Cygate-pkg-ntopng-0.8.13_10
===>   Cygate-pkg-ntopng-0.8.13_10 depends on file: /usr/local/bin/gdbmtool - not found
===>   Installing existing package /packages/All/gdbm-1.21.pkg
[Cygate_v2_5_0_amd64-Cygate_devel-job-02] Installing gdbm-1.21...
[Cygate_v2_5_0_amd64-Cygate_devel-job-02] Extracting gdbm-1.21: .......... done
===>   Cygate-pkg-ntopng-0.8.13_10 depends on file: /usr/local/bin/gdbmtool - found
===>   Returning to build of Cygate-pkg-ntopng-0.8.13_10
===>   Cygate-pkg-ntopng-0.8.13_10 depends on file: /usr/local/share/fonts/webfonts/arial.ttf - not found
===>   Installing existing package /packages/All/webfonts-0.30_14.pkg
[Cygate_v2_5_0_amd64-Cygate_devel-job-02] Installing webfonts-0.30_14...
[Cygate_v2_5_0_amd64-Cygate_devel-job-02] `-- Installing fontconfig-2.13.94_1,1...
[Cygate_v2_5_0_amd64-Cygate_devel-job-02] |   `-- Installing freetype2-2.11.0...
[Cygate_v2_5_0_amd64-Cygate_devel-job-02] |   | `-- Installing png-1.6.37_1...
[Cygate_v2_5_0_amd64-Cygate_devel-job-02] |   | `-- Extracting png-1.6.37_1: .......... done
[Cygate_v2_5_0_amd64-Cygate_devel-job-02] |   `-- Extracting freetype2-2.11.0: .......... done
[Cygate_v2_5_0_amd64-Cygate_devel-job-02] `-- Extracting fontconfig-2.13.94_1,1: .......... done
Running fc-cache to build fontconfig cache...
Font directories:
	/usr/local/share/fonts
	/usr/local/lib/X11/fonts
/usr/local/share/fonts: skipping, no such directory
/usr/local/lib/X11/fonts: skipping, no such directory
/var/db/fontconfig: cleaning cache directory
fc-cache: succeeded
[Cygate_v2_5_0_amd64-Cygate_devel-job-02] `-- Installing mkfontscale-1.2.1...
[Cygate_v2_5_0_amd64-Cygate_devel-job-02] |   `-- Installing libfontenc-1.1.4...
[Cygate_v2_5_0_amd64-Cygate_devel-job-02] |   `-- Extracting libfontenc-1.1.4: ......... done
[Cygate_v2_5_0_amd64-Cygate_devel-job-02] `-- Extracting mkfontscale-1.2.1: ....... done
[Cygate_v2_5_0_amd64-Cygate_devel-job-02] Extracting webfonts-0.30_14: .......... done
=====
Message from freetype2-2.11.0:

--
The 2.7.x series now uses the new subpixel hinting mode (V40 port's option) as
the default, emulating a modern version of ClearType. This change inevitably
leads to different rendering results, and you might change port's options to
adapt it to your taste (or use the new "FREETYPE_PROPERTIES" environment
variable).

The environment variable "FREETYPE_PROPERTIES" can be used to control the
driver properties. Example:

FREETYPE_PROPERTIES=truetype:interpreter-version=35 \
	cff:no-stem-darkening=1 \
	autofitter:warping=1

This allows to select, say, the subpixel hinting mode at runtime for a given
application.

If LONG_PCF_NAMES port's option was enabled, the PCF family names may include
the foundry and information whether they contain wide characters. For example,
"Sony Fixed" or "Misc Fixed Wide", instead of "Fixed". This can be disabled at
run time with using pcf:no-long-family-names property, if needed. Example:

FREETYPE_PROPERTIES=pcf:no-long-family-names=1

How to recreate fontconfig cache with using such environment variable,
if needed:
# env FREETYPE_PROPERTIES=pcf:no-long-family-names=1 fc-cache -fsv

The controllable properties are listed in the section "Controlling FreeType
Modules" in the reference's table of contents
(/usr/local/share/doc/freetype2/reference/index.html, if documentation was installed).
=====
Message from webfonts-0.30_14:

--
IMPORTANT - READ CAREFULLY: You may not use these fonts if you do not agree to
the terms of the Microsoft End-User License Agreement ("EULA").  You will find
the EULA at /usr/local/share/doc/webfonts/LICENSE.  If you read and agree
to the EULA, you can start using the fonts by following these instructions:

Make sure that the freetype module is loaded.  If it is not, add the following
line to the "Modules" section of xorg.conf or XF86Config:

	Load "freetype"

Add the following line to the "Files" section of xorg.conf or XF86Config:

	FontPath "/usr/local/share/fonts/webfonts/"

NOTE: Due to known freetype bug some glyphs (N, W) of y2006 Verdana Bold
      font are not rendered correctly in anti-aliased mode within the range
      9-16 ppem
===>   Cygate-pkg-ntopng-0.8.13_10 depends on file: /usr/local/share/fonts/webfonts/arial.ttf - found
===>   Returning to build of Cygate-pkg-ntopng-0.8.13_10
===>   Cygate-pkg-ntopng-0.8.13_10 depends on file: /usr/local/bin/acyclic - not found
===>   Installing existing package /packages/All/graphviz-2.44.1_16.pkg
[Cygate_v2_5_0_amd64-Cygate_devel-job-02] Installing graphviz-2.44.1_16...
[Cygate_v2_5_0_amd64-Cygate_devel-job-02] `-- Installing jpeg-turbo-2.1.1...
[Cygate_v2_5_0_amd64-Cygate_devel-job-02] `-- Extracting jpeg-turbo-2.1.1: .......... done
[Cygate_v2_5_0_amd64-Cygate_devel-job-02] `-- Installing libgd-2.3.1,1...
[Cygate_v2_5_0_amd64-Cygate_devel-job-02] |   `-- Installing tiff-4.3.0...
[Cygate_v2_5_0_amd64-Cygate_devel-job-02] |   | `-- Installing jbigkit-2.1_1...
[Cygate_v2_5_0_amd64-Cygate_devel-job-02] |   | `-- Extracting jbigkit-2.1_1: .......... done
[Cygate_v2_5_0_amd64-Cygate_devel-job-02] |   `-- Extracting tiff-4.3.0: .......... done
[Cygate_v2_5_0_amd64-Cygate_devel-job-02] |   `-- Installing webp-1.2.1...
[Cygate_v2_5_0_amd64-Cygate_devel-job-02] |   | `-- Installing giflib-5.2.1...
[Cygate_v2_5_0_amd64-Cygate_devel-job-02] |   | `-- Extracting giflib-5.2.1: .......... done
[Cygate_v2_5_0_amd64-Cygate_devel-job-02] |   `-- Extracting webp-1.2.1: .......... done
[Cygate_v2_5_0_amd64-Cygate_devel-job-02] `-- Extracting libgd-2.3.1,1: .......... done
[Cygate_v2_5_0_amd64-Cygate_devel-job-02] `-- Installing libltdl-2.4.6...
[Cygate_v2_5_0_amd64-Cygate_devel-job-02] `-- Extracting libltdl-2.4.6: .......... done
[Cygate_v2_5_0_amd64-Cygate_devel-job-02] Extracting graphviz-2.44.1_16: .......... done
===>   Cygate-pkg-ntopng-0.8.13_10 depends on file: /usr/local/bin/acyclic - found
===>   Returning to build of Cygate-pkg-ntopng-0.8.13_10
===========================================================================
=======================<phase: stage          >============================
===== env: NO_DEPENDS=yes USER=nobody UID=65534 GID=65534
===>  Staging for Cygate-pkg-ntopng-0.8.13_10
===>   Generating temporary packing list
/bin/mkdir -p /wrkdirs/usr/ports/net/Cygate-pkg-ntopng/work/stage/usr/local/pkg
/bin/mkdir -p /wrkdirs/usr/ports/net/Cygate-pkg-ntopng/work/stage/usr/local/www
/bin/mkdir -p /wrkdirs/usr/ports/net/Cygate-pkg-ntopng/work/stage/etc/inc/priv
/bin/mkdir -p /wrkdirs/usr/ports/net/Cygate-pkg-ntopng/work/stage/usr/local/share/Cygate-pkg-ntopng
install  -m 0644 -m 0644 /usr/ports/net/Cygate-pkg-ntopng/files/usr/local/pkg/ntopng.xml  /wrkdirs/usr/ports/net/Cygate-pkg-ntopng/work/stage/usr/local/pkg
install  -m 0644 /usr/ports/net/Cygate-pkg-ntopng/files/usr/local/pkg/ntopng.inc  /wrkdirs/usr/ports/net/Cygate-pkg-ntopng/work/stage/usr/local/pkg
install  -m 0644 /usr/ports/net/Cygate-pkg-ntopng/files/usr/local/www/ntopng_redirect.php  /wrkdirs/usr/ports/net/Cygate-pkg-ntopng/work/stage/usr/local/www
install  -m 0644 /usr/ports/net/Cygate-pkg-ntopng/files/etc/inc/priv/ntopng.priv.inc  /wrkdirs/usr/ports/net/Cygate-pkg-ntopng/work/stage/etc/inc/priv
install  -m 0644 /usr/ports/net/Cygate-pkg-ntopng/files/usr/local/share/Cygate-pkg-ntopng/info.xml  /wrkdirs/usr/ports/net/Cygate-pkg-ntopng/work/stage/usr/local/share/Cygate-pkg-ntopng
====> Compressing man pages (compress-man)
===========================================================================
=======================<phase: package        >============================
===== env: 'PKG_NOTES=build_timestamp ports_top_git_hash ports_top_checkout_unclean port_git_hash port_checkout_unclean built_by' 'PKG_NOTE_build_timestamp=2021-10-18T20:36:57+0000' 'PKG_NOTE_ports_top_git_hash=af67f424b' 'PKG_NOTE_ports_top_checkout_unclean=no' 'PKG_NOTE_port_git_hash=' 'PKG_NOTE_port_checkout_unclean=no' 'PKG_NOTE_built_by=poudriere-git-3.3.0-1019-gef452659' NO_DEPENDS=yes USER=nobody UID=65534 GID=65534
===>  Building package for Cygate-pkg-ntopng-0.8.13_10
install -l rs /.npkg/All/Cygate-pkg-ntopng-0.8.13_10.pkg /.npkg/All/Cygate-pkg-ntopng-0.8.13_10.txz
===========================================================================
=>> Cleaning up wrkdir
===>  Cleaning for Cygate-pkg-ntopng-0.8.13_10
build of net/Cygate-pkg-ntopng | Cygate-pkg-ntopng-0.8.13_10 ended at Mon Oct 18 23:37:26 EAT 2021
build time: 00:00:30
