=>> Building www/Cygate-pkg-squidGuard
build started at Mon Oct 18 23:44:22 EAT 2021
port directory: /usr/ports/www/Cygate-pkg-squidGuard
package name: Cygate-pkg-squidGuard-1.16.18_20
building for: FreeBSD Cygate_v2_5_0_amd64-Cygate_devel-job-02 12.3-PRERELEASE FreeBSD 12.3-PRERELEASE 1202508 amd64
maintained by: coreteam@pfsense.org
Makefile datestamp: -rw-r--r--  1 root  wheel  2089 Oct 18 18:59 /usr/ports/www/Cygate-pkg-squidGuard/Makefile
Ports top last git commit: af67f424b
Ports top unclean checkout: no
Port dir last git commit: 
Port dir unclean checkout: no
Poudriere version: poudriere-git-3.3.0-1019-gef452659
Host OSVERSION: 1202000
Jail OSVERSION: 1202508
Job Id: 02




!!! Jail is newer than host. (Jail: 1202508, Host: 1202000) !!!
!!! This is not supported. !!!
!!! Host kernel must be same or newer than jail. !!!
!!! Expect build failures. !!!



---Begin Environment---
SHELL=/bin/csh
OSVERSION=1202508
UNAME_v=FreeBSD 12.3-PRERELEASE 1202508
UNAME_r=12.3-PRERELEASE
BLOCKSIZE=K
MAIL=/var/mail/root
STATUS=1
HOME=/root
PATH=/sbin:/bin:/usr/sbin:/usr/bin:/usr/local/sbin:/usr/local/bin:/root/bin
LOCALBASE=/usr/local
USER=root
POUDRIERE_NAME=poudriere-git
LIBEXECPREFIX=/usr/local/libexec/poudriere
POUDRIERE_VERSION=3.3.0-1019-gef452659
MASTERMNT=/usr/local/poudriere/data/.m/Cygate_v2_5_0_amd64-Cygate_devel/ref
LC_COLLATE=C
POUDRIERE_BUILD_TYPE=bulk
PACKAGE_BUILDING=yes
SAVED_TERM=xterm-256color
GID=0
OUTPUT_REDIRECTED_STDERR=4
OUTPUT_REDIRECTED=1
UID=0
PWD=/usr/local/poudriere/data/.m/Cygate_v2_5_0_amd64-Cygate_devel/02/.p
OUTPUT_REDIRECTED_STDOUT=3
P_PORTS_FEATURES=FLAVORS SELECTED_OPTIONS
MASTERNAME=Cygate_v2_5_0_amd64-Cygate_devel
SCRIPTPREFIX=/usr/local/share/poudriere
SCRIPTNAME=bulk.sh
OLDPWD=/usr/local/poudriere/data/.m/Cygate_v2_5_0_amd64-Cygate_devel/ref/.p/pool
POUDRIERE_PKGNAME=poudriere-git-3.3.0-1019-gef452659
SCRIPTPATH=/usr/local/share/poudriere/bulk.sh
POUDRIEREPATH=/usr/local/bin/poudriere
---End Environment---

---Begin Poudriere Port Flags/Env---
PORT_FLAGS=
PKGENV=
FLAVOR=
DEPENDS_ARGS=
MAKE_ARGS=
---End Poudriere Port Flags/Env---

---Begin OPTIONS List---
---End OPTIONS List---

--MAINTAINER--
coreteam@pfsense.org
--End MAINTAINER--

--CONFIGURE_ARGS--

--End CONFIGURE_ARGS--

--CONFIGURE_ENV--
XDG_DATA_HOME=/wrkdirs/usr/ports/www/Cygate-pkg-squidGuard/work  XDG_CONFIG_HOME=/wrkdirs/usr/ports/www/Cygate-pkg-squidGuard/work  XDG_CACHE_HOME=/wrkdirs/usr/ports/www/Cygate-pkg-squidGuard/work/.cache  HOME=/wrkdirs/usr/ports/www/Cygate-pkg-squidGuard/work TMPDIR="/tmp" PATH=/wrkdirs/usr/ports/www/Cygate-pkg-squidGuard/work/.bin:/sbin:/bin:/usr/sbin:/usr/bin:/usr/local/sbin:/usr/local/bin:/root/bin SHELL=/bin/sh CONFIG_SHELL=/bin/sh
--End CONFIGURE_ENV--

--MAKE_ENV--
XDG_DATA_HOME=/wrkdirs/usr/ports/www/Cygate-pkg-squidGuard/work  XDG_CONFIG_HOME=/wrkdirs/usr/ports/www/Cygate-pkg-squidGuard/work  XDG_CACHE_HOME=/wrkdirs/usr/ports/www/Cygate-pkg-squidGuard/work/.cache  HOME=/wrkdirs/usr/ports/www/Cygate-pkg-squidGuard/work TMPDIR="/tmp" PATH=/wrkdirs/usr/ports/www/Cygate-pkg-squidGuard/work/.bin:/sbin:/bin:/usr/sbin:/usr/bin:/usr/local/sbin:/usr/local/bin:/root/bin NO_PIE=yes MK_DEBUG_FILES=no MK_KERNEL_SYMBOLS=no SHELL=/bin/sh NO_LINT=YES PREFIX=/usr/local  LOCALBASE=/usr/local  CC="cc" CFLAGS="-O2 -pipe  -fstack-protector-strong -fno-strict-aliasing "  CPP="cpp" CPPFLAGS=""  LDFLAGS=" -fstack-protector-strong " LIBS=""  CXX="c++" CXXFLAGS="-O2 -pipe -fstack-protector-strong -fno-strict-aliasing  "  MANPREFIX="/usr/local" BSD_INSTALL_PROGRAM="install  -s -m 555"  BSD_INSTALL_LIB="install  -s -m 0644"  BSD_INSTALL_SCRIPT="install  -m 555"  BSD_INSTALL_DATA="install  -m 0644"  BSD_INSTALL_MAN="install  -m 444"
--End MAKE_ENV--

--PLIST_SUB--
OSREL=12.3 PREFIX=%D LOCALBASE=/usr/local  RESETPREFIX=/usr/local LIB32DIR=lib DOCSDIR="share/doc/Cygate-pkg-squidGuard"  EXAMPLESDIR="share/examples/Cygate-pkg-squidGuard"  DATADIR="share/Cygate-pkg-squidGuard"  WWWDIR="www/Cygate-pkg-squidGuard"  ETCDIR="etc/Cygate-pkg-squidGuard"
--End PLIST_SUB--

--SUB_LIST--
PORTNAME=Cygate-pkg-squidGuard PREFIX=/usr/local LOCALBASE=/usr/local  DATADIR=/usr/local/share/Cygate-pkg-squidGuard DOCSDIR=/usr/local/share/doc/Cygate-pkg-squidGuard EXAMPLESDIR=/usr/local/share/examples/Cygate-pkg-squidGuard  WWWDIR=/usr/local/www/Cygate-pkg-squidGuard ETCDIR=/usr/local/etc/Cygate-pkg-squidGuard
--End SUB_LIST--

---Begin make.conf---
USE_PACKAGE_DEPENDS=yes
BATCH=yes
WRKDIRPREFIX=/wrkdirs
PORTSDIR=/usr/ports
PACKAGES=/packages
DISTDIR=/distfiles
FORCE_PACKAGE=yes
PACKAGE_BUILDING=yes
PACKAGE_BUILDING_FLAVORS=yes
#### /usr/local/etc/poudriere.d/Cygate_devel-make.conf ####
ALLOW_UNSUPPORTED_SYSTEM=yes

# Define pfSense repos
PFSENSE_REPOS=	Cygate-repo Cygate-repo-devel Cygate-repo-245

# Used by pfSense-upgrade port to set pkg_set_version
PFSENSE_PKG_SET_VERSION=	2.6.0-DEVELOPMENT

# Generic options
OPTIONS_UNSET_FORCE=	DOCS DOXYGEN EXAMPLES INFO MAN MANPAGES X11

# Individual ports options
.if ${.CURDIR:N*net/quagga*}=="" || ${.CURDIR:N*net/frr*}==""
CUR_ARCH!=	/usr/bin/uname -p
. if ${CUR_ARCH} == "armv7"
WITH_DEBUG=yes
. endif
.endif

.if ${.CURDIR:N*net/frr*}==""
ETCDIR=	/var/etc/frr
.endif

DEFAULT_VERSIONS=	php=74 ssl=base
PHP_FD_SETSIZE=		3172

. if ${.CURDIR:N*sysutils/check_reload_status*}==""
WITH_DEBUG=	yes
. endif

# Options for packages

# databases
databases_rrdtool_UNSET_FORCE=	PYTHON_MODULE RUBY_MODULE PERL_MODULE DEJAVU GRAPH

# devel
devel_git_UNSET_FORCE=CVS GITWEB GUI HTMLDOCS P4 SVN CONTRIB PERL ETCSHELLS

# dns
dns_dnsmasq_UNSET_FORCE=	DNSSEC

dns_unbound_SET_FORCE=	LIBEVENT PYTHON
dns_unbound112_SET_FORCE=	LIBEVENT PYTHON

dns_bind916_SET_FORCE=DLZ_FILESYSTEM FILTER_AAAA IPV6 LINKS RRL SIGCHASE SSL THREADS GSSAPI_NONE
dns_bind916_UNSET_FORCE=FIXED_RRSET IDN LARGE_FILE LMDB

# emulators
emulators_open-vm-tools_UNSET_FORCE=DOCS FUSE LIBNOTIFY X11

# graphics
graphics_cairo_UNSET_FORCE=X11 XCB OPENGL

graphics_gd_SET_FORCE=ICONV
graphics_gd_UNSET_FORCE=FONTCONFIG XPM

graphics_graphviz_SET_FORCE=ICONV NLS
graphics_graphviz_UNSET_FORCE=DIGCOLA IPSEPCOLA PANGOCAIRO XPM

# lang
lang_gcc_UNSET_FORCE=JAVA

# mail
mail_pear-Mail_SET_FORCE=	PEAR_NET_SMTP

# net
net_freeradius3_SET_FORCE=EXPERIMENTAL HEIMDAL LDAP MYSQL PERL PGSQL PYTHON SQLITE3

net_frr7_SET_FORCE=SNMP

net_haproxy18_SET_FORCE=OPENSSL SPCRE LUA
net_haproxy18_UNSET_FORCE=DPCRE

net_haproxy_SET_FORCE=OPENSSL SPCRE LUA PROMEX
net_haproxy_UNSET_FORCE=DPCRE

net_haproxy-devel_SET_FORCE=OPENSSL SPCRE LUA
net_haproxy-devel_UNSET_FORCE=DPCRE

net_libpcap_SET_FORCE=IPV6
net_libpcap_UNSET_FORCE=DAG

net_miniupnpd_SET_FORCE=	PF_FILTER_RULES IPV6 CHECK_PORTINUSE

net_mtr_UNSET_FORCE=X11

net_nss_ldap_UNSET_FORCE=SASL KERBEROS

net_ntp_UNSET_FORCE=	PERL_UTILS

# net-mgmt
net-mgmt_net-snmp_SET_FORCE=IPV6 MFD_REWRITES TLS
net-mgmt_net-snmp_UNSET_FORCE=AX_DISABLE_TRAP AX_SOCKONLY DOCS DUMMY JAIL MYSQL PYTHON SMUX TKMIB UNPRIVILEGED

net-mgmt_zabbix3-agent_SET_FORCE=IPV6

net-mgmt_zabbix3-proxy_SET_FORCE=IPMI IPV6 LIBXML2 SQLITE SSH
net-mgmt_zabbix3-proxy_UNSET_FORCE=MYSQL

net-mgmt_zabbix4-agent_SET_FORCE=IPV6

net-mgmt_zabbix4-proxy_SET_FORCE=IPMI IPV6 LIBXML2 SQLITE SSH
net-mgmt_zabbix4-proxy_UNSET_FORCE=MYSQL

net-mgmt_zabbix44-agent_SET_FORCE=IPV6

net-mgmt_zabbix44-proxy_SET_FORCE=IPMI IPV6 LIBXML2 SQLITE SSH
net-mgmt_zabbix44-proxy_UNSET_FORCE=MYSQL

net-mgmt_zabbix5-agent_SET_FORCE=IPV6

net-mgmt_zabbix5-proxy_SET_FORCE=IPMI IPV6 LIBXML2 SQLITE SSH
net-mgmt_zabbix5-proxy_UNSET_FORCE=MYSQL

net-mgmt_zabbix52-agent_SET_FORCE=IPV6

net-mgmt_zabbix52-proxy_SET_FORCE=IPMI IPV6 LIBXML2 SQLITE SSH
net-mgmt_zabbix52-proxy_UNSET_FORCE=MYSQL

net-mgmt_zabbix54-agent_SET_FORCE=IPV6

net-mgmt_zabbix54-proxy_SET_FORCE=IPMI IPV6 LIBXML2 SQLITE SSH
net-mgmt_zabbix54-proxy_UNSET_FORCE=MYSQL

# security
security_ca_root_nss_SET_FORCE=	ETCSYMLINK

security_opensc_SET_FORCE=	PCSC
security_opensc_UNSET_FORCE=	DOCS MANPAGES

security_openvpn_SET_FORCE=	X509ALTUSERNAME ASYNC_PUSH
security_openvpn_UNSET_FORCE=	EASYRSA

shells_scponly_SET_FORCE=CHROOT SCP WILDCARDS WINSCP
shells_scponly_UNSET_FORCE=DEFAULT_CHDIR DOCS GFTP RSYNC SVN SVNSERVE UNISON

security_sudo_SET_FORCE=LDAP

security_snort_SET_FORCE=APPID COREDUMPS GRE IPV6 NORMALIZER PERFPROFILE SOURCEFIRE
security_snort_UNSET_FORCE=BARNYARD FILEINSPECT HA PULLEDPORK

.if ${.CURDIR:N*security/snort3*}==""
CUR_ARCH!=  /usr/bin/uname -p
.if ${CUR_ARCH} == "armv7" || ${CUR_ARCH} == "aarch64"
security_snort3_SET_FORCE=LARGEPCAP STATICDAQ
security_snort3_UNSET_FORCE=HYPERSCAN TSC
else
security_snort3_SET_FORCE=LARGEPCAP STATICDAQ HYPERSCAN
.endif
.endif

security_strongswan_SET_FORCE=	CURL EAPDYNAMIC EAPRADIUS EAPSIMFILE \
			IKEv1 UNBOUND XAUTH IPSECKEY PKCS11 PKI UNITY VICI VSTR SWANCTL
security_strongswan_UNSET_FORCE=	EAPAKA3GPP2 BUILTIN LIBC SMP

security_suricata_SET_FORCE=GEOIP HTP_PORT IPFW JSON LUAJIT NSS PORTS_PCAP NETMAP HYPERSCAN REDIS
security_suricata4_SET_FORCE=GEOIP HTP_PORT IPFW JSON LUAJIT NSS PORTS_PCAP NETMAP HYPERSCAN REDIS
.if ${.CURDIR:N*security/suricata*}==""
CUR_ARCH!=	/usr/bin/uname -p
NATIVE_BUILD!=	/sbin/sysctl -qn kern.supported_archs | grep -q ${CUR_ARCH} && echo yes || /usr/bin/true
.if ${NATIVE_BUILD} != "yes"
security_suricata_UNSET_FORCE=LUA PRELUDE SC TESTS RUST
security_suricata4_UNSET_FORCE=LUA PRELUDE SC TESTS RUST
.else
security_suricata_UNSET_FORCE=LUA PRELUDE SC TESTS
security_suricata4_UNSET_FORCE=LUA PRELUDE SC TESTS
.endif
.endif

security_xinetd_UNSET_FORCE=	XCONV

# sysutils
sysutils_apcupsd_SET_FORCE=APCDUMB_DRV APCSMART_DRV PCNET_DRV SNMP_DRV TCP_WRAPPERS USB
sysutils_apcupsd_UNSET_FORCE=CGI CLIENT_ONLY GAPCMON SNMP_DRV_OLD TEST_DRV

sysutils_flashrom_UNSET_FORCE=	FTDI BUSPIRATE

sysutils_pftop_SET_FORCE=ALTQ

sysutils_syslog-ng_SET_FORCE=	SYS_SSL
sysutils_syslog-ng_UNSET_FORCE=	PORTS_SSL

# www
www_c-icap_SET_FORCE=LARGE_FILES
www_c-icap_UNSET_FORCE=IPV6

www_lightsquid_SET_FORCE=GD

www_lighttpd_SET_FORCE=	NODELAY

www_nginx_SET_FORCE=	LUA

www_squid_SET_FORCE=ARP_ACL AUTH_LDAP AUTH_NIS AUTH_SASL CACHE_DIGESTS DELAY_POOLS FOLLOW_XFF FS_AUFS FS_DISKD GSSAPI_MIT HTCP ICAP ICMP IDENT IPV6 KQUEUE LARGEFILE LAX_HTTP SNMP SSL SSL_CRTD TP_PF WCCP WCCPV2
www_squid_UNSET_FORCE=AUTH_SMB AUTH_SQL DEBUG DNS_HELPER ECAP ESI FS_ROCK GSSAPI_NONE GSSAPI_BASE GSSAPI_HEIMDAL STACKTRACES TP_IPF TP_IPFW VIA_DB

www_squidguard_SET_FORCE=DNS_BL LDAP STRIP_NTDOMAIN
www_squidguard_UNSET_FORCE=QUOTE_STRING

www_e2guardian_SET_FORCE=ICAP NTLM SSL_MITM

PKG_REPO_BRANCH_DEVEL=v2_5_0
PKG_REPO_BRANCH_RELEASE=v2_5_2
PKG_REPO_SERVER_DEVEL=pkg+http://10.42.0.2/packages
PKG_REPO_SERVER_RELEASE=pkg+http://10.42.0.2/packages
POUDRIERE_PORTS_NAME=Cygate_devel
PFSENSE_DEFAULT_REPO=Cygate-repo-devel
PRODUCT_NAME=Cygate
REPO_BRANCH_PREFIX=
#### Misc Poudriere ####
.include "/etc/make.conf.ports_env"
---End make.conf---
--Resource limits--
cpu time               (seconds, -t)  unlimited
file size           (512-blocks, -f)  unlimited
data seg size           (kbytes, -d)  33554432
stack size              (kbytes, -s)  524288
core file size      (512-blocks, -c)  unlimited
max memory size         (kbytes, -m)  unlimited
locked memory           (kbytes, -l)  unlimited
max user processes              (-u)  19414
open files                      (-n)  9000
virtual mem size        (kbytes, -v)  8388608
swap limit              (kbytes, -w)  unlimited
socket buffer size       (bytes, -b)  unlimited
pseudo-terminals                (-p)  unlimited
kqueues                         (-k)  unlimited
umtx shared locks               (-o)  unlimited
--End resource limits--
=======================<phase: check-sanity   >============================
===== env: NO_DEPENDS=yes USER=nobody UID=65534 GID=65534
===>  License APACHE20 accepted by the user
===========================================================================
=======================<phase: pkg-depends    >============================
===== env: USE_PACKAGE_DEPENDS_ONLY=1 USER=root UID=0 GID=0
===>   Cygate-pkg-squidGuard-1.16.18_20 depends on file: /usr/local/sbin/pkg - not found
===>   Installing existing package /packages/All/pkg-1.17.2.pkg
[Cygate_v2_5_0_amd64-Cygate_devel-job-02] Installing pkg-1.17.2...
[Cygate_v2_5_0_amd64-Cygate_devel-job-02] Extracting pkg-1.17.2: .......... done
===>   Cygate-pkg-squidGuard-1.16.18_20 depends on file: /usr/local/sbin/pkg - found
===>   Returning to build of Cygate-pkg-squidGuard-1.16.18_20
===========================================================================
=======================<phase: fetch-depends  >============================
===== env: USE_PACKAGE_DEPENDS_ONLY=1 USER=root UID=0 GID=0
===========================================================================
=======================<phase: fetch          >============================
===== env: NO_DEPENDS=yes USER=root UID=0 GID=0
===>  License APACHE20 accepted by the user
===> Fetching all distfiles required by Cygate-pkg-squidGuard-1.16.18_20 for building
===========================================================================
=======================<phase: checksum       >============================
===== env: NO_DEPENDS=yes USER=root UID=0 GID=0
===>  License APACHE20 accepted by the user
===> Fetching all distfiles required by Cygate-pkg-squidGuard-1.16.18_20 for building
===========================================================================
=======================<phase: extract-depends>============================
===== env: USE_PACKAGE_DEPENDS_ONLY=1 USER=root UID=0 GID=0
===========================================================================
=======================<phase: extract        >============================
===== env: NO_DEPENDS=yes USER=nobody UID=65534 GID=65534
===>  License APACHE20 accepted by the user
===> Fetching all distfiles required by Cygate-pkg-squidGuard-1.16.18_20 for building
===>  Extracting for Cygate-pkg-squidGuard-1.16.18_20
/bin/mkdir -p /wrkdirs/usr/ports/www/Cygate-pkg-squidGuard/work/Cygate-pkg-squidGuard-1.16.18
===========================================================================
=======================<phase: patch-depends  >============================
===== env: USE_PACKAGE_DEPENDS_ONLY=1 USER=root UID=0 GID=0
===========================================================================
=======================<phase: patch          >============================
===== env: NO_DEPENDS=yes USER=nobody UID=65534 GID=65534
===>  Patching for Cygate-pkg-squidGuard-1.16.18_20
===========================================================================
=======================<phase: build-depends  >============================
===== env: USE_PACKAGE_DEPENDS_ONLY=1 USER=root UID=0 GID=0
===========================================================================
=======================<phase: lib-depends    >============================
===== env: USE_PACKAGE_DEPENDS_ONLY=1 USER=root UID=0 GID=0
===========================================================================
=======================<phase: configure      >============================
===== env: NO_DEPENDS=yes USER=nobody UID=65534 GID=65534
===>  Configuring for Cygate-pkg-squidGuard-1.16.18_20
===========================================================================
=======================<phase: build          >============================
===== env: NO_DEPENDS=yes USER=nobody UID=65534 GID=65534
===========================================================================
=======================<phase: run-depends    >============================
===== env: USE_PACKAGE_DEPENDS_ONLY=1 USER=root UID=0 GID=0
===>   Cygate-pkg-squidGuard-1.16.18_20 depends on package: Cygate-pkg-squid>0 - not found
===>   Installing existing package /packages/All/Cygate-pkg-squid-0.4.45_5.pkg
[Cygate_v2_5_0_amd64-Cygate_devel-job-02] Installing Cygate-pkg-squid-0.4.45_5...
[Cygate_v2_5_0_amd64-Cygate_devel-job-02] `-- Installing c-icap-modules-0.5.5...
[Cygate_v2_5_0_amd64-Cygate_devel-job-02] |   `-- Installing c-icap-0.5.8,2...
[Cygate_v2_5_0_amd64-Cygate_devel-job-02] |   | `-- Installing brotli-1.0.9,1...
[Cygate_v2_5_0_amd64-Cygate_devel-job-02] |   | `-- Extracting brotli-1.0.9,1: .......... done
[Cygate_v2_5_0_amd64-Cygate_devel-job-02] |   | `-- Installing pcre-8.45...
[Cygate_v2_5_0_amd64-Cygate_devel-job-02] |   | `-- Extracting pcre-8.45: .......... done
===> Creating groups.
Creating group 'c_icap' with gid '959'.
===> Creating users
Creating user 'c_icap' with uid '959'.
[Cygate_v2_5_0_amd64-Cygate_devel-job-02] |   `-- Extracting c-icap-0.5.8,2: .......... done
[Cygate_v2_5_0_amd64-Cygate_devel-job-02] |   `-- Installing clamav-0.103.3,1...
[Cygate_v2_5_0_amd64-Cygate_devel-job-02] |   | `-- Installing arc-5.21p...
[Cygate_v2_5_0_amd64-Cygate_devel-job-02] |   | `-- Extracting arc-5.21p: ...... done
[Cygate_v2_5_0_amd64-Cygate_devel-job-02] |   | `-- Installing arj-3.10.22_8...
[Cygate_v2_5_0_amd64-Cygate_devel-job-02] |   | `-- Extracting arj-3.10.22_8: .......... done
[Cygate_v2_5_0_amd64-Cygate_devel-job-02] |   | `-- Installing curl-7.79.1...
[Cygate_v2_5_0_amd64-Cygate_devel-job-02] |   |   `-- Installing ca_root_nss-3.71...
[Cygate_v2_5_0_amd64-Cygate_devel-job-02] |   |   `-- Extracting ca_root_nss-3.71: ........ done
[Cygate_v2_5_0_amd64-Cygate_devel-job-02] |   |   `-- Installing libnghttp2-1.45.1...
[Cygate_v2_5_0_amd64-Cygate_devel-job-02] |   |   `-- Extracting libnghttp2-1.45.1: .......... done
[Cygate_v2_5_0_amd64-Cygate_devel-job-02] |   |   `-- Installing libssh2-1.9.0_3,3...
[Cygate_v2_5_0_amd64-Cygate_devel-job-02] |   |   `-- Extracting libssh2-1.9.0_3,3: .......... done
[Cygate_v2_5_0_amd64-Cygate_devel-job-02] |   | `-- Extracting curl-7.79.1: .......... done
[Cygate_v2_5_0_amd64-Cygate_devel-job-02] |   | `-- Installing json-c-0.15_1...
[Cygate_v2_5_0_amd64-Cygate_devel-job-02] |   | `-- Extracting json-c-0.15_1: .......... done
[Cygate_v2_5_0_amd64-Cygate_devel-job-02] |   | `-- Installing libltdl-2.4.6...
[Cygate_v2_5_0_amd64-Cygate_devel-job-02] |   | `-- Extracting libltdl-2.4.6: .......... done
[Cygate_v2_5_0_amd64-Cygate_devel-job-02] |   | `-- Installing libmspack-0.10.1...
[Cygate_v2_5_0_amd64-Cygate_devel-job-02] |   | `-- Extracting libmspack-0.10.1: ......... done
[Cygate_v2_5_0_amd64-Cygate_devel-job-02] |   | `-- Installing libxml2-2.9.12...
[Cygate_v2_5_0_amd64-Cygate_devel-job-02] |   | `-- Extracting libxml2-2.9.12: .......... done
[Cygate_v2_5_0_amd64-Cygate_devel-job-02] |   | `-- Installing pcre2-10.37...
[Cygate_v2_5_0_amd64-Cygate_devel-job-02] |   | `-- Extracting pcre2-10.37: .......... done
[Cygate_v2_5_0_amd64-Cygate_devel-job-02] |   | `-- Installing unzoo-4.4_2...
[Cygate_v2_5_0_amd64-Cygate_devel-job-02] |   | `-- Extracting unzoo-4.4_2: ..... done
===> Creating groups.
Creating group 'clamav' with gid '106'.
Using existing group 'mail'.
===> Creating users
Creating user 'clamav' with uid '106'.
Adding user 'clamav' to group 'mail'.
[Cygate_v2_5_0_amd64-Cygate_devel-job-02] |   `-- Extracting clamav-0.103.3,1: .......... done
[Cygate_v2_5_0_amd64-Cygate_devel-job-02] `-- Extracting c-icap-modules-0.5.5: .......... done
[Cygate_v2_5_0_amd64-Cygate_devel-job-02] `-- Installing squid-4.15...
[Cygate_v2_5_0_amd64-Cygate_devel-job-02] |   `-- Installing cyrus-sasl-2.1.27_2...
*** Added group `cyrus' (id 60)
*** Added user `cyrus' (id 60)
[Cygate_v2_5_0_amd64-Cygate_devel-job-02] |   `-- Extracting cyrus-sasl-2.1.27_2: .......... done
[Cygate_v2_5_0_amd64-Cygate_devel-job-02] |   `-- Installing krb5-1.19.2...
[Cygate_v2_5_0_amd64-Cygate_devel-job-02] |   | `-- Installing gettext-runtime-0.21...
[Cygate_v2_5_0_amd64-Cygate_devel-job-02] |   |   `-- Installing indexinfo-0.3.1...
[Cygate_v2_5_0_amd64-Cygate_devel-job-02] |   |   `-- Extracting indexinfo-0.3.1: .... done
[Cygate_v2_5_0_amd64-Cygate_devel-job-02] |   | `-- Extracting gettext-runtime-0.21: .......... done
[Cygate_v2_5_0_amd64-Cygate_devel-job-02] |   | `-- Installing readline-8.1.1...
[Cygate_v2_5_0_amd64-Cygate_devel-job-02] |   | `-- Extracting readline-8.1.1: .......... done
[Cygate_v2_5_0_amd64-Cygate_devel-job-02] |   `-- Extracting krb5-1.19.2: .......... done
[Cygate_v2_5_0_amd64-Cygate_devel-job-02] |   `-- Installing openldap24-client-2.4.59_2...
[Cygate_v2_5_0_amd64-Cygate_devel-job-02] |   `-- Extracting openldap24-client-2.4.59_2: .......... done
[Cygate_v2_5_0_amd64-Cygate_devel-job-02] |   `-- Installing perl5-5.32.1_1...
[Cygate_v2_5_0_amd64-Cygate_devel-job-02] |   `-- Extracting perl5-5.32.1_1: .......... done
===> Creating groups.
Creating group 'squid' with gid '100'.
===> Creating users
Creating user 'squid' with uid '100'.
===> Creating homedir(s)
===> Pre-installation configuration for squid-4.15
[Cygate_v2_5_0_amd64-Cygate_devel-job-02] `-- Extracting squid-4.15: .......... done
[Cygate_v2_5_0_amd64-Cygate_devel-job-02] `-- Installing squid_radius_auth-1.10...
[Cygate_v2_5_0_amd64-Cygate_devel-job-02] `-- Extracting squid_radius_auth-1.10: .... done
[Cygate_v2_5_0_amd64-Cygate_devel-job-02] `-- Installing squidclamav-7.1...
[Cygate_v2_5_0_amd64-Cygate_devel-job-02] `-- Extracting squidclamav-7.1: .......... done
[Cygate_v2_5_0_amd64-Cygate_devel-job-02] Extracting Cygate-pkg-squid-0.4.45_5: .......... done
/bin/sh: /usr/local/bin/php: not found
pkg-static: POST-INSTALL script failed
=====
Message from ca_root_nss-3.71:

--
FreeBSD does not, and can not warrant that the certification authorities
whose certificates are included in this package have in any way been
audited for trustworthiness or RFC 3647 compliance.

Assessment and verification of trust is the complete responsibility of the
system administrator.


This package installs symlinks to support root certificates discovery by
default for software that uses OpenSSL.

This enables SSL Certificate Verification by client software without manual
intervention.

If you prefer to do this manually, replace the following symlinks with
either an empty file or your site-local certificate bundle.

  * /etc/ssl/cert.pem
  * /usr/local/etc/ssl/cert.pem
  * /usr/local/openssl/cert.pem
=====
Message from cyrus-sasl-2.1.27_2:

--
You can use sasldb2 for authentication, to add users use:

	saslpasswd2 -c username

If you want to enable SMTP AUTH with the system Sendmail, read
Sendmail.README

NOTE: This port has been compiled with a default pwcheck_method of
      auxprop.  If you want to authenticate your user by /etc/passwd,
      PAM or LDAP, install ports/security/cyrus-sasl2-saslauthd and
      set sasl_pwcheck_method to saslauthd after installing the
      Cyrus-IMAPd 2.X port.  You should also check the
      /usr/local/lib/sasl2/*.conf files for the correct
      pwcheck_method.
      If you want to use GSSAPI mechanism, install
      ports/security/cyrus-sasl2-gssapi.
      If you want to use SRP mechanism, install
      ports/security/cyrus-sasl2-srp.
      If you want to use LDAP auxprop plugin, install
      ports/security/cyrus-sasl2-ldapdb.
=====
Message from openldap24-client-2.4.59_2:

--
The OpenLDAP client package has been successfully installed.

Edit
  /usr/local/etc/openldap/ldap.conf
to change the system-wide client defaults.

Try `man ldap.conf' and visit the OpenLDAP FAQ-O-Matic at
  http://www.OpenLDAP.org/faq/index.cgi?file=3
for more information.
=====
Message from squid-4.15:

--
o You can find the configuration files for this package in the
       directory /usr/local/etc/squid.

     o The default cache directory is /var/squid/cache/.
       The default log directory is /var/log/squid/.

       Note:
       You must initialize new cache directories before you can start
       squid.  Do this by running "squid -z" as 'root' or 'squid'.
       If your cache directories are already initialized (e.g. after an
       upgrade of squid) you do not need to initialize them again.

     o When using DiskD storage scheme remember to read documentation:
         http://wiki.squid-cache.org/Features/DiskDaemon
       and alter your kern.ipc defaults in /boot/loader.conf. DiskD will not
       work reliably without this. Last recomendations were:

         kern.ipc.msgmnb=8192
         kern.ipc.msgssz=64
         kern.ipc.msgtql=2048

     o The default configuration will deny everyone but the local host and
       local networks as defined in RFC 1918 for IPv4 and RFCs 4193 and
       4291 for IPv6 access to the proxy service.  Edit the "http_access
       allow/deny" directives in /usr/local/etc/squid/squid.conf
       to suit your needs.

     o If AUTH_SQL option is set, please, don't forget to install one of
       following perl modules depending on database you like:
         databases/p5-DBD-mysql
         databases/p5-DBD-Pg
         databases/p5-DBD-SQLite

     To enable Squid, set squid_enable=yes in either
     /etc/rc.conf, /etc/rc.conf.local or /etc/rc.conf.d/squid
     Please see /usr/local/etc/rc.d/squid for further details.

     Note:
     If you just updated your Squid installation from an earlier version,
     make sure to check your Squid configuration against the 3.4 default
     configuration file /usr/local/etc/squid/squid.conf.sample.

     /usr/local/etc/squid/squid.conf.documented is a fully annotated
     configuration file you can consult for further reference.

     Additionally, you should check your configuration by calling
     'squid -f /path/to/squid.conf -k parse' before starting Squid.
=====
Message from squid_radius_auth-1.10:

--
===>   NOTICE:

The squid_radius_auth port currently does not have a maintainer. As a result, it is
more likely to have unresolved issues, not be up-to-date, or even be removed in
the future. To volunteer to maintain this port, please create an issue at:

https://bugs.freebsd.org/bugzilla

More information about port maintainership is available at:

https://docs.freebsd.org/en/articles/contributing/#ports-contributing
=====
Message from Cygate-pkg-squid-0.4.45_5:

--
Please visit Services - Squid Proxy Server menu to configure the package and enable the proxy.
===>   Cygate-pkg-squidGuard-1.16.18_20 depends on package: Cygate-pkg-squid>0 - found
===>   Returning to build of Cygate-pkg-squidGuard-1.16.18_20
===>   Cygate-pkg-squidGuard-1.16.18_20 depends on package: squidGuard>0 - not found
===>   Installing existing package /packages/All/squidGuard-1.4_15.pkg
[Cygate_v2_5_0_amd64-Cygate_devel-job-02] Installing squidGuard-1.4_15...
[Cygate_v2_5_0_amd64-Cygate_devel-job-02] `-- Installing db5-5.3.28_7...
[Cygate_v2_5_0_amd64-Cygate_devel-job-02] `-- Extracting db5-5.3.28_7: .......... done
[Cygate_v2_5_0_amd64-Cygate_devel-job-02] Extracting squidGuard-1.4_15: ...... done
=====
Message from squidGuard-1.4_15:

--
In order to activate squidGuard you have to edit squid.conf
 To the contain "url_rewrite_program /usr/local/bin/squidGuard"
 and create a configuration file for squidGuard.

 Sample blacklists have been installed in /usr/local/share/examples/squidGuard.

 A sample configuration file has beeen installed in
 /usr/local/etc/squid/squidGuard.conf.sample.

 You need to edit the configuration and compile the blacklist
 you choose to use with:
 squidGuard -d -C all

 Please bear in mind that this is just a sample configuration file
 and for any real world usage you need to download or create your
 own updated blacklists and create your own configuration file.

 Check documentation here:

 http://www.squidguard.org/Doc/

 To activate the changes do a /usr/local/sbin/squid -k reconfigure
===>   Cygate-pkg-squidGuard-1.16.18_20 depends on package: squidGuard>0 - found
===>   Returning to build of Cygate-pkg-squidGuard-1.16.18_20
===========================================================================
=======================<phase: stage          >============================
===== env: NO_DEPENDS=yes USER=nobody UID=65534 GID=65534
===>  Staging for Cygate-pkg-squidGuard-1.16.18_20
===>   Generating temporary packing list
/bin/mkdir -p /wrkdirs/usr/ports/www/Cygate-pkg-squidGuard/work/stage/usr/local/pkg
/bin/mkdir -p /wrkdirs/usr/ports/www/Cygate-pkg-squidGuard/work/stage/etc/inc/priv
/bin/mkdir -p /wrkdirs/usr/ports/www/Cygate-pkg-squidGuard/work/stage/usr/local/www/squidGuard
/bin/mkdir -p /wrkdirs/usr/ports/www/Cygate-pkg-squidGuard/work/stage/usr/local/www
/bin/mkdir -p /wrkdirs/usr/ports/www/Cygate-pkg-squidGuard/work/stage/usr/local/share/Cygate-pkg-squidGuard
install  -m 0644 -m 0644 /usr/ports/www/Cygate-pkg-squidGuard/files/usr/local/pkg/squidguard.xml  /wrkdirs/usr/ports/www/Cygate-pkg-squidGuard/work/stage/usr/local/pkg
install  -m 0644 /usr/ports/www/Cygate-pkg-squidGuard/files/usr/local/pkg/squidguard.inc  /wrkdirs/usr/ports/www/Cygate-pkg-squidGuard/work/stage/usr/local/pkg
install  -m 0644 /usr/ports/www/Cygate-pkg-squidGuard/files/etc/inc/priv/squidguard.priv.inc  /wrkdirs/usr/ports/www/Cygate-pkg-squidGuard/work/stage/etc/inc/priv
install  -m 0644 /usr/ports/www/Cygate-pkg-squidGuard/files/usr/local/pkg/squidguard_configurator.inc  /wrkdirs/usr/ports/www/Cygate-pkg-squidGuard/work/stage/usr/local/pkg
install  -m 0644 /usr/ports/www/Cygate-pkg-squidGuard/files/usr/local/pkg/squidguard_acl.xml  /wrkdirs/usr/ports/www/Cygate-pkg-squidGuard/work/stage/usr/local/pkg
install  -m 0644 /usr/ports/www/Cygate-pkg-squidGuard/files/usr/local/pkg/squidguard_default.xml  /wrkdirs/usr/ports/www/Cygate-pkg-squidGuard/work/stage/usr/local/pkg
install  -m 0644 /usr/ports/www/Cygate-pkg-squidGuard/files/usr/local/pkg/squidguard_dest.xml  /wrkdirs/usr/ports/www/Cygate-pkg-squidGuard/work/stage/usr/local/pkg
install  -m 0644 /usr/ports/www/Cygate-pkg-squidGuard/files/usr/local/pkg/squidguard_rewr.xml  /wrkdirs/usr/ports/www/Cygate-pkg-squidGuard/work/stage/usr/local/pkg
install  -m 0644 /usr/ports/www/Cygate-pkg-squidGuard/files/usr/local/pkg/squidguard_time.xml  /wrkdirs/usr/ports/www/Cygate-pkg-squidGuard/work/stage/usr/local/pkg
install  -m 0644 /usr/ports/www/Cygate-pkg-squidGuard/files/usr/local/pkg/squidguard_sync.xml  /wrkdirs/usr/ports/www/Cygate-pkg-squidGuard/work/stage/usr/local/pkg
install  -m 0644 /usr/ports/www/Cygate-pkg-squidGuard/files/usr/local/www/squidGuard/squidguard_log.php  /wrkdirs/usr/ports/www/Cygate-pkg-squidGuard/work/stage/usr/local/www/squidGuard
install  -m 0644 /usr/ports/www/Cygate-pkg-squidGuard/files/usr/local/www/squidGuard/squidguard_blacklist.php  /wrkdirs/usr/ports/www/Cygate-pkg-squidGuard/work/stage/usr/local/www/squidGuard
install  -m 0644 /usr/ports/www/Cygate-pkg-squidGuard/files/usr/local/www/sgerror.php  /wrkdirs/usr/ports/www/Cygate-pkg-squidGuard/work/stage/usr/local/www
install  -m 0644 /usr/ports/www/Cygate-pkg-squidGuard/files/usr/local/share/Cygate-pkg-squidGuard/info.xml  /wrkdirs/usr/ports/www/Cygate-pkg-squidGuard/work/stage/usr/local/share/Cygate-pkg-squidGuard
====> Compressing man pages (compress-man)
===========================================================================
=======================<phase: package        >============================
===== env: 'PKG_NOTES=build_timestamp ports_top_git_hash ports_top_checkout_unclean port_git_hash port_checkout_unclean built_by' 'PKG_NOTE_build_timestamp=2021-10-18T20:44:22+0000' 'PKG_NOTE_ports_top_git_hash=af67f424b' 'PKG_NOTE_ports_top_checkout_unclean=no' 'PKG_NOTE_port_git_hash=' 'PKG_NOTE_port_checkout_unclean=no' 'PKG_NOTE_built_by=poudriere-git-3.3.0-1019-gef452659' NO_DEPENDS=yes USER=nobody UID=65534 GID=65534
===>  Building package for Cygate-pkg-squidGuard-1.16.18_20
install -l rs /.npkg/All/Cygate-pkg-squidGuard-1.16.18_20.pkg /.npkg/All/Cygate-pkg-squidGuard-1.16.18_20.txz
===========================================================================
=>> Cleaning up wrkdir
===>  Cleaning for Cygate-pkg-squidGuard-1.16.18_20
build of www/Cygate-pkg-squidGuard | Cygate-pkg-squidGuard-1.16.18_20 ended at Mon Oct 18 23:44:29 EAT 2021
build time: 00:00:07
