=>> Building sysutils/htop
build started at Mon Oct 18 23:40:35 EAT 2021
port directory: /usr/ports/sysutils/htop
package name: htop-3.0.5
building for: FreeBSD Cygate_v2_5_0_amd64-Cygate_devel-job-03 12.3-PRERELEASE FreeBSD 12.3-PRERELEASE 1202508 amd64
maintained by: gaod@hychen.org
Makefile datestamp: -rw-r--r--  1 root  wheel  674 Oct 18 18:59 /usr/ports/sysutils/htop/Makefile
Ports top last git commit: af67f424b
Ports top unclean checkout: no
Port dir last git commit: af67f424b
Port dir unclean checkout: no
Poudriere version: poudriere-git-3.3.0-1019-gef452659
Host OSVERSION: 1202000
Jail OSVERSION: 1202508
Job Id: 03




!!! Jail is newer than host. (Jail: 1202508, Host: 1202000) !!!
!!! This is not supported. !!!
!!! Host kernel must be same or newer than jail. !!!
!!! Expect build failures. !!!



---Begin Environment---
SHELL=/bin/csh
OSVERSION=1202508
UNAME_v=FreeBSD 12.3-PRERELEASE 1202508
UNAME_r=12.3-PRERELEASE
BLOCKSIZE=K
MAIL=/var/mail/root
STATUS=1
HOME=/root
PATH=/sbin:/bin:/usr/sbin:/usr/bin:/usr/local/sbin:/usr/local/bin:/root/bin
LOCALBASE=/usr/local
USER=root
POUDRIERE_NAME=poudriere-git
LIBEXECPREFIX=/usr/local/libexec/poudriere
POUDRIERE_VERSION=3.3.0-1019-gef452659
MASTERMNT=/usr/local/poudriere/data/.m/Cygate_v2_5_0_amd64-Cygate_devel/ref
LC_COLLATE=C
POUDRIERE_BUILD_TYPE=bulk
PACKAGE_BUILDING=yes
SAVED_TERM=xterm-256color
GID=0
OUTPUT_REDIRECTED_STDERR=4
OUTPUT_REDIRECTED=1
UID=0
PWD=/usr/local/poudriere/data/.m/Cygate_v2_5_0_amd64-Cygate_devel/03/.p
OUTPUT_REDIRECTED_STDOUT=3
P_PORTS_FEATURES=FLAVORS SELECTED_OPTIONS
MASTERNAME=Cygate_v2_5_0_amd64-Cygate_devel
SCRIPTPREFIX=/usr/local/share/poudriere
SCRIPTNAME=bulk.sh
OLDPWD=/usr/local/poudriere/data/.m/Cygate_v2_5_0_amd64-Cygate_devel/ref/.p/pool
POUDRIERE_PKGNAME=poudriere-git-3.3.0-1019-gef452659
SCRIPTPATH=/usr/local/share/poudriere/bulk.sh
POUDRIEREPATH=/usr/local/bin/poudriere
---End Environment---

---Begin Poudriere Port Flags/Env---
PORT_FLAGS=
PKGENV=
FLAVOR=
DEPENDS_ARGS=
MAKE_ARGS=
---End Poudriere Port Flags/Env---

---Begin OPTIONS List---
===> The following configuration options are available for htop-3.0.5:
     LSOF=off: LiSt Open Files utility support
===> Use 'make config' to modify these settings
---End OPTIONS List---

--MAINTAINER--
gaod@hychen.org
--End MAINTAINER--

--CONFIGURE_ARGS--
--enable-unicode --prefix=/usr/local ${_LATE_CONFIGURE_ARGS}
--End CONFIGURE_ARGS--

--CONFIGURE_ENV--
PKG_CONFIG=pkgconf PYTHON="/usr/local/bin/python3.8" XDG_DATA_HOME=/wrkdirs/usr/ports/sysutils/htop/work  XDG_CONFIG_HOME=/wrkdirs/usr/ports/sysutils/htop/work  XDG_CACHE_HOME=/wrkdirs/usr/ports/sysutils/htop/work/.cache  HOME=/wrkdirs/usr/ports/sysutils/htop/work TMPDIR="/tmp" PATH=/wrkdirs/usr/ports/sysutils/htop/work/.bin:/sbin:/bin:/usr/sbin:/usr/bin:/usr/local/sbin:/usr/local/bin:/root/bin SHELL=/bin/sh CONFIG_SHELL=/bin/sh CMAKE_PREFIX_PATH="/usr/local" CONFIG_SITE=/usr/ports/Templates/config.site lt_cv_sys_max_cmd_len=524288
--End CONFIGURE_ENV--

--MAKE_ENV--
XDG_DATA_HOME=/wrkdirs/usr/ports/sysutils/htop/work  XDG_CONFIG_HOME=/wrkdirs/usr/ports/sysutils/htop/work  XDG_CACHE_HOME=/wrkdirs/usr/ports/sysutils/htop/work/.cache  HOME=/wrkdirs/usr/ports/sysutils/htop/work TMPDIR="/tmp" PATH=/wrkdirs/usr/ports/sysutils/htop/work/.bin:/sbin:/bin:/usr/sbin:/usr/bin:/usr/local/sbin:/usr/local/bin:/root/bin NO_PIE=yes MK_DEBUG_FILES=no MK_KERNEL_SYMBOLS=no SHELL=/bin/sh NO_LINT=YES PREFIX=/usr/local  LOCALBASE=/usr/local  CC="cc" CFLAGS="-O2 -pipe  -fstack-protector-strong -isystem /usr/local/include -fno-strict-aliasing "  CPP="cpp" CPPFLAGS="-isystem /usr/local/include"  LDFLAGS=" -fstack-protector-strong " LIBS="-L/usr/local/lib"  CXX="c++" CXXFLAGS="-O2 -pipe -fstack-protector-strong -isystem /usr/local/include -fno-strict-aliasing  -isystem /usr/local/include "  MANPREFIX="/usr/local" BSD_INSTALL_PROGRAM="install  -s -m 555"  BSD_INSTALL_LIB="install  -s -m 0644"  BSD_INSTALL_SCRIPT="install  -m 555"  BSD_INSTALL_DATA="install  -m 0644"  BSD_INSTALL_MAN="install  -m 444"
--End MAKE_ENV--

--PLIST_SUB--
 PYTHON_INCLUDEDIR=include/python3.8  PYTHON_LIBDIR=lib/python3.8  PYTHON_PLATFORM=freebsd12  PYTHON_SITELIBDIR=lib/python3.8/site-packages  PYTHON_SUFFIX=38  PYTHON_EXT_SUFFIX=.cpython-38  PYTHON_VER=3.8  PYTHON_VERSION=python3.8 PYTHON2="@comment " PYTHON3="" OSREL=12.3 PREFIX=%D LOCALBASE=/usr/local  RESETPREFIX=/usr/local LIB32DIR=lib DOCSDIR="share/doc/htop"  EXAMPLESDIR="share/examples/htop"  DATADIR="share/htop"  WWWDIR="www/htop"  ETCDIR="etc/htop"
--End PLIST_SUB--

--SUB_LIST--
 PREFIX=/usr/local LOCALBASE=/usr/local  DATADIR=/usr/local/share/htop DOCSDIR=/usr/local/share/doc/htop EXAMPLESDIR=/usr/local/share/examples/htop  WWWDIR=/usr/local/www/htop ETCDIR=/usr/local/etc/htop
--End SUB_LIST--

---Begin make.conf---
USE_PACKAGE_DEPENDS=yes
BATCH=yes
WRKDIRPREFIX=/wrkdirs
PORTSDIR=/usr/ports
PACKAGES=/packages
DISTDIR=/distfiles
FORCE_PACKAGE=yes
PACKAGE_BUILDING=yes
PACKAGE_BUILDING_FLAVORS=yes
#### /usr/local/etc/poudriere.d/Cygate_devel-make.conf ####
ALLOW_UNSUPPORTED_SYSTEM=yes

# Define pfSense repos
PFSENSE_REPOS=	Cygate-repo Cygate-repo-devel Cygate-repo-245

# Used by pfSense-upgrade port to set pkg_set_version
PFSENSE_PKG_SET_VERSION=	2.6.0-DEVELOPMENT

# Generic options
OPTIONS_UNSET_FORCE=	DOCS DOXYGEN EXAMPLES INFO MAN MANPAGES X11

# Individual ports options
.if ${.CURDIR:N*net/quagga*}=="" || ${.CURDIR:N*net/frr*}==""
CUR_ARCH!=	/usr/bin/uname -p
. if ${CUR_ARCH} == "armv7"
WITH_DEBUG=yes
. endif
.endif

.if ${.CURDIR:N*net/frr*}==""
ETCDIR=	/var/etc/frr
.endif

DEFAULT_VERSIONS=	php=74 ssl=base
PHP_FD_SETSIZE=		3172

. if ${.CURDIR:N*sysutils/check_reload_status*}==""
WITH_DEBUG=	yes
. endif

# Options for packages

# databases
databases_rrdtool_UNSET_FORCE=	PYTHON_MODULE RUBY_MODULE PERL_MODULE DEJAVU GRAPH

# devel
devel_git_UNSET_FORCE=CVS GITWEB GUI HTMLDOCS P4 SVN CONTRIB PERL ETCSHELLS

# dns
dns_dnsmasq_UNSET_FORCE=	DNSSEC

dns_unbound_SET_FORCE=	LIBEVENT PYTHON
dns_unbound112_SET_FORCE=	LIBEVENT PYTHON

dns_bind916_SET_FORCE=DLZ_FILESYSTEM FILTER_AAAA IPV6 LINKS RRL SIGCHASE SSL THREADS GSSAPI_NONE
dns_bind916_UNSET_FORCE=FIXED_RRSET IDN LARGE_FILE LMDB

# emulators
emulators_open-vm-tools_UNSET_FORCE=DOCS FUSE LIBNOTIFY X11

# graphics
graphics_cairo_UNSET_FORCE=X11 XCB OPENGL

graphics_gd_SET_FORCE=ICONV
graphics_gd_UNSET_FORCE=FONTCONFIG XPM

graphics_graphviz_SET_FORCE=ICONV NLS
graphics_graphviz_UNSET_FORCE=DIGCOLA IPSEPCOLA PANGOCAIRO XPM

# lang
lang_gcc_UNSET_FORCE=JAVA

# mail
mail_pear-Mail_SET_FORCE=	PEAR_NET_SMTP

# net
net_freeradius3_SET_FORCE=EXPERIMENTAL HEIMDAL LDAP MYSQL PERL PGSQL PYTHON SQLITE3

net_frr7_SET_FORCE=SNMP

net_haproxy18_SET_FORCE=OPENSSL SPCRE LUA
net_haproxy18_UNSET_FORCE=DPCRE

net_haproxy_SET_FORCE=OPENSSL SPCRE LUA PROMEX
net_haproxy_UNSET_FORCE=DPCRE

net_haproxy-devel_SET_FORCE=OPENSSL SPCRE LUA
net_haproxy-devel_UNSET_FORCE=DPCRE

net_libpcap_SET_FORCE=IPV6
net_libpcap_UNSET_FORCE=DAG

net_miniupnpd_SET_FORCE=	PF_FILTER_RULES IPV6 CHECK_PORTINUSE

net_mtr_UNSET_FORCE=X11

net_nss_ldap_UNSET_FORCE=SASL KERBEROS

net_ntp_UNSET_FORCE=	PERL_UTILS

# net-mgmt
net-mgmt_net-snmp_SET_FORCE=IPV6 MFD_REWRITES TLS
net-mgmt_net-snmp_UNSET_FORCE=AX_DISABLE_TRAP AX_SOCKONLY DOCS DUMMY JAIL MYSQL PYTHON SMUX TKMIB UNPRIVILEGED

net-mgmt_zabbix3-agent_SET_FORCE=IPV6

net-mgmt_zabbix3-proxy_SET_FORCE=IPMI IPV6 LIBXML2 SQLITE SSH
net-mgmt_zabbix3-proxy_UNSET_FORCE=MYSQL

net-mgmt_zabbix4-agent_SET_FORCE=IPV6

net-mgmt_zabbix4-proxy_SET_FORCE=IPMI IPV6 LIBXML2 SQLITE SSH
net-mgmt_zabbix4-proxy_UNSET_FORCE=MYSQL

net-mgmt_zabbix44-agent_SET_FORCE=IPV6

net-mgmt_zabbix44-proxy_SET_FORCE=IPMI IPV6 LIBXML2 SQLITE SSH
net-mgmt_zabbix44-proxy_UNSET_FORCE=MYSQL

net-mgmt_zabbix5-agent_SET_FORCE=IPV6

net-mgmt_zabbix5-proxy_SET_FORCE=IPMI IPV6 LIBXML2 SQLITE SSH
net-mgmt_zabbix5-proxy_UNSET_FORCE=MYSQL

net-mgmt_zabbix52-agent_SET_FORCE=IPV6

net-mgmt_zabbix52-proxy_SET_FORCE=IPMI IPV6 LIBXML2 SQLITE SSH
net-mgmt_zabbix52-proxy_UNSET_FORCE=MYSQL

net-mgmt_zabbix54-agent_SET_FORCE=IPV6

net-mgmt_zabbix54-proxy_SET_FORCE=IPMI IPV6 LIBXML2 SQLITE SSH
net-mgmt_zabbix54-proxy_UNSET_FORCE=MYSQL

# security
security_ca_root_nss_SET_FORCE=	ETCSYMLINK

security_opensc_SET_FORCE=	PCSC
security_opensc_UNSET_FORCE=	DOCS MANPAGES

security_openvpn_SET_FORCE=	X509ALTUSERNAME ASYNC_PUSH
security_openvpn_UNSET_FORCE=	EASYRSA

shells_scponly_SET_FORCE=CHROOT SCP WILDCARDS WINSCP
shells_scponly_UNSET_FORCE=DEFAULT_CHDIR DOCS GFTP RSYNC SVN SVNSERVE UNISON

security_sudo_SET_FORCE=LDAP

security_snort_SET_FORCE=APPID COREDUMPS GRE IPV6 NORMALIZER PERFPROFILE SOURCEFIRE
security_snort_UNSET_FORCE=BARNYARD FILEINSPECT HA PULLEDPORK

.if ${.CURDIR:N*security/snort3*}==""
CUR_ARCH!=  /usr/bin/uname -p
.if ${CUR_ARCH} == "armv7" || ${CUR_ARCH} == "aarch64"
security_snort3_SET_FORCE=LARGEPCAP STATICDAQ
security_snort3_UNSET_FORCE=HYPERSCAN TSC
else
security_snort3_SET_FORCE=LARGEPCAP STATICDAQ HYPERSCAN
.endif
.endif

security_strongswan_SET_FORCE=	CURL EAPDYNAMIC EAPRADIUS EAPSIMFILE \
			IKEv1 UNBOUND XAUTH IPSECKEY PKCS11 PKI UNITY VICI VSTR SWANCTL
security_strongswan_UNSET_FORCE=	EAPAKA3GPP2 BUILTIN LIBC SMP

security_suricata_SET_FORCE=GEOIP HTP_PORT IPFW JSON LUAJIT NSS PORTS_PCAP NETMAP HYPERSCAN REDIS
security_suricata4_SET_FORCE=GEOIP HTP_PORT IPFW JSON LUAJIT NSS PORTS_PCAP NETMAP HYPERSCAN REDIS
.if ${.CURDIR:N*security/suricata*}==""
CUR_ARCH!=	/usr/bin/uname -p
NATIVE_BUILD!=	/sbin/sysctl -qn kern.supported_archs | grep -q ${CUR_ARCH} && echo yes || /usr/bin/true
.if ${NATIVE_BUILD} != "yes"
security_suricata_UNSET_FORCE=LUA PRELUDE SC TESTS RUST
security_suricata4_UNSET_FORCE=LUA PRELUDE SC TESTS RUST
.else
security_suricata_UNSET_FORCE=LUA PRELUDE SC TESTS
security_suricata4_UNSET_FORCE=LUA PRELUDE SC TESTS
.endif
.endif

security_xinetd_UNSET_FORCE=	XCONV

# sysutils
sysutils_apcupsd_SET_FORCE=APCDUMB_DRV APCSMART_DRV PCNET_DRV SNMP_DRV TCP_WRAPPERS USB
sysutils_apcupsd_UNSET_FORCE=CGI CLIENT_ONLY GAPCMON SNMP_DRV_OLD TEST_DRV

sysutils_flashrom_UNSET_FORCE=	FTDI BUSPIRATE

sysutils_pftop_SET_FORCE=ALTQ

sysutils_syslog-ng_SET_FORCE=	SYS_SSL
sysutils_syslog-ng_UNSET_FORCE=	PORTS_SSL

# www
www_c-icap_SET_FORCE=LARGE_FILES
www_c-icap_UNSET_FORCE=IPV6

www_lightsquid_SET_FORCE=GD

www_lighttpd_SET_FORCE=	NODELAY

www_nginx_SET_FORCE=	LUA

www_squid_SET_FORCE=ARP_ACL AUTH_LDAP AUTH_NIS AUTH_SASL CACHE_DIGESTS DELAY_POOLS FOLLOW_XFF FS_AUFS FS_DISKD GSSAPI_MIT HTCP ICAP ICMP IDENT IPV6 KQUEUE LARGEFILE LAX_HTTP SNMP SSL SSL_CRTD TP_PF WCCP WCCPV2
www_squid_UNSET_FORCE=AUTH_SMB AUTH_SQL DEBUG DNS_HELPER ECAP ESI FS_ROCK GSSAPI_NONE GSSAPI_BASE GSSAPI_HEIMDAL STACKTRACES TP_IPF TP_IPFW VIA_DB

www_squidguard_SET_FORCE=DNS_BL LDAP STRIP_NTDOMAIN
www_squidguard_UNSET_FORCE=QUOTE_STRING

www_e2guardian_SET_FORCE=ICAP NTLM SSL_MITM

PKG_REPO_BRANCH_DEVEL=v2_5_0
PKG_REPO_BRANCH_RELEASE=v2_5_2
PKG_REPO_SERVER_DEVEL=pkg+http://10.42.0.2/packages
PKG_REPO_SERVER_RELEASE=pkg+http://10.42.0.2/packages
POUDRIERE_PORTS_NAME=Cygate_devel
PFSENSE_DEFAULT_REPO=Cygate-repo-devel
PRODUCT_NAME=Cygate
REPO_BRANCH_PREFIX=
#### Misc Poudriere ####
.include "/etc/make.conf.ports_env"
---End make.conf---
--Resource limits--
cpu time               (seconds, -t)  unlimited
file size           (512-blocks, -f)  unlimited
data seg size           (kbytes, -d)  33554432
stack size              (kbytes, -s)  524288
core file size      (512-blocks, -c)  unlimited
max memory size         (kbytes, -m)  unlimited
locked memory           (kbytes, -l)  unlimited
max user processes              (-u)  19414
open files                      (-n)  9000
virtual mem size        (kbytes, -v)  8388608
swap limit              (kbytes, -w)  unlimited
socket buffer size       (bytes, -b)  unlimited
pseudo-terminals                (-p)  unlimited
kqueues                         (-k)  unlimited
umtx shared locks               (-o)  unlimited
--End resource limits--
=======================<phase: check-sanity   >============================
===== env: NO_DEPENDS=yes USER=nobody UID=65534 GID=65534
===>  License GPLv2 accepted by the user
===========================================================================
=======================<phase: pkg-depends    >============================
===== env: USE_PACKAGE_DEPENDS_ONLY=1 USER=root UID=0 GID=0
===>   htop-3.0.5 depends on file: /usr/local/sbin/pkg - not found
===>   Installing existing package /packages/All/pkg-1.17.2.pkg
[Cygate_v2_5_0_amd64-Cygate_devel-job-03] Installing pkg-1.17.2...
[Cygate_v2_5_0_amd64-Cygate_devel-job-03] Extracting pkg-1.17.2: .......... done
===>   htop-3.0.5 depends on file: /usr/local/sbin/pkg - found
===>   Returning to build of htop-3.0.5
===========================================================================
=======================<phase: fetch-depends  >============================
===== env: USE_PACKAGE_DEPENDS_ONLY=1 USER=root UID=0 GID=0
===========================================================================
=======================<phase: fetch          >============================
===== env: NO_DEPENDS=yes USER=root UID=0 GID=0
===>  License GPLv2 accepted by the user
===> Fetching all distfiles required by htop-3.0.5 for building
===========================================================================
=======================<phase: checksum       >============================
===== env: NO_DEPENDS=yes USER=root UID=0 GID=0
===>  License GPLv2 accepted by the user
===> Fetching all distfiles required by htop-3.0.5 for building
=> SHA256 Checksum OK for htop-dev-htop-3.0.5_GH0.tar.gz.
===========================================================================
=======================<phase: extract-depends>============================
===== env: USE_PACKAGE_DEPENDS_ONLY=1 USER=root UID=0 GID=0
===========================================================================
=======================<phase: extract        >============================
===== env: NO_DEPENDS=yes USER=nobody UID=65534 GID=65534
===>  License GPLv2 accepted by the user
===> Fetching all distfiles required by htop-3.0.5 for building
===>  Extracting for htop-3.0.5
=> SHA256 Checksum OK for htop-dev-htop-3.0.5_GH0.tar.gz.
===========================================================================
=======================<phase: patch-depends  >============================
===== env: USE_PACKAGE_DEPENDS_ONLY=1 USER=root UID=0 GID=0
===========================================================================
=======================<phase: patch          >============================
===== env: NO_DEPENDS=yes USER=nobody UID=65534 GID=65534
===>  Patching for htop-3.0.5
===========================================================================
=======================<phase: build-depends  >============================
===== env: USE_PACKAGE_DEPENDS_ONLY=1 USER=root UID=0 GID=0
===>   htop-3.0.5 depends on package: pkgconf>=1.3.0_1 - not found
===>   Installing existing package /packages/All/pkgconf-1.8.0,1.pkg
[Cygate_v2_5_0_amd64-Cygate_devel-job-03] Installing pkgconf-1.8.0,1...
[Cygate_v2_5_0_amd64-Cygate_devel-job-03] Extracting pkgconf-1.8.0,1: .......... done
===>   htop-3.0.5 depends on package: pkgconf>=1.3.0_1 - found
===>   Returning to build of htop-3.0.5
===>   htop-3.0.5 depends on file: /usr/local/bin/python3.8 - not found
===>   Installing existing package /packages/All/python38-3.8.12_1.pkg
[Cygate_v2_5_0_amd64-Cygate_devel-job-03] Installing python38-3.8.12_1...
[Cygate_v2_5_0_amd64-Cygate_devel-job-03] `-- Installing gettext-runtime-0.21...
[Cygate_v2_5_0_amd64-Cygate_devel-job-03] |   `-- Installing indexinfo-0.3.1...
[Cygate_v2_5_0_amd64-Cygate_devel-job-03] |   `-- Extracting indexinfo-0.3.1: .... done
[Cygate_v2_5_0_amd64-Cygate_devel-job-03] `-- Extracting gettext-runtime-0.21: .......... done
[Cygate_v2_5_0_amd64-Cygate_devel-job-03] `-- Installing libffi-3.3_1...
[Cygate_v2_5_0_amd64-Cygate_devel-job-03] `-- Extracting libffi-3.3_1: .......... done
[Cygate_v2_5_0_amd64-Cygate_devel-job-03] `-- Installing mpdecimal-2.5.1...
[Cygate_v2_5_0_amd64-Cygate_devel-job-03] `-- Extracting mpdecimal-2.5.1: .......... done
[Cygate_v2_5_0_amd64-Cygate_devel-job-03] `-- Installing readline-8.1.1...
[Cygate_v2_5_0_amd64-Cygate_devel-job-03] `-- Extracting readline-8.1.1: .......... done
[Cygate_v2_5_0_amd64-Cygate_devel-job-03] Extracting python38-3.8.12_1: .......... done
=====
Message from python38-3.8.12_1:

--
Note that some standard Python modules are provided as separate ports
as they require additional dependencies. They are available as:

py38-gdbm       databases/py-gdbm@py38
py38-sqlite3    databases/py-sqlite3@py38
py38-tkinter    x11-toolkits/py-tkinter@py38
===>   htop-3.0.5 depends on file: /usr/local/bin/python3.8 - found
===>   Returning to build of htop-3.0.5
===>   htop-3.0.5 depends on package: autoconf>=2.69 - not found
===>   Installing existing package /packages/All/autoconf-2.69_3.pkg
[Cygate_v2_5_0_amd64-Cygate_devel-job-03] Installing autoconf-2.69_3...
[Cygate_v2_5_0_amd64-Cygate_devel-job-03] `-- Installing autoconf-wrapper-20131203...
[Cygate_v2_5_0_amd64-Cygate_devel-job-03] `-- Extracting autoconf-wrapper-20131203: .......... done
[Cygate_v2_5_0_amd64-Cygate_devel-job-03] `-- Installing m4-1.4.19,1...
[Cygate_v2_5_0_amd64-Cygate_devel-job-03] `-- Extracting m4-1.4.19,1: .......... done
[Cygate_v2_5_0_amd64-Cygate_devel-job-03] `-- Installing perl5-5.32.1_1...
[Cygate_v2_5_0_amd64-Cygate_devel-job-03] `-- Extracting perl5-5.32.1_1: .......... done
[Cygate_v2_5_0_amd64-Cygate_devel-job-03] Extracting autoconf-2.69_3: .......... done
===>   htop-3.0.5 depends on package: autoconf>=2.69 - found
===>   Returning to build of htop-3.0.5
===>   htop-3.0.5 depends on package: automake>=1.16.1 - not found
===>   Installing existing package /packages/All/automake-1.16.4.pkg
[Cygate_v2_5_0_amd64-Cygate_devel-job-03] Installing automake-1.16.4...
[Cygate_v2_5_0_amd64-Cygate_devel-job-03] Extracting automake-1.16.4: .......... done
===>   htop-3.0.5 depends on package: automake>=1.16.1 - found
===>   Returning to build of htop-3.0.5
===>   htop-3.0.5 depends on executable: libtoolize - not found
===>   Installing existing package /packages/All/libtool-2.4.6_1.pkg
[Cygate_v2_5_0_amd64-Cygate_devel-job-03] Installing libtool-2.4.6_1...
[Cygate_v2_5_0_amd64-Cygate_devel-job-03] Extracting libtool-2.4.6_1: .......... done
===>   htop-3.0.5 depends on executable: libtoolize - found
===>   Returning to build of htop-3.0.5
===========================================================================
=======================<phase: lib-depends    >============================
===== env: USE_PACKAGE_DEPENDS_ONLY=1 USER=root UID=0 GID=0
===========================================================================
=======================<phase: configure      >============================
===== env: NO_DEPENDS=yes USER=nobody UID=65534 GID=65534
===>  Configuring for htop-3.0.5
configure.ac:18: installing './compile'
configure.ac:12: installing './config.guess'
configure.ac:12: installing './config.sub'
configure.ac:14: installing './install-sh'
configure.ac:14: installing './missing'
Makefile.am: installing './depcomp'
configure: loading site script /usr/ports/Templates/config.site
checking build system type... amd64-portbld-freebsd12.3
checking host system type... amd64-portbld-freebsd12.3
checking target system type... amd64-portbld-freebsd12.3
checking for a BSD-compatible install... /usr/bin/install -c
checking whether build environment is sane... yes
checking for a thread-safe mkdir -p... (cached) /bin/mkdir -p
checking for gawk... (cached) /usr/bin/awk
checking whether make sets $(MAKE)... yes
checking whether make supports nested variables... yes
checking for gcc... cc
checking whether the C compiler works... yes
checking for C compiler default output file name... a.out
checking for suffix of executables... 
checking whether we are cross compiling... no
checking for suffix of object files... o
checking whether we are using the GNU C compiler... yes
checking whether cc accepts -g... yes
checking for cc option to accept ISO C89... none needed
checking whether cc understands -c and -o together... yes
checking whether make supports the include directive... yes (GNU style)
checking dependency style of cc... gcc3
checking how to run the C preprocessor... cpp
checking for grep that handles long lines and -e... (cached) /usr/bin/grep
checking for egrep... (cached) /usr/bin/egrep
checking for ANSI C header files... (cached) yes
checking for sys/types.h... (cached) yes
checking for sys/stat.h... (cached) yes
checking for stdlib.h... (cached) yes
checking for string.h... (cached) yes
checking for memory.h... (cached) yes
checking for strings.h... (cached) yes
checking for inttypes.h... (cached) yes
checking for stdint.h... (cached) yes
checking for unistd.h... (cached) yes
checking for minix/config.h... (cached) no
checking whether it is safe to define __EXTENSIONS__... yes
checking for ceil in -lm... yes
checking for dirent.h that defines DIR... yes
checking for library containing opendir... none required
checking for ANSI C header files... (cached) yes
checking for stdlib.h... (cached) yes
checking for string.h... (cached) yes
checking for strings.h... (cached) yes
checking for sys/param.h... (cached) yes
checking for sys/time.h... (cached) yes
checking for unistd.h... (cached) yes
checking execinfo.h usability... yes
checking execinfo.h presence... yes
checking for execinfo.h... yes
checking whether sys/types.h defines makedev... yes
checking sys/sysmacros.h usability... no
checking sys/sysmacros.h presence... no
checking for sys/sysmacros.h... no
checking for stdbool.h that conforms to C99... (cached) yes
checking for _Bool... (cached) yes
checking for an ANSI C-conforming const... yes
checking for pid_t... (cached) yes
checking for uid_t in sys/types.h... (cached) yes
checking for uint8_t... (cached) yes
checking for uint16_t... (cached) yes
checking for uint32_t... (cached) yes
checking for uint64_t... (cached) yes
checking whether closedir returns void... no
checking whether lstat correctly handles trailing slash... (cached) yes
checking whether stat accepts an empty string... no
checking for clock_gettime... (cached) yes
checking for faccessat... yes
checking for fstatat... (cached) yes
checking for host_get_clock_service... no
checking for openat... yes
checking for readlinkat... (cached) yes
checking for library containing dlopen... none required
checking for library containing clock_gettime... none required
checking whether cc -std=c99 option works... yes
checking for library containing backtrace... -lexecinfo
checking for library containing devstat_checkversion... -ldevstat
checking for addnwstr in -lncursesw6... no
checking for addnwstr in -lncursesw... yes
checking ncursesw/curses.h usability... no
checking ncursesw/curses.h presence... no
checking for ncursesw/curses.h... no
checking ncurses/ncurses.h usability... no
checking ncurses/ncurses.h presence... no
checking for ncurses/ncurses.h... no
checking ncurses/curses.h usability... no
checking ncurses/curses.h presence... no
checking for ncurses/curses.h... no
checking ncurses.h usability... yes
checking ncurses.h presence... yes
checking for ncurses.h... yes
checking for library containing keypad... none required
checking for kvm_open in -lkvm... yes
checking for usable sched_setaffinity... no
checking sensors/sensors.h usability... no
checking sensors/sensors.h presence... no
checking for sensors/sensors.h... no
checking whether C compiler accepts -Wnull-dereference... yes
checking that generated files are newer than configure... done
configure: creating ./config.status
config.status: creating Makefile
config.status: creating htop.1
config.status: creating config.h
config.status: executing depfiles commands

  htop 3.0.5

  platform:                  freebsd
  (Linux) proc directory:    /proc
  (Linux) openvz:            no
  (Linux) vserver:           no
  (Linux) ancient vserver:   no
  (Linux) affinity:          no
  (Linux) delay accounting:  no
  (Linux) sensors:           no
  unicode:                   yes
  hwloc:                     no
  setuid:                    no
  debug:                     no

===========================================================================
=======================<phase: build          >============================
===== env: NO_DEPENDS=yes USER=nobody UID=65534 GID=65534
===>  Building for htop-3.0.5
--- all ---
/usr/bin/make  all-am
--- freebsd/.dirstamp ---
--- freebsd/.deps/.dirstamp ---
--- zfs/.dirstamp ---
--- zfs/.deps/.dirstamp ---
--- Action.o ---
--- Affinity.o ---
--- AffinityPanel.o ---
--- AvailableColumnsPanel.o ---
--- AvailableMetersPanel.o ---
--- BatteryMeter.o ---
--- CategoriesPanel.o ---
--- ClockMeter.o ---
--- Action.o ---
depbase=`echo Action.o | sed 's|[^/]*$|.deps/&|;s|\.o$||'`; cc -DHAVE_CONFIG_H -I.  -DNDEBUG  -isystem /usr/local/include -Wall -Wcast-align -Wcast-qual -Wextra -Wfloat-equal -Wformat=2 -Wmissing-format-attribute -Wmissing-noreturn -Wmissing-prototypes -Wpointer-arith -Wshadow -Wstrict-prototypes -Wundef -Wunused -Wwrite-strings -Wnull-dereference -pedantic -std=c99 -D_XOPEN_SOURCE_EXTENDED  -DSYSCONFDIR=\"/usr/local/etc\"  -I"./freebsd" -O2 -pipe  -fstack-protector-strong -isystem /usr/local/include -fno-strict-aliasing -MT Action.o -MD -MP -MF $depbase.Tpo -c -o Action.o Action.c && mv -f $depbase.Tpo $depbase.Po
--- Affinity.o ---
depbase=`echo Affinity.o | sed 's|[^/]*$|.deps/&|;s|\.o$||'`; cc -DHAVE_CONFIG_H -I.  -DNDEBUG  -isystem /usr/local/include -Wall -Wcast-align -Wcast-qual -Wextra -Wfloat-equal -Wformat=2 -Wmissing-format-attribute -Wmissing-noreturn -Wmissing-prototypes -Wpointer-arith -Wshadow -Wstrict-prototypes -Wundef -Wunused -Wwrite-strings -Wnull-dereference -pedantic -std=c99 -D_XOPEN_SOURCE_EXTENDED  -DSYSCONFDIR=\"/usr/local/etc\"  -I"./freebsd" -O2 -pipe  -fstack-protector-strong -isystem /usr/local/include -fno-strict-aliasing -MT Affinity.o -MD -MP -MF $depbase.Tpo -c -o Affinity.o Affinity.c && mv -f $depbase.Tpo $depbase.Po
--- AffinityPanel.o ---
depbase=`echo AffinityPanel.o | sed 's|[^/]*$|.deps/&|;s|\.o$||'`; cc -DHAVE_CONFIG_H -I.  -DNDEBUG  -isystem /usr/local/include -Wall -Wcast-align -Wcast-qual -Wextra -Wfloat-equal -Wformat=2 -Wmissing-format-attribute -Wmissing-noreturn -Wmissing-prototypes -Wpointer-arith -Wshadow -Wstrict-prototypes -Wundef -Wunused -Wwrite-strings -Wnull-dereference -pedantic -std=c99 -D_XOPEN_SOURCE_EXTENDED  -DSYSCONFDIR=\"/usr/local/etc\"  -I"./freebsd" -O2 -pipe  -fstack-protector-strong -isystem /usr/local/include -fno-strict-aliasing -MT AffinityPanel.o -MD -MP -MF $depbase.Tpo -c -o AffinityPanel.o AffinityPanel.c && mv -f $depbase.Tpo $depbase.Po
--- ColorsPanel.o ---
--- ColumnsPanel.o ---
--- CommandScreen.o ---
--- BatteryMeter.o ---
depbase=`echo BatteryMeter.o | sed 's|[^/]*$|.deps/&|;s|\.o$||'`; cc -DHAVE_CONFIG_H -I.  -DNDEBUG  -isystem /usr/local/include -Wall -Wcast-align -Wcast-qual -Wextra -Wfloat-equal -Wformat=2 -Wmissing-format-attribute -Wmissing-noreturn -Wmissing-prototypes -Wpointer-arith -Wshadow -Wstrict-prototypes -Wundef -Wunused -Wwrite-strings -Wnull-dereference -pedantic -std=c99 -D_XOPEN_SOURCE_EXTENDED  -DSYSCONFDIR=\"/usr/local/etc\"  -I"./freebsd" -O2 -pipe  -fstack-protector-strong -isystem /usr/local/include -fno-strict-aliasing -MT BatteryMeter.o -MD -MP -MF $depbase.Tpo -c -o BatteryMeter.o BatteryMeter.c && mv -f $depbase.Tpo $depbase.Po
--- CategoriesPanel.o ---
depbase=`echo CategoriesPanel.o | sed 's|[^/]*$|.deps/&|;s|\.o$||'`; cc -DHAVE_CONFIG_H -I.  -DNDEBUG  -isystem /usr/local/include -Wall -Wcast-align -Wcast-qual -Wextra -Wfloat-equal -Wformat=2 -Wmissing-format-attribute -Wmissing-noreturn -Wmissing-prototypes -Wpointer-arith -Wshadow -Wstrict-prototypes -Wundef -Wunused -Wwrite-strings -Wnull-dereference -pedantic -std=c99 -D_XOPEN_SOURCE_EXTENDED  -DSYSCONFDIR=\"/usr/local/etc\"  -I"./freebsd" -O2 -pipe  -fstack-protector-strong -isystem /usr/local/include -fno-strict-aliasing -MT CategoriesPanel.o -MD -MP -MF $depbase.Tpo -c -o CategoriesPanel.o CategoriesPanel.c && mv -f $depbase.Tpo $depbase.Po
--- ClockMeter.o ---
depbase=`echo ClockMeter.o | sed 's|[^/]*$|.deps/&|;s|\.o$||'`; cc -DHAVE_CONFIG_H -I.  -DNDEBUG  -isystem /usr/local/include -Wall -Wcast-align -Wcast-qual -Wextra -Wfloat-equal -Wformat=2 -Wmissing-format-attribute -Wmissing-noreturn -Wmissing-prototypes -Wpointer-arith -Wshadow -Wstrict-prototypes -Wundef -Wunused -Wwrite-strings -Wnull-dereference -pedantic -std=c99 -D_XOPEN_SOURCE_EXTENDED  -DSYSCONFDIR=\"/usr/local/etc\"  -I"./freebsd" -O2 -pipe  -fstack-protector-strong -isystem /usr/local/include -fno-strict-aliasing -MT ClockMeter.o -MD -MP -MF $depbase.Tpo -c -o ClockMeter.o ClockMeter.c && mv -f $depbase.Tpo $depbase.Po
--- AvailableColumnsPanel.o ---
depbase=`echo AvailableColumnsPanel.o | sed 's|[^/]*$|.deps/&|;s|\.o$||'`; cc -DHAVE_CONFIG_H -I.  -DNDEBUG  -isystem /usr/local/include -Wall -Wcast-align -Wcast-qual -Wextra -Wfloat-equal -Wformat=2 -Wmissing-format-attribute -Wmissing-noreturn -Wmissing-prototypes -Wpointer-arith -Wshadow -Wstrict-prototypes -Wundef -Wunused -Wwrite-strings -Wnull-dereference -pedantic -std=c99 -D_XOPEN_SOURCE_EXTENDED  -DSYSCONFDIR=\"/usr/local/etc\"  -I"./freebsd" -O2 -pipe  -fstack-protector-strong -isystem /usr/local/include -fno-strict-aliasing -MT AvailableColumnsPanel.o -MD -MP -MF $depbase.Tpo -c -o AvailableColumnsPanel.o AvailableColumnsPanel.c && mv -f $depbase.Tpo $depbase.Po
--- AvailableMetersPanel.o ---
depbase=`echo AvailableMetersPanel.o | sed 's|[^/]*$|.deps/&|;s|\.o$||'`; cc -DHAVE_CONFIG_H -I.  -DNDEBUG  -isystem /usr/local/include -Wall -Wcast-align -Wcast-qual -Wextra -Wfloat-equal -Wformat=2 -Wmissing-format-attribute -Wmissing-noreturn -Wmissing-prototypes -Wpointer-arith -Wshadow -Wstrict-prototypes -Wundef -Wunused -Wwrite-strings -Wnull-dereference -pedantic -std=c99 -D_XOPEN_SOURCE_EXTENDED  -DSYSCONFDIR=\"/usr/local/etc\"  -I"./freebsd" -O2 -pipe  -fstack-protector-strong -isystem /usr/local/include -fno-strict-aliasing -MT AvailableMetersPanel.o -MD -MP -MF $depbase.Tpo -c -o AvailableMetersPanel.o AvailableMetersPanel.c && mv -f $depbase.Tpo $depbase.Po
--- Compat.o ---
--- ColorsPanel.o ---
depbase=`echo ColorsPanel.o | sed 's|[^/]*$|.deps/&|;s|\.o$||'`; cc -DHAVE_CONFIG_H -I.  -DNDEBUG  -isystem /usr/local/include -Wall -Wcast-align -Wcast-qual -Wextra -Wfloat-equal -Wformat=2 -Wmissing-format-attribute -Wmissing-noreturn -Wmissing-prototypes -Wpointer-arith -Wshadow -Wstrict-prototypes -Wundef -Wunused -Wwrite-strings -Wnull-dereference -pedantic -std=c99 -D_XOPEN_SOURCE_EXTENDED  -DSYSCONFDIR=\"/usr/local/etc\"  -I"./freebsd" -O2 -pipe  -fstack-protector-strong -isystem /usr/local/include -fno-strict-aliasing -MT ColorsPanel.o -MD -MP -MF $depbase.Tpo -c -o ColorsPanel.o ColorsPanel.c && mv -f $depbase.Tpo $depbase.Po
--- ColumnsPanel.o ---
depbase=`echo ColumnsPanel.o | sed 's|[^/]*$|.deps/&|;s|\.o$||'`; cc -DHAVE_CONFIG_H -I.  -DNDEBUG  -isystem /usr/local/include -Wall -Wcast-align -Wcast-qual -Wextra -Wfloat-equal -Wformat=2 -Wmissing-format-attribute -Wmissing-noreturn -Wmissing-prototypes -Wpointer-arith -Wshadow -Wstrict-prototypes -Wundef -Wunused -Wwrite-strings -Wnull-dereference -pedantic -std=c99 -D_XOPEN_SOURCE_EXTENDED  -DSYSCONFDIR=\"/usr/local/etc\"  -I"./freebsd" -O2 -pipe  -fstack-protector-strong -isystem /usr/local/include -fno-strict-aliasing -MT ColumnsPanel.o -MD -MP -MF $depbase.Tpo -c -o ColumnsPanel.o ColumnsPanel.c && mv -f $depbase.Tpo $depbase.Po
--- CommandScreen.o ---
depbase=`echo CommandScreen.o | sed 's|[^/]*$|.deps/&|;s|\.o$||'`; cc -DHAVE_CONFIG_H -I.  -DNDEBUG  -isystem /usr/local/include -Wall -Wcast-align -Wcast-qual -Wextra -Wfloat-equal -Wformat=2 -Wmissing-format-attribute -Wmissing-noreturn -Wmissing-prototypes -Wpointer-arith -Wshadow -Wstrict-prototypes -Wundef -Wunused -Wwrite-strings -Wnull-dereference -pedantic -std=c99 -D_XOPEN_SOURCE_EXTENDED  -DSYSCONFDIR=\"/usr/local/etc\"  -I"./freebsd" -O2 -pipe  -fstack-protector-strong -isystem /usr/local/include -fno-strict-aliasing -MT CommandScreen.o -MD -MP -MF $depbase.Tpo -c -o CommandScreen.o CommandScreen.c && mv -f $depbase.Tpo $depbase.Po
--- Compat.o ---
depbase=`echo Compat.o | sed 's|[^/]*$|.deps/&|;s|\.o$||'`; cc -DHAVE_CONFIG_H -I.  -DNDEBUG  -isystem /usr/local/include -Wall -Wcast-align -Wcast-qual -Wextra -Wfloat-equal -Wformat=2 -Wmissing-format-attribute -Wmissing-noreturn -Wmissing-prototypes -Wpointer-arith -Wshadow -Wstrict-prototypes -Wundef -Wunused -Wwrite-strings -Wnull-dereference -pedantic -std=c99 -D_XOPEN_SOURCE_EXTENDED  -DSYSCONFDIR=\"/usr/local/etc\"  -I"./freebsd" -O2 -pipe  -fstack-protector-strong -isystem /usr/local/include -fno-strict-aliasing -MT Compat.o -MD -MP -MF $depbase.Tpo -c -o Compat.o Compat.c && mv -f $depbase.Tpo $depbase.Po
--- CPUMeter.o ---
depbase=`echo CPUMeter.o | sed 's|[^/]*$|.deps/&|;s|\.o$||'`; cc -DHAVE_CONFIG_H -I.  -DNDEBUG  -isystem /usr/local/include -Wall -Wcast-align -Wcast-qual -Wextra -Wfloat-equal -Wformat=2 -Wmissing-format-attribute -Wmissing-noreturn -Wmissing-prototypes -Wpointer-arith -Wshadow -Wstrict-prototypes -Wundef -Wunused -Wwrite-strings -Wnull-dereference -pedantic -std=c99 -D_XOPEN_SOURCE_EXTENDED  -DSYSCONFDIR=\"/usr/local/etc\"  -I"./freebsd" -O2 -pipe  -fstack-protector-strong -isystem /usr/local/include -fno-strict-aliasing -MT CPUMeter.o -MD -MP -MF $depbase.Tpo -c -o CPUMeter.o CPUMeter.c && mv -f $depbase.Tpo $depbase.Po
--- CRT.o ---
depbase=`echo CRT.o | sed 's|[^/]*$|.deps/&|;s|\.o$||'`; cc -DHAVE_CONFIG_H -I.  -DNDEBUG  -isystem /usr/local/include -Wall -Wcast-align -Wcast-qual -Wextra -Wfloat-equal -Wformat=2 -Wmissing-format-attribute -Wmissing-noreturn -Wmissing-prototypes -Wpointer-arith -Wshadow -Wstrict-prototypes -Wundef -Wunused -Wwrite-strings -Wnull-dereference -pedantic -std=c99 -D_XOPEN_SOURCE_EXTENDED  -DSYSCONFDIR=\"/usr/local/etc\"  -I"./freebsd" -O2 -pipe  -fstack-protector-strong -isystem /usr/local/include -fno-strict-aliasing -MT CRT.o -MD -MP -MF $depbase.Tpo -c -o CRT.o CRT.c && mv -f $depbase.Tpo $depbase.Po
--- DateMeter.o ---
--- DateTimeMeter.o ---
--- DiskIOMeter.o ---
--- DateMeter.o ---
depbase=`echo DateMeter.o | sed 's|[^/]*$|.deps/&|;s|\.o$||'`; cc -DHAVE_CONFIG_H -I.  -DNDEBUG  -isystem /usr/local/include -Wall -Wcast-align -Wcast-qual -Wextra -Wfloat-equal -Wformat=2 -Wmissing-format-attribute -Wmissing-noreturn -Wmissing-prototypes -Wpointer-arith -Wshadow -Wstrict-prototypes -Wundef -Wunused -Wwrite-strings -Wnull-dereference -pedantic -std=c99 -D_XOPEN_SOURCE_EXTENDED  -DSYSCONFDIR=\"/usr/local/etc\"  -I"./freebsd" -O2 -pipe  -fstack-protector-strong -isystem /usr/local/include -fno-strict-aliasing -MT DateMeter.o -MD -MP -MF $depbase.Tpo -c -o DateMeter.o DateMeter.c && mv -f $depbase.Tpo $depbase.Po
--- DateTimeMeter.o ---
depbase=`echo DateTimeMeter.o | sed 's|[^/]*$|.deps/&|;s|\.o$||'`; cc -DHAVE_CONFIG_H -I.  -DNDEBUG  -isystem /usr/local/include -Wall -Wcast-align -Wcast-qual -Wextra -Wfloat-equal -Wformat=2 -Wmissing-format-attribute -Wmissing-noreturn -Wmissing-prototypes -Wpointer-arith -Wshadow -Wstrict-prototypes -Wundef -Wunused -Wwrite-strings -Wnull-dereference -pedantic -std=c99 -D_XOPEN_SOURCE_EXTENDED  -DSYSCONFDIR=\"/usr/local/etc\"  -I"./freebsd" -O2 -pipe  -fstack-protector-strong -isystem /usr/local/include -fno-strict-aliasing -MT DateTimeMeter.o -MD -MP -MF $depbase.Tpo -c -o DateTimeMeter.o DateTimeMeter.c && mv -f $depbase.Tpo $depbase.Po
--- DiskIOMeter.o ---
depbase=`echo DiskIOMeter.o | sed 's|[^/]*$|.deps/&|;s|\.o$||'`; cc -DHAVE_CONFIG_H -I.  -DNDEBUG  -isystem /usr/local/include -Wall -Wcast-align -Wcast-qual -Wextra -Wfloat-equal -Wformat=2 -Wmissing-format-attribute -Wmissing-noreturn -Wmissing-prototypes -Wpointer-arith -Wshadow -Wstrict-prototypes -Wundef -Wunused -Wwrite-strings -Wnull-dereference -pedantic -std=c99 -D_XOPEN_SOURCE_EXTENDED  -DSYSCONFDIR=\"/usr/local/etc\"  -I"./freebsd" -O2 -pipe  -fstack-protector-strong -isystem /usr/local/include -fno-strict-aliasing -MT DiskIOMeter.o -MD -MP -MF $depbase.Tpo -c -o DiskIOMeter.o DiskIOMeter.c && mv -f $depbase.Tpo $depbase.Po
--- DisplayOptionsPanel.o ---
depbase=`echo DisplayOptionsPanel.o | sed 's|[^/]*$|.deps/&|;s|\.o$||'`; cc -DHAVE_CONFIG_H -I.  -DNDEBUG  -isystem /usr/local/include -Wall -Wcast-align -Wcast-qual -Wextra -Wfloat-equal -Wformat=2 -Wmissing-format-attribute -Wmissing-noreturn -Wmissing-prototypes -Wpointer-arith -Wshadow -Wstrict-prototypes -Wundef -Wunused -Wwrite-strings -Wnull-dereference -pedantic -std=c99 -D_XOPEN_SOURCE_EXTENDED  -DSYSCONFDIR=\"/usr/local/etc\"  -I"./freebsd" -O2 -pipe  -fstack-protector-strong -isystem /usr/local/include -fno-strict-aliasing -MT DisplayOptionsPanel.o -MD -MP -MF $depbase.Tpo -c -o DisplayOptionsPanel.o DisplayOptionsPanel.c && mv -f $depbase.Tpo $depbase.Po
--- EnvScreen.o ---
--- FunctionBar.o ---
--- EnvScreen.o ---
depbase=`echo EnvScreen.o | sed 's|[^/]*$|.deps/&|;s|\.o$||'`; cc -DHAVE_CONFIG_H -I.  -DNDEBUG  -isystem /usr/local/include -Wall -Wcast-align -Wcast-qual -Wextra -Wfloat-equal -Wformat=2 -Wmissing-format-attribute -Wmissing-noreturn -Wmissing-prototypes -Wpointer-arith -Wshadow -Wstrict-prototypes -Wundef -Wunused -Wwrite-strings -Wnull-dereference -pedantic -std=c99 -D_XOPEN_SOURCE_EXTENDED  -DSYSCONFDIR=\"/usr/local/etc\"  -I"./freebsd" -O2 -pipe  -fstack-protector-strong -isystem /usr/local/include -fno-strict-aliasing -MT EnvScreen.o -MD -MP -MF $depbase.Tpo -c -o EnvScreen.o EnvScreen.c && mv -f $depbase.Tpo $depbase.Po
--- Hashtable.o ---
--- FunctionBar.o ---
depbase=`echo FunctionBar.o | sed 's|[^/]*$|.deps/&|;s|\.o$||'`; cc -DHAVE_CONFIG_H -I.  -DNDEBUG  -isystem /usr/local/include -Wall -Wcast-align -Wcast-qual -Wextra -Wfloat-equal -Wformat=2 -Wmissing-format-attribute -Wmissing-noreturn -Wmissing-prototypes -Wpointer-arith -Wshadow -Wstrict-prototypes -Wundef -Wunused -Wwrite-strings -Wnull-dereference -pedantic -std=c99 -D_XOPEN_SOURCE_EXTENDED  -DSYSCONFDIR=\"/usr/local/etc\"  -I"./freebsd" -O2 -pipe  -fstack-protector-strong -isystem /usr/local/include -fno-strict-aliasing -MT FunctionBar.o -MD -MP -MF $depbase.Tpo -c -o FunctionBar.o FunctionBar.c && mv -f $depbase.Tpo $depbase.Po
--- Hashtable.o ---
depbase=`echo Hashtable.o | sed 's|[^/]*$|.deps/&|;s|\.o$||'`; cc -DHAVE_CONFIG_H -I.  -DNDEBUG  -isystem /usr/local/include -Wall -Wcast-align -Wcast-qual -Wextra -Wfloat-equal -Wformat=2 -Wmissing-format-attribute -Wmissing-noreturn -Wmissing-prototypes -Wpointer-arith -Wshadow -Wstrict-prototypes -Wundef -Wunused -Wwrite-strings -Wnull-dereference -pedantic -std=c99 -D_XOPEN_SOURCE_EXTENDED  -DSYSCONFDIR=\"/usr/local/etc\"  -I"./freebsd" -O2 -pipe  -fstack-protector-strong -isystem /usr/local/include -fno-strict-aliasing -MT Hashtable.o -MD -MP -MF $depbase.Tpo -c -o Hashtable.o Hashtable.c && mv -f $depbase.Tpo $depbase.Po
--- Header.o ---
depbase=`echo Header.o | sed 's|[^/]*$|.deps/&|;s|\.o$||'`; cc -DHAVE_CONFIG_H -I.  -DNDEBUG  -isystem /usr/local/include -Wall -Wcast-align -Wcast-qual -Wextra -Wfloat-equal -Wformat=2 -Wmissing-format-attribute -Wmissing-noreturn -Wmissing-prototypes -Wpointer-arith -Wshadow -Wstrict-prototypes -Wundef -Wunused -Wwrite-strings -Wnull-dereference -pedantic -std=c99 -D_XOPEN_SOURCE_EXTENDED  -DSYSCONFDIR=\"/usr/local/etc\"  -I"./freebsd" -O2 -pipe  -fstack-protector-strong -isystem /usr/local/include -fno-strict-aliasing -MT Header.o -MD -MP -MF $depbase.Tpo -c -o Header.o Header.c && mv -f $depbase.Tpo $depbase.Po
--- HostnameMeter.o ---
depbase=`echo HostnameMeter.o | sed 's|[^/]*$|.deps/&|;s|\.o$||'`; cc -DHAVE_CONFIG_H -I.  -DNDEBUG  -isystem /usr/local/include -Wall -Wcast-align -Wcast-qual -Wextra -Wfloat-equal -Wformat=2 -Wmissing-format-attribute -Wmissing-noreturn -Wmissing-prototypes -Wpointer-arith -Wshadow -Wstrict-prototypes -Wundef -Wunused -Wwrite-strings -Wnull-dereference -pedantic -std=c99 -D_XOPEN_SOURCE_EXTENDED  -DSYSCONFDIR=\"/usr/local/etc\"  -I"./freebsd" -O2 -pipe  -fstack-protector-strong -isystem /usr/local/include -fno-strict-aliasing -MT HostnameMeter.o -MD -MP -MF $depbase.Tpo -c -o HostnameMeter.o HostnameMeter.c && mv -f $depbase.Tpo $depbase.Po
--- htop.o ---
depbase=`echo htop.o | sed 's|[^/]*$|.deps/&|;s|\.o$||'`; cc -DHAVE_CONFIG_H -I.  -DNDEBUG  -isystem /usr/local/include -Wall -Wcast-align -Wcast-qual -Wextra -Wfloat-equal -Wformat=2 -Wmissing-format-attribute -Wmissing-noreturn -Wmissing-prototypes -Wpointer-arith -Wshadow -Wstrict-prototypes -Wundef -Wunused -Wwrite-strings -Wnull-dereference -pedantic -std=c99 -D_XOPEN_SOURCE_EXTENDED  -DSYSCONFDIR=\"/usr/local/etc\"  -I"./freebsd" -O2 -pipe  -fstack-protector-strong -isystem /usr/local/include -fno-strict-aliasing -MT htop.o -MD -MP -MF $depbase.Tpo -c -o htop.o htop.c && mv -f $depbase.Tpo $depbase.Po
--- IncSet.o ---
depbase=`echo IncSet.o | sed 's|[^/]*$|.deps/&|;s|\.o$||'`; cc -DHAVE_CONFIG_H -I.  -DNDEBUG  -isystem /usr/local/include -Wall -Wcast-align -Wcast-qual -Wextra -Wfloat-equal -Wformat=2 -Wmissing-format-attribute -Wmissing-noreturn -Wmissing-prototypes -Wpointer-arith -Wshadow -Wstrict-prototypes -Wundef -Wunused -Wwrite-strings -Wnull-dereference -pedantic -std=c99 -D_XOPEN_SOURCE_EXTENDED  -DSYSCONFDIR=\"/usr/local/etc\"  -I"./freebsd" -O2 -pipe  -fstack-protector-strong -isystem /usr/local/include -fno-strict-aliasing -MT IncSet.o -MD -MP -MF $depbase.Tpo -c -o IncSet.o IncSet.c && mv -f $depbase.Tpo $depbase.Po
--- InfoScreen.o ---
depbase=`echo InfoScreen.o | sed 's|[^/]*$|.deps/&|;s|\.o$||'`; cc -DHAVE_CONFIG_H -I.  -DNDEBUG  -isystem /usr/local/include -Wall -Wcast-align -Wcast-qual -Wextra -Wfloat-equal -Wformat=2 -Wmissing-format-attribute -Wmissing-noreturn -Wmissing-prototypes -Wpointer-arith -Wshadow -Wstrict-prototypes -Wundef -Wunused -Wwrite-strings -Wnull-dereference -pedantic -std=c99 -D_XOPEN_SOURCE_EXTENDED  -DSYSCONFDIR=\"/usr/local/etc\"  -I"./freebsd" -O2 -pipe  -fstack-protector-strong -isystem /usr/local/include -fno-strict-aliasing -MT InfoScreen.o -MD -MP -MF $depbase.Tpo -c -o InfoScreen.o InfoScreen.c && mv -f $depbase.Tpo $depbase.Po
--- ListItem.o ---
depbase=`echo ListItem.o | sed 's|[^/]*$|.deps/&|;s|\.o$||'`; cc -DHAVE_CONFIG_H -I.  -DNDEBUG  -isystem /usr/local/include -Wall -Wcast-align -Wcast-qual -Wextra -Wfloat-equal -Wformat=2 -Wmissing-format-attribute -Wmissing-noreturn -Wmissing-prototypes -Wpointer-arith -Wshadow -Wstrict-prototypes -Wundef -Wunused -Wwrite-strings -Wnull-dereference -pedantic -std=c99 -D_XOPEN_SOURCE_EXTENDED  -DSYSCONFDIR=\"/usr/local/etc\"  -I"./freebsd" -O2 -pipe  -fstack-protector-strong -isystem /usr/local/include -fno-strict-aliasing -MT ListItem.o -MD -MP -MF $depbase.Tpo -c -o ListItem.o ListItem.c && mv -f $depbase.Tpo $depbase.Po
--- LoadAverageMeter.o ---
depbase=`echo LoadAverageMeter.o | sed 's|[^/]*$|.deps/&|;s|\.o$||'`; cc -DHAVE_CONFIG_H -I.  -DNDEBUG  -isystem /usr/local/include -Wall -Wcast-align -Wcast-qual -Wextra -Wfloat-equal -Wformat=2 -Wmissing-format-attribute -Wmissing-noreturn -Wmissing-prototypes -Wpointer-arith -Wshadow -Wstrict-prototypes -Wundef -Wunused -Wwrite-strings -Wnull-dereference -pedantic -std=c99 -D_XOPEN_SOURCE_EXTENDED  -DSYSCONFDIR=\"/usr/local/etc\"  -I"./freebsd" -O2 -pipe  -fstack-protector-strong -isystem /usr/local/include -fno-strict-aliasing -MT LoadAverageMeter.o -MD -MP -MF $depbase.Tpo -c -o LoadAverageMeter.o LoadAverageMeter.c && mv -f $depbase.Tpo $depbase.Po
--- MainPanel.o ---
depbase=`echo MainPanel.o | sed 's|[^/]*$|.deps/&|;s|\.o$||'`; cc -DHAVE_CONFIG_H -I.  -DNDEBUG  -isystem /usr/local/include -Wall -Wcast-align -Wcast-qual -Wextra -Wfloat-equal -Wformat=2 -Wmissing-format-attribute -Wmissing-noreturn -Wmissing-prototypes -Wpointer-arith -Wshadow -Wstrict-prototypes -Wundef -Wunused -Wwrite-strings -Wnull-dereference -pedantic -std=c99 -D_XOPEN_SOURCE_EXTENDED  -DSYSCONFDIR=\"/usr/local/etc\"  -I"./freebsd" -O2 -pipe  -fstack-protector-strong -isystem /usr/local/include -fno-strict-aliasing -MT MainPanel.o -MD -MP -MF $depbase.Tpo -c -o MainPanel.o MainPanel.c && mv -f $depbase.Tpo $depbase.Po
--- MemoryMeter.o ---
depbase=`echo MemoryMeter.o | sed 's|[^/]*$|.deps/&|;s|\.o$||'`; cc -DHAVE_CONFIG_H -I.  -DNDEBUG  -isystem /usr/local/include -Wall -Wcast-align -Wcast-qual -Wextra -Wfloat-equal -Wformat=2 -Wmissing-format-attribute -Wmissing-noreturn -Wmissing-prototypes -Wpointer-arith -Wshadow -Wstrict-prototypes -Wundef -Wunused -Wwrite-strings -Wnull-dereference -pedantic -std=c99 -D_XOPEN_SOURCE_EXTENDED  -DSYSCONFDIR=\"/usr/local/etc\"  -I"./freebsd" -O2 -pipe  -fstack-protector-strong -isystem /usr/local/include -fno-strict-aliasing -MT MemoryMeter.o -MD -MP -MF $depbase.Tpo -c -o MemoryMeter.o MemoryMeter.c && mv -f $depbase.Tpo $depbase.Po
--- Meter.o ---
depbase=`echo Meter.o | sed 's|[^/]*$|.deps/&|;s|\.o$||'`; cc -DHAVE_CONFIG_H -I.  -DNDEBUG  -isystem /usr/local/include -Wall -Wcast-align -Wcast-qual -Wextra -Wfloat-equal -Wformat=2 -Wmissing-format-attribute -Wmissing-noreturn -Wmissing-prototypes -Wpointer-arith -Wshadow -Wstrict-prototypes -Wundef -Wunused -Wwrite-strings -Wnull-dereference -pedantic -std=c99 -D_XOPEN_SOURCE_EXTENDED  -DSYSCONFDIR=\"/usr/local/etc\"  -I"./freebsd" -O2 -pipe  -fstack-protector-strong -isystem /usr/local/include -fno-strict-aliasing -MT Meter.o -MD -MP -MF $depbase.Tpo -c -o Meter.o Meter.c && mv -f $depbase.Tpo $depbase.Po
--- MetersPanel.o ---
depbase=`echo MetersPanel.o | sed 's|[^/]*$|.deps/&|;s|\.o$||'`; cc -DHAVE_CONFIG_H -I.  -DNDEBUG  -isystem /usr/local/include -Wall -Wcast-align -Wcast-qual -Wextra -Wfloat-equal -Wformat=2 -Wmissing-format-attribute -Wmissing-noreturn -Wmissing-prototypes -Wpointer-arith -Wshadow -Wstrict-prototypes -Wundef -Wunused -Wwrite-strings -Wnull-dereference -pedantic -std=c99 -D_XOPEN_SOURCE_EXTENDED  -DSYSCONFDIR=\"/usr/local/etc\"  -I"./freebsd" -O2 -pipe  -fstack-protector-strong -isystem /usr/local/include -fno-strict-aliasing -MT MetersPanel.o -MD -MP -MF $depbase.Tpo -c -o MetersPanel.o MetersPanel.c && mv -f $depbase.Tpo $depbase.Po
--- NetworkIOMeter.o ---
depbase=`echo NetworkIOMeter.o | sed 's|[^/]*$|.deps/&|;s|\.o$||'`; cc -DHAVE_CONFIG_H -I.  -DNDEBUG  -isystem /usr/local/include -Wall -Wcast-align -Wcast-qual -Wextra -Wfloat-equal -Wformat=2 -Wmissing-format-attribute -Wmissing-noreturn -Wmissing-prototypes -Wpointer-arith -Wshadow -Wstrict-prototypes -Wundef -Wunused -Wwrite-strings -Wnull-dereference -pedantic -std=c99 -D_XOPEN_SOURCE_EXTENDED  -DSYSCONFDIR=\"/usr/local/etc\"  -I"./freebsd" -O2 -pipe  -fstack-protector-strong -isystem /usr/local/include -fno-strict-aliasing -MT NetworkIOMeter.o -MD -MP -MF $depbase.Tpo -c -o NetworkIOMeter.o NetworkIOMeter.c && mv -f $depbase.Tpo $depbase.Po
--- Object.o ---
depbase=`echo Object.o | sed 's|[^/]*$|.deps/&|;s|\.o$||'`; cc -DHAVE_CONFIG_H -I.  -DNDEBUG  -isystem /usr/local/include -Wall -Wcast-align -Wcast-qual -Wextra -Wfloat-equal -Wformat=2 -Wmissing-format-attribute -Wmissing-noreturn -Wmissing-prototypes -Wpointer-arith -Wshadow -Wstrict-prototypes -Wundef -Wunused -Wwrite-strings -Wnull-dereference -pedantic -std=c99 -D_XOPEN_SOURCE_EXTENDED  -DSYSCONFDIR=\"/usr/local/etc\"  -I"./freebsd" -O2 -pipe  -fstack-protector-strong -isystem /usr/local/include -fno-strict-aliasing -MT Object.o -MD -MP -MF $depbase.Tpo -c -o Object.o Object.c && mv -f $depbase.Tpo $depbase.Po
--- OpenFilesScreen.o ---
depbase=`echo OpenFilesScreen.o | sed 's|[^/]*$|.deps/&|;s|\.o$||'`; cc -DHAVE_CONFIG_H -I.  -DNDEBUG  -isystem /usr/local/include -Wall -Wcast-align -Wcast-qual -Wextra -Wfloat-equal -Wformat=2 -Wmissing-format-attribute -Wmissing-noreturn -Wmissing-prototypes -Wpointer-arith -Wshadow -Wstrict-prototypes -Wundef -Wunused -Wwrite-strings -Wnull-dereference -pedantic -std=c99 -D_XOPEN_SOURCE_EXTENDED  -DSYSCONFDIR=\"/usr/local/etc\"  -I"./freebsd" -O2 -pipe  -fstack-protector-strong -isystem /usr/local/include -fno-strict-aliasing -MT OpenFilesScreen.o -MD -MP -MF $depbase.Tpo -c -o OpenFilesScreen.o OpenFilesScreen.c && mv -f $depbase.Tpo $depbase.Po
--- OptionItem.o ---
depbase=`echo OptionItem.o | sed 's|[^/]*$|.deps/&|;s|\.o$||'`; cc -DHAVE_CONFIG_H -I.  -DNDEBUG  -isystem /usr/local/include -Wall -Wcast-align -Wcast-qual -Wextra -Wfloat-equal -Wformat=2 -Wmissing-format-attribute -Wmissing-noreturn -Wmissing-prototypes -Wpointer-arith -Wshadow -Wstrict-prototypes -Wundef -Wunused -Wwrite-strings -Wnull-dereference -pedantic -std=c99 -D_XOPEN_SOURCE_EXTENDED  -DSYSCONFDIR=\"/usr/local/etc\"  -I"./freebsd" -O2 -pipe  -fstack-protector-strong -isystem /usr/local/include -fno-strict-aliasing -MT OptionItem.o -MD -MP -MF $depbase.Tpo -c -o OptionItem.o OptionItem.c && mv -f $depbase.Tpo $depbase.Po
--- Panel.o ---
depbase=`echo Panel.o | sed 's|[^/]*$|.deps/&|;s|\.o$||'`; cc -DHAVE_CONFIG_H -I.  -DNDEBUG  -isystem /usr/local/include -Wall -Wcast-align -Wcast-qual -Wextra -Wfloat-equal -Wformat=2 -Wmissing-format-attribute -Wmissing-noreturn -Wmissing-prototypes -Wpointer-arith -Wshadow -Wstrict-prototypes -Wundef -Wunused -Wwrite-strings -Wnull-dereference -pedantic -std=c99 -D_XOPEN_SOURCE_EXTENDED  -DSYSCONFDIR=\"/usr/local/etc\"  -I"./freebsd" -O2 -pipe  -fstack-protector-strong -isystem /usr/local/include -fno-strict-aliasing -MT Panel.o -MD -MP -MF $depbase.Tpo -c -o Panel.o Panel.c && mv -f $depbase.Tpo $depbase.Po
--- Process.o ---
--- ProcessList.o ---
--- Process.o ---
depbase=`echo Process.o | sed 's|[^/]*$|.deps/&|;s|\.o$||'`; cc -DHAVE_CONFIG_H -I.  -DNDEBUG  -isystem /usr/local/include -Wall -Wcast-align -Wcast-qual -Wextra -Wfloat-equal -Wformat=2 -Wmissing-format-attribute -Wmissing-noreturn -Wmissing-prototypes -Wpointer-arith -Wshadow -Wstrict-prototypes -Wundef -Wunused -Wwrite-strings -Wnull-dereference -pedantic -std=c99 -D_XOPEN_SOURCE_EXTENDED  -DSYSCONFDIR=\"/usr/local/etc\"  -I"./freebsd" -O2 -pipe  -fstack-protector-strong -isystem /usr/local/include -fno-strict-aliasing -MT Process.o -MD -MP -MF $depbase.Tpo -c -o Process.o Process.c && mv -f $depbase.Tpo $depbase.Po
--- ProcessList.o ---
depbase=`echo ProcessList.o | sed 's|[^/]*$|.deps/&|;s|\.o$||'`; cc -DHAVE_CONFIG_H -I.  -DNDEBUG  -isystem /usr/local/include -Wall -Wcast-align -Wcast-qual -Wextra -Wfloat-equal -Wformat=2 -Wmissing-format-attribute -Wmissing-noreturn -Wmissing-prototypes -Wpointer-arith -Wshadow -Wstrict-prototypes -Wundef -Wunused -Wwrite-strings -Wnull-dereference -pedantic -std=c99 -D_XOPEN_SOURCE_EXTENDED  -DSYSCONFDIR=\"/usr/local/etc\"  -I"./freebsd" -O2 -pipe  -fstack-protector-strong -isystem /usr/local/include -fno-strict-aliasing -MT ProcessList.o -MD -MP -MF $depbase.Tpo -c -o ProcessList.o ProcessList.c && mv -f $depbase.Tpo $depbase.Po
--- ProcessLocksScreen.o ---
--- RichString.o ---
--- ProcessLocksScreen.o ---
depbase=`echo ProcessLocksScreen.o | sed 's|[^/]*$|.deps/&|;s|\.o$||'`; cc -DHAVE_CONFIG_H -I.  -DNDEBUG  -isystem /usr/local/include -Wall -Wcast-align -Wcast-qual -Wextra -Wfloat-equal -Wformat=2 -Wmissing-format-attribute -Wmissing-noreturn -Wmissing-prototypes -Wpointer-arith -Wshadow -Wstrict-prototypes -Wundef -Wunused -Wwrite-strings -Wnull-dereference -pedantic -std=c99 -D_XOPEN_SOURCE_EXTENDED  -DSYSCONFDIR=\"/usr/local/etc\"  -I"./freebsd" -O2 -pipe  -fstack-protector-strong -isystem /usr/local/include -fno-strict-aliasing -MT ProcessLocksScreen.o -MD -MP -MF $depbase.Tpo -c -o ProcessLocksScreen.o ProcessLocksScreen.c && mv -f $depbase.Tpo $depbase.Po
--- RichString.o ---
depbase=`echo RichString.o | sed 's|[^/]*$|.deps/&|;s|\.o$||'`; cc -DHAVE_CONFIG_H -I.  -DNDEBUG  -isystem /usr/local/include -Wall -Wcast-align -Wcast-qual -Wextra -Wfloat-equal -Wformat=2 -Wmissing-format-attribute -Wmissing-noreturn -Wmissing-prototypes -Wpointer-arith -Wshadow -Wstrict-prototypes -Wundef -Wunused -Wwrite-strings -Wnull-dereference -pedantic -std=c99 -D_XOPEN_SOURCE_EXTENDED  -DSYSCONFDIR=\"/usr/local/etc\"  -I"./freebsd" -O2 -pipe  -fstack-protector-strong -isystem /usr/local/include -fno-strict-aliasing -MT RichString.o -MD -MP -MF $depbase.Tpo -c -o RichString.o RichString.c && mv -f $depbase.Tpo $depbase.Po
--- ScreenManager.o ---
--- Settings.o ---
--- ScreenManager.o ---
depbase=`echo ScreenManager.o | sed 's|[^/]*$|.deps/&|;s|\.o$||'`; cc -DHAVE_CONFIG_H -I.  -DNDEBUG  -isystem /usr/local/include -Wall -Wcast-align -Wcast-qual -Wextra -Wfloat-equal -Wformat=2 -Wmissing-format-attribute -Wmissing-noreturn -Wmissing-prototypes -Wpointer-arith -Wshadow -Wstrict-prototypes -Wundef -Wunused -Wwrite-strings -Wnull-dereference -pedantic -std=c99 -D_XOPEN_SOURCE_EXTENDED  -DSYSCONFDIR=\"/usr/local/etc\"  -I"./freebsd" -O2 -pipe  -fstack-protector-strong -isystem /usr/local/include -fno-strict-aliasing -MT ScreenManager.o -MD -MP -MF $depbase.Tpo -c -o ScreenManager.o ScreenManager.c && mv -f $depbase.Tpo $depbase.Po
--- Settings.o ---
depbase=`echo Settings.o | sed 's|[^/]*$|.deps/&|;s|\.o$||'`; cc -DHAVE_CONFIG_H -I.  -DNDEBUG  -isystem /usr/local/include -Wall -Wcast-align -Wcast-qual -Wextra -Wfloat-equal -Wformat=2 -Wmissing-format-attribute -Wmissing-noreturn -Wmissing-prototypes -Wpointer-arith -Wshadow -Wstrict-prototypes -Wundef -Wunused -Wwrite-strings -Wnull-dereference -pedantic -std=c99 -D_XOPEN_SOURCE_EXTENDED  -DSYSCONFDIR=\"/usr/local/etc\"  -I"./freebsd" -O2 -pipe  -fstack-protector-strong -isystem /usr/local/include -fno-strict-aliasing -MT Settings.o -MD -MP -MF $depbase.Tpo -c -o Settings.o Settings.c && mv -f $depbase.Tpo $depbase.Po
--- SignalsPanel.o ---
--- SwapMeter.o ---
--- SignalsPanel.o ---
depbase=`echo SignalsPanel.o | sed 's|[^/]*$|.deps/&|;s|\.o$||'`; cc -DHAVE_CONFIG_H -I.  -DNDEBUG  -isystem /usr/local/include -Wall -Wcast-align -Wcast-qual -Wextra -Wfloat-equal -Wformat=2 -Wmissing-format-attribute -Wmissing-noreturn -Wmissing-prototypes -Wpointer-arith -Wshadow -Wstrict-prototypes -Wundef -Wunused -Wwrite-strings -Wnull-dereference -pedantic -std=c99 -D_XOPEN_SOURCE_EXTENDED  -DSYSCONFDIR=\"/usr/local/etc\"  -I"./freebsd" -O2 -pipe  -fstack-protector-strong -isystem /usr/local/include -fno-strict-aliasing -MT SignalsPanel.o -MD -MP -MF $depbase.Tpo -c -o SignalsPanel.o SignalsPanel.c && mv -f $depbase.Tpo $depbase.Po
--- SwapMeter.o ---
depbase=`echo SwapMeter.o | sed 's|[^/]*$|.deps/&|;s|\.o$||'`; cc -DHAVE_CONFIG_H -I.  -DNDEBUG  -isystem /usr/local/include -Wall -Wcast-align -Wcast-qual -Wextra -Wfloat-equal -Wformat=2 -Wmissing-format-attribute -Wmissing-noreturn -Wmissing-prototypes -Wpointer-arith -Wshadow -Wstrict-prototypes -Wundef -Wunused -Wwrite-strings -Wnull-dereference -pedantic -std=c99 -D_XOPEN_SOURCE_EXTENDED  -DSYSCONFDIR=\"/usr/local/etc\"  -I"./freebsd" -O2 -pipe  -fstack-protector-strong -isystem /usr/local/include -fno-strict-aliasing -MT SwapMeter.o -MD -MP -MF $depbase.Tpo -c -o SwapMeter.o SwapMeter.c && mv -f $depbase.Tpo $depbase.Po
--- TasksMeter.o ---
depbase=`echo TasksMeter.o | sed 's|[^/]*$|.deps/&|;s|\.o$||'`; cc -DHAVE_CONFIG_H -I.  -DNDEBUG  -isystem /usr/local/include -Wall -Wcast-align -Wcast-qual -Wextra -Wfloat-equal -Wformat=2 -Wmissing-format-attribute -Wmissing-noreturn -Wmissing-prototypes -Wpointer-arith -Wshadow -Wstrict-prototypes -Wundef -Wunused -Wwrite-strings -Wnull-dereference -pedantic -std=c99 -D_XOPEN_SOURCE_EXTENDED  -DSYSCONFDIR=\"/usr/local/etc\"  -I"./freebsd" -O2 -pipe  -fstack-protector-strong -isystem /usr/local/include -fno-strict-aliasing -MT TasksMeter.o -MD -MP -MF $depbase.Tpo -c -o TasksMeter.o TasksMeter.c && mv -f $depbase.Tpo $depbase.Po
--- TraceScreen.o ---
depbase=`echo TraceScreen.o | sed 's|[^/]*$|.deps/&|;s|\.o$||'`; cc -DHAVE_CONFIG_H -I.  -DNDEBUG  -isystem /usr/local/include -Wall -Wcast-align -Wcast-qual -Wextra -Wfloat-equal -Wformat=2 -Wmissing-format-attribute -Wmissing-noreturn -Wmissing-prototypes -Wpointer-arith -Wshadow -Wstrict-prototypes -Wundef -Wunused -Wwrite-strings -Wnull-dereference -pedantic -std=c99 -D_XOPEN_SOURCE_EXTENDED  -DSYSCONFDIR=\"/usr/local/etc\"  -I"./freebsd" -O2 -pipe  -fstack-protector-strong -isystem /usr/local/include -fno-strict-aliasing -MT TraceScreen.o -MD -MP -MF $depbase.Tpo -c -o TraceScreen.o TraceScreen.c && mv -f $depbase.Tpo $depbase.Po
--- UptimeMeter.o ---
depbase=`echo UptimeMeter.o | sed 's|[^/]*$|.deps/&|;s|\.o$||'`; cc -DHAVE_CONFIG_H -I.  -DNDEBUG  -isystem /usr/local/include -Wall -Wcast-align -Wcast-qual -Wextra -Wfloat-equal -Wformat=2 -Wmissing-format-attribute -Wmissing-noreturn -Wmissing-prototypes -Wpointer-arith -Wshadow -Wstrict-prototypes -Wundef -Wunused -Wwrite-strings -Wnull-dereference -pedantic -std=c99 -D_XOPEN_SOURCE_EXTENDED  -DSYSCONFDIR=\"/usr/local/etc\"  -I"./freebsd" -O2 -pipe  -fstack-protector-strong -isystem /usr/local/include -fno-strict-aliasing -MT UptimeMeter.o -MD -MP -MF $depbase.Tpo -c -o UptimeMeter.o UptimeMeter.c && mv -f $depbase.Tpo $depbase.Po
--- UsersTable.o ---
depbase=`echo UsersTable.o | sed 's|[^/]*$|.deps/&|;s|\.o$||'`; cc -DHAVE_CONFIG_H -I.  -DNDEBUG  -isystem /usr/local/include -Wall -Wcast-align -Wcast-qual -Wextra -Wfloat-equal -Wformat=2 -Wmissing-format-attribute -Wmissing-noreturn -Wmissing-prototypes -Wpointer-arith -Wshadow -Wstrict-prototypes -Wundef -Wunused -Wwrite-strings -Wnull-dereference -pedantic -std=c99 -D_XOPEN_SOURCE_EXTENDED  -DSYSCONFDIR=\"/usr/local/etc\"  -I"./freebsd" -O2 -pipe  -fstack-protector-strong -isystem /usr/local/include -fno-strict-aliasing -MT UsersTable.o -MD -MP -MF $depbase.Tpo -c -o UsersTable.o UsersTable.c && mv -f $depbase.Tpo $depbase.Po
--- Vector.o ---
--- XUtils.o ---
--- Vector.o ---
depbase=`echo Vector.o | sed 's|[^/]*$|.deps/&|;s|\.o$||'`; cc -DHAVE_CONFIG_H -I.  -DNDEBUG  -isystem /usr/local/include -Wall -Wcast-align -Wcast-qual -Wextra -Wfloat-equal -Wformat=2 -Wmissing-format-attribute -Wmissing-noreturn -Wmissing-prototypes -Wpointer-arith -Wshadow -Wstrict-prototypes -Wundef -Wunused -Wwrite-strings -Wnull-dereference -pedantic -std=c99 -D_XOPEN_SOURCE_EXTENDED  -DSYSCONFDIR=\"/usr/local/etc\"  -I"./freebsd" -O2 -pipe  -fstack-protector-strong -isystem /usr/local/include -fno-strict-aliasing -MT Vector.o -MD -MP -MF $depbase.Tpo -c -o Vector.o Vector.c && mv -f $depbase.Tpo $depbase.Po
--- freebsd/Platform.o ---
--- freebsd/FreeBSDProcessList.o ---
--- XUtils.o ---
depbase=`echo XUtils.o | sed 's|[^/]*$|.deps/&|;s|\.o$||'`; cc -DHAVE_CONFIG_H -I.  -DNDEBUG  -isystem /usr/local/include -Wall -Wcast-align -Wcast-qual -Wextra -Wfloat-equal -Wformat=2 -Wmissing-format-attribute -Wmissing-noreturn -Wmissing-prototypes -Wpointer-arith -Wshadow -Wstrict-prototypes -Wundef -Wunused -Wwrite-strings -Wnull-dereference -pedantic -std=c99 -D_XOPEN_SOURCE_EXTENDED  -DSYSCONFDIR=\"/usr/local/etc\"  -I"./freebsd" -O2 -pipe  -fstack-protector-strong -isystem /usr/local/include -fno-strict-aliasing -MT XUtils.o -MD -MP -MF $depbase.Tpo -c -o XUtils.o XUtils.c && mv -f $depbase.Tpo $depbase.Po
--- freebsd/Platform.o ---
depbase=`echo freebsd/Platform.o | sed 's|[^/]*$|.deps/&|;s|\.o$||'`; cc -DHAVE_CONFIG_H -I.  -DNDEBUG  -isystem /usr/local/include -Wall -Wcast-align -Wcast-qual -Wextra -Wfloat-equal -Wformat=2 -Wmissing-format-attribute -Wmissing-noreturn -Wmissing-prototypes -Wpointer-arith -Wshadow -Wstrict-prototypes -Wundef -Wunused -Wwrite-strings -Wnull-dereference -pedantic -std=c99 -D_XOPEN_SOURCE_EXTENDED  -DSYSCONFDIR=\"/usr/local/etc\"  -I"./freebsd" -O2 -pipe  -fstack-protector-strong -isystem /usr/local/include -fno-strict-aliasing -MT freebsd/Platform.o -MD -MP -MF $depbase.Tpo -c -o freebsd/Platform.o freebsd/Platform.c && mv -f $depbase.Tpo $depbase.Po
--- freebsd/FreeBSDProcessList.o ---
depbase=`echo freebsd/FreeBSDProcessList.o | sed 's|[^/]*$|.deps/&|;s|\.o$||'`; cc -DHAVE_CONFIG_H -I.  -DNDEBUG  -isystem /usr/local/include -Wall -Wcast-align -Wcast-qual -Wextra -Wfloat-equal -Wformat=2 -Wmissing-format-attribute -Wmissing-noreturn -Wmissing-prototypes -Wpointer-arith -Wshadow -Wstrict-prototypes -Wundef -Wunused -Wwrite-strings -Wnull-dereference -pedantic -std=c99 -D_XOPEN_SOURCE_EXTENDED  -DSYSCONFDIR=\"/usr/local/etc\"  -I"./freebsd" -O2 -pipe  -fstack-protector-strong -isystem /usr/local/include -fno-strict-aliasing -MT freebsd/FreeBSDProcessList.o -MD -MP -MF $depbase.Tpo -c -o freebsd/FreeBSDProcessList.o freebsd/FreeBSDProcessList.c && mv -f $depbase.Tpo $depbase.Po
--- freebsd/FreeBSDProcess.o ---
depbase=`echo freebsd/FreeBSDProcess.o | sed 's|[^/]*$|.deps/&|;s|\.o$||'`; cc -DHAVE_CONFIG_H -I.  -DNDEBUG  -isystem /usr/local/include -Wall -Wcast-align -Wcast-qual -Wextra -Wfloat-equal -Wformat=2 -Wmissing-format-attribute -Wmissing-noreturn -Wmissing-prototypes -Wpointer-arith -Wshadow -Wstrict-prototypes -Wundef -Wunused -Wwrite-strings -Wnull-dereference -pedantic -std=c99 -D_XOPEN_SOURCE_EXTENDED  -DSYSCONFDIR=\"/usr/local/etc\"  -I"./freebsd" -O2 -pipe  -fstack-protector-strong -isystem /usr/local/include -fno-strict-aliasing -MT freebsd/FreeBSDProcess.o -MD -MP -MF $depbase.Tpo -c -o freebsd/FreeBSDProcess.o freebsd/FreeBSDProcess.c && mv -f $depbase.Tpo $depbase.Po
--- zfs/ZfsArcMeter.o ---
--- zfs/ZfsCompressedArcMeter.o ---
--- zfs/ZfsArcMeter.o ---
depbase=`echo zfs/ZfsArcMeter.o | sed 's|[^/]*$|.deps/&|;s|\.o$||'`; cc -DHAVE_CONFIG_H -I.  -DNDEBUG  -isystem /usr/local/include -Wall -Wcast-align -Wcast-qual -Wextra -Wfloat-equal -Wformat=2 -Wmissing-format-attribute -Wmissing-noreturn -Wmissing-prototypes -Wpointer-arith -Wshadow -Wstrict-prototypes -Wundef -Wunused -Wwrite-strings -Wnull-dereference -pedantic -std=c99 -D_XOPEN_SOURCE_EXTENDED  -DSYSCONFDIR=\"/usr/local/etc\"  -I"./freebsd" -O2 -pipe  -fstack-protector-strong -isystem /usr/local/include -fno-strict-aliasing -MT zfs/ZfsArcMeter.o -MD -MP -MF $depbase.Tpo -c -o zfs/ZfsArcMeter.o zfs/ZfsArcMeter.c && mv -f $depbase.Tpo $depbase.Po
--- zfs/ZfsArcStats.o ---
--- zfs/ZfsCompressedArcMeter.o ---
depbase=`echo zfs/ZfsCompressedArcMeter.o | sed 's|[^/]*$|.deps/&|;s|\.o$||'`; cc -DHAVE_CONFIG_H -I.  -DNDEBUG  -isystem /usr/local/include -Wall -Wcast-align -Wcast-qual -Wextra -Wfloat-equal -Wformat=2 -Wmissing-format-attribute -Wmissing-noreturn -Wmissing-prototypes -Wpointer-arith -Wshadow -Wstrict-prototypes -Wundef -Wunused -Wwrite-strings -Wnull-dereference -pedantic -std=c99 -D_XOPEN_SOURCE_EXTENDED  -DSYSCONFDIR=\"/usr/local/etc\"  -I"./freebsd" -O2 -pipe  -fstack-protector-strong -isystem /usr/local/include -fno-strict-aliasing -MT zfs/ZfsCompressedArcMeter.o -MD -MP -MF $depbase.Tpo -c -o zfs/ZfsCompressedArcMeter.o zfs/ZfsCompressedArcMeter.c && mv -f $depbase.Tpo $depbase.Po
--- zfs/ZfsArcStats.o ---
depbase=`echo zfs/ZfsArcStats.o | sed 's|[^/]*$|.deps/&|;s|\.o$||'`; cc -DHAVE_CONFIG_H -I.  -DNDEBUG  -isystem /usr/local/include -Wall -Wcast-align -Wcast-qual -Wextra -Wfloat-equal -Wformat=2 -Wmissing-format-attribute -Wmissing-noreturn -Wmissing-prototypes -Wpointer-arith -Wshadow -Wstrict-prototypes -Wundef -Wunused -Wwrite-strings -Wnull-dereference -pedantic -std=c99 -D_XOPEN_SOURCE_EXTENDED  -DSYSCONFDIR=\"/usr/local/etc\"  -I"./freebsd" -O2 -pipe  -fstack-protector-strong -isystem /usr/local/include -fno-strict-aliasing -MT zfs/ZfsArcStats.o -MD -MP -MF $depbase.Tpo -c -o zfs/ZfsArcStats.o zfs/ZfsArcStats.c && mv -f $depbase.Tpo $depbase.Po
--- zfs/openzfs_sysctl.o ---
depbase=`echo zfs/openzfs_sysctl.o | sed 's|[^/]*$|.deps/&|;s|\.o$||'`; cc -DHAVE_CONFIG_H -I.  -DNDEBUG  -isystem /usr/local/include -Wall -Wcast-align -Wcast-qual -Wextra -Wfloat-equal -Wformat=2 -Wmissing-format-attribute -Wmissing-noreturn -Wmissing-prototypes -Wpointer-arith -Wshadow -Wstrict-prototypes -Wundef -Wunused -Wwrite-strings -Wnull-dereference -pedantic -std=c99 -D_XOPEN_SOURCE_EXTENDED  -DSYSCONFDIR=\"/usr/local/etc\"  -I"./freebsd" -O2 -pipe  -fstack-protector-strong -isystem /usr/local/include -fno-strict-aliasing -MT zfs/openzfs_sysctl.o -MD -MP -MF $depbase.Tpo -c -o zfs/openzfs_sysctl.o zfs/openzfs_sysctl.c && mv -f $depbase.Tpo $depbase.Po
--- htop ---
cc -Wall -Wcast-align -Wcast-qual -Wextra -Wfloat-equal -Wformat=2 -Wmissing-format-attribute -Wmissing-noreturn -Wmissing-prototypes -Wpointer-arith -Wshadow -Wstrict-prototypes -Wundef -Wunused -Wwrite-strings -Wnull-dereference -pedantic -std=c99 -D_XOPEN_SOURCE_EXTENDED  -DSYSCONFDIR=\"/usr/local/etc\"  -I"./freebsd" -O2 -pipe  -fstack-protector-strong -isystem /usr/local/include -fno-strict-aliasing   -fstack-protector-strong -o htop   Action.o Affinity.o  AffinityPanel.o AvailableColumnsPanel.o  AvailableMetersPanel.o BatteryMeter.o  CategoriesPanel.o ClockMeter.o  ColorsPanel.o ColumnsPanel.o  CommandScreen.o Compat.o CPUMeter.o  CRT.o DateMeter.o DateTimeMeter.o  DiskIOMeter.o DisplayOptionsPanel.o  EnvScreen.o FunctionBar.o Hashtable.o  Header.o HostnameMeter.o htop.o  IncSet.o InfoScreen.o ListItem.o  LoadAverageMeter.o MainPanel.o  MemoryMeter.o Meter.o MetersPanel.o  NetworkIOMeter.o Object.o  OpenFilesScreen.o OptionItem.o Panel.o  Process.o ProcessList.o  ProcessLocksScreen.o RichString.o  ScreenManager.o Settings.o  SignalsPanel.o SwapMeter.o  TasksMeter.o TraceScreen.o  UptimeMeter.o UsersTable.o Vector.o  XUtils.o  freebsd/Platform.o  freebsd/FreeBSDProcessList.o  freebsd/FreeBSDProcess.o  zfs/ZfsArcMeter.o  zfs/ZfsCompressedArcMeter.o  zfs/ZfsArcStats.o  zfs/openzfs_sysctl.o   -lkvm -lncursesw -ldevstat -lexecinfo -lm -L/usr/local/lib
===========================================================================
=======================<phase: run-depends    >============================
===== env: USE_PACKAGE_DEPENDS_ONLY=1 USER=root UID=0 GID=0
===========================================================================
=======================<phase: stage          >============================
===== env: NO_DEPENDS=yes USER=nobody UID=65534 GID=65534
===>  Staging for htop-3.0.5
===>   Generating temporary packing list
 /bin/mkdir -p '/wrkdirs/usr/ports/sysutils/htop/work/stage/usr/local/bin'
  install  -s -m 555 htop '/wrkdirs/usr/ports/sysutils/htop/work/stage/usr/local/bin'
 /bin/mkdir -p '/wrkdirs/usr/ports/sysutils/htop/work/stage/usr/local/share/icons/hicolor/scalable/apps'
 install  -m 0644 htop.svg '/wrkdirs/usr/ports/sysutils/htop/work/stage/usr/local/share/icons/hicolor/scalable/apps'
 /bin/mkdir -p '/wrkdirs/usr/ports/sysutils/htop/work/stage/usr/local/share/applications'
 install  -m 0644 htop.desktop '/wrkdirs/usr/ports/sysutils/htop/work/stage/usr/local/share/applications'
 /bin/mkdir -p '/wrkdirs/usr/ports/sysutils/htop/work/stage/usr/local/man/man1'
 install  -m 0644 htop.1 '/wrkdirs/usr/ports/sysutils/htop/work/stage/usr/local/man/man1'
 /bin/mkdir -p '/wrkdirs/usr/ports/sysutils/htop/work/stage/usr/local/share/pixmaps'
 install  -m 0644 htop.png '/wrkdirs/usr/ports/sysutils/htop/work/stage/usr/local/share/pixmaps'
====> Compressing man pages (compress-man)
===========================================================================
=======================<phase: package        >============================
===== env: 'PKG_NOTES=build_timestamp ports_top_git_hash ports_top_checkout_unclean port_git_hash port_checkout_unclean built_by' 'PKG_NOTE_build_timestamp=2021-10-18T20:40:35+0000' 'PKG_NOTE_ports_top_git_hash=af67f424b' 'PKG_NOTE_ports_top_checkout_unclean=no' 'PKG_NOTE_port_git_hash=af67f424b' 'PKG_NOTE_port_checkout_unclean=no' 'PKG_NOTE_built_by=poudriere-git-3.3.0-1019-gef452659' NO_DEPENDS=yes USER=nobody UID=65534 GID=65534
===>  Building package for htop-3.0.5
install -l rs /.npkg/All/htop-3.0.5.pkg /.npkg/All/htop-3.0.5.txz
===========================================================================
=>> Cleaning up wrkdir
===>  Cleaning for htop-3.0.5
build of sysutils/htop | htop-3.0.5 ended at Mon Oct 18 23:40:47 EAT 2021
build time: 00:00:12
