=>> Building benchmarks/iperf
build started at Mon Oct 18 23:46:25 EAT 2021
port directory: /usr/ports/benchmarks/iperf
package name: iperf-2.1.4
building for: FreeBSD Cygate_v2_5_0_amd64-Cygate_devel-job-03 12.3-PRERELEASE FreeBSD 12.3-PRERELEASE 1202508 amd64
maintained by: sunpoet@FreeBSD.org
Makefile datestamp: -rw-r--r--  1 root  wheel  648 Oct 18 18:58 /usr/ports/benchmarks/iperf/Makefile
Ports top last git commit: af67f424b
Ports top unclean checkout: no
Port dir last git commit: af67f424b
Port dir unclean checkout: no
Poudriere version: poudriere-git-3.3.0-1019-gef452659
Host OSVERSION: 1202000
Jail OSVERSION: 1202508
Job Id: 03




!!! Jail is newer than host. (Jail: 1202508, Host: 1202000) !!!
!!! This is not supported. !!!
!!! Host kernel must be same or newer than jail. !!!
!!! Expect build failures. !!!



---Begin Environment---
SHELL=/bin/csh
OSVERSION=1202508
UNAME_v=FreeBSD 12.3-PRERELEASE 1202508
UNAME_r=12.3-PRERELEASE
BLOCKSIZE=K
MAIL=/var/mail/root
STATUS=1
HOME=/root
PATH=/sbin:/bin:/usr/sbin:/usr/bin:/usr/local/sbin:/usr/local/bin:/root/bin
LOCALBASE=/usr/local
USER=root
POUDRIERE_NAME=poudriere-git
LIBEXECPREFIX=/usr/local/libexec/poudriere
POUDRIERE_VERSION=3.3.0-1019-gef452659
MASTERMNT=/usr/local/poudriere/data/.m/Cygate_v2_5_0_amd64-Cygate_devel/ref
LC_COLLATE=C
POUDRIERE_BUILD_TYPE=bulk
PACKAGE_BUILDING=yes
SAVED_TERM=xterm-256color
GID=0
OUTPUT_REDIRECTED_STDERR=4
OUTPUT_REDIRECTED=1
UID=0
PWD=/usr/local/poudriere/data/.m/Cygate_v2_5_0_amd64-Cygate_devel/03/.p
OUTPUT_REDIRECTED_STDOUT=3
P_PORTS_FEATURES=FLAVORS SELECTED_OPTIONS
MASTERNAME=Cygate_v2_5_0_amd64-Cygate_devel
SCRIPTPREFIX=/usr/local/share/poudriere
SCRIPTNAME=bulk.sh
OLDPWD=/usr/local/poudriere/data/.m/Cygate_v2_5_0_amd64-Cygate_devel/ref/.p/pool
POUDRIERE_PKGNAME=poudriere-git-3.3.0-1019-gef452659
SCRIPTPATH=/usr/local/share/poudriere/bulk.sh
POUDRIEREPATH=/usr/local/bin/poudriere
---End Environment---

---Begin Poudriere Port Flags/Env---
PORT_FLAGS=
PKGENV=
FLAVOR=
DEPENDS_ARGS=
MAKE_ARGS=
---End Poudriere Port Flags/Env---

---Begin OPTIONS List---
===> The following configuration options are available for iperf-2.1.4:
     DOCS=off: Build and/or install documentation
     IPV6=on: IPv6 protocol support
     THREADS=on: Threading support
===> Use 'make config' to modify these settings
---End OPTIONS List---

--MAINTAINER--
sunpoet@FreeBSD.org
--End MAINTAINER--

--CONFIGURE_ARGS--
--enable-ipv6 --enable-threads --prefix=/usr/local ${_LATE_CONFIGURE_ARGS}
--End CONFIGURE_ARGS--

--CONFIGURE_ENV--
XDG_DATA_HOME=/wrkdirs/usr/ports/benchmarks/iperf/work  XDG_CONFIG_HOME=/wrkdirs/usr/ports/benchmarks/iperf/work  XDG_CACHE_HOME=/wrkdirs/usr/ports/benchmarks/iperf/work/.cache  HOME=/wrkdirs/usr/ports/benchmarks/iperf/work TMPDIR="/tmp" PATH=/wrkdirs/usr/ports/benchmarks/iperf/work/.bin:/sbin:/bin:/usr/sbin:/usr/bin:/usr/local/sbin:/usr/local/bin:/root/bin SHELL=/bin/sh CONFIG_SHELL=/bin/sh CONFIG_SITE=/usr/ports/Templates/config.site lt_cv_sys_max_cmd_len=524288
--End CONFIGURE_ENV--

--MAKE_ENV--
XDG_DATA_HOME=/wrkdirs/usr/ports/benchmarks/iperf/work  XDG_CONFIG_HOME=/wrkdirs/usr/ports/benchmarks/iperf/work  XDG_CACHE_HOME=/wrkdirs/usr/ports/benchmarks/iperf/work/.cache  HOME=/wrkdirs/usr/ports/benchmarks/iperf/work TMPDIR="/tmp" PATH=/wrkdirs/usr/ports/benchmarks/iperf/work/.bin:/sbin:/bin:/usr/sbin:/usr/bin:/usr/local/sbin:/usr/local/bin:/root/bin NO_PIE=yes MK_DEBUG_FILES=no MK_KERNEL_SYMBOLS=no SHELL=/bin/sh NO_LINT=YES PREFIX=/usr/local  LOCALBASE=/usr/local  CC="cc" CFLAGS="-O2 -pipe  -fstack-protector-strong -fno-strict-aliasing "  CPP="cpp" CPPFLAGS=""  LDFLAGS=" -lpthread -fstack-protector-strong " LIBS=""  CXX="c++" CXXFLAGS="-O2 -pipe -fstack-protector-strong -fno-strict-aliasing  "  MANPREFIX="/usr/local" BSD_INSTALL_PROGRAM="install  -s -m 555"  BSD_INSTALL_LIB="install  -s -m 0644"  BSD_INSTALL_SCRIPT="install  -m 555"  BSD_INSTALL_DATA="install  -m 0644"  BSD_INSTALL_MAN="install  -m 444"
--End MAKE_ENV--

--PLIST_SUB--
PORTDOCS="@comment " OSREL=12.3 PREFIX=%D LOCALBASE=/usr/local  RESETPREFIX=/usr/local LIB32DIR=lib DOCSDIR="share/doc/iperf"  EXAMPLESDIR="share/examples/iperf"  DATADIR="share/iperf"  WWWDIR="www/iperf"  ETCDIR="etc/iperf"
--End PLIST_SUB--

--SUB_LIST--
 PREFIX=/usr/local LOCALBASE=/usr/local  DATADIR=/usr/local/share/iperf DOCSDIR=/usr/local/share/doc/iperf EXAMPLESDIR=/usr/local/share/examples/iperf  WWWDIR=/usr/local/www/iperf ETCDIR=/usr/local/etc/iperf
--End SUB_LIST--

---Begin make.conf---
USE_PACKAGE_DEPENDS=yes
BATCH=yes
WRKDIRPREFIX=/wrkdirs
PORTSDIR=/usr/ports
PACKAGES=/packages
DISTDIR=/distfiles
FORCE_PACKAGE=yes
PACKAGE_BUILDING=yes
PACKAGE_BUILDING_FLAVORS=yes
#### /usr/local/etc/poudriere.d/Cygate_devel-make.conf ####
ALLOW_UNSUPPORTED_SYSTEM=yes

# Define pfSense repos
PFSENSE_REPOS=	Cygate-repo Cygate-repo-devel Cygate-repo-245

# Used by pfSense-upgrade port to set pkg_set_version
PFSENSE_PKG_SET_VERSION=	2.6.0-DEVELOPMENT

# Generic options
OPTIONS_UNSET_FORCE=	DOCS DOXYGEN EXAMPLES INFO MAN MANPAGES X11

# Individual ports options
.if ${.CURDIR:N*net/quagga*}=="" || ${.CURDIR:N*net/frr*}==""
CUR_ARCH!=	/usr/bin/uname -p
. if ${CUR_ARCH} == "armv7"
WITH_DEBUG=yes
. endif
.endif

.if ${.CURDIR:N*net/frr*}==""
ETCDIR=	/var/etc/frr
.endif

DEFAULT_VERSIONS=	php=74 ssl=base
PHP_FD_SETSIZE=		3172

. if ${.CURDIR:N*sysutils/check_reload_status*}==""
WITH_DEBUG=	yes
. endif

# Options for packages

# databases
databases_rrdtool_UNSET_FORCE=	PYTHON_MODULE RUBY_MODULE PERL_MODULE DEJAVU GRAPH

# devel
devel_git_UNSET_FORCE=CVS GITWEB GUI HTMLDOCS P4 SVN CONTRIB PERL ETCSHELLS

# dns
dns_dnsmasq_UNSET_FORCE=	DNSSEC

dns_unbound_SET_FORCE=	LIBEVENT PYTHON
dns_unbound112_SET_FORCE=	LIBEVENT PYTHON

dns_bind916_SET_FORCE=DLZ_FILESYSTEM FILTER_AAAA IPV6 LINKS RRL SIGCHASE SSL THREADS GSSAPI_NONE
dns_bind916_UNSET_FORCE=FIXED_RRSET IDN LARGE_FILE LMDB

# emulators
emulators_open-vm-tools_UNSET_FORCE=DOCS FUSE LIBNOTIFY X11

# graphics
graphics_cairo_UNSET_FORCE=X11 XCB OPENGL

graphics_gd_SET_FORCE=ICONV
graphics_gd_UNSET_FORCE=FONTCONFIG XPM

graphics_graphviz_SET_FORCE=ICONV NLS
graphics_graphviz_UNSET_FORCE=DIGCOLA IPSEPCOLA PANGOCAIRO XPM

# lang
lang_gcc_UNSET_FORCE=JAVA

# mail
mail_pear-Mail_SET_FORCE=	PEAR_NET_SMTP

# net
net_freeradius3_SET_FORCE=EXPERIMENTAL HEIMDAL LDAP MYSQL PERL PGSQL PYTHON SQLITE3

net_frr7_SET_FORCE=SNMP

net_haproxy18_SET_FORCE=OPENSSL SPCRE LUA
net_haproxy18_UNSET_FORCE=DPCRE

net_haproxy_SET_FORCE=OPENSSL SPCRE LUA PROMEX
net_haproxy_UNSET_FORCE=DPCRE

net_haproxy-devel_SET_FORCE=OPENSSL SPCRE LUA
net_haproxy-devel_UNSET_FORCE=DPCRE

net_libpcap_SET_FORCE=IPV6
net_libpcap_UNSET_FORCE=DAG

net_miniupnpd_SET_FORCE=	PF_FILTER_RULES IPV6 CHECK_PORTINUSE

net_mtr_UNSET_FORCE=X11

net_nss_ldap_UNSET_FORCE=SASL KERBEROS

net_ntp_UNSET_FORCE=	PERL_UTILS

# net-mgmt
net-mgmt_net-snmp_SET_FORCE=IPV6 MFD_REWRITES TLS
net-mgmt_net-snmp_UNSET_FORCE=AX_DISABLE_TRAP AX_SOCKONLY DOCS DUMMY JAIL MYSQL PYTHON SMUX TKMIB UNPRIVILEGED

net-mgmt_zabbix3-agent_SET_FORCE=IPV6

net-mgmt_zabbix3-proxy_SET_FORCE=IPMI IPV6 LIBXML2 SQLITE SSH
net-mgmt_zabbix3-proxy_UNSET_FORCE=MYSQL

net-mgmt_zabbix4-agent_SET_FORCE=IPV6

net-mgmt_zabbix4-proxy_SET_FORCE=IPMI IPV6 LIBXML2 SQLITE SSH
net-mgmt_zabbix4-proxy_UNSET_FORCE=MYSQL

net-mgmt_zabbix44-agent_SET_FORCE=IPV6

net-mgmt_zabbix44-proxy_SET_FORCE=IPMI IPV6 LIBXML2 SQLITE SSH
net-mgmt_zabbix44-proxy_UNSET_FORCE=MYSQL

net-mgmt_zabbix5-agent_SET_FORCE=IPV6

net-mgmt_zabbix5-proxy_SET_FORCE=IPMI IPV6 LIBXML2 SQLITE SSH
net-mgmt_zabbix5-proxy_UNSET_FORCE=MYSQL

net-mgmt_zabbix52-agent_SET_FORCE=IPV6

net-mgmt_zabbix52-proxy_SET_FORCE=IPMI IPV6 LIBXML2 SQLITE SSH
net-mgmt_zabbix52-proxy_UNSET_FORCE=MYSQL

net-mgmt_zabbix54-agent_SET_FORCE=IPV6

net-mgmt_zabbix54-proxy_SET_FORCE=IPMI IPV6 LIBXML2 SQLITE SSH
net-mgmt_zabbix54-proxy_UNSET_FORCE=MYSQL

# security
security_ca_root_nss_SET_FORCE=	ETCSYMLINK

security_opensc_SET_FORCE=	PCSC
security_opensc_UNSET_FORCE=	DOCS MANPAGES

security_openvpn_SET_FORCE=	X509ALTUSERNAME ASYNC_PUSH
security_openvpn_UNSET_FORCE=	EASYRSA

shells_scponly_SET_FORCE=CHROOT SCP WILDCARDS WINSCP
shells_scponly_UNSET_FORCE=DEFAULT_CHDIR DOCS GFTP RSYNC SVN SVNSERVE UNISON

security_sudo_SET_FORCE=LDAP

security_snort_SET_FORCE=APPID COREDUMPS GRE IPV6 NORMALIZER PERFPROFILE SOURCEFIRE
security_snort_UNSET_FORCE=BARNYARD FILEINSPECT HA PULLEDPORK

.if ${.CURDIR:N*security/snort3*}==""
CUR_ARCH!=  /usr/bin/uname -p
.if ${CUR_ARCH} == "armv7" || ${CUR_ARCH} == "aarch64"
security_snort3_SET_FORCE=LARGEPCAP STATICDAQ
security_snort3_UNSET_FORCE=HYPERSCAN TSC
else
security_snort3_SET_FORCE=LARGEPCAP STATICDAQ HYPERSCAN
.endif
.endif

security_strongswan_SET_FORCE=	CURL EAPDYNAMIC EAPRADIUS EAPSIMFILE \
			IKEv1 UNBOUND XAUTH IPSECKEY PKCS11 PKI UNITY VICI VSTR SWANCTL
security_strongswan_UNSET_FORCE=	EAPAKA3GPP2 BUILTIN LIBC SMP

security_suricata_SET_FORCE=GEOIP HTP_PORT IPFW JSON LUAJIT NSS PORTS_PCAP NETMAP HYPERSCAN REDIS
security_suricata4_SET_FORCE=GEOIP HTP_PORT IPFW JSON LUAJIT NSS PORTS_PCAP NETMAP HYPERSCAN REDIS
.if ${.CURDIR:N*security/suricata*}==""
CUR_ARCH!=	/usr/bin/uname -p
NATIVE_BUILD!=	/sbin/sysctl -qn kern.supported_archs | grep -q ${CUR_ARCH} && echo yes || /usr/bin/true
.if ${NATIVE_BUILD} != "yes"
security_suricata_UNSET_FORCE=LUA PRELUDE SC TESTS RUST
security_suricata4_UNSET_FORCE=LUA PRELUDE SC TESTS RUST
.else
security_suricata_UNSET_FORCE=LUA PRELUDE SC TESTS
security_suricata4_UNSET_FORCE=LUA PRELUDE SC TESTS
.endif
.endif

security_xinetd_UNSET_FORCE=	XCONV

# sysutils
sysutils_apcupsd_SET_FORCE=APCDUMB_DRV APCSMART_DRV PCNET_DRV SNMP_DRV TCP_WRAPPERS USB
sysutils_apcupsd_UNSET_FORCE=CGI CLIENT_ONLY GAPCMON SNMP_DRV_OLD TEST_DRV

sysutils_flashrom_UNSET_FORCE=	FTDI BUSPIRATE

sysutils_pftop_SET_FORCE=ALTQ

sysutils_syslog-ng_SET_FORCE=	SYS_SSL
sysutils_syslog-ng_UNSET_FORCE=	PORTS_SSL

# www
www_c-icap_SET_FORCE=LARGE_FILES
www_c-icap_UNSET_FORCE=IPV6

www_lightsquid_SET_FORCE=GD

www_lighttpd_SET_FORCE=	NODELAY

www_nginx_SET_FORCE=	LUA

www_squid_SET_FORCE=ARP_ACL AUTH_LDAP AUTH_NIS AUTH_SASL CACHE_DIGESTS DELAY_POOLS FOLLOW_XFF FS_AUFS FS_DISKD GSSAPI_MIT HTCP ICAP ICMP IDENT IPV6 KQUEUE LARGEFILE LAX_HTTP SNMP SSL SSL_CRTD TP_PF WCCP WCCPV2
www_squid_UNSET_FORCE=AUTH_SMB AUTH_SQL DEBUG DNS_HELPER ECAP ESI FS_ROCK GSSAPI_NONE GSSAPI_BASE GSSAPI_HEIMDAL STACKTRACES TP_IPF TP_IPFW VIA_DB

www_squidguard_SET_FORCE=DNS_BL LDAP STRIP_NTDOMAIN
www_squidguard_UNSET_FORCE=QUOTE_STRING

www_e2guardian_SET_FORCE=ICAP NTLM SSL_MITM

PKG_REPO_BRANCH_DEVEL=v2_5_0
PKG_REPO_BRANCH_RELEASE=v2_5_2
PKG_REPO_SERVER_DEVEL=pkg+http://10.42.0.2/packages
PKG_REPO_SERVER_RELEASE=pkg+http://10.42.0.2/packages
POUDRIERE_PORTS_NAME=Cygate_devel
PFSENSE_DEFAULT_REPO=Cygate-repo-devel
PRODUCT_NAME=Cygate
REPO_BRANCH_PREFIX=
#### Misc Poudriere ####
.include "/etc/make.conf.ports_env"
---End make.conf---
--Resource limits--
cpu time               (seconds, -t)  unlimited
file size           (512-blocks, -f)  unlimited
data seg size           (kbytes, -d)  33554432
stack size              (kbytes, -s)  524288
core file size      (512-blocks, -c)  unlimited
max memory size         (kbytes, -m)  unlimited
locked memory           (kbytes, -l)  unlimited
max user processes              (-u)  19414
open files                      (-n)  9000
virtual mem size        (kbytes, -v)  8388608
swap limit              (kbytes, -w)  unlimited
socket buffer size       (bytes, -b)  unlimited
pseudo-terminals                (-p)  unlimited
kqueues                         (-k)  unlimited
umtx shared locks               (-o)  unlimited
--End resource limits--
=======================<phase: check-sanity   >============================
===== env: NO_DEPENDS=yes USER=nobody UID=65534 GID=65534
===>  License BSD2CLAUSE accepted by the user
===========================================================================
=======================<phase: pkg-depends    >============================
===== env: USE_PACKAGE_DEPENDS_ONLY=1 USER=root UID=0 GID=0
===>   iperf-2.1.4 depends on file: /usr/local/sbin/pkg - not found
===>   Installing existing package /packages/All/pkg-1.17.2.pkg
[Cygate_v2_5_0_amd64-Cygate_devel-job-03] Installing pkg-1.17.2...
[Cygate_v2_5_0_amd64-Cygate_devel-job-03] Extracting pkg-1.17.2: .......... done
===>   iperf-2.1.4 depends on file: /usr/local/sbin/pkg - found
===>   Returning to build of iperf-2.1.4
===========================================================================
=======================<phase: fetch-depends  >============================
===== env: USE_PACKAGE_DEPENDS_ONLY=1 USER=root UID=0 GID=0
===========================================================================
=======================<phase: fetch          >============================
===== env: NO_DEPENDS=yes USER=root UID=0 GID=0
===>  License BSD2CLAUSE accepted by the user
===> Fetching all distfiles required by iperf-2.1.4 for building
===========================================================================
=======================<phase: checksum       >============================
===== env: NO_DEPENDS=yes USER=root UID=0 GID=0
===>  License BSD2CLAUSE accepted by the user
===> Fetching all distfiles required by iperf-2.1.4 for building
=> SHA256 Checksum OK for iperf-2.1.4.tar.gz.
===========================================================================
=======================<phase: extract-depends>============================
===== env: USE_PACKAGE_DEPENDS_ONLY=1 USER=root UID=0 GID=0
===========================================================================
=======================<phase: extract        >============================
===== env: NO_DEPENDS=yes USER=nobody UID=65534 GID=65534
===>  License BSD2CLAUSE accepted by the user
===> Fetching all distfiles required by iperf-2.1.4 for building
===>  Extracting for iperf-2.1.4
=> SHA256 Checksum OK for iperf-2.1.4.tar.gz.
===========================================================================
=======================<phase: patch-depends  >============================
===== env: USE_PACKAGE_DEPENDS_ONLY=1 USER=root UID=0 GID=0
===========================================================================
=======================<phase: patch          >============================
===== env: NO_DEPENDS=yes USER=nobody UID=65534 GID=65534
===>  Patching for iperf-2.1.4
===========================================================================
=======================<phase: build-depends  >============================
===== env: USE_PACKAGE_DEPENDS_ONLY=1 USER=root UID=0 GID=0
===========================================================================
=======================<phase: lib-depends    >============================
===== env: USE_PACKAGE_DEPENDS_ONLY=1 USER=root UID=0 GID=0
===========================================================================
=======================<phase: configure      >============================
===== env: NO_DEPENDS=yes USER=nobody UID=65534 GID=65534
===>  Configuring for iperf-2.1.4
configure: loading site script /usr/ports/Templates/config.site
checking for a BSD-compatible install... /usr/bin/install -c
checking whether build environment is sane... yes
checking for a thread-safe mkdir -p... (cached) /bin/mkdir -p
checking for gawk... (cached) /usr/bin/awk
checking whether make sets $(MAKE)... yes
checking whether make supports nested variables... yes
checking whether to enable maintainer-specific portions of Makefiles... no
checking whether make supports the include directive... yes (GNU style)
checking for gcc... cc
checking whether the C compiler works... yes
checking for C compiler default output file name... a.out
checking for suffix of executables... 
checking whether we are cross compiling... no
checking for suffix of object files... o
checking whether we are using the GNU C compiler... yes
checking whether cc accepts -g... yes
checking for cc option to accept ISO C89... none needed
checking whether cc understands -c and -o together... yes
checking dependency style of cc... gcc3
checking whether TPACKET_V2 is declared... no
./configure: ,: not found
checking whether IFF_TUN is declared... no
checking whether IFF_TAP is declared... no
checking whether we are using the GNU C++ compiler... yes
checking whether c++ accepts -g... yes
checking dependency style of c++... gcc3
checking for gcc... (cached) cc
checking whether we are using the GNU C compiler... (cached) yes
checking whether cc accepts -g... (cached) yes
checking for cc option to accept ISO C89... (cached) none needed
checking whether cc understands -c and -o together... (cached) yes
checking dependency style of cc... (cached) gcc3
checking for library containing strerror... none required
checking whether make sets $(MAKE)... (cached) yes
checking for ranlib... ranlib
checking build system type... amd64-portbld-freebsd12.3
checking host system type... amd64-portbld-freebsd12.3
checking for clock_gettime in -lrt... yes
checking for a sed that does not truncate output... (cached) /usr/bin/sed
checking how to run the C preprocessor... cpp
checking for grep that handles long lines and -e... (cached) /usr/bin/grep
checking for egrep... (cached) /usr/bin/egrep
checking whether cc is Clang... yes
checking whether Clang needs flag to prevent "argument unused" warning when linking with -pthread... no
checking for joinable pthread attribute... PTHREAD_CREATE_JOINABLE
checking whether more special flags are required for pthreads... no
checking for PTHREAD_PRIO_INHERIT... yes
checking for library containing gethostbyname... none required
checking for library containing socket... none required
checking for ANSI C header files... (cached) yes
checking for sys/types.h... (cached) yes
checking for sys/stat.h... (cached) yes
checking for stdlib.h... (cached) yes
checking for string.h... (cached) yes
checking for memory.h... (cached) yes
checking for strings.h... (cached) yes
checking for inttypes.h... (cached) yes
checking for stdint.h... (cached) yes
checking for unistd.h... (cached) yes
checking for arpa/inet.h... (cached) yes
checking libintl.h usability... no
checking libintl.h presence... no
checking for libintl.h... no
checking net/ethernet.h usability... yes
checking net/ethernet.h presence... yes
checking for net/ethernet.h... yes
checking for net/if.h... (cached) yes
checking linux/ip.h usability... no
checking linux/ip.h presence... no
checking for linux/ip.h... no
checking linux/udp.h usability... no
checking linux/udp.h presence... no
checking for linux/udp.h... no
checking linux/if_packet.h usability... no
checking linux/if_packet.h presence... no
checking for linux/if_packet.h... no
checking linux/filter.h usability... no
checking linux/filter.h presence... no
checking for linux/filter.h... no
checking linux/if_tun.h usability... no
checking linux/if_tun.h presence... no
checking for linux/if_tun.h... no
checking for netdb.h... (cached) yes
checking for netinet/in.h... (cached) yes
checking netinet/tcp.h usability... yes
checking netinet/tcp.h presence... yes
checking for netinet/tcp.h... yes
checking for stdlib.h... (cached) yes
checking for string.h... (cached) yes
checking for strings.h... (cached) yes
checking for sys/socket.h... (cached) yes
checking for sys/time.h... (cached) yes
checking syslog.h usability... yes
checking syslog.h presence... yes
checking for syslog.h... yes
checking for unistd.h... (cached) yes
checking for signal.h... (cached) yes
checking ifaddrs.h usability... yes
checking ifaddrs.h presence... yes
checking for ifaddrs.h... yes
checking for an ANSI C-conforming const... yes
checking for size_t... (cached) yes
checking for ssize_t... (cached) yes
checking whether time.h and sys/time.h may both be included... yes
checking whether struct tm is in sys/time.h or time.h... time.h
checking for int64_t... yes
checking 3rd argument of accept... socklen_t
checking for working memcmp... yes
checking for sys/select.h... (cached) yes
checking for sys/socket.h... (cached) yes
checking types of arguments for select... int,fd_set *,struct timeval *
checking return type of signal handlers... void
checking for strftime... (cached) yes
checking for vprintf... (cached) yes
checking for _doprnt... no
checking for atexit... (cached) yes
checking for memset... (cached) yes
checking for select... (cached) yes
checking for strchr... (cached) yes
checking for strerror... (cached) yes
checking for strtol... (cached) yes
checking for strtoll... (cached) yes
checking for usleep... (cached) yes
checking for clock_gettime... (cached) yes
checking for sched_setscheduler... yes
checking for sched_yield... (cached) yes
checking for mlockall... yes
checking for setitimer... yes
checking for nanosleep... yes
checking for clock_nanosleep... yes
checking for freopen... yes
checking for snprintf... (cached) yes
checking for inet_pton... yes
checking for inet_ntop... (cached) yes
checking for gettimeofday... (cached) yes
checking whether ENOBUFS is declared... yes
checking whether EWOULDBLOCK is declared... yes
checking whether pthread_cancel is declared... yes
checking whether CPU_SET is declared... no
checking whether SIGALRM is declared... yes
checking whether AF_INET6 is declared... yes
checking whether SO_TIMESTAMP is declared... yes
checking whether SO_SNDTIMEO is declared... yes
checking whether SO_REUSEPORT is declared... yes
checking whether SO_BINDTODEVICE is declared... no
checking whether MSG_DONTWAIT is declared... yes
checking whether SO_MAX_PACING_RATE is declared... yes
checking whether SO_DONTROUTE is declared... yes
checking whether IPV6_TCLASS is declared... yes
checking whether IP_MULTICAST_ALL is declared... no
checking whether MCAST_JOIN_GROUP is declared... yes
checking whether MCAST_JOIN_SOURCE_GROUP is declared... yes
checking whether IPV6_JOIN_GROUP is declared... yes
checking whether TCP_NODELAY is declared... yes
checking whether IPV6_ADD_MEMBERSHIP is declared... no
checking whether IPV6_MULTICAST_HOPS is declared... yes
checking whether MSG_PEEK is declared... yes
checking whether MSG_WAITALL is declared... yes
checking whether TCP_WINDOW_CLAMP is declared... no
checking whether TCP_NOTSENT_LOWAT is declared... no
checking whether IP_ADD_MEMBERSHIP is declared... yes
checking whether IP_ADD_SOURCE_MEMBERSHIP is declared... yes
checking for struct sockaddr_storage... yes
checking for struct sockaddr_in6... yes
checking for struct group_source_req... yes
checking for struct ip_mreq... yes
checking for struct ipv6_mreq... yes
checking for struct ip_mreq_source... yes
checking for struct sockaddr_in6.sin6_len... yes
checking for struct ip_mreq_source.imr_multiaddr.s_addr... yes
checking for struct tcp_info.tcpi_total_retrans... no
checking for stdbool.h that conforms to C99... (cached) yes
checking for _Bool... (cached) yes
checking whether byte ordering is bigendian... no
checking for gettid syscall... no
checking for multicast support... yes
checking for multicast ssm support... yes
checking for IPv6 headers and structures... yes
checking for IPv6 multicast support... no
checking whether make is GNU make... no
checking that generated files are newer than configure... done
configure: creating ./config.status
config.status: creating Makefile
config.status: creating compat/Makefile
config.status: creating doc/Makefile
config.status: creating include/Makefile
config.status: creating src/Makefile
config.status: creating man/Makefile
config.status: creating config.h
config.status: executing depfiles commands
===========================================================================
=======================<phase: build          >============================
===== env: NO_DEPENDS=yes USER=nobody UID=65534 GID=65534
===>  Building for iperf-2.1.4
--- all ---
/usr/bin/make  all-recursive
--- all-recursive ---
Making all in compat
--- Thread.o ---
--- error.o ---
--- delay.o ---
--- gettimeofday.o ---
--- inet_ntop.o ---
--- inet_pton.o ---
--- signal.o ---
--- snprintf.o ---
--- string.o ---
--- Thread.o ---
cc -DHAVE_CONFIG_H -I. -I..  -I../include  -I../include   -Wall -O2 -pipe  -fstack-protector-strong -fno-strict-aliasing -MT Thread.o -MD -MP -MF .deps/Thread.Tpo -c -o Thread.o Thread.c
--- error.o ---
cc -DHAVE_CONFIG_H -I. -I..  -I../include  -I../include   -Wall -O2 -pipe  -fstack-protector-strong -fno-strict-aliasing -MT error.o -MD -MP -MF .deps/error.Tpo -c -o error.o error.c
--- delay.o ---
cc -DHAVE_CONFIG_H -I. -I..  -I../include  -I../include   -Wall -O2 -pipe  -fstack-protector-strong -fno-strict-aliasing -MT delay.o -MD -MP -MF .deps/delay.Tpo -c -o delay.o delay.c
--- gettimeofday.o ---
cc -DHAVE_CONFIG_H -I. -I..  -I../include  -I../include   -Wall -O2 -pipe  -fstack-protector-strong -fno-strict-aliasing -MT gettimeofday.o -MD -MP -MF .deps/gettimeofday.Tpo -c -o gettimeofday.o gettimeofday.c
--- inet_ntop.o ---
cc -DHAVE_CONFIG_H -I. -I..  -I../include  -I../include   -Wall -O2 -pipe  -fstack-protector-strong -fno-strict-aliasing -MT inet_ntop.o -MD -MP -MF .deps/inet_ntop.Tpo -c -o inet_ntop.o inet_ntop.c
--- inet_pton.o ---
cc -DHAVE_CONFIG_H -I. -I..  -I../include  -I../include   -Wall -O2 -pipe  -fstack-protector-strong -fno-strict-aliasing -MT inet_pton.o -MD -MP -MF .deps/inet_pton.Tpo -c -o inet_pton.o inet_pton.c
--- signal.o ---
cc -DHAVE_CONFIG_H -I. -I..  -I../include  -I../include   -Wall -O2 -pipe  -fstack-protector-strong -fno-strict-aliasing -MT signal.o -MD -MP -MF .deps/signal.Tpo -c -o signal.o signal.c
--- snprintf.o ---
cc -DHAVE_CONFIG_H -I. -I..  -I../include  -I../include   -Wall -O2 -pipe  -fstack-protector-strong -fno-strict-aliasing -MT snprintf.o -MD -MP -MF .deps/snprintf.Tpo -c -o snprintf.o snprintf.c
--- string.o ---
cc -DHAVE_CONFIG_H -I. -I..  -I../include  -I../include   -Wall -O2 -pipe  -fstack-protector-strong -fno-strict-aliasing -MT string.o -MD -MP -MF .deps/string.Tpo -c -o string.o string.c
--- gettimeofday.o ---
mv -f .deps/gettimeofday.Tpo .deps/gettimeofday.Po
--- snprintf.o ---
mv -f .deps/snprintf.Tpo .deps/snprintf.Po
--- inet_ntop.o ---
mv -f .deps/inet_ntop.Tpo .deps/inet_ntop.Po
--- signal.o ---
mv -f .deps/signal.Tpo .deps/signal.Po
--- inet_pton.o ---
mv -f .deps/inet_pton.Tpo .deps/inet_pton.Po
--- error.o ---
mv -f .deps/error.Tpo .deps/error.Po
--- string.o ---
mv -f .deps/string.Tpo .deps/string.Po
--- Thread.o ---
mv -f .deps/Thread.Tpo .deps/Thread.Po
--- delay.o ---
mv -f .deps/delay.Tpo .deps/delay.Po
--- libcompat.a ---
rm -f libcompat.a
ar cru libcompat.a Thread.o error.o  delay.o gettimeofday.o inet_ntop.o  inet_pton.o signal.o snprintf.o  string.o 
ranlib libcompat.a
Making all in doc
Making all in include
Making all in src
--- Client.o ---
--- Extractor.o ---
--- isochronous.o ---
--- Launch.o ---
--- active_hosts.o ---
--- Listener.o ---
--- Locale.o ---
--- PerfSocket.o ---
--- Reporter.o ---
--- Reports.o ---
--- ReportOutputs.o ---
--- Server.o ---
--- Client.o ---
c++ -DHAVE_CONFIG_H -I. -I..   -I../include  -I../include  -Wall  -O2 -O2 -pipe -fstack-protector-strong -fno-strict-aliasing -MT Client.o -MD -MP -MF .deps/Client.Tpo -c -o Client.o Client.cpp
--- Extractor.o ---
cc -DHAVE_CONFIG_H -I. -I..  -I../include  -I../include   -Wall  -O2 -O2 -pipe  -fstack-protector-strong -fno-strict-aliasing -MT Extractor.o -MD -MP -MF .deps/Extractor.Tpo -c -o Extractor.o Extractor.c
--- isochronous.o ---
c++ -DHAVE_CONFIG_H -I. -I..   -I../include  -I../include  -Wall  -O2 -O2 -pipe -fstack-protector-strong -fno-strict-aliasing -MT isochronous.o -MD -MP -MF .deps/isochronous.Tpo -c -o isochronous.o isochronous.cpp
--- Launch.o ---
c++ -DHAVE_CONFIG_H -I. -I..   -I../include  -I../include  -Wall  -O2 -O2 -pipe -fstack-protector-strong -fno-strict-aliasing -MT Launch.o -MD -MP -MF .deps/Launch.Tpo -c -o Launch.o Launch.cpp
--- active_hosts.o ---
c++ -DHAVE_CONFIG_H -I. -I..   -I../include  -I../include  -Wall  -O2 -O2 -pipe -fstack-protector-strong -fno-strict-aliasing -MT active_hosts.o -MD -MP -MF .deps/active_hosts.Tpo -c -o active_hosts.o active_hosts.cpp
--- Listener.o ---
c++ -DHAVE_CONFIG_H -I. -I..   -I../include  -I../include  -Wall  -O2 -O2 -pipe -fstack-protector-strong -fno-strict-aliasing -MT Listener.o -MD -MP -MF .deps/Listener.Tpo -c -o Listener.o Listener.cpp
--- Locale.o ---
cc -DHAVE_CONFIG_H -I. -I..  -I../include  -I../include   -Wall  -O2 -O2 -pipe  -fstack-protector-strong -fno-strict-aliasing -MT Locale.o -MD -MP -MF .deps/Locale.Tpo -c -o Locale.o Locale.c
--- PerfSocket.o ---
c++ -DHAVE_CONFIG_H -I. -I..   -I../include  -I../include  -Wall  -O2 -O2 -pipe -fstack-protector-strong -fno-strict-aliasing -MT PerfSocket.o -MD -MP -MF .deps/PerfSocket.Tpo -c -o PerfSocket.o PerfSocket.cpp
--- Reporter.o ---
cc -DHAVE_CONFIG_H -I. -I..  -I../include  -I../include   -Wall  -O2 -O2 -pipe  -fstack-protector-strong -fno-strict-aliasing -MT Reporter.o -MD -MP -MF .deps/Reporter.Tpo -c -o Reporter.o Reporter.c
--- Reports.o ---
cc -DHAVE_CONFIG_H -I. -I..  -I../include  -I../include   -Wall  -O2 -O2 -pipe  -fstack-protector-strong -fno-strict-aliasing -MT Reports.o -MD -MP -MF .deps/Reports.Tpo -c -o Reports.o Reports.c
--- ReportOutputs.o ---
cc -DHAVE_CONFIG_H -I. -I..  -I../include  -I../include   -Wall  -O2 -O2 -pipe  -fstack-protector-strong -fno-strict-aliasing -MT ReportOutputs.o -MD -MP -MF .deps/ReportOutputs.Tpo -c -o ReportOutputs.o ReportOutputs.c
--- Server.o ---
c++ -DHAVE_CONFIG_H -I. -I..   -I../include  -I../include  -Wall  -O2 -O2 -pipe -fstack-protector-strong -fno-strict-aliasing -MT Server.o -MD -MP -MF .deps/Server.Tpo -c -o Server.o Server.cpp
--- Locale.o ---
mv -f .deps/Locale.Tpo .deps/Locale.Po
--- Settings.o ---
c++ -DHAVE_CONFIG_H -I. -I..   -I../include  -I../include  -Wall  -O2 -O2 -pipe -fstack-protector-strong -fno-strict-aliasing -MT Settings.o -MD -MP -MF .deps/Settings.Tpo -c -o Settings.o Settings.cpp
--- Extractor.o ---
mv -f .deps/Extractor.Tpo .deps/Extractor.Po
--- SocketAddr.o ---
cc -DHAVE_CONFIG_H -I. -I..  -I../include  -I../include   -Wall  -O2 -O2 -pipe  -fstack-protector-strong -fno-strict-aliasing -MT SocketAddr.o -MD -MP -MF .deps/SocketAddr.Tpo -c -o SocketAddr.o SocketAddr.c
--- PerfSocket.o ---
mv -f .deps/PerfSocket.Tpo .deps/PerfSocket.Po
--- active_hosts.o ---
mv -f .deps/active_hosts.Tpo .deps/active_hosts.Po
--- gnu_getopt.o ---
cc -DHAVE_CONFIG_H -I. -I..  -I../include  -I../include   -Wall  -O2 -O2 -pipe  -fstack-protector-strong -fno-strict-aliasing -MT gnu_getopt.o -MD -MP -MF .deps/gnu_getopt.Tpo -c -o gnu_getopt.o gnu_getopt.c
--- gnu_getopt_long.o ---
cc -DHAVE_CONFIG_H -I. -I..  -I../include  -I../include   -Wall  -O2 -O2 -pipe  -fstack-protector-strong -fno-strict-aliasing -MT gnu_getopt_long.o -MD -MP -MF .deps/gnu_getopt_long.Tpo -c -o gnu_getopt_long.o gnu_getopt_long.c
mv -f .deps/gnu_getopt_long.Tpo .deps/gnu_getopt_long.Po
--- histogram.o ---
cc -DHAVE_CONFIG_H -I. -I..  -I../include  -I../include   -Wall  -O2 -O2 -pipe  -fstack-protector-strong -fno-strict-aliasing -MT histogram.o -MD -MP -MF .deps/histogram.Tpo -c -o histogram.o histogram.c
--- Launch.o ---
mv -f .deps/Launch.Tpo .deps/Launch.Po
--- main.o ---
--- isochronous.o ---
mv -f .deps/isochronous.Tpo .deps/isochronous.Po
--- service.o ---
--- main.o ---
c++ -DHAVE_CONFIG_H -I. -I..   -I../include  -I../include  -Wall  -O2 -O2 -pipe -fstack-protector-strong -fno-strict-aliasing -MT main.o -MD -MP -MF .deps/main.Tpo -c -o main.o main.cpp
--- service.o ---
cc -DHAVE_CONFIG_H -I. -I..  -I../include  -I../include   -Wall  -O2 -O2 -pipe  -fstack-protector-strong -fno-strict-aliasing -MT service.o -MD -MP -MF .deps/service.Tpo -c -o service.o service.c
--- SocketAddr.o ---
mv -f .deps/SocketAddr.Tpo .deps/SocketAddr.Po
--- sockets.o ---
--- service.o ---
mv -f .deps/service.Tpo .deps/service.Po
--- sockets.o ---
cc -DHAVE_CONFIG_H -I. -I..  -I../include  -I../include   -Wall  -O2 -O2 -pipe  -fstack-protector-strong -fno-strict-aliasing -MT sockets.o -MD -MP -MF .deps/sockets.Tpo -c -o sockets.o sockets.c
--- stdio.o ---
cc -DHAVE_CONFIG_H -I. -I..  -I../include  -I../include   -Wall  -O2 -O2 -pipe  -fstack-protector-strong -fno-strict-aliasing -MT stdio.o -MD -MP -MF .deps/stdio.Tpo -c -o stdio.o stdio.c
--- histogram.o ---
mv -f .deps/histogram.Tpo .deps/histogram.Po
--- packet_ring.o ---
--- Reports.o ---
mv -f .deps/Reports.Tpo .deps/Reports.Po
--- tcp_window_size.o ---
--- packet_ring.o ---
cc -DHAVE_CONFIG_H -I. -I..  -I../include  -I../include   -Wall  -O2 -O2 -pipe  -fstack-protector-strong -fno-strict-aliasing -MT packet_ring.o -MD -MP -MF .deps/packet_ring.Tpo -c -o packet_ring.o packet_ring.c
--- tcp_window_size.o ---
cc -DHAVE_CONFIG_H -I. -I..  -I../include  -I../include   -Wall  -O2 -O2 -pipe  -fstack-protector-strong -fno-strict-aliasing -MT tcp_window_size.o -MD -MP -MF .deps/tcp_window_size.Tpo -c -o tcp_window_size.o tcp_window_size.c
--- sockets.o ---
mv -f .deps/sockets.Tpo .deps/sockets.Po
--- pdfs.o ---
cc -DHAVE_CONFIG_H -I. -I..  -I../include  -I../include   -Wall  -O2 -O2 -pipe  -fstack-protector-strong -fno-strict-aliasing -MT pdfs.o -MD -MP -MF .deps/pdfs.Tpo -c -o pdfs.o pdfs.c
--- Server.o ---
mv -f .deps/Server.Tpo .deps/Server.Po
--- gnu_getopt.o ---
mv -f .deps/gnu_getopt.Tpo .deps/gnu_getopt.Po
--- Listener.o ---
mv -f .deps/Listener.Tpo .deps/Listener.Po
--- tcp_window_size.o ---
mv -f .deps/tcp_window_size.Tpo .deps/tcp_window_size.Po
--- pdfs.o ---
mv -f .deps/pdfs.Tpo .deps/pdfs.Po
--- stdio.o ---
mv -f .deps/stdio.Tpo .deps/stdio.Po
--- packet_ring.o ---
mv -f .deps/packet_ring.Tpo .deps/packet_ring.Po
--- main.o ---
mv -f .deps/main.Tpo .deps/main.Po
--- Reporter.o ---
mv -f .deps/Reporter.Tpo .deps/Reporter.Po
--- ReportOutputs.o ---
mv -f .deps/ReportOutputs.Tpo .deps/ReportOutputs.Po
--- Client.o ---
mv -f .deps/Client.Tpo .deps/Client.Po
--- Settings.o ---
mv -f .deps/Settings.Tpo .deps/Settings.Po
--- iperf ---
c++ -Wall  -O2 -O2 -pipe -fstack-protector-strong -fno-strict-aliasing -O2 -pipe  -fstack-protector-strong -fno-strict-aliasing   -pthread  -DHAVE_CONFIG_H  -lpthread -fstack-protector-strong -o iperf Client.o Extractor.o  isochronous.o Launch.o active_hosts.o  Listener.o Locale.o PerfSocket.o  Reporter.o Reports.o ReportOutputs.o  Server.o Settings.o SocketAddr.o  gnu_getopt.o gnu_getopt_long.o  histogram.o main.o service.o  sockets.o stdio.o packet_ring.o  tcp_window_size.o pdfs.o  ../compat/libcompat.a -lrt
Making all in man
===========================================================================
=======================<phase: run-depends    >============================
===== env: USE_PACKAGE_DEPENDS_ONLY=1 USER=root UID=0 GID=0
===========================================================================
=======================<phase: stage          >============================
===== env: NO_DEPENDS=yes USER=nobody UID=65534 GID=65534
===>  Staging for iperf-2.1.4
===>   Generating temporary packing list
Making install in compat
Making install in doc
Making install in include
Making install in src
 /bin/mkdir -p '/wrkdirs/usr/ports/benchmarks/iperf/work/stage/usr/local/bin'
  install  -s -m 555 iperf '/wrkdirs/usr/ports/benchmarks/iperf/work/stage/usr/local/bin'
Making install in man
 /bin/mkdir -p '/wrkdirs/usr/ports/benchmarks/iperf/work/stage/usr/local/man/man1'
 install  -m 0644 iperf.1 '/wrkdirs/usr/ports/benchmarks/iperf/work/stage/usr/local/man/man1'
====> Compressing man pages (compress-man)
===========================================================================
=======================<phase: package        >============================
===== env: 'PKG_NOTES=build_timestamp ports_top_git_hash ports_top_checkout_unclean port_git_hash port_checkout_unclean built_by' 'PKG_NOTE_build_timestamp=2021-10-18T20:46:25+0000' 'PKG_NOTE_ports_top_git_hash=af67f424b' 'PKG_NOTE_ports_top_checkout_unclean=no' 'PKG_NOTE_port_git_hash=af67f424b' 'PKG_NOTE_port_checkout_unclean=no' 'PKG_NOTE_built_by=poudriere-git-3.3.0-1019-gef452659' NO_DEPENDS=yes USER=nobody UID=65534 GID=65534
===>  Building package for iperf-2.1.4
install -l rs /.npkg/All/iperf-2.1.4.pkg /.npkg/All/iperf-2.1.4.txz
===========================================================================
=>> Cleaning up wrkdir
===>  Cleaning for iperf-2.1.4
build of benchmarks/iperf | iperf-2.1.4 ended at Mon Oct 18 23:46:30 EAT 2021
build time: 00:00:05
