=>> Building net-mgmt/iprange
build started at Mon Oct 18 23:32:33 EAT 2021
port directory: /usr/ports/net-mgmt/iprange
package name: iprange-1.0.4
building for: FreeBSD Cygate_v2_5_0_amd64-Cygate_devel-job-03 12.3-PRERELEASE FreeBSD 12.3-PRERELEASE 1202508 amd64
maintained by: garga@FreeBSD.org
Makefile datestamp: -rw-r--r--  1 root  wheel  327 Oct 18 18:58 /usr/ports/net-mgmt/iprange/Makefile
Ports top last git commit: af67f424b
Ports top unclean checkout: no
Port dir last git commit: af67f424b
Port dir unclean checkout: no
Poudriere version: poudriere-git-3.3.0-1019-gef452659
Host OSVERSION: 1202000
Jail OSVERSION: 1202508
Job Id: 03




!!! Jail is newer than host. (Jail: 1202508, Host: 1202000) !!!
!!! This is not supported. !!!
!!! Host kernel must be same or newer than jail. !!!
!!! Expect build failures. !!!



---Begin Environment---
SHELL=/bin/csh
OSVERSION=1202508
UNAME_v=FreeBSD 12.3-PRERELEASE 1202508
UNAME_r=12.3-PRERELEASE
BLOCKSIZE=K
MAIL=/var/mail/root
STATUS=1
HOME=/root
PATH=/sbin:/bin:/usr/sbin:/usr/bin:/usr/local/sbin:/usr/local/bin:/root/bin
LOCALBASE=/usr/local
USER=root
POUDRIERE_NAME=poudriere-git
LIBEXECPREFIX=/usr/local/libexec/poudriere
POUDRIERE_VERSION=3.3.0-1019-gef452659
MASTERMNT=/usr/local/poudriere/data/.m/Cygate_v2_5_0_amd64-Cygate_devel/ref
LC_COLLATE=C
POUDRIERE_BUILD_TYPE=bulk
PACKAGE_BUILDING=yes
SAVED_TERM=xterm-256color
GID=0
OUTPUT_REDIRECTED_STDERR=4
OUTPUT_REDIRECTED=1
UID=0
PWD=/usr/local/poudriere/data/.m/Cygate_v2_5_0_amd64-Cygate_devel/03/.p
OUTPUT_REDIRECTED_STDOUT=3
P_PORTS_FEATURES=FLAVORS SELECTED_OPTIONS
MASTERNAME=Cygate_v2_5_0_amd64-Cygate_devel
SCRIPTPREFIX=/usr/local/share/poudriere
SCRIPTNAME=bulk.sh
OLDPWD=/usr/local/poudriere/data/.m/Cygate_v2_5_0_amd64-Cygate_devel/ref/.p/pool
POUDRIERE_PKGNAME=poudriere-git-3.3.0-1019-gef452659
SCRIPTPATH=/usr/local/share/poudriere/bulk.sh
POUDRIEREPATH=/usr/local/bin/poudriere
---End Environment---

---Begin Poudriere Port Flags/Env---
PORT_FLAGS=
PKGENV=
FLAVOR=
DEPENDS_ARGS=
MAKE_ARGS=
---End Poudriere Port Flags/Env---

---Begin OPTIONS List---
---End OPTIONS List---

--MAINTAINER--
garga@FreeBSD.org
--End MAINTAINER--

--CONFIGURE_ARGS--
--prefix=/usr/local ${_LATE_CONFIGURE_ARGS}
--End CONFIGURE_ARGS--

--CONFIGURE_ENV--
XDG_DATA_HOME=/wrkdirs/usr/ports/net-mgmt/iprange/work  XDG_CONFIG_HOME=/wrkdirs/usr/ports/net-mgmt/iprange/work  XDG_CACHE_HOME=/wrkdirs/usr/ports/net-mgmt/iprange/work/.cache  HOME=/wrkdirs/usr/ports/net-mgmt/iprange/work TMPDIR="/tmp" PATH=/wrkdirs/usr/ports/net-mgmt/iprange/work/.bin:/sbin:/bin:/usr/sbin:/usr/bin:/usr/local/sbin:/usr/local/bin:/root/bin SHELL=/bin/sh CONFIG_SHELL=/bin/sh CONFIG_SITE=/usr/ports/Templates/config.site lt_cv_sys_max_cmd_len=524288
--End CONFIGURE_ENV--

--MAKE_ENV--
XDG_DATA_HOME=/wrkdirs/usr/ports/net-mgmt/iprange/work  XDG_CONFIG_HOME=/wrkdirs/usr/ports/net-mgmt/iprange/work  XDG_CACHE_HOME=/wrkdirs/usr/ports/net-mgmt/iprange/work/.cache  HOME=/wrkdirs/usr/ports/net-mgmt/iprange/work TMPDIR="/tmp" PATH=/wrkdirs/usr/ports/net-mgmt/iprange/work/.bin:/sbin:/bin:/usr/sbin:/usr/bin:/usr/local/sbin:/usr/local/bin:/root/bin NO_PIE=yes MK_DEBUG_FILES=no MK_KERNEL_SYMBOLS=no SHELL=/bin/sh NO_LINT=YES PREFIX=/usr/local  LOCALBASE=/usr/local  CC="cc" CFLAGS="-O2 -pipe  -fstack-protector-strong -fno-strict-aliasing "  CPP="cpp" CPPFLAGS=""  LDFLAGS=" -fstack-protector-strong " LIBS=""  CXX="c++" CXXFLAGS="-O2 -pipe -fstack-protector-strong -fno-strict-aliasing  "  MANPREFIX="/usr/local" BSD_INSTALL_PROGRAM="install  -s -m 555"  BSD_INSTALL_LIB="install  -s -m 0644"  BSD_INSTALL_SCRIPT="install  -m 555"  BSD_INSTALL_DATA="install  -m 0644"  BSD_INSTALL_MAN="install  -m 444"
--End MAKE_ENV--

--PLIST_SUB--
OSREL=12.3 PREFIX=%D LOCALBASE=/usr/local  RESETPREFIX=/usr/local LIB32DIR=lib DOCSDIR="share/doc/iprange"  EXAMPLESDIR="share/examples/iprange"  DATADIR="share/iprange"  WWWDIR="www/iprange"  ETCDIR="etc/iprange"
--End PLIST_SUB--

--SUB_LIST--
PREFIX=/usr/local LOCALBASE=/usr/local  DATADIR=/usr/local/share/iprange DOCSDIR=/usr/local/share/doc/iprange EXAMPLESDIR=/usr/local/share/examples/iprange  WWWDIR=/usr/local/www/iprange ETCDIR=/usr/local/etc/iprange
--End SUB_LIST--

---Begin make.conf---
USE_PACKAGE_DEPENDS=yes
BATCH=yes
WRKDIRPREFIX=/wrkdirs
PORTSDIR=/usr/ports
PACKAGES=/packages
DISTDIR=/distfiles
FORCE_PACKAGE=yes
PACKAGE_BUILDING=yes
PACKAGE_BUILDING_FLAVORS=yes
#### /usr/local/etc/poudriere.d/Cygate_devel-make.conf ####
ALLOW_UNSUPPORTED_SYSTEM=yes

# Define pfSense repos
PFSENSE_REPOS=	Cygate-repo Cygate-repo-devel Cygate-repo-245

# Used by pfSense-upgrade port to set pkg_set_version
PFSENSE_PKG_SET_VERSION=	2.6.0-DEVELOPMENT

# Generic options
OPTIONS_UNSET_FORCE=	DOCS DOXYGEN EXAMPLES INFO MAN MANPAGES X11

# Individual ports options
.if ${.CURDIR:N*net/quagga*}=="" || ${.CURDIR:N*net/frr*}==""
CUR_ARCH!=	/usr/bin/uname -p
. if ${CUR_ARCH} == "armv7"
WITH_DEBUG=yes
. endif
.endif

.if ${.CURDIR:N*net/frr*}==""
ETCDIR=	/var/etc/frr
.endif

DEFAULT_VERSIONS=	php=74 ssl=base
PHP_FD_SETSIZE=		3172

. if ${.CURDIR:N*sysutils/check_reload_status*}==""
WITH_DEBUG=	yes
. endif

# Options for packages

# databases
databases_rrdtool_UNSET_FORCE=	PYTHON_MODULE RUBY_MODULE PERL_MODULE DEJAVU GRAPH

# devel
devel_git_UNSET_FORCE=CVS GITWEB GUI HTMLDOCS P4 SVN CONTRIB PERL ETCSHELLS

# dns
dns_dnsmasq_UNSET_FORCE=	DNSSEC

dns_unbound_SET_FORCE=	LIBEVENT PYTHON
dns_unbound112_SET_FORCE=	LIBEVENT PYTHON

dns_bind916_SET_FORCE=DLZ_FILESYSTEM FILTER_AAAA IPV6 LINKS RRL SIGCHASE SSL THREADS GSSAPI_NONE
dns_bind916_UNSET_FORCE=FIXED_RRSET IDN LARGE_FILE LMDB

# emulators
emulators_open-vm-tools_UNSET_FORCE=DOCS FUSE LIBNOTIFY X11

# graphics
graphics_cairo_UNSET_FORCE=X11 XCB OPENGL

graphics_gd_SET_FORCE=ICONV
graphics_gd_UNSET_FORCE=FONTCONFIG XPM

graphics_graphviz_SET_FORCE=ICONV NLS
graphics_graphviz_UNSET_FORCE=DIGCOLA IPSEPCOLA PANGOCAIRO XPM

# lang
lang_gcc_UNSET_FORCE=JAVA

# mail
mail_pear-Mail_SET_FORCE=	PEAR_NET_SMTP

# net
net_freeradius3_SET_FORCE=EXPERIMENTAL HEIMDAL LDAP MYSQL PERL PGSQL PYTHON SQLITE3

net_frr7_SET_FORCE=SNMP

net_haproxy18_SET_FORCE=OPENSSL SPCRE LUA
net_haproxy18_UNSET_FORCE=DPCRE

net_haproxy_SET_FORCE=OPENSSL SPCRE LUA PROMEX
net_haproxy_UNSET_FORCE=DPCRE

net_haproxy-devel_SET_FORCE=OPENSSL SPCRE LUA
net_haproxy-devel_UNSET_FORCE=DPCRE

net_libpcap_SET_FORCE=IPV6
net_libpcap_UNSET_FORCE=DAG

net_miniupnpd_SET_FORCE=	PF_FILTER_RULES IPV6 CHECK_PORTINUSE

net_mtr_UNSET_FORCE=X11

net_nss_ldap_UNSET_FORCE=SASL KERBEROS

net_ntp_UNSET_FORCE=	PERL_UTILS

# net-mgmt
net-mgmt_net-snmp_SET_FORCE=IPV6 MFD_REWRITES TLS
net-mgmt_net-snmp_UNSET_FORCE=AX_DISABLE_TRAP AX_SOCKONLY DOCS DUMMY JAIL MYSQL PYTHON SMUX TKMIB UNPRIVILEGED

net-mgmt_zabbix3-agent_SET_FORCE=IPV6

net-mgmt_zabbix3-proxy_SET_FORCE=IPMI IPV6 LIBXML2 SQLITE SSH
net-mgmt_zabbix3-proxy_UNSET_FORCE=MYSQL

net-mgmt_zabbix4-agent_SET_FORCE=IPV6

net-mgmt_zabbix4-proxy_SET_FORCE=IPMI IPV6 LIBXML2 SQLITE SSH
net-mgmt_zabbix4-proxy_UNSET_FORCE=MYSQL

net-mgmt_zabbix44-agent_SET_FORCE=IPV6

net-mgmt_zabbix44-proxy_SET_FORCE=IPMI IPV6 LIBXML2 SQLITE SSH
net-mgmt_zabbix44-proxy_UNSET_FORCE=MYSQL

net-mgmt_zabbix5-agent_SET_FORCE=IPV6

net-mgmt_zabbix5-proxy_SET_FORCE=IPMI IPV6 LIBXML2 SQLITE SSH
net-mgmt_zabbix5-proxy_UNSET_FORCE=MYSQL

net-mgmt_zabbix52-agent_SET_FORCE=IPV6

net-mgmt_zabbix52-proxy_SET_FORCE=IPMI IPV6 LIBXML2 SQLITE SSH
net-mgmt_zabbix52-proxy_UNSET_FORCE=MYSQL

net-mgmt_zabbix54-agent_SET_FORCE=IPV6

net-mgmt_zabbix54-proxy_SET_FORCE=IPMI IPV6 LIBXML2 SQLITE SSH
net-mgmt_zabbix54-proxy_UNSET_FORCE=MYSQL

# security
security_ca_root_nss_SET_FORCE=	ETCSYMLINK

security_opensc_SET_FORCE=	PCSC
security_opensc_UNSET_FORCE=	DOCS MANPAGES

security_openvpn_SET_FORCE=	X509ALTUSERNAME ASYNC_PUSH
security_openvpn_UNSET_FORCE=	EASYRSA

shells_scponly_SET_FORCE=CHROOT SCP WILDCARDS WINSCP
shells_scponly_UNSET_FORCE=DEFAULT_CHDIR DOCS GFTP RSYNC SVN SVNSERVE UNISON

security_sudo_SET_FORCE=LDAP

security_snort_SET_FORCE=APPID COREDUMPS GRE IPV6 NORMALIZER PERFPROFILE SOURCEFIRE
security_snort_UNSET_FORCE=BARNYARD FILEINSPECT HA PULLEDPORK

.if ${.CURDIR:N*security/snort3*}==""
CUR_ARCH!=  /usr/bin/uname -p
.if ${CUR_ARCH} == "armv7" || ${CUR_ARCH} == "aarch64"
security_snort3_SET_FORCE=LARGEPCAP STATICDAQ
security_snort3_UNSET_FORCE=HYPERSCAN TSC
else
security_snort3_SET_FORCE=LARGEPCAP STATICDAQ HYPERSCAN
.endif
.endif

security_strongswan_SET_FORCE=	CURL EAPDYNAMIC EAPRADIUS EAPSIMFILE \
			IKEv1 UNBOUND XAUTH IPSECKEY PKCS11 PKI UNITY VICI VSTR SWANCTL
security_strongswan_UNSET_FORCE=	EAPAKA3GPP2 BUILTIN LIBC SMP

security_suricata_SET_FORCE=GEOIP HTP_PORT IPFW JSON LUAJIT NSS PORTS_PCAP NETMAP HYPERSCAN REDIS
security_suricata4_SET_FORCE=GEOIP HTP_PORT IPFW JSON LUAJIT NSS PORTS_PCAP NETMAP HYPERSCAN REDIS
.if ${.CURDIR:N*security/suricata*}==""
CUR_ARCH!=	/usr/bin/uname -p
NATIVE_BUILD!=	/sbin/sysctl -qn kern.supported_archs | grep -q ${CUR_ARCH} && echo yes || /usr/bin/true
.if ${NATIVE_BUILD} != "yes"
security_suricata_UNSET_FORCE=LUA PRELUDE SC TESTS RUST
security_suricata4_UNSET_FORCE=LUA PRELUDE SC TESTS RUST
.else
security_suricata_UNSET_FORCE=LUA PRELUDE SC TESTS
security_suricata4_UNSET_FORCE=LUA PRELUDE SC TESTS
.endif
.endif

security_xinetd_UNSET_FORCE=	XCONV

# sysutils
sysutils_apcupsd_SET_FORCE=APCDUMB_DRV APCSMART_DRV PCNET_DRV SNMP_DRV TCP_WRAPPERS USB
sysutils_apcupsd_UNSET_FORCE=CGI CLIENT_ONLY GAPCMON SNMP_DRV_OLD TEST_DRV

sysutils_flashrom_UNSET_FORCE=	FTDI BUSPIRATE

sysutils_pftop_SET_FORCE=ALTQ

sysutils_syslog-ng_SET_FORCE=	SYS_SSL
sysutils_syslog-ng_UNSET_FORCE=	PORTS_SSL

# www
www_c-icap_SET_FORCE=LARGE_FILES
www_c-icap_UNSET_FORCE=IPV6

www_lightsquid_SET_FORCE=GD

www_lighttpd_SET_FORCE=	NODELAY

www_nginx_SET_FORCE=	LUA

www_squid_SET_FORCE=ARP_ACL AUTH_LDAP AUTH_NIS AUTH_SASL CACHE_DIGESTS DELAY_POOLS FOLLOW_XFF FS_AUFS FS_DISKD GSSAPI_MIT HTCP ICAP ICMP IDENT IPV6 KQUEUE LARGEFILE LAX_HTTP SNMP SSL SSL_CRTD TP_PF WCCP WCCPV2
www_squid_UNSET_FORCE=AUTH_SMB AUTH_SQL DEBUG DNS_HELPER ECAP ESI FS_ROCK GSSAPI_NONE GSSAPI_BASE GSSAPI_HEIMDAL STACKTRACES TP_IPF TP_IPFW VIA_DB

www_squidguard_SET_FORCE=DNS_BL LDAP STRIP_NTDOMAIN
www_squidguard_UNSET_FORCE=QUOTE_STRING

www_e2guardian_SET_FORCE=ICAP NTLM SSL_MITM

PKG_REPO_BRANCH_DEVEL=v2_5_0
PKG_REPO_BRANCH_RELEASE=v2_5_2
PKG_REPO_SERVER_DEVEL=pkg+http://10.42.0.2/packages
PKG_REPO_SERVER_RELEASE=pkg+http://10.42.0.2/packages
POUDRIERE_PORTS_NAME=Cygate_devel
PFSENSE_DEFAULT_REPO=Cygate-repo-devel
PRODUCT_NAME=Cygate
REPO_BRANCH_PREFIX=
#### Misc Poudriere ####
.include "/etc/make.conf.ports_env"
---End make.conf---
--Resource limits--
cpu time               (seconds, -t)  unlimited
file size           (512-blocks, -f)  unlimited
data seg size           (kbytes, -d)  33554432
stack size              (kbytes, -s)  524288
core file size      (512-blocks, -c)  unlimited
max memory size         (kbytes, -m)  unlimited
locked memory           (kbytes, -l)  unlimited
max user processes              (-u)  19414
open files                      (-n)  9000
virtual mem size        (kbytes, -v)  8388608
swap limit              (kbytes, -w)  unlimited
socket buffer size       (bytes, -b)  unlimited
pseudo-terminals                (-p)  unlimited
kqueues                         (-k)  unlimited
umtx shared locks               (-o)  unlimited
--End resource limits--
=======================<phase: check-sanity   >============================
===== env: NO_DEPENDS=yes USER=nobody UID=65534 GID=65534
===>  License GPLv2+ accepted by the user
===========================================================================
=======================<phase: pkg-depends    >============================
===== env: USE_PACKAGE_DEPENDS_ONLY=1 USER=root UID=0 GID=0
===>   iprange-1.0.4 depends on file: /usr/local/sbin/pkg - not found
===>   Installing existing package /packages/All/pkg-1.17.2.pkg
[Cygate_v2_5_0_amd64-Cygate_devel-job-03] Installing pkg-1.17.2...
[Cygate_v2_5_0_amd64-Cygate_devel-job-03] Extracting pkg-1.17.2: .......... done
===>   iprange-1.0.4 depends on file: /usr/local/sbin/pkg - found
===>   Returning to build of iprange-1.0.4
===========================================================================
=======================<phase: fetch-depends  >============================
===== env: USE_PACKAGE_DEPENDS_ONLY=1 USER=root UID=0 GID=0
===========================================================================
=======================<phase: fetch          >============================
===== env: NO_DEPENDS=yes USER=root UID=0 GID=0
===>  License GPLv2+ accepted by the user
===> Fetching all distfiles required by iprange-1.0.4 for building
===========================================================================
=======================<phase: checksum       >============================
===== env: NO_DEPENDS=yes USER=root UID=0 GID=0
===>  License GPLv2+ accepted by the user
===> Fetching all distfiles required by iprange-1.0.4 for building
=> SHA256 Checksum OK for iprange-1.0.4.tar.xz.
===========================================================================
=======================<phase: extract-depends>============================
===== env: USE_PACKAGE_DEPENDS_ONLY=1 USER=root UID=0 GID=0
===========================================================================
=======================<phase: extract        >============================
===== env: NO_DEPENDS=yes USER=nobody UID=65534 GID=65534
===>  License GPLv2+ accepted by the user
===> Fetching all distfiles required by iprange-1.0.4 for building
===>  Extracting for iprange-1.0.4
=> SHA256 Checksum OK for iprange-1.0.4.tar.xz.
===========================================================================
=======================<phase: patch-depends  >============================
===== env: USE_PACKAGE_DEPENDS_ONLY=1 USER=root UID=0 GID=0
===========================================================================
=======================<phase: patch          >============================
===== env: NO_DEPENDS=yes USER=nobody UID=65534 GID=65534
===>  Patching for iprange-1.0.4
===========================================================================
=======================<phase: build-depends  >============================
===== env: USE_PACKAGE_DEPENDS_ONLY=1 USER=root UID=0 GID=0
===========================================================================
=======================<phase: lib-depends    >============================
===== env: USE_PACKAGE_DEPENDS_ONLY=1 USER=root UID=0 GID=0
===========================================================================
=======================<phase: configure      >============================
===== env: NO_DEPENDS=yes USER=nobody UID=65534 GID=65534
===>  Configuring for iprange-1.0.4
configure: loading site script /usr/ports/Templates/config.site
checking whether to enable maintainer-specific portions of Makefiles... no
checking for a BSD-compatible install... /usr/bin/install -c
checking whether build environment is sane... yes
checking for a thread-safe mkdir -p... (cached) /bin/mkdir -p
checking for gawk... (cached) /usr/bin/awk
checking whether make sets $(MAKE)... yes
checking build system type... amd64-portbld-freebsd12.3
checking host system type... amd64-portbld-freebsd12.3
checking for gcc... cc
checking whether the C compiler works... yes
checking for C compiler default output file name... a.out
checking for suffix of executables... 
checking whether we are cross compiling... no
checking for suffix of object files... o
checking whether we are using the GNU C compiler... yes
checking whether cc accepts -g... yes
checking for cc option to accept ISO C89... none needed
checking for style of include used by make... GNU
checking dependency style of cc... gcc3
checking if compiler needs -Werror to reject unknown flags... yes
checking for the pthreads library -lpthreads... no
checking whether pthreads work without any flags... no
checking whether pthreads work with -Kthread... no
checking whether pthreads work with -kthread... no
checking for the pthreads library -llthread... no
checking whether pthreads work with -pthread... yes
checking for joinable pthread attribute... PTHREAD_CREATE_JOINABLE
checking if more special flags are required for pthreads... -D_THREAD_SAFE
checking for PTHREAD_PRIO_INHERIT... yes
checking how to run the C preprocessor... cpp
checking for grep that handles long lines and -e... (cached) /usr/bin/grep
checking for egrep... (cached) /usr/bin/egrep
checking for ANSI C header files... (cached) yes
checking for sys/types.h... (cached) yes
checking for sys/stat.h... (cached) yes
checking for stdlib.h... (cached) yes
checking for string.h... (cached) yes
checking for memory.h... (cached) yes
checking for strings.h... (cached) yes
checking for inttypes.h... (cached) yes
checking for stdint.h... (cached) yes
checking for unistd.h... (cached) yes
checking for uint32_t... (cached) yes
checking for inline... inline
configure: creating ./config.status
config.status: creating Makefile
config.status: creating iprange.spec
config.status: creating config.h
config.status: executing depfiles commands
===========================================================================
=======================<phase: build          >============================
===== env: NO_DEPENDS=yes USER=nobody UID=65534 GID=65534
===>  Building for iprange-1.0.4
--- all ---
/usr/bin/make  all-am
--- iprange.o ---
--- ipset.o ---
--- ipset_binary.o ---
--- ipset_combine.o ---
--- ipset_common.o ---
--- ipset_copy.o ---
--- ipset_diff.o ---
--- ipset_exclude.o ---
--- ipset_load.o ---
--- ipset_merge.o ---
--- ipset_optimize.o ---
--- ipset_print.o ---
--- iprange.o ---
cc -DHAVE_CONFIG_H -I.      -O2 -pipe  -fstack-protector-strong -fno-strict-aliasing  -D_THREAD_SAFE -pthread -MT iprange.o -MD -MP -MF .deps/iprange.Tpo -c -o iprange.o iprange.c
--- ipset.o ---
cc -DHAVE_CONFIG_H -I.      -O2 -pipe  -fstack-protector-strong -fno-strict-aliasing  -D_THREAD_SAFE -pthread -MT ipset.o -MD -MP -MF .deps/ipset.Tpo -c -o ipset.o ipset.c
--- ipset_binary.o ---
cc -DHAVE_CONFIG_H -I.      -O2 -pipe  -fstack-protector-strong -fno-strict-aliasing  -D_THREAD_SAFE -pthread -MT ipset_binary.o -MD -MP -MF .deps/ipset_binary.Tpo -c -o ipset_binary.o ipset_binary.c
--- ipset_combine.o ---
cc -DHAVE_CONFIG_H -I.      -O2 -pipe  -fstack-protector-strong -fno-strict-aliasing  -D_THREAD_SAFE -pthread -MT ipset_combine.o -MD -MP -MF .deps/ipset_combine.Tpo -c -o ipset_combine.o ipset_combine.c
--- ipset_common.o ---
cc -DHAVE_CONFIG_H -I.      -O2 -pipe  -fstack-protector-strong -fno-strict-aliasing  -D_THREAD_SAFE -pthread -MT ipset_common.o -MD -MP -MF .deps/ipset_common.Tpo -c -o ipset_common.o ipset_common.c
--- ipset_copy.o ---
cc -DHAVE_CONFIG_H -I.      -O2 -pipe  -fstack-protector-strong -fno-strict-aliasing  -D_THREAD_SAFE -pthread -MT ipset_copy.o -MD -MP -MF .deps/ipset_copy.Tpo -c -o ipset_copy.o ipset_copy.c
--- ipset_diff.o ---
cc -DHAVE_CONFIG_H -I.      -O2 -pipe  -fstack-protector-strong -fno-strict-aliasing  -D_THREAD_SAFE -pthread -MT ipset_diff.o -MD -MP -MF .deps/ipset_diff.Tpo -c -o ipset_diff.o ipset_diff.c
--- ipset_exclude.o ---
cc -DHAVE_CONFIG_H -I.      -O2 -pipe  -fstack-protector-strong -fno-strict-aliasing  -D_THREAD_SAFE -pthread -MT ipset_exclude.o -MD -MP -MF .deps/ipset_exclude.Tpo -c -o ipset_exclude.o ipset_exclude.c
--- ipset_load.o ---
cc -DHAVE_CONFIG_H -I.      -O2 -pipe  -fstack-protector-strong -fno-strict-aliasing  -D_THREAD_SAFE -pthread -MT ipset_load.o -MD -MP -MF .deps/ipset_load.Tpo -c -o ipset_load.o ipset_load.c
--- ipset_merge.o ---
cc -DHAVE_CONFIG_H -I.      -O2 -pipe  -fstack-protector-strong -fno-strict-aliasing  -D_THREAD_SAFE -pthread -MT ipset_merge.o -MD -MP -MF .deps/ipset_merge.Tpo -c -o ipset_merge.o ipset_merge.c
--- ipset_optimize.o ---
cc -DHAVE_CONFIG_H -I.      -O2 -pipe  -fstack-protector-strong -fno-strict-aliasing  -D_THREAD_SAFE -pthread -MT ipset_optimize.o -MD -MP -MF .deps/ipset_optimize.Tpo -c -o ipset_optimize.o ipset_optimize.c
--- ipset_print.o ---
cc -DHAVE_CONFIG_H -I.      -O2 -pipe  -fstack-protector-strong -fno-strict-aliasing  -D_THREAD_SAFE -pthread -MT ipset_print.o -MD -MP -MF .deps/ipset_print.Tpo -c -o ipset_print.o ipset_print.c
--- ipset_merge.o ---
mv -f .deps/ipset_merge.Tpo .deps/ipset_merge.Po
--- ipset_combine.o ---
mv -f .deps/ipset_combine.Tpo .deps/ipset_combine.Po
--- ipset_copy.o ---
mv -f .deps/ipset_copy.Tpo .deps/ipset_copy.Po
--- ipset_reduce.o ---
cc -DHAVE_CONFIG_H -I.      -O2 -pipe  -fstack-protector-strong -fno-strict-aliasing  -D_THREAD_SAFE -pthread -MT ipset_reduce.o -MD -MP -MF .deps/ipset_reduce.Tpo -c -o ipset_reduce.o ipset_reduce.c
--- ipset.o ---
mv -f .deps/ipset.Tpo .deps/ipset.Po
--- ipset_binary.o ---
mv -f .deps/ipset_binary.Tpo .deps/ipset_binary.Po
--- ipset_optimize.o ---
mv -f .deps/ipset_optimize.Tpo .deps/ipset_optimize.Po
--- ipset_common.o ---
mv -f .deps/ipset_common.Tpo .deps/ipset_common.Po
--- ipset_exclude.o ---
mv -f .deps/ipset_exclude.Tpo .deps/ipset_exclude.Po
--- ipset_reduce.o ---
mv -f .deps/ipset_reduce.Tpo .deps/ipset_reduce.Po
--- ipset_diff.o ---
mv -f .deps/ipset_diff.Tpo .deps/ipset_diff.Po
--- iprange.o ---
mv -f .deps/iprange.Tpo .deps/iprange.Po
--- ipset_print.o ---
mv -f .deps/ipset_print.Tpo .deps/ipset_print.Po
--- ipset_load.o ---
mv -f .deps/ipset_load.Tpo .deps/ipset_load.Po
--- iprange ---
cc  -O2 -pipe  -fstack-protector-strong -fno-strict-aliasing  -D_THREAD_SAFE -pthread  -fstack-protector-strong -o iprange iprange.o ipset.o  ipset_binary.o ipset_combine.o  ipset_common.o ipset_copy.o  ipset_diff.o ipset_exclude.o  ipset_load.o ipset_merge.o  ipset_optimize.o ipset_print.o  ipset_reduce.o  
===========================================================================
=======================<phase: run-depends    >============================
===== env: USE_PACKAGE_DEPENDS_ONLY=1 USER=root UID=0 GID=0
===========================================================================
=======================<phase: stage          >============================
===== env: NO_DEPENDS=yes USER=nobody UID=65534 GID=65534
===>  Staging for iprange-1.0.4
===>   Generating temporary packing list
test -z "/usr/local/bin" || /bin/mkdir -p "/wrkdirs/usr/ports/net-mgmt/iprange/work/stage/usr/local/bin"
  install  -s -m 555 iprange '/wrkdirs/usr/ports/net-mgmt/iprange/work/stage/usr/local/bin'
test -z "/usr/local/man/man1" || /bin/mkdir -p "/wrkdirs/usr/ports/net-mgmt/iprange/work/stage/usr/local/man/man1"
 install  -m 0644 iprange.1 '/wrkdirs/usr/ports/net-mgmt/iprange/work/stage/usr/local/man/man1'
====> Compressing man pages (compress-man)
===========================================================================
=======================<phase: package        >============================
===== env: 'PKG_NOTES=build_timestamp ports_top_git_hash ports_top_checkout_unclean port_git_hash port_checkout_unclean built_by' 'PKG_NOTE_build_timestamp=2021-10-18T20:32:33+0000' 'PKG_NOTE_ports_top_git_hash=af67f424b' 'PKG_NOTE_ports_top_checkout_unclean=no' 'PKG_NOTE_port_git_hash=af67f424b' 'PKG_NOTE_port_checkout_unclean=no' 'PKG_NOTE_built_by=poudriere-git-3.3.0-1019-gef452659' NO_DEPENDS=yes USER=nobody UID=65534 GID=65534
===>  Building package for iprange-1.0.4
install -l rs /.npkg/All/iprange-1.0.4.pkg /.npkg/All/iprange-1.0.4.txz
===========================================================================
=>> Cleaning up wrkdir
===>  Cleaning for iprange-1.0.4
build of net-mgmt/iprange | iprange-1.0.4 ended at Mon Oct 18 23:32:37 EAT 2021
build time: 00:00:04
