=>> Building net/mosh
build started at Mon Oct 18 23:34:00 EAT 2021
port directory: /usr/ports/net/mosh
package name: mosh-1.3.2_17
building for: FreeBSD Cygate_v2_5_0_amd64-Cygate_devel-job-02 12.3-PRERELEASE FreeBSD 12.3-PRERELEASE 1202508 amd64
maintained by: zi@FreeBSD.org
Makefile datestamp: -rw-r--r--  1 root  wheel  810 Oct 18 18:58 /usr/ports/net/mosh/Makefile
Ports top last git commit: af67f424b
Ports top unclean checkout: no
Port dir last git commit: af67f424b
Port dir unclean checkout: no
Poudriere version: poudriere-git-3.3.0-1019-gef452659
Host OSVERSION: 1202000
Jail OSVERSION: 1202508
Job Id: 02




!!! Jail is newer than host. (Jail: 1202508, Host: 1202000) !!!
!!! This is not supported. !!!
!!! Host kernel must be same or newer than jail. !!!
!!! Expect build failures. !!!



---Begin Environment---
SHELL=/bin/csh
OSVERSION=1202508
UNAME_v=FreeBSD 12.3-PRERELEASE 1202508
UNAME_r=12.3-PRERELEASE
BLOCKSIZE=K
MAIL=/var/mail/root
STATUS=1
HOME=/root
PATH=/sbin:/bin:/usr/sbin:/usr/bin:/usr/local/sbin:/usr/local/bin:/root/bin
LOCALBASE=/usr/local
USER=root
POUDRIERE_NAME=poudriere-git
LIBEXECPREFIX=/usr/local/libexec/poudriere
POUDRIERE_VERSION=3.3.0-1019-gef452659
MASTERMNT=/usr/local/poudriere/data/.m/Cygate_v2_5_0_amd64-Cygate_devel/ref
LC_COLLATE=C
POUDRIERE_BUILD_TYPE=bulk
PACKAGE_BUILDING=yes
SAVED_TERM=xterm-256color
GID=0
OUTPUT_REDIRECTED_STDERR=4
OUTPUT_REDIRECTED=1
UID=0
PWD=/usr/local/poudriere/data/.m/Cygate_v2_5_0_amd64-Cygate_devel/02/.p
OUTPUT_REDIRECTED_STDOUT=3
P_PORTS_FEATURES=FLAVORS SELECTED_OPTIONS
MASTERNAME=Cygate_v2_5_0_amd64-Cygate_devel
SCRIPTPREFIX=/usr/local/share/poudriere
SCRIPTNAME=bulk.sh
OLDPWD=/usr/local/poudriere/data/.m/Cygate_v2_5_0_amd64-Cygate_devel/ref/.p/pool
POUDRIERE_PKGNAME=poudriere-git-3.3.0-1019-gef452659
SCRIPTPATH=/usr/local/share/poudriere/bulk.sh
POUDRIEREPATH=/usr/local/bin/poudriere
---End Environment---

---Begin Poudriere Port Flags/Env---
PORT_FLAGS=
PKGENV=
FLAVOR=
DEPENDS_ARGS=
MAKE_ARGS=
---End Poudriere Port Flags/Env---

---Begin OPTIONS List---
---End OPTIONS List---

--MAINTAINER--
zi@FreeBSD.org
--End MAINTAINER--

--CONFIGURE_ARGS--
--with-utempter --without-ncurses --prefix=/usr/local ${_LATE_CONFIGURE_ARGS}
--End CONFIGURE_ARGS--

--CONFIGURE_ENV--
CRYPTO_CFLAGS="-I/usr/include" CRYPTO_LIBS="-L/usr/lib -lssl -lcrypto"  TINFO_CFLAGS="-I/usr/include" ac_cv_path_PERL=/usr/local/bin/perl ac_cv_path_PERL_PATH=/usr/local/bin/perl  PERL_USE_UNSAFE_INC=1 PKG_CONFIG=pkgconf XDG_DATA_HOME=/wrkdirs/usr/ports/net/mosh/work  XDG_CONFIG_HOME=/wrkdirs/usr/ports/net/mosh/work  XDG_CACHE_HOME=/wrkdirs/usr/ports/net/mosh/work/.cache  HOME=/wrkdirs/usr/ports/net/mosh/work TMPDIR="/tmp" PATH=/wrkdirs/usr/ports/net/mosh/work/.bin:/sbin:/bin:/usr/sbin:/usr/bin:/usr/local/sbin:/usr/local/bin:/root/bin SHELL=/bin/sh CONFIG_SHELL=/bin/sh CONFIG_SITE=/usr/ports/Templates/config.site lt_cv_sys_max_cmd_len=524288
--End CONFIGURE_ENV--

--MAKE_ENV--
PERL_USE_UNSAFE_INC=1 OPENSSLBASE=/usr OPENSSLDIR=/etc/ssl OPENSSLINC=/usr/include OPENSSLLIB=/usr/lib XDG_DATA_HOME=/wrkdirs/usr/ports/net/mosh/work  XDG_CONFIG_HOME=/wrkdirs/usr/ports/net/mosh/work  XDG_CACHE_HOME=/wrkdirs/usr/ports/net/mosh/work/.cache  HOME=/wrkdirs/usr/ports/net/mosh/work TMPDIR="/tmp" PATH=/wrkdirs/usr/ports/net/mosh/work/.bin:/sbin:/bin:/usr/sbin:/usr/bin:/usr/local/sbin:/usr/local/bin:/root/bin NO_PIE=yes MK_DEBUG_FILES=no MK_KERNEL_SYMBOLS=no SHELL=/bin/sh NO_LINT=YES PREFIX=/usr/local  LOCALBASE=/usr/local  CC="cc" CFLAGS="-O2 -pipe  -fstack-protector-strong -fno-strict-aliasing "  CPP="cpp" CPPFLAGS=""  LDFLAGS="  -fstack-protector-strong " LIBS=""  CXX="c++" CXXFLAGS="-O2 -pipe  -fstack-protector-strong -fno-strict-aliasing   -std=c++11 "  MANPREFIX="/usr/local" BSD_INSTALL_PROGRAM="install  -s -m 555"  BSD_INSTALL_LIB="install  -s -m 0644"  BSD_INSTALL_SCRIPT="install  -m 555"  BSD_INSTALL_DATA="install  -m 0644"  BSD_INSTALL_MAN="install  -m 444"
--End MAKE_ENV--

--PLIST_SUB--
OSREL=12.3 PREFIX=%D LOCALBASE=/usr/local  RESETPREFIX=/usr/local LIB32DIR=lib PERL_VERSION=5.32.1  PERL_VER=5.32  PERL5_MAN1=lib/perl5/site_perl/man/man1  PERL5_MAN3=lib/perl5/site_perl/man/man3  SITE_PERL=lib/perl5/site_perl  SITE_ARCH=lib/perl5/site_perl/mach/5.32 DOCSDIR="share/doc/mosh"  EXAMPLESDIR="share/examples/mosh"  DATADIR="share/mosh"  WWWDIR="www/mosh"  ETCDIR="etc/mosh"
--End PLIST_SUB--

--SUB_LIST--
PREFIX=/usr/local LOCALBASE=/usr/local  DATADIR=/usr/local/share/mosh DOCSDIR=/usr/local/share/doc/mosh EXAMPLESDIR=/usr/local/share/examples/mosh  WWWDIR=/usr/local/www/mosh ETCDIR=/usr/local/etc/mosh
--End SUB_LIST--

---Begin make.conf---
USE_PACKAGE_DEPENDS=yes
BATCH=yes
WRKDIRPREFIX=/wrkdirs
PORTSDIR=/usr/ports
PACKAGES=/packages
DISTDIR=/distfiles
FORCE_PACKAGE=yes
PACKAGE_BUILDING=yes
PACKAGE_BUILDING_FLAVORS=yes
#### /usr/local/etc/poudriere.d/Cygate_devel-make.conf ####
ALLOW_UNSUPPORTED_SYSTEM=yes

# Define pfSense repos
PFSENSE_REPOS=	Cygate-repo Cygate-repo-devel Cygate-repo-245

# Used by pfSense-upgrade port to set pkg_set_version
PFSENSE_PKG_SET_VERSION=	2.6.0-DEVELOPMENT

# Generic options
OPTIONS_UNSET_FORCE=	DOCS DOXYGEN EXAMPLES INFO MAN MANPAGES X11

# Individual ports options
.if ${.CURDIR:N*net/quagga*}=="" || ${.CURDIR:N*net/frr*}==""
CUR_ARCH!=	/usr/bin/uname -p
. if ${CUR_ARCH} == "armv7"
WITH_DEBUG=yes
. endif
.endif

.if ${.CURDIR:N*net/frr*}==""
ETCDIR=	/var/etc/frr
.endif

DEFAULT_VERSIONS=	php=74 ssl=base
PHP_FD_SETSIZE=		3172

. if ${.CURDIR:N*sysutils/check_reload_status*}==""
WITH_DEBUG=	yes
. endif

# Options for packages

# databases
databases_rrdtool_UNSET_FORCE=	PYTHON_MODULE RUBY_MODULE PERL_MODULE DEJAVU GRAPH

# devel
devel_git_UNSET_FORCE=CVS GITWEB GUI HTMLDOCS P4 SVN CONTRIB PERL ETCSHELLS

# dns
dns_dnsmasq_UNSET_FORCE=	DNSSEC

dns_unbound_SET_FORCE=	LIBEVENT PYTHON
dns_unbound112_SET_FORCE=	LIBEVENT PYTHON

dns_bind916_SET_FORCE=DLZ_FILESYSTEM FILTER_AAAA IPV6 LINKS RRL SIGCHASE SSL THREADS GSSAPI_NONE
dns_bind916_UNSET_FORCE=FIXED_RRSET IDN LARGE_FILE LMDB

# emulators
emulators_open-vm-tools_UNSET_FORCE=DOCS FUSE LIBNOTIFY X11

# graphics
graphics_cairo_UNSET_FORCE=X11 XCB OPENGL

graphics_gd_SET_FORCE=ICONV
graphics_gd_UNSET_FORCE=FONTCONFIG XPM

graphics_graphviz_SET_FORCE=ICONV NLS
graphics_graphviz_UNSET_FORCE=DIGCOLA IPSEPCOLA PANGOCAIRO XPM

# lang
lang_gcc_UNSET_FORCE=JAVA

# mail
mail_pear-Mail_SET_FORCE=	PEAR_NET_SMTP

# net
net_freeradius3_SET_FORCE=EXPERIMENTAL HEIMDAL LDAP MYSQL PERL PGSQL PYTHON SQLITE3

net_frr7_SET_FORCE=SNMP

net_haproxy18_SET_FORCE=OPENSSL SPCRE LUA
net_haproxy18_UNSET_FORCE=DPCRE

net_haproxy_SET_FORCE=OPENSSL SPCRE LUA PROMEX
net_haproxy_UNSET_FORCE=DPCRE

net_haproxy-devel_SET_FORCE=OPENSSL SPCRE LUA
net_haproxy-devel_UNSET_FORCE=DPCRE

net_libpcap_SET_FORCE=IPV6
net_libpcap_UNSET_FORCE=DAG

net_miniupnpd_SET_FORCE=	PF_FILTER_RULES IPV6 CHECK_PORTINUSE

net_mtr_UNSET_FORCE=X11

net_nss_ldap_UNSET_FORCE=SASL KERBEROS

net_ntp_UNSET_FORCE=	PERL_UTILS

# net-mgmt
net-mgmt_net-snmp_SET_FORCE=IPV6 MFD_REWRITES TLS
net-mgmt_net-snmp_UNSET_FORCE=AX_DISABLE_TRAP AX_SOCKONLY DOCS DUMMY JAIL MYSQL PYTHON SMUX TKMIB UNPRIVILEGED

net-mgmt_zabbix3-agent_SET_FORCE=IPV6

net-mgmt_zabbix3-proxy_SET_FORCE=IPMI IPV6 LIBXML2 SQLITE SSH
net-mgmt_zabbix3-proxy_UNSET_FORCE=MYSQL

net-mgmt_zabbix4-agent_SET_FORCE=IPV6

net-mgmt_zabbix4-proxy_SET_FORCE=IPMI IPV6 LIBXML2 SQLITE SSH
net-mgmt_zabbix4-proxy_UNSET_FORCE=MYSQL

net-mgmt_zabbix44-agent_SET_FORCE=IPV6

net-mgmt_zabbix44-proxy_SET_FORCE=IPMI IPV6 LIBXML2 SQLITE SSH
net-mgmt_zabbix44-proxy_UNSET_FORCE=MYSQL

net-mgmt_zabbix5-agent_SET_FORCE=IPV6

net-mgmt_zabbix5-proxy_SET_FORCE=IPMI IPV6 LIBXML2 SQLITE SSH
net-mgmt_zabbix5-proxy_UNSET_FORCE=MYSQL

net-mgmt_zabbix52-agent_SET_FORCE=IPV6

net-mgmt_zabbix52-proxy_SET_FORCE=IPMI IPV6 LIBXML2 SQLITE SSH
net-mgmt_zabbix52-proxy_UNSET_FORCE=MYSQL

net-mgmt_zabbix54-agent_SET_FORCE=IPV6

net-mgmt_zabbix54-proxy_SET_FORCE=IPMI IPV6 LIBXML2 SQLITE SSH
net-mgmt_zabbix54-proxy_UNSET_FORCE=MYSQL

# security
security_ca_root_nss_SET_FORCE=	ETCSYMLINK

security_opensc_SET_FORCE=	PCSC
security_opensc_UNSET_FORCE=	DOCS MANPAGES

security_openvpn_SET_FORCE=	X509ALTUSERNAME ASYNC_PUSH
security_openvpn_UNSET_FORCE=	EASYRSA

shells_scponly_SET_FORCE=CHROOT SCP WILDCARDS WINSCP
shells_scponly_UNSET_FORCE=DEFAULT_CHDIR DOCS GFTP RSYNC SVN SVNSERVE UNISON

security_sudo_SET_FORCE=LDAP

security_snort_SET_FORCE=APPID COREDUMPS GRE IPV6 NORMALIZER PERFPROFILE SOURCEFIRE
security_snort_UNSET_FORCE=BARNYARD FILEINSPECT HA PULLEDPORK

.if ${.CURDIR:N*security/snort3*}==""
CUR_ARCH!=  /usr/bin/uname -p
.if ${CUR_ARCH} == "armv7" || ${CUR_ARCH} == "aarch64"
security_snort3_SET_FORCE=LARGEPCAP STATICDAQ
security_snort3_UNSET_FORCE=HYPERSCAN TSC
else
security_snort3_SET_FORCE=LARGEPCAP STATICDAQ HYPERSCAN
.endif
.endif

security_strongswan_SET_FORCE=	CURL EAPDYNAMIC EAPRADIUS EAPSIMFILE \
			IKEv1 UNBOUND XAUTH IPSECKEY PKCS11 PKI UNITY VICI VSTR SWANCTL
security_strongswan_UNSET_FORCE=	EAPAKA3GPP2 BUILTIN LIBC SMP

security_suricata_SET_FORCE=GEOIP HTP_PORT IPFW JSON LUAJIT NSS PORTS_PCAP NETMAP HYPERSCAN REDIS
security_suricata4_SET_FORCE=GEOIP HTP_PORT IPFW JSON LUAJIT NSS PORTS_PCAP NETMAP HYPERSCAN REDIS
.if ${.CURDIR:N*security/suricata*}==""
CUR_ARCH!=	/usr/bin/uname -p
NATIVE_BUILD!=	/sbin/sysctl -qn kern.supported_archs | grep -q ${CUR_ARCH} && echo yes || /usr/bin/true
.if ${NATIVE_BUILD} != "yes"
security_suricata_UNSET_FORCE=LUA PRELUDE SC TESTS RUST
security_suricata4_UNSET_FORCE=LUA PRELUDE SC TESTS RUST
.else
security_suricata_UNSET_FORCE=LUA PRELUDE SC TESTS
security_suricata4_UNSET_FORCE=LUA PRELUDE SC TESTS
.endif
.endif

security_xinetd_UNSET_FORCE=	XCONV

# sysutils
sysutils_apcupsd_SET_FORCE=APCDUMB_DRV APCSMART_DRV PCNET_DRV SNMP_DRV TCP_WRAPPERS USB
sysutils_apcupsd_UNSET_FORCE=CGI CLIENT_ONLY GAPCMON SNMP_DRV_OLD TEST_DRV

sysutils_flashrom_UNSET_FORCE=	FTDI BUSPIRATE

sysutils_pftop_SET_FORCE=ALTQ

sysutils_syslog-ng_SET_FORCE=	SYS_SSL
sysutils_syslog-ng_UNSET_FORCE=	PORTS_SSL

# www
www_c-icap_SET_FORCE=LARGE_FILES
www_c-icap_UNSET_FORCE=IPV6

www_lightsquid_SET_FORCE=GD

www_lighttpd_SET_FORCE=	NODELAY

www_nginx_SET_FORCE=	LUA

www_squid_SET_FORCE=ARP_ACL AUTH_LDAP AUTH_NIS AUTH_SASL CACHE_DIGESTS DELAY_POOLS FOLLOW_XFF FS_AUFS FS_DISKD GSSAPI_MIT HTCP ICAP ICMP IDENT IPV6 KQUEUE LARGEFILE LAX_HTTP SNMP SSL SSL_CRTD TP_PF WCCP WCCPV2
www_squid_UNSET_FORCE=AUTH_SMB AUTH_SQL DEBUG DNS_HELPER ECAP ESI FS_ROCK GSSAPI_NONE GSSAPI_BASE GSSAPI_HEIMDAL STACKTRACES TP_IPF TP_IPFW VIA_DB

www_squidguard_SET_FORCE=DNS_BL LDAP STRIP_NTDOMAIN
www_squidguard_UNSET_FORCE=QUOTE_STRING

www_e2guardian_SET_FORCE=ICAP NTLM SSL_MITM

PKG_REPO_BRANCH_DEVEL=v2_5_0
PKG_REPO_BRANCH_RELEASE=v2_5_2
PKG_REPO_SERVER_DEVEL=pkg+http://10.42.0.2/packages
PKG_REPO_SERVER_RELEASE=pkg+http://10.42.0.2/packages
POUDRIERE_PORTS_NAME=Cygate_devel
PFSENSE_DEFAULT_REPO=Cygate-repo-devel
PRODUCT_NAME=Cygate
REPO_BRANCH_PREFIX=
#### Misc Poudriere ####
.include "/etc/make.conf.ports_env"
---End make.conf---
--Resource limits--
cpu time               (seconds, -t)  unlimited
file size           (512-blocks, -f)  unlimited
data seg size           (kbytes, -d)  33554432
stack size              (kbytes, -s)  524288
core file size      (512-blocks, -c)  unlimited
max memory size         (kbytes, -m)  unlimited
locked memory           (kbytes, -l)  unlimited
max user processes              (-u)  19414
open files                      (-n)  9000
virtual mem size        (kbytes, -v)  8388608
swap limit              (kbytes, -w)  unlimited
socket buffer size       (bytes, -b)  unlimited
pseudo-terminals                (-p)  unlimited
kqueues                         (-k)  unlimited
umtx shared locks               (-o)  unlimited
--End resource limits--
=======================<phase: check-sanity   >============================
===== env: NO_DEPENDS=yes USER=nobody UID=65534 GID=65534
===>  License GPLv3 accepted by the user
===========================================================================
=======================<phase: pkg-depends    >============================
===== env: USE_PACKAGE_DEPENDS_ONLY=1 USER=root UID=0 GID=0
===>   mosh-1.3.2_17 depends on file: /usr/local/sbin/pkg - not found
===>   Installing existing package /packages/All/pkg-1.17.2.pkg
[Cygate_v2_5_0_amd64-Cygate_devel-job-02] Installing pkg-1.17.2...
[Cygate_v2_5_0_amd64-Cygate_devel-job-02] Extracting pkg-1.17.2: .......... done
===>   mosh-1.3.2_17 depends on file: /usr/local/sbin/pkg - found
===>   Returning to build of mosh-1.3.2_17
===========================================================================
=======================<phase: fetch-depends  >============================
===== env: USE_PACKAGE_DEPENDS_ONLY=1 USER=root UID=0 GID=0
===========================================================================
=======================<phase: fetch          >============================
===== env: NO_DEPENDS=yes USER=root UID=0 GID=0
===>  License GPLv3 accepted by the user
===> Fetching all distfiles required by mosh-1.3.2_17 for building
===========================================================================
=======================<phase: checksum       >============================
===== env: NO_DEPENDS=yes USER=root UID=0 GID=0
===>  License GPLv3 accepted by the user
===> Fetching all distfiles required by mosh-1.3.2_17 for building
=> SHA256 Checksum OK for mosh-1.3.2.tar.gz.
===========================================================================
=======================<phase: extract-depends>============================
===== env: USE_PACKAGE_DEPENDS_ONLY=1 USER=root UID=0 GID=0
===========================================================================
=======================<phase: extract        >============================
===== env: NO_DEPENDS=yes USER=nobody UID=65534 GID=65534
===>  License GPLv3 accepted by the user
===> Fetching all distfiles required by mosh-1.3.2_17 for building
===>  Extracting for mosh-1.3.2_17
=> SHA256 Checksum OK for mosh-1.3.2.tar.gz.
===========================================================================
=======================<phase: patch-depends  >============================
===== env: USE_PACKAGE_DEPENDS_ONLY=1 USER=root UID=0 GID=0
===========================================================================
=======================<phase: patch          >============================
===== env: NO_DEPENDS=yes USER=nobody UID=65534 GID=65534
===>  Patching for mosh-1.3.2_17
===>  Applying FreeBSD patches for mosh-1.3.2_17 from /usr/ports/net/mosh/files
===========================================================================
=======================<phase: build-depends  >============================
===== env: USE_PACKAGE_DEPENDS_ONLY=1 USER=root UID=0 GID=0
===>   mosh-1.3.2_17 depends on package: pkgconf>=1.3.0_1 - not found
===>   Installing existing package /packages/All/pkgconf-1.8.0,1.pkg
[Cygate_v2_5_0_amd64-Cygate_devel-job-02] Installing pkgconf-1.8.0,1...
[Cygate_v2_5_0_amd64-Cygate_devel-job-02] Extracting pkgconf-1.8.0,1: .......... done
===>   mosh-1.3.2_17 depends on package: pkgconf>=1.3.0_1 - found
===>   Returning to build of mosh-1.3.2_17
===========================================================================
=======================<phase: lib-depends    >============================
===== env: USE_PACKAGE_DEPENDS_ONLY=1 USER=root UID=0 GID=0
===>   mosh-1.3.2_17 depends on shared library: libprotobuf.so - not found
===>   Installing existing package /packages/All/protobuf-3.17.3,1.pkg
[Cygate_v2_5_0_amd64-Cygate_devel-job-02] Installing protobuf-3.17.3,1...
[Cygate_v2_5_0_amd64-Cygate_devel-job-02] Extracting protobuf-3.17.3,1: .......... done
===>   mosh-1.3.2_17 depends on shared library: libprotobuf.so - found (/usr/local/lib/libprotobuf.so)
===>   Returning to build of mosh-1.3.2_17
===========================================================================
=======================<phase: configure      >============================
===== env: NO_DEPENDS=yes USER=nobody UID=65534 GID=65534
===>  Configuring for mosh-1.3.2_17
configure: loading site script /usr/ports/Templates/config.site
checking for a BSD-compatible install... /usr/bin/install -c
checking whether build environment is sane... yes
checking for a thread-safe mkdir -p... (cached) /bin/mkdir -p
checking for gawk... (cached) /usr/bin/awk
checking whether make sets $(MAKE)... yes
checking whether make supports nested variables... yes
checking whether make supports nested variables... (cached) yes
checking whether the C compiler works... yes
checking for C compiler default output file name... a.out
checking for suffix of executables... 
checking whether we are cross compiling... no
checking for suffix of object files... o
checking whether we are using the GNU C compiler... yes
checking whether cc accepts -g... yes
checking for cc option to accept ISO C89... none needed
checking whether cc understands -c and -o together... yes
checking for style of include used by make... GNU
checking dependency style of cc... gcc3
checking whether we are using the GNU C++ compiler... yes
checking whether c++ accepts -g... yes
checking dependency style of c++... gcc3
checking for ranlib... ranlib
checking for protoc... /usr/local/bin/protoc
checking for ar... ar
checking the archiver (ar) interface... ar
checking whether C compiler accepts -fno-strict-overflow... yes
checking whether C++ compiler accepts -fno-strict-overflow... yes
checking whether C compiler accepts -D_FORTIFY_SOURCE=2... yes
checking whether C++ compiler accepts -D_FORTIFY_SOURCE=2... yes
checking whether the linker accepts -fstack-protector-all... yes
checking whether C compiler accepts -Wstack-protector... yes
checking whether C++ compiler accepts -Wstack-protector... yes
checking whether C compiler accepts --param ssp-buffer-size=1... yes
checking whether C++ compiler accepts --param ssp-buffer-size=1... yes
checking whether C compiler accepts -fPIE... yes
checking whether C++ compiler accepts -fPIE... yes
checking whether the linker accepts -fPIE -pie... yes
checking whether the linker accepts -Wl,-z,relro... yes
checking whether the linker accepts -Wl,-z,now... yes
checking whether C++ compiler accepts -fno-default-inline... no
checking whether C++ compiler accepts -pipe... yes
checking for library containing utempter_remove_record... -lutempter
checking for library containing compress... -lz
checking for library containing socket... none required
checking for library containing inet_addr... none required
checking for library containing clock_gettime... none required
checking how to run the C preprocessor... cpp
checking for grep that handles long lines and -e... (cached) /usr/bin/grep
checking for egrep... (cached) /usr/bin/egrep
checking for ANSI C header files... (cached) yes
checking for sys/types.h... (cached) yes
checking for sys/stat.h... (cached) yes
checking for stdlib.h... (cached) yes
checking for string.h... (cached) yes
checking for memory.h... (cached) yes
checking for strings.h... (cached) yes
checking for inttypes.h... (cached) yes
checking for stdint.h... (cached) yes
checking for unistd.h... (cached) yes
checking for fcntl.h... (cached) yes
checking for langinfo.h... (cached) yes
checking for limits.h... (cached) yes
checking for locale.h... (cached) yes
checking for netdb.h... (cached) yes
checking for netinet/in.h... (cached) yes
checking for stddef.h... (cached) yes
checking for stdint.h... (cached) yes
checking for inttypes.h... (cached) yes
checking for stdlib.h... (cached) yes
checking for string.h... (cached) yes
checking for sys/ioctl.h... (cached) yes
checking for sys/resource.h... (cached) yes
checking for sys/socket.h... (cached) yes
checking for sys/stat.h... (cached) yes
checking for sys/time.h... (cached) yes
checking termios.h usability... yes
checking termios.h presence... yes
checking for termios.h... yes
checking for unistd.h... (cached) yes
checking for wchar.h... (cached) yes
checking for wctype.h... (cached) yes
checking pty.h usability... no
checking pty.h presence... no
checking for pty.h... no
checking util.h usability... no
checking util.h presence... no
checking for util.h... no
checking for libutil.h... (cached) yes
checking for paths.h... (cached) yes
checking endian.h usability... no
checking endian.h presence... no
checking for endian.h... no
checking sys/endian.h usability... yes
checking sys/endian.h presence... yes
checking for sys/endian.h... yes
checking for utmpx.h... (cached) yes
checking termio.h usability... no
checking termio.h presence... no
checking for termio.h... no
checking for sys/uio.h... (cached) yes
checking how to run the C++ preprocessor... c++ -E
checking memory usability... yes
checking memory presence... yes
checking for memory... yes
checking tr1/memory usability... yes
checking tr1/memory presence... yes
checking for tr1/memory... yes
checking for stdbool.h that conforms to C99... (cached) yes
checking for _Bool... (cached) yes
checking for inline... inline
checking for int64_t... (cached) yes
checking for pid_t... (cached) yes
checking for C/C++ restrict keyword... __restrict
checking for size_t... (cached) yes
checking for ssize_t... (cached) yes
checking for uint16_t... (cached) yes
checking for uint32_t... (cached) yes
checking for uint64_t... (cached) yes
checking for uint8_t... (cached) yes
checking for uintptr_t... (cached) yes
checking for vfork.h... (cached) no
checking for fork... (cached) yes
checking for vfork... (cached) yes
checking for working fork... yes
checking for working vfork... (cached) yes
checking whether mbrtowc and mbstate_t are properly declared... (cached) yes
checking for gettimeofday... (cached) yes
checking for setrlimit... (cached) yes
checking for iswprint... yes
checking for memchr... (cached) yes
checking for memset... (cached) yes
checking for nl_langinfo... (cached) yes
checking for posix_memalign... yes
checking for setenv... (cached) yes
checking for setlocale... (cached) yes
checking for sigaction... (cached) yes
checking for socket... yes
checking for strchr... (cached) yes
checking for strdup... (cached) yes
checking for strncasecmp... (cached) yes
checking for strtok... yes
checking for strerror... (cached) yes
checking for strtol... (cached) yes
checking for wcwidth... (cached) yes
checking for cfmakeraw... yes
checking for pselect... yes
checking for getaddrinfo... (cached) yes
checking for getnameinfo... (cached) yes
checking for pledge... no
checking pkg-config is at least version 0.9.0... yes
checking for TINFO... no
checking for TINFO... no
checking curses.h usability... yes
checking curses.h presence... yes
checking for curses.h... yes
checking for main in -ltinfo... yes
checking CommonCrypto/CommonCrypto.h usability... no
checking CommonCrypto/CommonCrypto.h presence... no
checking for CommonCrypto/CommonCrypto.h... no
checking for CRYPTO... yes
checking whether forkpty is declared... yes
checking for library containing forkpty... -lutil
checking whether pipe2(..., O_CLOEXEC) is supported... yes
checking whether FD_ISSET() argument is const... yes
checking whether std::shared_ptr is available... yes
checking whether std::tr1::shared_ptr is available... no
checking whether clock_gettime() is supported... yes
checking whether mach_absolute_time is declared... no
checking whether __builtin_ctz is declared... no
checking whether ffs is declared... yes
checking whether be64toh is declared... yes
checking whether betoh64 is declared... no
checking whether bswap64 is declared... yes
checking whether __builtin_bswap64 is declared... no
checking whether IP_MTU_DISCOVER is declared... no
checking whether IP_RECVTOS is declared... yes
checking whether __STDC_ISO_10646__ is declared... no
configure: WARNING: C library doesn't advertise wchar_t is Unicode (OS X works anyway with workaround).
checking whether IUTF8 is declared... no
configure: WARNING: No IUTF8 termios mode; character-erase of multibyte character sequence probably does not work properly in canonical mode on this platform.
checking for protobuf... yes
checking that generated files are newer than configure... done
configure: creating ./config.status
config.status: creating Makefile
config.status: creating src/Makefile
config.status: creating src/crypto/Makefile
config.status: creating src/frontend/Makefile
config.status: creating src/network/Makefile
config.status: creating src/protobufs/Makefile
config.status: creating src/statesync/Makefile
config.status: creating src/terminal/Makefile
config.status: creating src/util/Makefile
config.status: creating scripts/Makefile
config.status: creating src/examples/Makefile
config.status: creating src/tests/Makefile
config.status: creating man/Makefile
config.status: creating conf/Makefile
config.status: creating config.h
config.status: executing depfiles commands
configure:  === Configuration results ===
configure: Version:             1.3.2
configure: c++ compiler:        c++
configure: Warning CXXFLAGS:    -Wall
configure: Picky CXXFLAGS:      
configure: Harden CFLAGS:        -fno-strict-overflow -D_FORTIFY_SOURCE=2 -fstack-protector-all -Wstack-protector --param ssp-buffer-size=1 -fPIE
configure:  =============================
===========================================================================
=======================<phase: build          >============================
===== env: NO_DEPENDS=yes USER=nobody UID=65534 GID=65534
===>  Building for mosh-1.3.2_17
--- VERSION ---
--- version.h ---
--- all ---
/usr/bin/make  all-recursive
--- all-recursive ---
Making all in scripts
--- mosh ---
Making all in src
--- all-recursive ---
Making all in protobufs
--- userinput.pb.cc ---
--- hostinput.pb.cc ---
--- transportinstruction.pb.cc ---
--- userinput.pb.cc ---
/usr/local/bin/protoc --cpp_out=. -I. userinput.proto
--- hostinput.pb.cc ---
/usr/local/bin/protoc --cpp_out=. -I. hostinput.proto
--- transportinstruction.pb.cc ---
/usr/local/bin/protoc --cpp_out=. -I. transportinstruction.proto
--- all ---
/usr/bin/make  all-am
--- userinput.pb.o ---
--- hostinput.pb.o ---
--- transportinstruction.pb.o ---
--- userinput.pb.o ---
c++ -DHAVE_CONFIG_H -I. -I../..   -I/usr/local/include -pthread  -Wall -fno-strict-overflow -D_FORTIFY_SOURCE=2 -fstack-protector-all -Wstack-protector --param ssp-buffer-size=1 -fPIE -pipe -Wno-error -O2 -pipe  -fstack-protector-strong -fno-strict-aliasing   -std=c++11 -MT userinput.pb.o -MD -MP -MF .deps/userinput.Tpo -c -o userinput.pb.o userinput.pb.cc
--- hostinput.pb.o ---
c++ -DHAVE_CONFIG_H -I. -I../..   -I/usr/local/include -pthread  -Wall -fno-strict-overflow -D_FORTIFY_SOURCE=2 -fstack-protector-all -Wstack-protector --param ssp-buffer-size=1 -fPIE -pipe -Wno-error -O2 -pipe  -fstack-protector-strong -fno-strict-aliasing   -std=c++11 -MT hostinput.pb.o -MD -MP -MF .deps/hostinput.Tpo -c -o hostinput.pb.o hostinput.pb.cc
--- transportinstruction.pb.o ---
c++ -DHAVE_CONFIG_H -I. -I../..   -I/usr/local/include -pthread  -Wall -fno-strict-overflow -D_FORTIFY_SOURCE=2 -fstack-protector-all -Wstack-protector --param ssp-buffer-size=1 -fPIE -pipe -Wno-error -O2 -pipe  -fstack-protector-strong -fno-strict-aliasing   -std=c++11 -MT transportinstruction.pb.o -MD -MP -MF .deps/transportinstruction.Tpo -c -o transportinstruction.pb.o transportinstruction.pb.cc
--- userinput.pb.o ---
mv -f .deps/userinput.Tpo .deps/userinput.Po
--- transportinstruction.pb.o ---
mv -f .deps/transportinstruction.Tpo .deps/transportinstruction.Po
--- hostinput.pb.o ---
mv -f .deps/hostinput.Tpo .deps/hostinput.Po
--- libmoshprotos.a ---
rm -f libmoshprotos.a
ar cru libmoshprotos.a   userinput.pb.o hostinput.pb.o  transportinstruction.pb.o  
ranlib libmoshprotos.a
Making all in util
--- locale_utils.o ---
--- swrite.o ---
--- select.o ---
--- timestamp.o ---
--- pty_compat.o ---
--- locale_utils.o ---
c++ -DHAVE_CONFIG_H -I. -I../..     -Wall  -fno-strict-overflow -D_FORTIFY_SOURCE=2 -fstack-protector-all -Wstack-protector --param ssp-buffer-size=1 -fPIE -pipe -O2 -pipe  -fstack-protector-strong -fno-strict-aliasing   -std=c++11 -MT locale_utils.o -MD -MP -MF .deps/locale_utils.Tpo -c -o locale_utils.o locale_utils.cc
--- swrite.o ---
c++ -DHAVE_CONFIG_H -I. -I../..     -Wall  -fno-strict-overflow -D_FORTIFY_SOURCE=2 -fstack-protector-all -Wstack-protector --param ssp-buffer-size=1 -fPIE -pipe -O2 -pipe  -fstack-protector-strong -fno-strict-aliasing   -std=c++11 -MT swrite.o -MD -MP -MF .deps/swrite.Tpo -c -o swrite.o swrite.cc
--- select.o ---
c++ -DHAVE_CONFIG_H -I. -I../..     -Wall  -fno-strict-overflow -D_FORTIFY_SOURCE=2 -fstack-protector-all -Wstack-protector --param ssp-buffer-size=1 -fPIE -pipe -O2 -pipe  -fstack-protector-strong -fno-strict-aliasing   -std=c++11 -MT select.o -MD -MP -MF .deps/select.Tpo -c -o select.o select.cc
--- timestamp.o ---
c++ -DHAVE_CONFIG_H -I. -I../..     -Wall  -fno-strict-overflow -D_FORTIFY_SOURCE=2 -fstack-protector-all -Wstack-protector --param ssp-buffer-size=1 -fPIE -pipe -O2 -pipe  -fstack-protector-strong -fno-strict-aliasing   -std=c++11 -MT timestamp.o -MD -MP -MF .deps/timestamp.Tpo -c -o timestamp.o timestamp.cc
--- pty_compat.o ---
c++ -DHAVE_CONFIG_H -I. -I../..     -Wall  -fno-strict-overflow -D_FORTIFY_SOURCE=2 -fstack-protector-all -Wstack-protector --param ssp-buffer-size=1 -fPIE -pipe -O2 -pipe  -fstack-protector-strong -fno-strict-aliasing   -std=c++11 -MT pty_compat.o -MD -MP -MF .deps/pty_compat.Tpo -c -o pty_compat.o pty_compat.cc
--- swrite.o ---
mv -f .deps/swrite.Tpo .deps/swrite.Po
--- pty_compat.o ---
mv -f .deps/pty_compat.Tpo .deps/pty_compat.Po
--- timestamp.o ---
mv -f .deps/timestamp.Tpo .deps/timestamp.Po
--- select.o ---
mv -f .deps/select.Tpo .deps/select.Po
--- locale_utils.o ---
mv -f .deps/locale_utils.Tpo .deps/locale_utils.Po
--- libmoshutil.a ---
rm -f libmoshutil.a
ar cru libmoshutil.a locale_utils.o swrite.o  select.o timestamp.o pty_compat.o 
ranlib libmoshutil.a
Making all in crypto
--- ocb.o ---
--- base64.o ---
--- crypto.o ---
--- ocb.o ---
c++ -DHAVE_CONFIG_H -I. -I../..   -I./../util -I/usr/include  -Wall  -fno-strict-overflow -D_FORTIFY_SOURCE=2 -fstack-protector-all -Wstack-protector --param ssp-buffer-size=1 -fPIE -pipe -O2 -pipe  -fstack-protector-strong -fno-strict-aliasing   -std=c++11 -MT ocb.o -MD -MP -MF .deps/ocb.Tpo -c -o ocb.o ocb.cc
--- base64.o ---
c++ -DHAVE_CONFIG_H -I. -I../..   -I./../util -I/usr/include  -Wall  -fno-strict-overflow -D_FORTIFY_SOURCE=2 -fstack-protector-all -Wstack-protector --param ssp-buffer-size=1 -fPIE -pipe -O2 -pipe  -fstack-protector-strong -fno-strict-aliasing   -std=c++11 -MT base64.o -MD -MP -MF .deps/base64.Tpo -c -o base64.o base64.cc
--- crypto.o ---
c++ -DHAVE_CONFIG_H -I. -I../..   -I./../util -I/usr/include  -Wall  -fno-strict-overflow -D_FORTIFY_SOURCE=2 -fstack-protector-all -Wstack-protector --param ssp-buffer-size=1 -fPIE -pipe -O2 -pipe  -fstack-protector-strong -fno-strict-aliasing   -std=c++11 -MT crypto.o -MD -MP -MF .deps/crypto.Tpo -c -o crypto.o crypto.cc
--- base64.o ---
mv -f .deps/base64.Tpo .deps/base64.Po
--- ocb.o ---
mv -f .deps/ocb.Tpo .deps/ocb.Po
--- crypto.o ---
mv -f .deps/crypto.Tpo .deps/crypto.Po
--- libmoshcrypto.a ---
rm -f libmoshcrypto.a
ar cru libmoshcrypto.a ocb.o base64.o  crypto.o 
ranlib libmoshcrypto.a
Making all in terminal
--- parseraction.o ---
--- parser.o ---
--- parserstate.o ---
--- terminal.o ---
--- terminaldispatcher.o ---
--- terminaldisplay.o ---
--- terminaldisplayinit.o ---
--- terminalframebuffer.o ---
--- terminalfunctions.o ---
--- terminaluserinput.o ---
--- parseraction.o ---
c++ -DHAVE_CONFIG_H -I. -I../..   -I./../util   -Wall  -fno-strict-overflow -D_FORTIFY_SOURCE=2 -fstack-protector-all -Wstack-protector --param ssp-buffer-size=1 -fPIE -pipe -O2 -pipe  -fstack-protector-strong -fno-strict-aliasing   -std=c++11 -MT parseraction.o -MD -MP -MF .deps/parseraction.Tpo -c -o parseraction.o parseraction.cc
--- parser.o ---
c++ -DHAVE_CONFIG_H -I. -I../..   -I./../util   -Wall  -fno-strict-overflow -D_FORTIFY_SOURCE=2 -fstack-protector-all -Wstack-protector --param ssp-buffer-size=1 -fPIE -pipe -O2 -pipe  -fstack-protector-strong -fno-strict-aliasing   -std=c++11 -MT parser.o -MD -MP -MF .deps/parser.Tpo -c -o parser.o parser.cc
--- parserstate.o ---
c++ -DHAVE_CONFIG_H -I. -I../..   -I./../util   -Wall  -fno-strict-overflow -D_FORTIFY_SOURCE=2 -fstack-protector-all -Wstack-protector --param ssp-buffer-size=1 -fPIE -pipe -O2 -pipe  -fstack-protector-strong -fno-strict-aliasing   -std=c++11 -MT parserstate.o -MD -MP -MF .deps/parserstate.Tpo -c -o parserstate.o parserstate.cc
--- terminal.o ---
c++ -DHAVE_CONFIG_H -I. -I../..   -I./../util   -Wall  -fno-strict-overflow -D_FORTIFY_SOURCE=2 -fstack-protector-all -Wstack-protector --param ssp-buffer-size=1 -fPIE -pipe -O2 -pipe  -fstack-protector-strong -fno-strict-aliasing   -std=c++11 -MT terminal.o -MD -MP -MF .deps/terminal.Tpo -c -o terminal.o terminal.cc
--- terminaldispatcher.o ---
c++ -DHAVE_CONFIG_H -I. -I../..   -I./../util   -Wall  -fno-strict-overflow -D_FORTIFY_SOURCE=2 -fstack-protector-all -Wstack-protector --param ssp-buffer-size=1 -fPIE -pipe -O2 -pipe  -fstack-protector-strong -fno-strict-aliasing   -std=c++11 -MT terminaldispatcher.o -MD -MP -MF .deps/terminaldispatcher.Tpo -c -o terminaldispatcher.o terminaldispatcher.cc
--- terminaldisplay.o ---
c++ -DHAVE_CONFIG_H -I. -I../..   -I./../util   -Wall  -fno-strict-overflow -D_FORTIFY_SOURCE=2 -fstack-protector-all -Wstack-protector --param ssp-buffer-size=1 -fPIE -pipe -O2 -pipe  -fstack-protector-strong -fno-strict-aliasing   -std=c++11 -MT terminaldisplay.o -MD -MP -MF .deps/terminaldisplay.Tpo -c -o terminaldisplay.o terminaldisplay.cc
--- terminaldisplayinit.o ---
c++ -DHAVE_CONFIG_H -I. -I../..   -I./../util   -Wall  -fno-strict-overflow -D_FORTIFY_SOURCE=2 -fstack-protector-all -Wstack-protector --param ssp-buffer-size=1 -fPIE -pipe -O2 -pipe  -fstack-protector-strong -fno-strict-aliasing   -std=c++11 -MT terminaldisplayinit.o -MD -MP -MF .deps/terminaldisplayinit.Tpo -c -o terminaldisplayinit.o terminaldisplayinit.cc
--- terminalfunctions.o ---
c++ -DHAVE_CONFIG_H -I. -I../..   -I./../util   -Wall  -fno-strict-overflow -D_FORTIFY_SOURCE=2 -fstack-protector-all -Wstack-protector --param ssp-buffer-size=1 -fPIE -pipe -O2 -pipe  -fstack-protector-strong -fno-strict-aliasing   -std=c++11 -MT terminalfunctions.o -MD -MP -MF .deps/terminalfunctions.Tpo -c -o terminalfunctions.o terminalfunctions.cc
--- terminaluserinput.o ---
c++ -DHAVE_CONFIG_H -I. -I../..   -I./../util   -Wall  -fno-strict-overflow -D_FORTIFY_SOURCE=2 -fstack-protector-all -Wstack-protector --param ssp-buffer-size=1 -fPIE -pipe -O2 -pipe  -fstack-protector-strong -fno-strict-aliasing   -std=c++11 -MT terminaluserinput.o -MD -MP -MF .deps/terminaluserinput.Tpo -c -o terminaluserinput.o terminaluserinput.cc
--- terminalframebuffer.o ---
c++ -DHAVE_CONFIG_H -I. -I../..   -I./../util   -Wall  -fno-strict-overflow -D_FORTIFY_SOURCE=2 -fstack-protector-all -Wstack-protector --param ssp-buffer-size=1 -fPIE -pipe -O2 -pipe  -fstack-protector-strong -fno-strict-aliasing   -std=c++11 -MT terminalframebuffer.o -MD -MP -MF .deps/terminalframebuffer.Tpo -c -o terminalframebuffer.o terminalframebuffer.cc
--- terminaluserinput.o ---
mv -f .deps/terminaluserinput.Tpo .deps/terminaluserinput.Po
--- parser.o ---
mv -f .deps/parser.Tpo .deps/parser.Po
--- terminaldisplayinit.o ---
mv -f .deps/terminaldisplayinit.Tpo .deps/terminaldisplayinit.Po
--- parserstate.o ---
mv -f .deps/parserstate.Tpo .deps/parserstate.Po
--- parseraction.o ---
mv -f .deps/parseraction.Tpo .deps/parseraction.Po
--- terminaldispatcher.o ---
mv -f .deps/terminaldispatcher.Tpo .deps/terminaldispatcher.Po
--- terminal.o ---
mv -f .deps/terminal.Tpo .deps/terminal.Po
--- terminaldisplay.o ---
mv -f .deps/terminaldisplay.Tpo .deps/terminaldisplay.Po
--- terminalfunctions.o ---
mv -f .deps/terminalfunctions.Tpo .deps/terminalfunctions.Po
--- terminalframebuffer.o ---
mv -f .deps/terminalframebuffer.Tpo .deps/terminalframebuffer.Po
--- libmoshterminal.a ---
rm -f libmoshterminal.a
ar cru libmoshterminal.a parseraction.o parser.o  parserstate.o terminal.o  terminaldispatcher.o terminaldisplay.o  terminaldisplayinit.o terminalframebuffer.o  terminalfunctions.o terminaluserinput.o 
ranlib libmoshterminal.a
Making all in network
--- network.o ---
--- transportfragment.o ---
--- compressor.o ---
--- network.o ---
c++ -DHAVE_CONFIG_H -I. -I../..   -I./../util -I./../crypto -I../protobufs -I/usr/local/include -pthread  -Wall  -fno-strict-overflow -D_FORTIFY_SOURCE=2 -fstack-protector-all -Wstack-protector --param ssp-buffer-size=1 -fPIE -pipe -O2 -pipe  -fstack-protector-strong -fno-strict-aliasing   -std=c++11 -MT network.o -MD -MP -MF .deps/network.Tpo -c -o network.o network.cc
--- transportfragment.o ---
c++ -DHAVE_CONFIG_H -I. -I../..   -I./../util -I./../crypto -I../protobufs -I/usr/local/include -pthread  -Wall  -fno-strict-overflow -D_FORTIFY_SOURCE=2 -fstack-protector-all -Wstack-protector --param ssp-buffer-size=1 -fPIE -pipe -O2 -pipe  -fstack-protector-strong -fno-strict-aliasing   -std=c++11 -MT transportfragment.o -MD -MP -MF .deps/transportfragment.Tpo -c -o transportfragment.o transportfragment.cc
--- compressor.o ---
c++ -DHAVE_CONFIG_H -I. -I../..   -I./../util -I./../crypto -I../protobufs -I/usr/local/include -pthread  -Wall  -fno-strict-overflow -D_FORTIFY_SOURCE=2 -fstack-protector-all -Wstack-protector --param ssp-buffer-size=1 -fPIE -pipe -O2 -pipe  -fstack-protector-strong -fno-strict-aliasing   -std=c++11 -MT compressor.o -MD -MP -MF .deps/compressor.Tpo -c -o compressor.o compressor.cc
mv -f .deps/compressor.Tpo .deps/compressor.Po
--- network.o ---
mv -f .deps/network.Tpo .deps/network.Po
--- transportfragment.o ---
mv -f .deps/transportfragment.Tpo .deps/transportfragment.Po
--- libmoshnetwork.a ---
rm -f libmoshnetwork.a
ar cru libmoshnetwork.a network.o  transportfragment.o compressor.o 
ranlib libmoshnetwork.a
Making all in statesync
--- completeterminal.o ---
--- user.o ---
--- completeterminal.o ---
c++ -DHAVE_CONFIG_H -I. -I../..   -I./../util -I./../terminal -I../protobufs -I/usr/local/include -pthread  -Wall  -fno-strict-overflow -D_FORTIFY_SOURCE=2 -fstack-protector-all -Wstack-protector --param ssp-buffer-size=1 -fPIE -pipe -O2 -pipe  -fstack-protector-strong -fno-strict-aliasing   -std=c++11 -MT completeterminal.o -MD -MP -MF .deps/completeterminal.Tpo -c -o completeterminal.o completeterminal.cc
--- user.o ---
c++ -DHAVE_CONFIG_H -I. -I../..   -I./../util -I./../terminal -I../protobufs -I/usr/local/include -pthread  -Wall  -fno-strict-overflow -D_FORTIFY_SOURCE=2 -fstack-protector-all -Wstack-protector --param ssp-buffer-size=1 -fPIE -pipe -O2 -pipe  -fstack-protector-strong -fno-strict-aliasing   -std=c++11 -MT user.o -MD -MP -MF .deps/user.Tpo -c -o user.o user.cc
--- completeterminal.o ---
completeterminal.cc:150:37: warning: 'ptr_fun<unsigned long, std::__1::pair<unsigned long, unsigned long>, bool>' is deprecated [-Wdeprecated-declarations]
  input_history.remove_if( bind1st( ptr_fun( old_ack ), newest_echo_ack ) );
                                    ^
/usr/include/c++/v1/functional:1125:1: note: 'ptr_fun<unsigned long, std::__1::pair<unsigned long, unsigned long>, bool>' has been explicitly marked deprecated here
_LIBCPP_DEPRECATED_IN_CXX11 inline _LIBCPP_INLINE_VISIBILITY
^
/usr/include/c++/v1/__config:972:39: note: expanded from macro '_LIBCPP_DEPRECATED_IN_CXX11'
#  define _LIBCPP_DEPRECATED_IN_CXX11 _LIBCPP_DEPRECATED
                                      ^
/usr/include/c++/v1/__config:961:48: note: expanded from macro '_LIBCPP_DEPRECATED'
#    define _LIBCPP_DEPRECATED __attribute__ ((deprecated))
                                               ^
completeterminal.cc:150:28: warning: 'bind1st<std::__1::pointer_to_binary_function<unsigned long, std::__1::pair<unsigned long, unsigned long>, bool>, unsigned long>' is deprecated [-Wdeprecated-declarations]
  input_history.remove_if( bind1st( ptr_fun( old_ack ), newest_echo_ack ) );
                           ^
/usr/include/c++/v1/functional:1063:1: note: 'bind1st<std::__1::pointer_to_binary_function<unsigned long, std::__1::pair<unsigned long, unsigned long>, bool>, unsigned long>' has been explicitly marked deprecated here
_LIBCPP_DEPRECATED_IN_CXX11 inline _LIBCPP_INLINE_VISIBILITY
^
/usr/include/c++/v1/__config:972:39: note: expanded from macro '_LIBCPP_DEPRECATED_IN_CXX11'
#  define _LIBCPP_DEPRECATED_IN_CXX11 _LIBCPP_DEPRECATED
                                      ^
/usr/include/c++/v1/__config:961:48: note: expanded from macro '_LIBCPP_DEPRECATED'
#    define _LIBCPP_DEPRECATED __attribute__ ((deprecated))
                                               ^
--- user.o ---
mv -f .deps/user.Tpo .deps/user.Po
--- completeterminal.o ---
2 warnings generated.
mv -f .deps/completeterminal.Tpo .deps/completeterminal.Po
--- libmoshstatesync.a ---
rm -f libmoshstatesync.a
ar cru libmoshstatesync.a completeterminal.o  user.o 
ranlib libmoshstatesync.a
Making all in frontend
--- mosh-client.o ---
--- stmclient.o ---
--- terminaloverlay.o ---
--- mosh-server.o ---
--- mosh-client.o ---
c++ -DHAVE_CONFIG_H -I. -I../..   -I./../statesync -I./../terminal -I./../network -I./../crypto -I../protobufs -I./../util  -I/usr/local/include -pthread -I/usr/include  -Wall  -fno-strict-overflow -D_FORTIFY_SOURCE=2 -fstack-protector-all -Wstack-protector --param ssp-buffer-size=1 -fPIE -pipe -O2 -pipe  -fstack-protector-strong -fno-strict-aliasing   -std=c++11 -MT mosh-client.o -MD -MP -MF .deps/mosh-client.Tpo -c -o mosh-client.o mosh-client.cc
--- stmclient.o ---
c++ -DHAVE_CONFIG_H -I. -I../..   -I./../statesync -I./../terminal -I./../network -I./../crypto -I../protobufs -I./../util  -I/usr/local/include -pthread -I/usr/include  -Wall  -fno-strict-overflow -D_FORTIFY_SOURCE=2 -fstack-protector-all -Wstack-protector --param ssp-buffer-size=1 -fPIE -pipe -O2 -pipe  -fstack-protector-strong -fno-strict-aliasing   -std=c++11 -MT stmclient.o -MD -MP -MF .deps/stmclient.Tpo -c -o stmclient.o stmclient.cc
--- terminaloverlay.o ---
c++ -DHAVE_CONFIG_H -I. -I../..   -I./../statesync -I./../terminal -I./../network -I./../crypto -I../protobufs -I./../util  -I/usr/local/include -pthread -I/usr/include  -Wall  -fno-strict-overflow -D_FORTIFY_SOURCE=2 -fstack-protector-all -Wstack-protector --param ssp-buffer-size=1 -fPIE -pipe -O2 -pipe  -fstack-protector-strong -fno-strict-aliasing   -std=c++11 -MT terminaloverlay.o -MD -MP -MF .deps/terminaloverlay.Tpo -c -o terminaloverlay.o terminaloverlay.cc
--- mosh-server.o ---
c++ -DHAVE_CONFIG_H -I. -I../..   -I./../statesync -I./../terminal -I./../network -I./../crypto -I../protobufs -I./../util  -I/usr/local/include -pthread -I/usr/include  -Wall  -fno-strict-overflow -D_FORTIFY_SOURCE=2 -fstack-protector-all -Wstack-protector --param ssp-buffer-size=1 -fPIE -pipe -O2 -pipe  -fstack-protector-strong -fno-strict-aliasing   -std=c++11 -MT mosh-server.o -MD -MP -MF .deps/mosh-server.Tpo -c -o mosh-server.o mosh-server.cc
--- terminaloverlay.o ---
terminaloverlay.cc:386:31: warning: 'mem_fun_ref<bool, Overlay::ConditionalOverlay, unsigned long>' is deprecated [-Wdeprecated-declarations]
  cursors.remove_if( bind2nd( mem_fun_ref( &ConditionalCursorMove::tentative ), epoch - 1 ) );
                              ^
/usr/include/c++/v1/functional:1269:1: note: 'mem_fun_ref<bool, Overlay::ConditionalOverlay, unsigned long>' has been explicitly marked deprecated here
_LIBCPP_DEPRECATED_IN_CXX11 inline _LIBCPP_INLINE_VISIBILITY
^
/usr/include/c++/v1/__config:972:39: note: expanded from macro '_LIBCPP_DEPRECATED_IN_CXX11'
#  define _LIBCPP_DEPRECATED_IN_CXX11 _LIBCPP_DEPRECATED
                                      ^
/usr/include/c++/v1/__config:961:48: note: expanded from macro '_LIBCPP_DEPRECATED'
#    define _LIBCPP_DEPRECATED __attribute__ ((deprecated))
                                               ^
terminaloverlay.cc:386:22: warning: 'bind2nd<std::__1::const_mem_fun1_ref_t<bool, Overlay::ConditionalOverlay, unsigned long>, unsigned long>' is deprecated [-Wdeprecated-declarations]
  cursors.remove_if( bind2nd( mem_fun_ref( &ConditionalCursorMove::tentative ), epoch - 1 ) );
                     ^
/usr/include/c++/v1/functional:1089:1: note: 'bind2nd<std::__1::const_mem_fun1_ref_t<bool, Overlay::ConditionalOverlay, unsigned long>, unsigned long>' has been explicitly marked deprecated here
_LIBCPP_DEPRECATED_IN_CXX11 inline _LIBCPP_INLINE_VISIBILITY
^
/usr/include/c++/v1/__config:972:39: note: expanded from macro '_LIBCPP_DEPRECATED_IN_CXX11'
#  define _LIBCPP_DEPRECATED_IN_CXX11 _LIBCPP_DEPRECATED
                                      ^
/usr/include/c++/v1/__config:961:48: note: expanded from macro '_LIBCPP_DEPRECATED'
#    define _LIBCPP_DEPRECATED __attribute__ ((deprecated))
                                               ^
terminaloverlay.cc:633:16: warning: 'mem_fun_ref<bool, Overlay::ConditionalOverlayRow, int>' is deprecated [-Wdeprecated-declarations]
             bind2nd( mem_fun_ref( &ConditionalOverlayRow::row_num_eq ), row_num ) );
                      ^
/usr/include/c++/v1/functional:1269:1: note: 'mem_fun_ref<bool, Overlay::ConditionalOverlayRow, int>' has been explicitly marked deprecated here
_LIBCPP_DEPRECATED_IN_CXX11 inline _LIBCPP_INLINE_VISIBILITY
^
/usr/include/c++/v1/__config:972:39: note: expanded from macro '_LIBCPP_DEPRECATED_IN_CXX11'
#  define _LIBCPP_DEPRECATED_IN_CXX11 _LIBCPP_DEPRECATED
                                      ^
/usr/include/c++/v1/__config:961:48: note: expanded from macro '_LIBCPP_DEPRECATED'
#    define _LIBCPP_DEPRECATED __attribute__ ((deprecated))
                                               ^
terminaloverlay.cc:633:7: warning: 'bind2nd<std::__1::const_mem_fun1_ref_t<bool, Overlay::ConditionalOverlayRow, int>, int>' is deprecated [-Wdeprecated-declarations]
             bind2nd( mem_fun_ref( &ConditionalOverlayRow::row_num_eq ), row_num ) );
             ^
/usr/include/c++/v1/functional:1089:1: note: 'bind2nd<std::__1::const_mem_fun1_ref_t<bool, Overlay::ConditionalOverlayRow, int>, int>' has been explicitly marked deprecated here
_LIBCPP_DEPRECATED_IN_CXX11 inline _LIBCPP_INLINE_VISIBILITY
^
/usr/include/c++/v1/__config:972:39: note: expanded from macro '_LIBCPP_DEPRECATED_IN_CXX11'
#  define _LIBCPP_DEPRECATED_IN_CXX11 _LIBCPP_DEPRECATED
                                      ^
/usr/include/c++/v1/__config:961:48: note: expanded from macro '_LIBCPP_DEPRECATED'
#    define _LIBCPP_DEPRECATED __attribute__ ((deprecated))
                                               ^
--- stmclient.o ---
In file included from stmclient.cc:64:
In file included from ./../network/networktransport-impl.h:38:
./../network/transportsender-impl.h:365:12: warning: 'mem_fun_ref<bool, Network::TimestampedState<Network::UserStream>, unsigned long>' is deprecated [-Wdeprecated-declarations]
                bind2nd( mem_fun_ref( &TimestampedState<MyState>::num_eq ), ack_num ) ) ) {
                         ^
./../network/networktransport-impl.h:84:12: note: in instantiation of member function 'Network::TransportSender<Network::UserStream>::process_acknowledgment_through' requested here
    sender.process_acknowledgment_through( inst.ack_num() );
           ^
stmclient.cc:289:12: note: in instantiation of member function 'Network::Transport<Network::UserStream, Terminal::Complete>::recv' requested here
  network->recv();
           ^
/usr/include/c++/v1/functional:1269:1: note: 'mem_fun_ref<bool, Network::TimestampedState<Network::UserStream>, unsigned long>' has been explicitly marked deprecated here
_LIBCPP_DEPRECATED_IN_CXX11 inline _LIBCPP_INLINE_VISIBILITY
^
/usr/include/c++/v1/__config:972:39: note: expanded from macro '_LIBCPP_DEPRECATED_IN_CXX11'
#  define _LIBCPP_DEPRECATED_IN_CXX11 _LIBCPP_DEPRECATED
                                      ^
/usr/include/c++/v1/__config:961:48: note: expanded from macro '_LIBCPP_DEPRECATED'
#    define _LIBCPP_DEPRECATED __attribute__ ((deprecated))
                                               ^
In file included from stmclient.cc:64:
In file included from ./../network/networktransport-impl.h:38:
./../network/transportsender-impl.h:365:3: warning: 'bind2nd<std::__1::const_mem_fun1_ref_t<bool, Network::TimestampedState<Network::UserStream>, unsigned long>, unsigned long>' is deprecated [-Wdeprecated-declarations]
                bind2nd( mem_fun_ref( &TimestampedState<MyState>::num_eq ), ack_num ) ) ) {
                ^
/usr/include/c++/v1/functional:1089:1: note: 'bind2nd<std::__1::const_mem_fun1_ref_t<bool, Network::TimestampedState<Network::UserStream>, unsigned long>, unsigned long>' has been explicitly marked deprecated here
_LIBCPP_DEPRECATED_IN_CXX11 inline _LIBCPP_INLINE_VISIBILITY
^
/usr/include/c++/v1/__config:972:39: note: expanded from macro '_LIBCPP_DEPRECATED_IN_CXX11'
#  define _LIBCPP_DEPRECATED_IN_CXX11 _LIBCPP_DEPRECATED
                                      ^
/usr/include/c++/v1/__config:961:48: note: expanded from macro '_LIBCPP_DEPRECATED'
#    define _LIBCPP_DEPRECATED __attribute__ ((deprecated))
                                               ^
In file included from stmclient.cc:64:
In file included from ./../network/networktransport-impl.h:38:
./../network/transportsender-impl.h:366:37: warning: 'mem_fun_ref<bool, Network::TimestampedState<Network::UserStream>, unsigned long>' is deprecated [-Wdeprecated-declarations]
    sent_states.remove_if( bind2nd( mem_fun_ref( &TimestampedState<MyState>::num_lt ), ack_num ) );
                                    ^
/usr/include/c++/v1/functional:1269:1: note: 'mem_fun_ref<bool, Network::TimestampedState<Network::UserStream>, unsigned long>' has been explicitly marked deprecated here
_LIBCPP_DEPRECATED_IN_CXX11 inline _LIBCPP_INLINE_VISIBILITY
^
/usr/include/c++/v1/__config:972:39: note: expanded from macro '_LIBCPP_DEPRECATED_IN_CXX11'
#  define _LIBCPP_DEPRECATED_IN_CXX11 _LIBCPP_DEPRECATED
                                      ^
/usr/include/c++/v1/__config:961:48: note: expanded from macro '_LIBCPP_DEPRECATED'
#    define _LIBCPP_DEPRECATED __attribute__ ((deprecated))
                                               ^
In file included from stmclient.cc:64:
In file included from ./../network/networktransport-impl.h:38:
./../network/transportsender-impl.h:366:28: warning: 'bind2nd<std::__1::const_mem_fun1_ref_t<bool, Network::TimestampedState<Network::UserStream>, unsigned long>, unsigned long>' is deprecated [-Wdeprecated-declarations]
    sent_states.remove_if( bind2nd( mem_fun_ref( &TimestampedState<MyState>::num_lt ), ack_num ) );
                           ^
/usr/include/c++/v1/functional:1089:1: note: 'bind2nd<std::__1::const_mem_fun1_ref_t<bool, Network::TimestampedState<Network::UserStream>, unsigned long>, unsigned long>' has been explicitly marked deprecated here
_LIBCPP_DEPRECATED_IN_CXX11 inline _LIBCPP_INLINE_VISIBILITY
^
/usr/include/c++/v1/__config:972:39: note: expanded from macro '_LIBCPP_DEPRECATED_IN_CXX11'
#  define _LIBCPP_DEPRECATED_IN_CXX11 _LIBCPP_DEPRECATED
                                      ^
/usr/include/c++/v1/__config:961:48: note: expanded from macro '_LIBCPP_DEPRECATED'
#    define _LIBCPP_DEPRECATED __attribute__ ((deprecated))
                                               ^
--- mosh-server.o ---
In file included from mosh-server.cc:93:
In file included from ./../network/networktransport-impl.h:38:
./../network/transportsender-impl.h:365:12: warning: 'mem_fun_ref<bool, Network::TimestampedState<Terminal::Complete>, unsigned long>' is deprecated [-Wdeprecated-declarations]
                bind2nd( mem_fun_ref( &TimestampedState<MyState>::num_eq ), ack_num ) ) ) {
                         ^
./../network/networktransport-impl.h:84:12: note: in instantiation of member function 'Network::TransportSender<Terminal::Complete>::process_acknowledgment_through' requested here
    sender.process_acknowledgment_through( inst.ack_num() );
           ^
mosh-server.cc:703:10: note: in instantiation of member function 'Network::Transport<Terminal::Complete, Network::UserStream>::recv' requested here
        network.recv();
                ^
/usr/include/c++/v1/functional:1269:1: note: 'mem_fun_ref<bool, Network::TimestampedState<Terminal::Complete>, unsigned long>' has been explicitly marked deprecated here
_LIBCPP_DEPRECATED_IN_CXX11 inline _LIBCPP_INLINE_VISIBILITY
^
/usr/include/c++/v1/__config:972:39: note: expanded from macro '_LIBCPP_DEPRECATED_IN_CXX11'
#  define _LIBCPP_DEPRECATED_IN_CXX11 _LIBCPP_DEPRECATED
                                      ^
/usr/include/c++/v1/__config:961:48: note: expanded from macro '_LIBCPP_DEPRECATED'
#    define _LIBCPP_DEPRECATED __attribute__ ((deprecated))
                                               ^
In file included from mosh-server.cc:93:
In file included from ./../network/networktransport-impl.h:38:
./../network/transportsender-impl.h:365:3: warning: 'bind2nd<std::__1::const_mem_fun1_ref_t<bool, Network::TimestampedState<Terminal::Complete>, unsigned long>, unsigned long>' is deprecated [-Wdeprecated-declarations]
                bind2nd( mem_fun_ref( &TimestampedState<MyState>::num_eq ), ack_num ) ) ) {
                ^
/usr/include/c++/v1/functional:1089:1: note: 'bind2nd<std::__1::const_mem_fun1_ref_t<bool, Network::TimestampedState<Terminal::Complete>, unsigned long>, unsigned long>' has been explicitly marked deprecated here
_LIBCPP_DEPRECATED_IN_CXX11 inline _LIBCPP_INLINE_VISIBILITY
^
/usr/include/c++/v1/__config:972:39: note: expanded from macro '_LIBCPP_DEPRECATED_IN_CXX11'
#  define _LIBCPP_DEPRECATED_IN_CXX11 _LIBCPP_DEPRECATED
                                      ^
/usr/include/c++/v1/__config:961:48: note: expanded from macro '_LIBCPP_DEPRECATED'
#    define _LIBCPP_DEPRECATED __attribute__ ((deprecated))
                                               ^
In file included from mosh-server.cc:93:
In file included from ./../network/networktransport-impl.h:38:
./../network/transportsender-impl.h:366:37: warning: 'mem_fun_ref<bool, Network::TimestampedState<Terminal::Complete>, unsigned long>' is deprecated [-Wdeprecated-declarations]
    sent_states.remove_if( bind2nd( mem_fun_ref( &TimestampedState<MyState>::num_lt ), ack_num ) );
                                    ^
/usr/include/c++/v1/functional:1269:1: note: 'mem_fun_ref<bool, Network::TimestampedState<Terminal::Complete>, unsigned long>' has been explicitly marked deprecated here
_LIBCPP_DEPRECATED_IN_CXX11 inline _LIBCPP_INLINE_VISIBILITY
^
/usr/include/c++/v1/__config:972:39: note: expanded from macro '_LIBCPP_DEPRECATED_IN_CXX11'
#  define _LIBCPP_DEPRECATED_IN_CXX11 _LIBCPP_DEPRECATED
                                      ^
/usr/include/c++/v1/__config:961:48: note: expanded from macro '_LIBCPP_DEPRECATED'
#    define _LIBCPP_DEPRECATED __attribute__ ((deprecated))
                                               ^
In file included from mosh-server.cc:93:
In file included from ./../network/networktransport-impl.h:38:
./../network/transportsender-impl.h:366:28: warning: 'bind2nd<std::__1::const_mem_fun1_ref_t<bool, Network::TimestampedState<Terminal::Complete>, unsigned long>, unsigned long>' is deprecated [-Wdeprecated-declarations]
    sent_states.remove_if( bind2nd( mem_fun_ref( &TimestampedState<MyState>::num_lt ), ack_num ) );
                           ^
/usr/include/c++/v1/functional:1089:1: note: 'bind2nd<std::__1::const_mem_fun1_ref_t<bool, Network::TimestampedState<Terminal::Complete>, unsigned long>, unsigned long>' has been explicitly marked deprecated here
_LIBCPP_DEPRECATED_IN_CXX11 inline _LIBCPP_INLINE_VISIBILITY
^
/usr/include/c++/v1/__config:972:39: note: expanded from macro '_LIBCPP_DEPRECATED_IN_CXX11'
#  define _LIBCPP_DEPRECATED_IN_CXX11 _LIBCPP_DEPRECATED
                                      ^
/usr/include/c++/v1/__config:961:48: note: expanded from macro '_LIBCPP_DEPRECATED'
#    define _LIBCPP_DEPRECATED __attribute__ ((deprecated))
                                               ^
--- mosh-client.o ---
mv -f .deps/mosh-client.Tpo .deps/mosh-client.Po
--- terminaloverlay.o ---
4 warnings generated.
mv -f .deps/terminaloverlay.Tpo .deps/terminaloverlay.Po
--- stmclient.o ---
4 warnings generated.
mv -f .deps/stmclient.Tpo .deps/stmclient.Po
--- mosh-client ---
c++ -Wall  -fno-strict-overflow -D_FORTIFY_SOURCE=2 -fstack-protector-all -Wstack-protector --param ssp-buffer-size=1 -fPIE -pipe -O2 -pipe  -fstack-protector-strong -fno-strict-aliasing   -std=c++11 -pie -Wl,-z,relro -Wl,-z,now -fstack-protector-strong  -o mosh-client mosh-client.o stmclient.o  terminaloverlay.o ../crypto/libmoshcrypto.a ../network/libmoshnetwork.a ../statesync/libmoshstatesync.a ../terminal/libmoshterminal.a ../util/libmoshutil.a ../protobufs/libmoshprotos.a -lm -ltinfo -L/usr/local/lib -lprotobuf -lpthread -L/usr/lib -lssl -lcrypto -lutil -lz -lutempter
--- mosh-server.o ---
4 warnings generated.
mv -f .deps/mosh-server.Tpo .deps/mosh-server.Po
--- mosh-server ---
c++ -Wall  -fno-strict-overflow -D_FORTIFY_SOURCE=2 -fstack-protector-all -Wstack-protector --param ssp-buffer-size=1 -fPIE -pipe -O2 -pipe  -fstack-protector-strong -fno-strict-aliasing   -std=c++11 -pie -Wl,-z,relro -Wl,-z,now -fstack-protector-strong  -o mosh-server mosh-server.o ../crypto/libmoshcrypto.a ../network/libmoshnetwork.a ../statesync/libmoshstatesync.a ../terminal/libmoshterminal.a ../util/libmoshutil.a ../protobufs/libmoshprotos.a -lm -ltinfo -L/usr/local/lib -lprotobuf -lpthread -L/usr/lib -lssl -lcrypto -lutil -lz -lutempter
Making all in examples
Making all in tests
Making all in man
Making all in conf
===========================================================================
=======================<phase: run-depends    >============================
===== env: USE_PACKAGE_DEPENDS_ONLY=1 USER=root UID=0 GID=0
===>   mosh-1.3.2_17 depends on package: perl5>=5.32.r0<5.33 - not found
===>   Installing existing package /packages/All/perl5-5.32.1_1.pkg
[Cygate_v2_5_0_amd64-Cygate_devel-job-02] Installing perl5-5.32.1_1...
[Cygate_v2_5_0_amd64-Cygate_devel-job-02] Extracting perl5-5.32.1_1: .......... done
===>   mosh-1.3.2_17 depends on package: perl5>=5.32.r0<5.33 - found
===>   Returning to build of mosh-1.3.2_17
===========================================================================
=======================<phase: stage          >============================
===== env: NO_DEPENDS=yes USER=nobody UID=65534 GID=65534
===>  Staging for mosh-1.3.2_17
===>   Generating temporary packing list
if test -z ''; then  /usr/bin/make  INSTALL_PROGRAM="/bin/sh /wrkdirs/usr/ports/net/mosh/work/mosh-1.3.2/install-sh -c -s"  install_sh_PROGRAM="/bin/sh /wrkdirs/usr/ports/net/mosh/work/mosh-1.3.2/install-sh -c -s" INSTALL_STRIP_FLAG=-s  install;  else  /usr/bin/make  INSTALL_PROGRAM="/bin/sh /wrkdirs/usr/ports/net/mosh/work/mosh-1.3.2/install-sh -c -s"  install_sh_PROGRAM="/bin/sh /wrkdirs/usr/ports/net/mosh/work/mosh-1.3.2/install-sh -c -s" INSTALL_STRIP_FLAG=-s  "INSTALL_PROGRAM_ENV=STRIPPROG=''" install;  fi
/usr/bin/make  install-recursive
Making install in scripts
 /bin/mkdir -p '/wrkdirs/usr/ports/net/mosh/work/stage/usr/local/bin'
 install  -m 555 mosh '/wrkdirs/usr/ports/net/mosh/work/stage/usr/local/bin'
Making install in src
Making install in protobufs
/usr/bin/make  install-am
Making install in util
Making install in crypto
Making install in terminal
Making install in network
Making install in statesync
Making install in frontend
 /bin/mkdir -p '/wrkdirs/usr/ports/net/mosh/work/stage/usr/local/bin'
  /bin/sh /wrkdirs/usr/ports/net/mosh/work/mosh-1.3.2/install-sh -c -s mosh-client mosh-server '/wrkdirs/usr/ports/net/mosh/work/stage/usr/local/bin'
Making install in examples
Making install in tests
Making install in man
 /bin/mkdir -p '/wrkdirs/usr/ports/net/mosh/work/stage/usr/local/man/man1'
 install  -m 0644 mosh.1 mosh-client.1 mosh-server.1 '/wrkdirs/usr/ports/net/mosh/work/stage/usr/local/man/man1'
Making install in conf
====> Compressing man pages (compress-man)
===========================================================================
=======================<phase: package        >============================
===== env: 'PKG_NOTES=build_timestamp ports_top_git_hash ports_top_checkout_unclean port_git_hash port_checkout_unclean built_by' 'PKG_NOTE_build_timestamp=2021-10-18T20:34:00+0000' 'PKG_NOTE_ports_top_git_hash=af67f424b' 'PKG_NOTE_ports_top_checkout_unclean=no' 'PKG_NOTE_port_git_hash=af67f424b' 'PKG_NOTE_port_checkout_unclean=no' 'PKG_NOTE_built_by=poudriere-git-3.3.0-1019-gef452659' NO_DEPENDS=yes USER=nobody UID=65534 GID=65534
===>  Building package for mosh-1.3.2_17
install -l rs /.npkg/All/mosh-1.3.2_17.pkg /.npkg/All/mosh-1.3.2_17.txz
===========================================================================
=>> Cleaning up wrkdir
===>  Cleaning for mosh-1.3.2_17
build of net/mosh | mosh-1.3.2_17 ended at Mon Oct 18 23:35:21 EAT 2021
build time: 00:01:21
