=>> Building www/pound
build started at Mon Oct 18 23:45:58 EAT 2021
port directory: /usr/ports/www/pound
package name: pound-2.8
building for: FreeBSD Cygate_v2_5_0_amd64-Cygate_devel-job-02 12.3-PRERELEASE FreeBSD 12.3-PRERELEASE 1202508 amd64
maintained by: zeus@gnu.org.ua
Makefile datestamp: -rw-r--r--  1 root  wheel  1626 Oct 18 18:59 /usr/ports/www/pound/Makefile
Ports top last git commit: af67f424b
Ports top unclean checkout: no
Port dir last git commit: af67f424b
Port dir unclean checkout: no
Poudriere version: poudriere-git-3.3.0-1019-gef452659
Host OSVERSION: 1202000
Jail OSVERSION: 1202508
Job Id: 02




!!! Jail is newer than host. (Jail: 1202508, Host: 1202000) !!!
!!! This is not supported. !!!
!!! Host kernel must be same or newer than jail. !!!
!!! Expect build failures. !!!



---Begin Environment---
SHELL=/bin/csh
OSVERSION=1202508
UNAME_v=FreeBSD 12.3-PRERELEASE 1202508
UNAME_r=12.3-PRERELEASE
BLOCKSIZE=K
MAIL=/var/mail/root
STATUS=1
HOME=/root
PATH=/sbin:/bin:/usr/sbin:/usr/bin:/usr/local/sbin:/usr/local/bin:/root/bin
LOCALBASE=/usr/local
USER=root
POUDRIERE_NAME=poudriere-git
LIBEXECPREFIX=/usr/local/libexec/poudriere
POUDRIERE_VERSION=3.3.0-1019-gef452659
MASTERMNT=/usr/local/poudriere/data/.m/Cygate_v2_5_0_amd64-Cygate_devel/ref
LC_COLLATE=C
POUDRIERE_BUILD_TYPE=bulk
PACKAGE_BUILDING=yes
SAVED_TERM=xterm-256color
GID=0
OUTPUT_REDIRECTED_STDERR=4
OUTPUT_REDIRECTED=1
UID=0
PWD=/usr/local/poudriere/data/.m/Cygate_v2_5_0_amd64-Cygate_devel/02/.p
OUTPUT_REDIRECTED_STDOUT=3
P_PORTS_FEATURES=FLAVORS SELECTED_OPTIONS
MASTERNAME=Cygate_v2_5_0_amd64-Cygate_devel
SCRIPTPREFIX=/usr/local/share/poudriere
SCRIPTNAME=bulk.sh
OLDPWD=/usr/local/poudriere/data/.m/Cygate_v2_5_0_amd64-Cygate_devel/ref/.p/pool
POUDRIERE_PKGNAME=poudriere-git-3.3.0-1019-gef452659
SCRIPTPATH=/usr/local/share/poudriere/bulk.sh
POUDRIEREPATH=/usr/local/bin/poudriere
---End Environment---

---Begin Poudriere Port Flags/Env---
PORT_FLAGS=
PKGENV=
FLAVOR=
DEPENDS_ARGS=
MAKE_ARGS=
---End Poudriere Port Flags/Env---

---Begin OPTIONS List---
===> The following configuration options are available for pound-2.8:
     DOCS=off: Build and/or install documentation
     DSAPARAM=off: Generate DH parameters without using "safe" primes
     PCRE=on: Use Perl Compatible Regular Expressions
===> Use 'make config' to modify these settings
---End OPTIONS List---

--MAINTAINER--
zeus@gnu.org.ua
--End MAINTAINER--

--CONFIGURE_ARGS--
--disable-tcmalloc --disable-hoard --enable-pcreposix --prefix=/usr/local ${_LATE_CONFIGURE_ARGS}
--End CONFIGURE_ARGS--

--CONFIGURE_ENV--
XDG_DATA_HOME=/wrkdirs/usr/ports/www/pound/work  XDG_CONFIG_HOME=/wrkdirs/usr/ports/www/pound/work  XDG_CACHE_HOME=/wrkdirs/usr/ports/www/pound/work/.cache  HOME=/wrkdirs/usr/ports/www/pound/work TMPDIR="/tmp" PATH=/wrkdirs/usr/ports/www/pound/work/.bin:/sbin:/bin:/usr/sbin:/usr/bin:/usr/local/sbin:/usr/local/bin:/root/bin SHELL=/bin/sh CONFIG_SHELL=/bin/sh CMAKE_PREFIX_PATH="/usr/local" CONFIG_SITE=/usr/ports/Templates/config.site lt_cv_sys_max_cmd_len=524288
--End CONFIGURE_ENV--

--MAKE_ENV--
OPENSSLBASE=/usr OPENSSLDIR=/etc/ssl OPENSSLINC=/usr/include OPENSSLLIB=/usr/lib XDG_DATA_HOME=/wrkdirs/usr/ports/www/pound/work  XDG_CONFIG_HOME=/wrkdirs/usr/ports/www/pound/work  XDG_CACHE_HOME=/wrkdirs/usr/ports/www/pound/work/.cache  HOME=/wrkdirs/usr/ports/www/pound/work TMPDIR="/tmp" PATH=/wrkdirs/usr/ports/www/pound/work/.bin:/sbin:/bin:/usr/sbin:/usr/bin:/usr/local/sbin:/usr/local/bin:/root/bin NO_PIE=yes MK_DEBUG_FILES=no MK_KERNEL_SYMBOLS=no SHELL=/bin/sh NO_LINT=YES PREFIX=/usr/local  LOCALBASE=/usr/local  CC="cc" CFLAGS="-O2 -pipe  -fstack-protector-strong -isystem /usr/local/include -fno-strict-aliasing "  CPP="cpp" CPPFLAGS="-isystem /usr/local/include"  LDFLAGS="  -fstack-protector-strong " LIBS="-L/usr/local/lib"  CXX="c++" CXXFLAGS="-O2 -pipe -fstack-protector-strong -isystem /usr/local/include -fno-strict-aliasing  -isystem /usr/local/include "  MANPREFIX="/usr/local" BSD_INSTALL_PROGRAM="install  -s -m 555"  BSD_INSTALL_LIB="install  -s -m 0644"  BSD_INSTALL_SCRIPT="install  -m 555"  BSD_INSTALL_DATA="install  -m 0644"  BSD_INSTALL_MAN="install  -m 444"
--End MAKE_ENV--

--PLIST_SUB--
PORTDOCS="@comment " OSREL=12.3 PREFIX=%D LOCALBASE=/usr/local  RESETPREFIX=/usr/local LIB32DIR=lib DOCSDIR="share/doc/pound"  EXAMPLESDIR="share/examples/pound"  DATADIR="share/pound"  WWWDIR="www/pound"  ETCDIR="etc/pound"
--End PLIST_SUB--

--SUB_LIST--
NAME=pound PREFIX=/usr/local LOCALBASE=/usr/local  DATADIR=/usr/local/share/pound DOCSDIR=/usr/local/share/doc/pound EXAMPLESDIR=/usr/local/share/examples/pound  WWWDIR=/usr/local/www/pound ETCDIR=/usr/local/etc/pound
--End SUB_LIST--

---Begin make.conf---
USE_PACKAGE_DEPENDS=yes
BATCH=yes
WRKDIRPREFIX=/wrkdirs
PORTSDIR=/usr/ports
PACKAGES=/packages
DISTDIR=/distfiles
FORCE_PACKAGE=yes
PACKAGE_BUILDING=yes
PACKAGE_BUILDING_FLAVORS=yes
#### /usr/local/etc/poudriere.d/Cygate_devel-make.conf ####
ALLOW_UNSUPPORTED_SYSTEM=yes

# Define pfSense repos
PFSENSE_REPOS=	Cygate-repo Cygate-repo-devel Cygate-repo-245

# Used by pfSense-upgrade port to set pkg_set_version
PFSENSE_PKG_SET_VERSION=	2.6.0-DEVELOPMENT

# Generic options
OPTIONS_UNSET_FORCE=	DOCS DOXYGEN EXAMPLES INFO MAN MANPAGES X11

# Individual ports options
.if ${.CURDIR:N*net/quagga*}=="" || ${.CURDIR:N*net/frr*}==""
CUR_ARCH!=	/usr/bin/uname -p
. if ${CUR_ARCH} == "armv7"
WITH_DEBUG=yes
. endif
.endif

.if ${.CURDIR:N*net/frr*}==""
ETCDIR=	/var/etc/frr
.endif

DEFAULT_VERSIONS=	php=74 ssl=base
PHP_FD_SETSIZE=		3172

. if ${.CURDIR:N*sysutils/check_reload_status*}==""
WITH_DEBUG=	yes
. endif

# Options for packages

# databases
databases_rrdtool_UNSET_FORCE=	PYTHON_MODULE RUBY_MODULE PERL_MODULE DEJAVU GRAPH

# devel
devel_git_UNSET_FORCE=CVS GITWEB GUI HTMLDOCS P4 SVN CONTRIB PERL ETCSHELLS

# dns
dns_dnsmasq_UNSET_FORCE=	DNSSEC

dns_unbound_SET_FORCE=	LIBEVENT PYTHON
dns_unbound112_SET_FORCE=	LIBEVENT PYTHON

dns_bind916_SET_FORCE=DLZ_FILESYSTEM FILTER_AAAA IPV6 LINKS RRL SIGCHASE SSL THREADS GSSAPI_NONE
dns_bind916_UNSET_FORCE=FIXED_RRSET IDN LARGE_FILE LMDB

# emulators
emulators_open-vm-tools_UNSET_FORCE=DOCS FUSE LIBNOTIFY X11

# graphics
graphics_cairo_UNSET_FORCE=X11 XCB OPENGL

graphics_gd_SET_FORCE=ICONV
graphics_gd_UNSET_FORCE=FONTCONFIG XPM

graphics_graphviz_SET_FORCE=ICONV NLS
graphics_graphviz_UNSET_FORCE=DIGCOLA IPSEPCOLA PANGOCAIRO XPM

# lang
lang_gcc_UNSET_FORCE=JAVA

# mail
mail_pear-Mail_SET_FORCE=	PEAR_NET_SMTP

# net
net_freeradius3_SET_FORCE=EXPERIMENTAL HEIMDAL LDAP MYSQL PERL PGSQL PYTHON SQLITE3

net_frr7_SET_FORCE=SNMP

net_haproxy18_SET_FORCE=OPENSSL SPCRE LUA
net_haproxy18_UNSET_FORCE=DPCRE

net_haproxy_SET_FORCE=OPENSSL SPCRE LUA PROMEX
net_haproxy_UNSET_FORCE=DPCRE

net_haproxy-devel_SET_FORCE=OPENSSL SPCRE LUA
net_haproxy-devel_UNSET_FORCE=DPCRE

net_libpcap_SET_FORCE=IPV6
net_libpcap_UNSET_FORCE=DAG

net_miniupnpd_SET_FORCE=	PF_FILTER_RULES IPV6 CHECK_PORTINUSE

net_mtr_UNSET_FORCE=X11

net_nss_ldap_UNSET_FORCE=SASL KERBEROS

net_ntp_UNSET_FORCE=	PERL_UTILS

# net-mgmt
net-mgmt_net-snmp_SET_FORCE=IPV6 MFD_REWRITES TLS
net-mgmt_net-snmp_UNSET_FORCE=AX_DISABLE_TRAP AX_SOCKONLY DOCS DUMMY JAIL MYSQL PYTHON SMUX TKMIB UNPRIVILEGED

net-mgmt_zabbix3-agent_SET_FORCE=IPV6

net-mgmt_zabbix3-proxy_SET_FORCE=IPMI IPV6 LIBXML2 SQLITE SSH
net-mgmt_zabbix3-proxy_UNSET_FORCE=MYSQL

net-mgmt_zabbix4-agent_SET_FORCE=IPV6

net-mgmt_zabbix4-proxy_SET_FORCE=IPMI IPV6 LIBXML2 SQLITE SSH
net-mgmt_zabbix4-proxy_UNSET_FORCE=MYSQL

net-mgmt_zabbix44-agent_SET_FORCE=IPV6

net-mgmt_zabbix44-proxy_SET_FORCE=IPMI IPV6 LIBXML2 SQLITE SSH
net-mgmt_zabbix44-proxy_UNSET_FORCE=MYSQL

net-mgmt_zabbix5-agent_SET_FORCE=IPV6

net-mgmt_zabbix5-proxy_SET_FORCE=IPMI IPV6 LIBXML2 SQLITE SSH
net-mgmt_zabbix5-proxy_UNSET_FORCE=MYSQL

net-mgmt_zabbix52-agent_SET_FORCE=IPV6

net-mgmt_zabbix52-proxy_SET_FORCE=IPMI IPV6 LIBXML2 SQLITE SSH
net-mgmt_zabbix52-proxy_UNSET_FORCE=MYSQL

net-mgmt_zabbix54-agent_SET_FORCE=IPV6

net-mgmt_zabbix54-proxy_SET_FORCE=IPMI IPV6 LIBXML2 SQLITE SSH
net-mgmt_zabbix54-proxy_UNSET_FORCE=MYSQL

# security
security_ca_root_nss_SET_FORCE=	ETCSYMLINK

security_opensc_SET_FORCE=	PCSC
security_opensc_UNSET_FORCE=	DOCS MANPAGES

security_openvpn_SET_FORCE=	X509ALTUSERNAME ASYNC_PUSH
security_openvpn_UNSET_FORCE=	EASYRSA

shells_scponly_SET_FORCE=CHROOT SCP WILDCARDS WINSCP
shells_scponly_UNSET_FORCE=DEFAULT_CHDIR DOCS GFTP RSYNC SVN SVNSERVE UNISON

security_sudo_SET_FORCE=LDAP

security_snort_SET_FORCE=APPID COREDUMPS GRE IPV6 NORMALIZER PERFPROFILE SOURCEFIRE
security_snort_UNSET_FORCE=BARNYARD FILEINSPECT HA PULLEDPORK

.if ${.CURDIR:N*security/snort3*}==""
CUR_ARCH!=  /usr/bin/uname -p
.if ${CUR_ARCH} == "armv7" || ${CUR_ARCH} == "aarch64"
security_snort3_SET_FORCE=LARGEPCAP STATICDAQ
security_snort3_UNSET_FORCE=HYPERSCAN TSC
else
security_snort3_SET_FORCE=LARGEPCAP STATICDAQ HYPERSCAN
.endif
.endif

security_strongswan_SET_FORCE=	CURL EAPDYNAMIC EAPRADIUS EAPSIMFILE \
			IKEv1 UNBOUND XAUTH IPSECKEY PKCS11 PKI UNITY VICI VSTR SWANCTL
security_strongswan_UNSET_FORCE=	EAPAKA3GPP2 BUILTIN LIBC SMP

security_suricata_SET_FORCE=GEOIP HTP_PORT IPFW JSON LUAJIT NSS PORTS_PCAP NETMAP HYPERSCAN REDIS
security_suricata4_SET_FORCE=GEOIP HTP_PORT IPFW JSON LUAJIT NSS PORTS_PCAP NETMAP HYPERSCAN REDIS
.if ${.CURDIR:N*security/suricata*}==""
CUR_ARCH!=	/usr/bin/uname -p
NATIVE_BUILD!=	/sbin/sysctl -qn kern.supported_archs | grep -q ${CUR_ARCH} && echo yes || /usr/bin/true
.if ${NATIVE_BUILD} != "yes"
security_suricata_UNSET_FORCE=LUA PRELUDE SC TESTS RUST
security_suricata4_UNSET_FORCE=LUA PRELUDE SC TESTS RUST
.else
security_suricata_UNSET_FORCE=LUA PRELUDE SC TESTS
security_suricata4_UNSET_FORCE=LUA PRELUDE SC TESTS
.endif
.endif

security_xinetd_UNSET_FORCE=	XCONV

# sysutils
sysutils_apcupsd_SET_FORCE=APCDUMB_DRV APCSMART_DRV PCNET_DRV SNMP_DRV TCP_WRAPPERS USB
sysutils_apcupsd_UNSET_FORCE=CGI CLIENT_ONLY GAPCMON SNMP_DRV_OLD TEST_DRV

sysutils_flashrom_UNSET_FORCE=	FTDI BUSPIRATE

sysutils_pftop_SET_FORCE=ALTQ

sysutils_syslog-ng_SET_FORCE=	SYS_SSL
sysutils_syslog-ng_UNSET_FORCE=	PORTS_SSL

# www
www_c-icap_SET_FORCE=LARGE_FILES
www_c-icap_UNSET_FORCE=IPV6

www_lightsquid_SET_FORCE=GD

www_lighttpd_SET_FORCE=	NODELAY

www_nginx_SET_FORCE=	LUA

www_squid_SET_FORCE=ARP_ACL AUTH_LDAP AUTH_NIS AUTH_SASL CACHE_DIGESTS DELAY_POOLS FOLLOW_XFF FS_AUFS FS_DISKD GSSAPI_MIT HTCP ICAP ICMP IDENT IPV6 KQUEUE LARGEFILE LAX_HTTP SNMP SSL SSL_CRTD TP_PF WCCP WCCPV2
www_squid_UNSET_FORCE=AUTH_SMB AUTH_SQL DEBUG DNS_HELPER ECAP ESI FS_ROCK GSSAPI_NONE GSSAPI_BASE GSSAPI_HEIMDAL STACKTRACES TP_IPF TP_IPFW VIA_DB

www_squidguard_SET_FORCE=DNS_BL LDAP STRIP_NTDOMAIN
www_squidguard_UNSET_FORCE=QUOTE_STRING

www_e2guardian_SET_FORCE=ICAP NTLM SSL_MITM

PKG_REPO_BRANCH_DEVEL=v2_5_0
PKG_REPO_BRANCH_RELEASE=v2_5_2
PKG_REPO_SERVER_DEVEL=pkg+http://10.42.0.2/packages
PKG_REPO_SERVER_RELEASE=pkg+http://10.42.0.2/packages
POUDRIERE_PORTS_NAME=Cygate_devel
PFSENSE_DEFAULT_REPO=Cygate-repo-devel
PRODUCT_NAME=Cygate
REPO_BRANCH_PREFIX=
#### Misc Poudriere ####
.include "/etc/make.conf.ports_env"
---End make.conf---
--Resource limits--
cpu time               (seconds, -t)  unlimited
file size           (512-blocks, -f)  unlimited
data seg size           (kbytes, -d)  33554432
stack size              (kbytes, -s)  524288
core file size      (512-blocks, -c)  unlimited
max memory size         (kbytes, -m)  unlimited
locked memory           (kbytes, -l)  unlimited
max user processes              (-u)  19414
open files                      (-n)  9000
virtual mem size        (kbytes, -v)  8388608
swap limit              (kbytes, -w)  unlimited
socket buffer size       (bytes, -b)  unlimited
pseudo-terminals                (-p)  unlimited
kqueues                         (-k)  unlimited
umtx shared locks               (-o)  unlimited
--End resource limits--
=======================<phase: check-sanity   >============================
===== env: NO_DEPENDS=yes USER=nobody UID=65534 GID=65534
===>  License GPLv3 accepted by the user
===========================================================================
=======================<phase: pkg-depends    >============================
===== env: USE_PACKAGE_DEPENDS_ONLY=1 USER=root UID=0 GID=0
===>   pound-2.8 depends on file: /usr/local/sbin/pkg - not found
===>   Installing existing package /packages/All/pkg-1.17.2.pkg
[Cygate_v2_5_0_amd64-Cygate_devel-job-02] Installing pkg-1.17.2...
[Cygate_v2_5_0_amd64-Cygate_devel-job-02] Extracting pkg-1.17.2: .......... done
===>   pound-2.8 depends on file: /usr/local/sbin/pkg - found
===>   Returning to build of pound-2.8
===========================================================================
=======================<phase: fetch-depends  >============================
===== env: USE_PACKAGE_DEPENDS_ONLY=1 USER=root UID=0 GID=0
===========================================================================
=======================<phase: fetch          >============================
===== env: NO_DEPENDS=yes USER=root UID=0 GID=0
===>  License GPLv3 accepted by the user
===> Fetching all distfiles required by pound-2.8 for building
===========================================================================
=======================<phase: checksum       >============================
===== env: NO_DEPENDS=yes USER=root UID=0 GID=0
===>  License GPLv3 accepted by the user
===> Fetching all distfiles required by pound-2.8 for building
=> SHA256 Checksum OK for Pound-2.8.tgz.
===========================================================================
=======================<phase: extract-depends>============================
===== env: USE_PACKAGE_DEPENDS_ONLY=1 USER=root UID=0 GID=0
===========================================================================
=======================<phase: extract        >============================
===== env: NO_DEPENDS=yes USER=nobody UID=65534 GID=65534
===>  License GPLv3 accepted by the user
===> Fetching all distfiles required by pound-2.8 for building
===>  Extracting for pound-2.8
=> SHA256 Checksum OK for Pound-2.8.tgz.
===========================================================================
=======================<phase: patch-depends  >============================
===== env: USE_PACKAGE_DEPENDS_ONLY=1 USER=root UID=0 GID=0
===========================================================================
=======================<phase: patch          >============================
===== env: NO_DEPENDS=yes USER=nobody UID=65534 GID=65534
===>  Patching for pound-2.8
===>  Applying extra patch /usr/ports/www/pound/files/0001-Add-MKCALENDAR-to-xHTTP-2-and-above.patch with -p1
===>  Applying extra patch /usr/ports/www/pound/files/0002-add-support-openssl1.1-dhparam.patch with -p1
===>  Applying extra patch /usr/ports/www/pound/files/c5a95780e2233a05ab3fb8b4eb8a9550f0c3b53c.patch with -p1
===>  Applying extra patch /usr/ports/www/pound/files/pound-2.8-websocket.diff with -p1
===>  Applying extra patch /usr/ports/www/pound/files/pound-2.8-fallback_scsv.diff with -p0
===>  Applying extra patch /usr/ports/www/pound/files/a2c9dde4d055ea8942afb150b7fc3a807d4e5d60.patch with -p1
===>  Applying FreeBSD patches for pound-2.8 from /usr/ports/www/pound/files
===========================================================================
=======================<phase: build-depends  >============================
===== env: USE_PACKAGE_DEPENDS_ONLY=1 USER=root UID=0 GID=0
===========================================================================
=======================<phase: lib-depends    >============================
===== env: USE_PACKAGE_DEPENDS_ONLY=1 USER=root UID=0 GID=0
===>   pound-2.8 depends on shared library: libpcre.so - not found
===>   Installing existing package /packages/All/pcre-8.45.pkg
[Cygate_v2_5_0_amd64-Cygate_devel-job-02] Installing pcre-8.45...
[Cygate_v2_5_0_amd64-Cygate_devel-job-02] Extracting pcre-8.45: .......... done
===>   pound-2.8 depends on shared library: libpcre.so - found (/usr/local/lib/libpcre.so)
===>   Returning to build of pound-2.8
===========================================================================
=======================<phase: configure      >============================
===== env: NO_DEPENDS=yes USER=nobody UID=65534 GID=65534
===>  Configuring for pound-2.8
configure: loading site script /usr/ports/Templates/config.site
checking for gcc... cc
checking whether the C compiler works... yes
checking for C compiler default output file name... a.out
checking for suffix of executables... 
checking whether we are cross compiling... no
checking for suffix of object files... o
checking whether we are using the GNU C compiler... yes
checking whether cc accepts -g... yes
checking for cc option to accept ISO C89... none needed
checking whether cc understands -c and -o together... yes
checking for a BSD-compatible install... /usr/bin/install -c
checking build system type... amd64-portbld-freebsd12.3
checking host system type... amd64-portbld-freebsd12.3
checking target system type... amd64-portbld-freebsd12.3
configure: *** Checking for threads library and/or flags ***
checking for the pthreads library -lpthreads... no
checking whether pthreads work without any flags... no
checking whether pthreads work with -Kthread... no
checking whether pthreads work with -kthread... no
checking for the pthreads library -llthread... no
checking whether pthreads work with -pthread... yes
checking for joinable pthread attribute... PTHREAD_CREATE_JOINABLE
checking if more special flags are required for pthreads... -D_THREAD_SAFE
checking for cc_r... cc
configure: *** Parsing options ***
configure: *** Checking for libraries ***
checking for dlopen in -ldl... yes
checking for socket in -lsocket... no
checking for hstrerror in -lresolv... no
checking for BIO_new in -lcrypto... yes
checking for SSL_CTX_new in -lssl... yes
checking for regcomp in -lpcreposix... yes
checking for pthread_attr_setstacksize in LIBS=-lpcreposix -lssl -lcrypto -ldl  -L/usr/local/lib -lm with CFLAGS=-O2 -pipe  -fstack-protector-strong -isystem /usr/local/include -fno-strict-aliasing  -D_THREAD_SAFE -pthread -DUPER... OK
configure: *** Checking for header files ***
checking how to run the C preprocessor... cpp
checking for grep that handles long lines and -e... (cached) /usr/bin/grep
checking for egrep... (cached) /usr/bin/egrep
checking for ANSI C header files... (cached) yes
checking for sys/types.h... (cached) yes
checking for sys/stat.h... (cached) yes
checking for stdlib.h... (cached) yes
checking for string.h... (cached) yes
checking for memory.h... (cached) yes
checking for strings.h... (cached) yes
checking for inttypes.h... (cached) yes
checking for stdint.h... (cached) yes
checking for unistd.h... (cached) yes
checking for arpa/inet.h... (cached) yes
checking for errno.h... (cached) yes
checking for netdb.h... (cached) yes
checking for netinet/in.h... (cached) yes
checking netinet/tcp.h usability... yes
checking netinet/tcp.h presence... yes
checking for netinet/tcp.h... yes
checking for stdlib.h... (cached) yes
checking for string.h... (cached) yes
checking for sys/socket.h... (cached) yes
checking for sys/un.h... (cached) yes
checking for sys/time.h... (cached) yes
checking for unistd.h... (cached) yes
checking for getopt.h... (cached) yes
checking for pthread.h... (cached) yes
checking for sys/types.h... (cached) yes
checking for sys/poll.h... (cached) yes
checking openssl/ssl.h usability... yes
checking openssl/ssl.h presence... yes
checking for openssl/ssl.h... yes
checking openssl/engine.h usability... yes
checking openssl/engine.h presence... yes
checking for openssl/engine.h... yes
checking for time.h... (cached) yes
checking for pwd.h... (cached) yes
checking grp.h usability... yes
checking grp.h presence... yes
checking for grp.h... yes
checking for signal.h... (cached) yes
checking regex.h usability... yes
checking regex.h presence... yes
checking for regex.h... yes
checking for ctype.h... (cached) yes
checking wait.h usability... no
checking wait.h presence... no
checking for wait.h... no
checking for sys/wait.h... (cached) yes
checking for sys/stat.h... (cached) yes
checking for fcntl.h... (cached) yes
checking for stdarg.h... (cached) yes
checking pcreposix.h usability... yes
checking pcreposix.h presence... yes
checking for pcreposix.h... yes
checking pcre/pcreposix.h usability... no
checking pcre/pcreposix.h presence... no
checking for pcre/pcreposix.h... no
checking fnmatch.h usability... yes
checking fnmatch.h presence... yes
checking for fnmatch.h... yes
configure: *** Checking for additonal information ***
checking for facilitynames presence... yes
checking return type of signal handlers... void
checking for an ANSI C-conforming const... yes
checking for uid_t in sys/types.h... (cached) yes
checking for pid_t... (cached) yes
checking whether time.h and sys/time.h may both be included... yes
checking for unsigned long long int... (cached) yes
checking for long long int... (cached) yes
checking for in_addr_t... (cached) yes
checking for in_port_t... (cached) yes
checking for time_t... yes
checking for vfork.h... (cached) no
checking for fork... (cached) yes
checking for vfork... (cached) yes
checking for working fork... yes
checking for working vfork... (cached) yes
checking for working memcmp... yes
checking for sys/select.h... (cached) yes
checking for sys/socket.h... (cached) yes
checking types of arguments for select... int,fd_set *,struct timeval *
checking return type of signal handlers... (cached) void
checking whether lstat correctly handles trailing slash... (cached) yes
checking whether stat accepts an empty string... no
checking for strftime... (cached) yes
checking for getaddrinfo... (cached) yes
checking for inet_ntop... (cached) yes
checking for memset... (cached) yes
checking for regcomp... yes
checking for poll... (cached) yes
checking for socket... yes
checking for strcasecmp... (cached) yes
checking for strchr... (cached) yes
checking for strdup... (cached) yes
checking for strerror... (cached) yes
checking for strncasecmp... (cached) yes
checking for strspn... yes
checking for strtol... (cached) yes
checking for setsid... (cached) yes
checking for X509_STORE_set_flags... yes
checking for localtime_r... yes
checking for gettimeofday... (cached) yes
configure: creating ./config.status
config.status: creating Makefile
config.status: WARNING:  'Makefile.in' seems to ignore the --datarootdir setting
config.status: creating config.h
===========================================================================
=======================<phase: build          >============================
===== env: NO_DEPENDS=yes USER=nobody UID=65534 GID=65534
===>  Building for pound-2.8
--- dh512.h ---
--- dh2048.h ---
--- pound.o ---
--- http.o ---
--- config.o ---
--- poundctl.o ---
--- dh512.h ---
openssl dhparam -5 -C -noout 512 > dh512.h
--- dh2048.h ---
openssl dhparam -5 -C -noout 2048 > dh2048.h
--- pound.o ---
cc  -DF_CONF=\"/usr/local/etc/pound.cfg\" -DVERSION=\"2.8\" -DC_SSL=\"\" -DC_T_RSA=\"0\"  -DC_DH_LEN=\"2048\" -DC_MAXBUF=\"0\" -DC_OWNER=\"\" -DC_GROUP=\"\"  -DC_SUPER=\"0\" -O2 -pipe  -fstack-protector-strong -isystem /usr/local/include -fno-strict-aliasing  -D_THREAD_SAFE -pthread -DUPER -DNEED_STACK -DHAVE_SYSLOG_H=1 -D_THREAD_SAFE -pthread -DDH_LEN=2048 -isystem /usr/local/include -D_REENTRANT -D_THREAD_SAFE -c pound.c -o pound.o
--- http.o ---
cc  -DF_CONF=\"/usr/local/etc/pound.cfg\" -DVERSION=\"2.8\" -DC_SSL=\"\" -DC_T_RSA=\"0\"  -DC_DH_LEN=\"2048\" -DC_MAXBUF=\"0\" -DC_OWNER=\"\" -DC_GROUP=\"\"  -DC_SUPER=\"0\" -O2 -pipe  -fstack-protector-strong -isystem /usr/local/include -fno-strict-aliasing  -D_THREAD_SAFE -pthread -DUPER -DNEED_STACK -DHAVE_SYSLOG_H=1 -D_THREAD_SAFE -pthread -DDH_LEN=2048 -isystem /usr/local/include -D_REENTRANT -D_THREAD_SAFE -c http.c -o http.o
--- config.o ---
cc  -DF_CONF=\"/usr/local/etc/pound.cfg\" -DVERSION=\"2.8\" -DC_SSL=\"\" -DC_T_RSA=\"0\"  -DC_DH_LEN=\"2048\" -DC_MAXBUF=\"0\" -DC_OWNER=\"\" -DC_GROUP=\"\"  -DC_SUPER=\"0\" -O2 -pipe  -fstack-protector-strong -isystem /usr/local/include -fno-strict-aliasing  -D_THREAD_SAFE -pthread -DUPER -DNEED_STACK -DHAVE_SYSLOG_H=1 -D_THREAD_SAFE -pthread -DDH_LEN=2048 -isystem /usr/local/include -D_REENTRANT -D_THREAD_SAFE -c config.c -o config.o
--- poundctl.o ---
cc  -DF_CONF=\"/usr/local/etc/pound.cfg\" -DVERSION=\"2.8\" -DC_SSL=\"\" -DC_T_RSA=\"0\"  -DC_DH_LEN=\"2048\" -DC_MAXBUF=\"0\" -DC_OWNER=\"\" -DC_GROUP=\"\"  -DC_SUPER=\"0\" -O2 -pipe  -fstack-protector-strong -isystem /usr/local/include -fno-strict-aliasing  -D_THREAD_SAFE -pthread -DUPER -DNEED_STACK -DHAVE_SYSLOG_H=1 -D_THREAD_SAFE -pthread -DDH_LEN=2048 -isystem /usr/local/include -D_REENTRANT -D_THREAD_SAFE -c poundctl.c -o poundctl.o
--- dh512.h ---
Generating DH parameters, 512 bit long safe prime, generator 5
This is going to take a long time
--- dh2048.h ---
Generating DH parameters, 2048 bit long safe prime, generator 5
This is going to take a long time
--- pound.o ---
pound.c:94:20: warning: using the result of an assignment as a condition without parentheses [-Wparentheses]
        if(ret_val = pthread_mutex_lock(&l_array[n]))
           ~~~~~~~~^~~~~~~~~~~~~~~~~~~~~~~~~~~~~~~~~
pound.c:94:20: note: place parentheses around the assignment to silence this warning
        if(ret_val = pthread_mutex_lock(&l_array[n]))
                   ^
           (                                        )
pound.c:94:20: note: use '==' to turn this assignment into an equality comparison
        if(ret_val = pthread_mutex_lock(&l_array[n]))
                   ^
                   ==
pound.c:97:20: warning: using the result of an assignment as a condition without parentheses [-Wparentheses]
        if(ret_val = pthread_mutex_unlock(&l_array[n]))
           ~~~~~~~~^~~~~~~~~~~~~~~~~~~~~~~~~~~~~~~~~~~
pound.c:97:20: note: place parentheses around the assignment to silence this warning
        if(ret_val = pthread_mutex_unlock(&l_array[n]))
                   ^
           (                                          )
pound.c:97:20: note: use '==' to turn this assignment into an equality comparison
        if(ret_val = pthread_mutex_unlock(&l_array[n]))
                   ^
                   ==
--- http.o ---
http.c:150:19: warning: add explicit braces to avoid dangling else [-Wdangling-else]
                } else {
                  ^
--- poundctl.o ---
poundctl.c:353:13: warning: add explicit braces to avoid dangling else [-Wdangling-else]
            else
            ^
--- config.o ---
config.c:208:31: warning: passing 'const unsigned char *' to parameter of type 'const char *' converts between pointers to integer types with different sign [-Wpointer-sign]
                temp[local_count] = general_name_string(name);
                                    ^~~~~~~~~~~~~~~~~~~~~~~~~
config.c:180:10: note: expanded from macro 'general_name_string'
        strndup(ASN1_STRING_get0_data(n->d.dNSName),    \
                ^~~~~~~~~~~~~~~~~~~~~~~~~~~~~~~~~~~
/usr/include/string.h:105:27: note: passing argument to parameter here
char    *strndup(const char *, size_t) __malloc_like;
                             ^
config.c:208:29: warning: assigning to 'unsigned char *' from 'char *' converts between pointers to integer types with different sign [-Wpointer-sign]
                temp[local_count] = general_name_string(name);
                                  ^ ~~~~~~~~~~~~~~~~~~~~~~~~~
config.c:223:45: warning: passing 'unsigned char *' to parameter of type 'const char *' converts between pointers to integer types with different sign [-Wpointer-sign]
        result[i] = strndup(temp[i], strlen(temp[i])+1);
                                            ^~~~~~~
/usr/include/string.h:97:28: note: passing argument to parameter here
size_t   strlen(const char *) __pure;
                            ^
config.c:223:29: warning: passing 'unsigned char *' to parameter of type 'const char *' converts between pointers to integer types with different sign [-Wpointer-sign]
        result[i] = strndup(temp[i], strlen(temp[i])+1);
                            ^~~~~~~
/usr/include/string.h:105:27: note: passing argument to parameter here
char    *strndup(const char *, size_t) __malloc_like;
                             ^
config.c:223:19: warning: assigning to 'unsigned char *' from 'char *' converts between pointers to integer types with different sign [-Wpointer-sign]
        result[i] = strndup(temp[i], strlen(temp[i])+1);
                  ^ ~~~~~~~~~~~~~~~~~~~~~~~~~~~~~~~~~~~
config.c:922:28: warning: passing 'unsigned char *' to parameter of type 'const char *' converts between pointers to integer types with different sign [-Wpointer-sign]
                if(fnmatch(pc->subjectAltNames[i], server_name, 0) == 0) {
                           ^~~~~~~~~~~~~~~~~~~~~~
/usr/include/fnmatch.h:58:26: note: passing argument to parameter here
int      fnmatch(const char *, const char *, int);
                             ^
--- poundctl.o ---
1 warning generated.
--- pound.o ---
2 warnings generated.
--- poundctl ---
cc   -fstack-protector-strong  -D_THREAD_SAFE -pthread -o poundctl poundctl.o -lpcreposix -lssl -lcrypto -ldl  -L/usr/local/lib -lm
--- dh512.h ---
.........................................................+............................+....+..........+........................+..+.........................+.......................................+...........+..........+.+...............+...............................+.+..........................+.............................................+...................+.......+.........................+...........+......................+.+................+..........................................................................+...................+................+...+..+........................................................................+...........+.+..................................+........................+.........................+...++*++*++*++*++*
--- config.o ---
6 warnings generated.
--- http.o ---
1 warning generated.
--- dh2048.h ---
....+........+.....................................................................+..........................................................................................................................................................................................................................................+..................................+...................................................................................+.................................................................................................+..........................................................................+......+...........................................................................................+....+...............................................................................................+...................................................................................................................................................................................................................................................+...+............................................................................................................................+.......................................................................................+.........+...................................................................................................................................................................................................................................................+.......................................................................+...................................................................................................................................................................+.........................................................+.......+...........................................................................................................................................+....................................................................................................................................................................................................................................................................................................................................................................................................................................+...................................................................................................................................................................................................................................+........................................................................................................+................................................................+..........+........................................................................................................................................................................................................................................................................................................................................................................+.....................................+..............+..+.....+..................................................................................................................................................................................................................+....................................................................................................................................................+...............................................................................................+...................+..........+................+..............................................................................................................................................+..................................................................................................+.......................................................................................................................................................................................................................................................................................................+.+...................+.....................................................................+.+..........................................................................................+..............................................+................................................+.......+.............................................................+............................................+......+..................................................................+....+.................................................................................................................................................................................................+......................+.....................................+.......................................................................................................................+..............................................+............................................+...................................................................................................................+..................................+................+............................................................+............................................+.........................................................................................................................+...........................................................................................................................................................................................................+...............+................+.............................................+...........................+.+................................................................+..............................................+....+.............+..........................+...................................................+.................................................+.....+............................................................................................................................+.........................................................................................+.................................................................................................................................................+...........................+...........................................................................................................................................................................................+................................................+.....................................................................................................................................................................................................+......................................................................................................................................+............................................................................................................................................................................+...................................................................................................................................................................................................................................................................................................................+....................................+................................+.............................................................+.......+..+.......................................................+................................+......................................................................................................................+.................................................................+...................................................+....................+...........................................................................+......................+.............................................................+..............................................................................................................................................................................................................................................................................+........................................................................................................+......................+......................................................................................+..................................................+..........................................................................................................................................................+................................................................+.............................................+..............................................+......................+.............................+.....................................................................................................................................................................................................................................................................................................+.......................................+....................................................+..................................................................+..................+.........................+..............................................................+................................................................................................................................................................................................+...........................................+.........................................................................................................................................................................................................................+................+..........+...................+.........................+......................................................................................................................................................................................................+...........................................................................................................................................................................+...........................+...................+..................................................+.................+.....................................................+..............................................................+............................+.......................................................................................+......................................................................................+...................+....................................................+..............................................................................................+.......................................................................+....................+........................................................................+...................................................................................................+..................................................+......................+......................................................................................................................................................................................................................................................................+...............................................................................................................+....+.....................................................+................++*++*++*++*
--- svc.o ---
cc -DF_CONF=\"/usr/local/etc/pound.cfg\" -DVERSION=\"2.8\" -DC_SSL=\"\" -DC_T_RSA=\"0\"  -DC_DH_LEN=\"2048\" -DC_MAXBUF=\"0\" -DC_OWNER=\"\" -DC_GROUP=\"\"  -DC_SUPER=\"0\" -O2 -pipe  -fstack-protector-strong -isystem /usr/local/include -fno-strict-aliasing  -D_THREAD_SAFE -pthread -DUPER -DNEED_STACK -DHAVE_SYSLOG_H=1 -D_THREAD_SAFE -pthread -DDH_LEN=2048 -isystem /usr/local/include -D_REENTRANT -D_THREAD_SAFE -c -o svc.o svc.c
svc.c:619:16: warning: using the result of an assignment as a condition without parentheses [-Wparentheses]
    if(ret_val = pthread_mutex_lock(&svc->mut))
       ~~~~~~~~^~~~~~~~~~~~~~~~~~~~~~~~~~~~~~~
svc.c:619:16: note: place parentheses around the assignment to silence this warning
    if(ret_val = pthread_mutex_lock(&svc->mut))
               ^
       (                                      )
svc.c:619:16: note: use '==' to turn this assignment into an equality comparison
    if(ret_val = pthread_mutex_lock(&svc->mut))
               ^
               ==
svc.c:683:16: warning: using the result of an assignment as a condition without parentheses [-Wparentheses]
    if(ret_val = pthread_mutex_unlock(&svc->mut))
       ~~~~~~~~^~~~~~~~~~~~~~~~~~~~~~~~~~~~~~~~~
svc.c:683:16: note: place parentheses around the assignment to silence this warning
    if(ret_val = pthread_mutex_unlock(&svc->mut))
               ^
       (                                        )
svc.c:683:16: note: use '==' to turn this assignment into an equality comparison
    if(ret_val = pthread_mutex_unlock(&svc->mut))
               ^
               ==
svc.c:700:16: warning: using the result of an assignment as a condition without parentheses [-Wparentheses]
    if(ret_val = pthread_mutex_lock(&svc->mut))
       ~~~~~~~~^~~~~~~~~~~~~~~~~~~~~~~~~~~~~~~
svc.c:700:16: note: place parentheses around the assignment to silence this warning
    if(ret_val = pthread_mutex_lock(&svc->mut))
               ^
       (                                      )
svc.c:700:16: note: use '==' to turn this assignment into an equality comparison
    if(ret_val = pthread_mutex_lock(&svc->mut))
               ^
               ==
svc.c:705:16: warning: using the result of an assignment as a condition without parentheses [-Wparentheses]
    if(ret_val = pthread_mutex_unlock(&svc->mut))
       ~~~~~~~~^~~~~~~~~~~~~~~~~~~~~~~~~~~~~~~~~
svc.c:705:16: note: place parentheses around the assignment to silence this warning
    if(ret_val = pthread_mutex_unlock(&svc->mut))
               ^
       (                                        )
svc.c:705:16: note: use '==' to turn this assignment into an equality comparison
    if(ret_val = pthread_mutex_unlock(&svc->mut))
               ^
               ==
svc.c:723:16: warning: using the result of an assignment as a condition without parentheses [-Wparentheses]
    if(ret_val = pthread_mutex_lock(&svc->mut))
       ~~~~~~~~^~~~~~~~~~~~~~~~~~~~~~~~~~~~~~~
svc.c:723:16: note: place parentheses around the assignment to silence this warning
    if(ret_val = pthread_mutex_lock(&svc->mut))
               ^
       (                                      )
svc.c:723:16: note: use '==' to turn this assignment into an equality comparison
    if(ret_val = pthread_mutex_lock(&svc->mut))
               ^
               ==
svc.c:752:16: warning: using the result of an assignment as a condition without parentheses [-Wparentheses]
    if(ret_val = pthread_mutex_unlock(&svc->mut))
       ~~~~~~~~^~~~~~~~~~~~~~~~~~~~~~~~~~~~~~~~~
svc.c:752:16: note: place parentheses around the assignment to silence this warning
    if(ret_val = pthread_mutex_unlock(&svc->mut))
               ^
       (                                        )
svc.c:752:16: note: use '==' to turn this assignment into an equality comparison
    if(ret_val = pthread_mutex_unlock(&svc->mut))
               ^
               ==
svc.c:1142:24: warning: using the result of an assignment as a condition without parentheses [-Wparentheses]
            if(ret_val = pthread_mutex_lock(&svc->mut))
               ~~~~~~~~^~~~~~~~~~~~~~~~~~~~~~~~~~~~~~~
svc.c:1142:24: note: place parentheses around the assignment to silence this warning
            if(ret_val = pthread_mutex_lock(&svc->mut))
                       ^
               (                                      )
svc.c:1142:24: note: use '==' to turn this assignment into an equality comparison
            if(ret_val = pthread_mutex_lock(&svc->mut))
                       ^
                       ==
svc.c:1154:24: warning: using the result of an assignment as a condition without parentheses [-Wparentheses]
            if(ret_val = pthread_mutex_unlock(&svc->mut))
               ~~~~~~~~^~~~~~~~~~~~~~~~~~~~~~~~~~~~~~~~~
svc.c:1154:24: note: place parentheses around the assignment to silence this warning
            if(ret_val = pthread_mutex_unlock(&svc->mut))
                       ^
               (                                        )
svc.c:1154:24: note: use '==' to turn this assignment into an equality comparison
            if(ret_val = pthread_mutex_unlock(&svc->mut))
                       ^
                       ==
svc.c:1211:24: warning: using the result of an assignment as a condition without parentheses [-Wparentheses]
            if(ret_val = pthread_mutex_lock(&svc->mut))
               ~~~~~~~~^~~~~~~~~~~~~~~~~~~~~~~~~~~~~~~
svc.c:1211:24: note: place parentheses around the assignment to silence this warning
            if(ret_val = pthread_mutex_lock(&svc->mut))
                       ^
               (                                      )
svc.c:1211:24: note: use '==' to turn this assignment into an equality comparison
            if(ret_val = pthread_mutex_lock(&svc->mut))
                       ^
                       ==
svc.c:1223:24: warning: using the result of an assignment as a condition without parentheses [-Wparentheses]
            if(ret_val = pthread_mutex_unlock(&svc->mut))
               ~~~~~~~~^~~~~~~~~~~~~~~~~~~~~~~~~~~~~~~~~
svc.c:1223:24: note: place parentheses around the assignment to silence this warning
            if(ret_val = pthread_mutex_unlock(&svc->mut))
                       ^
               (                                        )
svc.c:1223:24: note: use '==' to turn this assignment into an equality comparison
            if(ret_val = pthread_mutex_unlock(&svc->mut))
                       ^
                       ==
svc.c:1249:24: warning: using the result of an assignment as a condition without parentheses [-Wparentheses]
            if(ret_val = pthread_mutex_lock(&svc->mut)) {
               ~~~~~~~~^~~~~~~~~~~~~~~~~~~~~~~~~~~~~~~
svc.c:1249:24: note: place parentheses around the assignment to silence this warning
            if(ret_val = pthread_mutex_lock(&svc->mut)) {
                       ^
               (                                      )
svc.c:1249:24: note: use '==' to turn this assignment into an equality comparison
            if(ret_val = pthread_mutex_lock(&svc->mut)) {
                       ^
                       ==
svc.c:1254:24: warning: using the result of an assignment as a condition without parentheses [-Wparentheses]
            if(ret_val = pthread_mutex_unlock(&svc->mut))
               ~~~~~~~~^~~~~~~~~~~~~~~~~~~~~~~~~~~~~~~~~
svc.c:1254:24: note: place parentheses around the assignment to silence this warning
            if(ret_val = pthread_mutex_unlock(&svc->mut))
                       ^
               (                                        )
svc.c:1254:24: note: use '==' to turn this assignment into an equality comparison
            if(ret_val = pthread_mutex_unlock(&svc->mut))
                       ^
                       ==
svc.c:1260:24: warning: using the result of an assignment as a condition without parentheses [-Wparentheses]
            if(ret_val = pthread_mutex_lock(&svc->mut)) {
               ~~~~~~~~^~~~~~~~~~~~~~~~~~~~~~~~~~~~~~~
svc.c:1260:24: note: place parentheses around the assignment to silence this warning
            if(ret_val = pthread_mutex_lock(&svc->mut)) {
                       ^
               (                                      )
svc.c:1260:24: note: use '==' to turn this assignment into an equality comparison
            if(ret_val = pthread_mutex_lock(&svc->mut)) {
                       ^
                       ==
svc.c:1265:24: warning: using the result of an assignment as a condition without parentheses [-Wparentheses]
            if(ret_val = pthread_mutex_unlock(&svc->mut))
               ~~~~~~~~^~~~~~~~~~~~~~~~~~~~~~~~~~~~~~~~~
svc.c:1265:24: note: place parentheses around the assignment to silence this warning
            if(ret_val = pthread_mutex_unlock(&svc->mut))
                       ^
               (                                        )
svc.c:1265:24: note: use '==' to turn this assignment into an equality comparison
            if(ret_val = pthread_mutex_unlock(&svc->mut))
                       ^
                       ==
svc.c:1285:16: warning: using the result of an assignment as a condition without parentheses [-Wparentheses]
    if(ret_val = pthread_mutex_lock(&RSA_mut))
       ~~~~~~~~^~~~~~~~~~~~~~~~~~~~~~~~~~~~~~
svc.c:1285:16: note: place parentheses around the assignment to silence this warning
    if(ret_val = pthread_mutex_lock(&RSA_mut))
               ^
       (                                     )
svc.c:1285:16: note: use '==' to turn this assignment into an equality comparison
    if(ret_val = pthread_mutex_lock(&RSA_mut))
               ^
               ==
svc.c:1288:16: warning: using the result of an assignment as a condition without parentheses [-Wparentheses]
    if(ret_val = pthread_mutex_unlock(&RSA_mut))
       ~~~~~~~~^~~~~~~~~~~~~~~~~~~~~~~~~~~~~~~~
svc.c:1288:16: note: place parentheses around the assignment to silence this warning
    if(ret_val = pthread_mutex_unlock(&RSA_mut))
               ^
       (                                       )
svc.c:1288:16: note: use '==' to turn this assignment into an equality comparison
    if(ret_val = pthread_mutex_unlock(&RSA_mut))
               ^
               ==
svc.c:1334:16: warning: using the result of an assignment as a condition without parentheses [-Wparentheses]
    if(ret_val = pthread_mutex_lock(&RSA_mut))
       ~~~~~~~~^~~~~~~~~~~~~~~~~~~~~~~~~~~~~~
svc.c:1334:16: note: place parentheses around the assignment to silence this warning
    if(ret_val = pthread_mutex_lock(&RSA_mut))
               ^
       (                                     )
svc.c:1334:16: note: use '==' to turn this assignment into an equality comparison
    if(ret_val = pthread_mutex_lock(&RSA_mut))
               ^
               ==
svc.c:1342:16: warning: using the result of an assignment as a condition without parentheses [-Wparentheses]
    if(ret_val = pthread_mutex_unlock(&RSA_mut))
       ~~~~~~~~^~~~~~~~~~~~~~~~~~~~~~~~~~~~~~~~
svc.c:1342:16: note: place parentheses around the assignment to silence this warning
    if(ret_val = pthread_mutex_unlock(&RSA_mut))
               ^
       (                                       )
svc.c:1342:16: note: use '==' to turn this assignment into an equality comparison
    if(ret_val = pthread_mutex_unlock(&RSA_mut))
               ^
               ==
svc.c:1648:30: warning: using the result of an assignment as a condition without parentheses [-Wparentheses]
                    if(dummy = pthread_mutex_lock(&svc->mut))
                       ~~~~~~^~~~~~~~~~~~~~~~~~~~~~~~~~~~~~~
svc.c:1648:30: note: place parentheses around the assignment to silence this warning
                    if(dummy = pthread_mutex_lock(&svc->mut))
                             ^
                       (                                    )
svc.c:1648:30: note: use '==' to turn this assignment into an equality comparison
                    if(dummy = pthread_mutex_lock(&svc->mut))
                             ^
                             ==
svc.c:1652:34: warning: using the result of an assignment as a condition without parentheses [-Wparentheses]
                        if(dummy = pthread_mutex_unlock(&svc->mut))
                           ~~~~~~^~~~~~~~~~~~~~~~~~~~~~~~~~~~~~~~~
svc.c:1652:34: note: place parentheses around the assignment to silence this warning
                        if(dummy = pthread_mutex_unlock(&svc->mut))
                                 ^
                           (                                      )
svc.c:1652:34: note: use '==' to turn this assignment into an equality comparison
                        if(dummy = pthread_mutex_unlock(&svc->mut))
                                 ^
                                 ==
svc.c:1669:26: warning: using the result of an assignment as a condition without parentheses [-Wparentheses]
                if(dummy = pthread_mutex_lock(&svc->mut))
                   ~~~~~~^~~~~~~~~~~~~~~~~~~~~~~~~~~~~~~
svc.c:1669:26: note: place parentheses around the assignment to silence this warning
                if(dummy = pthread_mutex_lock(&svc->mut))
                         ^
                   (                                    )
svc.c:1669:26: note: use '==' to turn this assignment into an equality comparison
                if(dummy = pthread_mutex_lock(&svc->mut))
                         ^
                         ==
svc.c:1673:30: warning: using the result of an assignment as a condition without parentheses [-Wparentheses]
                    if(dummy = pthread_mutex_unlock(&svc->mut))
                       ~~~~~~^~~~~~~~~~~~~~~~~~~~~~~~~~~~~~~~~
svc.c:1673:30: note: place parentheses around the assignment to silence this warning
                    if(dummy = pthread_mutex_unlock(&svc->mut))
                             ^
                       (                                      )
svc.c:1673:30: note: use '==' to turn this assignment into an equality comparison
                    if(dummy = pthread_mutex_unlock(&svc->mut))
                             ^
                             ==
svc.c:1733:24: warning: using the result of an assignment as a condition without parentheses [-Wparentheses]
            if(ret_val = pthread_mutex_lock(&svc->mut))
               ~~~~~~~~^~~~~~~~~~~~~~~~~~~~~~~~~~~~~~~
svc.c:1733:24: note: place parentheses around the assignment to silence this warning
            if(ret_val = pthread_mutex_lock(&svc->mut))
                       ^
               (                                      )
svc.c:1733:24: note: use '==' to turn this assignment into an equality comparison
            if(ret_val = pthread_mutex_lock(&svc->mut))
                       ^
                       ==
svc.c:1736:24: warning: using the result of an assignment as a condition without parentheses [-Wparentheses]
            if(ret_val = pthread_mutex_unlock(&svc->mut))
               ~~~~~~~~^~~~~~~~~~~~~~~~~~~~~~~~~~~~~~~~~
svc.c:1736:24: note: place parentheses around the assignment to silence this warning
            if(ret_val = pthread_mutex_unlock(&svc->mut))
                       ^
               (                                        )
svc.c:1736:24: note: use '==' to turn this assignment into an equality comparison
            if(ret_val = pthread_mutex_unlock(&svc->mut))
                       ^
                       ==
svc.c:1744:24: warning: using the result of an assignment as a condition without parentheses [-Wparentheses]
            if(ret_val = pthread_mutex_lock(&svc->mut))
               ~~~~~~~~^~~~~~~~~~~~~~~~~~~~~~~~~~~~~~~
svc.c:1744:24: note: place parentheses around the assignment to silence this warning
            if(ret_val = pthread_mutex_lock(&svc->mut))
                       ^
               (                                      )
svc.c:1744:24: note: use '==' to turn this assignment into an equality comparison
            if(ret_val = pthread_mutex_lock(&svc->mut))
                       ^
                       ==
svc.c:1747:24: warning: using the result of an assignment as a condition without parentheses [-Wparentheses]
            if(ret_val = pthread_mutex_unlock(&svc->mut))
               ~~~~~~~~^~~~~~~~~~~~~~~~~~~~~~~~~~~~~~~~~
svc.c:1747:24: note: place parentheses around the assignment to silence this warning
            if(ret_val = pthread_mutex_unlock(&svc->mut))
                       ^
               (                                        )
svc.c:1747:24: note: use '==' to turn this assignment into an equality comparison
            if(ret_val = pthread_mutex_unlock(&svc->mut))
                       ^
                       ==
26 warnings generated.
--- pound ---
cc   -fstack-protector-strong  -D_THREAD_SAFE -pthread -o pound pound.o http.o config.o svc.o -lpcreposix -lssl -lcrypto -ldl  -L/usr/local/lib -lm
===========================================================================
=======================<phase: run-depends    >============================
===== env: USE_PACKAGE_DEPENDS_ONLY=1 USER=root UID=0 GID=0
===========================================================================
=======================<phase: stage          >============================
===== env: NO_DEPENDS=yes USER=nobody UID=65534 GID=65534
===>  Staging for pound-2.8
===>   Generating temporary packing list
/usr/bin/install -c -d /wrkdirs/usr/ports/www/pound/work/stage/usr/local/sbin
/usr/bin/install -c -p -m 755 pound /wrkdirs/usr/ports/www/pound/work/stage/usr/local/sbin/pound
/usr/bin/install -c -p -m 755 poundctl /wrkdirs/usr/ports/www/pound/work/stage/usr/local/sbin/poundctl
/usr/bin/install -c -d /wrkdirs/usr/ports/www/pound/work/stage/usr/local/man/man8
/usr/bin/install -c -p -m 644 pound.8 /wrkdirs/usr/ports/www/pound/work/stage/usr/local/man/man8/pound.8
/usr/bin/install -c -p -m 644 poundctl.8 /wrkdirs/usr/ports/www/pound/work/stage/usr/local/man/man8/poundctl.8
install  -m 0644 /wrkdirs/usr/ports/www/pound/work/pound.cfg  /wrkdirs/usr/ports/www/pound/work/stage/usr/local/etc/pound.cfg.sample
====> Compressing man pages (compress-man)
===> Staging rc.d startup script(s)
===========================================================================
=======================<phase: package        >============================
===== env: 'PKG_NOTES=build_timestamp ports_top_git_hash ports_top_checkout_unclean port_git_hash port_checkout_unclean built_by' 'PKG_NOTE_build_timestamp=2021-10-18T20:45:58+0000' 'PKG_NOTE_ports_top_git_hash=af67f424b' 'PKG_NOTE_ports_top_checkout_unclean=no' 'PKG_NOTE_port_git_hash=af67f424b' 'PKG_NOTE_port_checkout_unclean=no' 'PKG_NOTE_built_by=poudriere-git-3.3.0-1019-gef452659' NO_DEPENDS=yes USER=nobody UID=65534 GID=65534
===>  Building package for pound-2.8
install -l rs /.npkg/All/pound-2.8.pkg /.npkg/All/pound-2.8.txz
===========================================================================
=>> Cleaning up wrkdir
===>  Cleaning for pound-2.8
build of www/pound | pound-2.8 ended at Mon Oct 18 23:46:43 EAT 2021
build time: 00:00:45
