=>> Building sysutils/screen
build started at Mon Oct 18 23:41:06 EAT 2021
port directory: /usr/ports/sysutils/screen
package name: screen-4.8.0_3
building for: FreeBSD Cygate_v2_5_0_amd64-Cygate_devel-job-02 12.3-PRERELEASE FreeBSD 12.3-PRERELEASE 1202508 amd64
maintained by: cy@FreeBSD.org
Makefile datestamp: -rw-r--r--  1 root  wheel  3245 Oct 18 18:59 /usr/ports/sysutils/screen/Makefile
Ports top last git commit: af67f424b
Ports top unclean checkout: no
Port dir last git commit: af67f424b
Port dir unclean checkout: no
Poudriere version: poudriere-git-3.3.0-1019-gef452659
Host OSVERSION: 1202000
Jail OSVERSION: 1202508
Job Id: 02




!!! Jail is newer than host. (Jail: 1202508, Host: 1202000) !!!
!!! This is not supported. !!!
!!! Host kernel must be same or newer than jail. !!!
!!! Expect build failures. !!!



---Begin Environment---
SHELL=/bin/csh
OSVERSION=1202508
UNAME_v=FreeBSD 12.3-PRERELEASE 1202508
UNAME_r=12.3-PRERELEASE
BLOCKSIZE=K
MAIL=/var/mail/root
STATUS=1
HOME=/root
PATH=/sbin:/bin:/usr/sbin:/usr/bin:/usr/local/sbin:/usr/local/bin:/root/bin
LOCALBASE=/usr/local
USER=root
POUDRIERE_NAME=poudriere-git
LIBEXECPREFIX=/usr/local/libexec/poudriere
POUDRIERE_VERSION=3.3.0-1019-gef452659
MASTERMNT=/usr/local/poudriere/data/.m/Cygate_v2_5_0_amd64-Cygate_devel/ref
LC_COLLATE=C
POUDRIERE_BUILD_TYPE=bulk
PACKAGE_BUILDING=yes
SAVED_TERM=xterm-256color
GID=0
OUTPUT_REDIRECTED_STDERR=4
OUTPUT_REDIRECTED=1
UID=0
PWD=/usr/local/poudriere/data/.m/Cygate_v2_5_0_amd64-Cygate_devel/02/.p
OUTPUT_REDIRECTED_STDOUT=3
P_PORTS_FEATURES=FLAVORS SELECTED_OPTIONS
MASTERNAME=Cygate_v2_5_0_amd64-Cygate_devel
SCRIPTPREFIX=/usr/local/share/poudriere
SCRIPTNAME=bulk.sh
OLDPWD=/usr/local/poudriere/data/.m/Cygate_v2_5_0_amd64-Cygate_devel/ref/.p/pool
POUDRIERE_PKGNAME=poudriere-git-3.3.0-1019-gef452659
SCRIPTPATH=/usr/local/share/poudriere/bulk.sh
POUDRIEREPATH=/usr/local/bin/poudriere
---End Environment---

---Begin Poudriere Port Flags/Env---
PORT_FLAGS=
PKGENV=
FLAVOR=
DEPENDS_ARGS=
MAKE_ARGS=
---End Poudriere Port Flags/Env---

---Begin OPTIONS List---
===> The following configuration options are available for screen-4.8.0_3:
     INFO=off: Build and/or install GNU info pages
     NETHACK=on: Enable nethack-style messages
     SHOWENC=off: Show encoding on the status line
     SYSTEM_SCREENRC=on: Install system screenrc with helpful status line
     XTERM_256=on: Enable support for 256 colour xterm
====> Options available for the single IPC: you have to select exactly one of them
     SOCKETS=on: Use new (4.2.1+) sockets for IPC (default)
     NAMED_PIPES=off: Use legacy (4.0.3) named pipes for IPC (override)
====> Console (text) interface support: you have to select exactly one of them
     NCURSES_DEFAULT=on: Depend on ncurses (ports if installed, otherwise base)
     NCURSES_BASE=off: Depend on ncurses in base
     NCURSES_PORT=off: Depend on devel/ncurses in ports
===> Use 'make config' to modify these settings
---End OPTIONS List---

--MAINTAINER--
cy@FreeBSD.org
--End MAINTAINER--

--CONFIGURE_ARGS--
--prefix=/usr/local ${_LATE_CONFIGURE_ARGS}
--End CONFIGURE_ARGS--

--CONFIGURE_ENV--
MAKE=gmake XDG_DATA_HOME=/wrkdirs/usr/ports/sysutils/screen/work  XDG_CONFIG_HOME=/wrkdirs/usr/ports/sysutils/screen/work  XDG_CACHE_HOME=/wrkdirs/usr/ports/sysutils/screen/work/.cache  HOME=/wrkdirs/usr/ports/sysutils/screen/work TMPDIR="/tmp" PATH=/wrkdirs/usr/ports/sysutils/screen/work/.bin:/sbin:/bin:/usr/sbin:/usr/bin:/usr/local/sbin:/usr/local/bin:/root/bin SHELL=/bin/sh CONFIG_SHELL=/bin/sh CONFIG_SITE=/usr/ports/Templates/config.site lt_cv_sys_max_cmd_len=524288
--End CONFIGURE_ENV--

--MAKE_ENV--
XDG_DATA_HOME=/wrkdirs/usr/ports/sysutils/screen/work  XDG_CONFIG_HOME=/wrkdirs/usr/ports/sysutils/screen/work  XDG_CACHE_HOME=/wrkdirs/usr/ports/sysutils/screen/work/.cache  HOME=/wrkdirs/usr/ports/sysutils/screen/work TMPDIR="/tmp" PATH=/wrkdirs/usr/ports/sysutils/screen/work/.bin:/sbin:/bin:/usr/sbin:/usr/bin:/usr/local/sbin:/usr/local/bin:/root/bin NO_PIE=yes MK_DEBUG_FILES=no MK_KERNEL_SYMBOLS=no SHELL=/bin/sh NO_LINT=YES PREFIX=/usr/local  LOCALBASE=/usr/local  CC="cc" CFLAGS="-O2 -pipe  -I/usr/include -DCOLORS256 -fstack-protector-strong -fno-strict-aliasing "  CPP="cpp" CPPFLAGS=""  LDFLAGS=" -L/usr/lib -fstack-protector-strong " LIBS=""  CXX="c++" CXXFLAGS="-O2 -pipe -I/usr/include -DCOLORS256 -fstack-protector-strong -fno-strict-aliasing  "  MANPREFIX="/usr/local" BSD_INSTALL_PROGRAM="install  -s -m 555"  BSD_INSTALL_LIB="install  -s -m 0644"  BSD_INSTALL_SCRIPT="install  -m 555"  BSD_INSTALL_DATA="install  -m 0644"  BSD_INSTALL_MAN="install  -m 444"
--End MAKE_ENV--

--PLIST_SUB--
 INFO="@comment " NO_INFO="" NAMED_PIPES="@comment " NO_NAMED_PIPES="" NCURSES_BASE="@comment " NO_NCURSES_BASE="" NCURSES_DEFAULT="" NO_NCURSES_DEFAULT="@comment " NCURSES_PORT="@comment " NO_NCURSES_PORT="" NETHACK="" NO_NETHACK="@comment " SHOWENC="@comment " NO_SHOWENC="" SOCKETS="" NO_SOCKETS="@comment " SYSTEM_SCREENRC="" NO_SYSTEM_SCREENRC="@comment " XTERM_256="" NO_XTERM_256="@comment " OSREL=12.3 PREFIX=%D LOCALBASE=/usr/local  RESETPREFIX=/usr/local LIB32DIR=lib DOCSDIR="share/doc/screen"  EXAMPLESDIR="share/examples/screen"  DATADIR="share/screen"  WWWDIR="www/screen"  ETCDIR="etc"
--End PLIST_SUB--

--SUB_LIST--
 INFO="@comment " NO_INFO="" NAMED_PIPES="@comment " NO_NAMED_PIPES="" NCURSES_BASE="@comment " NO_NCURSES_BASE="" NCURSES_DEFAULT="" NO_NCURSES_DEFAULT="@comment " NCURSES_PORT="@comment " NO_NCURSES_PORT="" NETHACK="" NO_NETHACK="@comment " SHOWENC="@comment " NO_SHOWENC="" SOCKETS="" NO_SOCKETS="@comment " SYSTEM_SCREENRC="" NO_SYSTEM_SCREENRC="@comment " XTERM_256="" NO_XTERM_256="@comment " PREFIX=/usr/local LOCALBASE=/usr/local  DATADIR=/usr/local/share/screen DOCSDIR=/usr/local/share/doc/screen EXAMPLESDIR=/usr/local/share/examples/screen  WWWDIR=/usr/local/www/screen ETCDIR=/usr/local/etc
--End SUB_LIST--

---Begin make.conf---
USE_PACKAGE_DEPENDS=yes
BATCH=yes
WRKDIRPREFIX=/wrkdirs
PORTSDIR=/usr/ports
PACKAGES=/packages
DISTDIR=/distfiles
FORCE_PACKAGE=yes
PACKAGE_BUILDING=yes
PACKAGE_BUILDING_FLAVORS=yes
#### /usr/local/etc/poudriere.d/Cygate_devel-make.conf ####
ALLOW_UNSUPPORTED_SYSTEM=yes

# Define pfSense repos
PFSENSE_REPOS=	Cygate-repo Cygate-repo-devel Cygate-repo-245

# Used by pfSense-upgrade port to set pkg_set_version
PFSENSE_PKG_SET_VERSION=	2.6.0-DEVELOPMENT

# Generic options
OPTIONS_UNSET_FORCE=	DOCS DOXYGEN EXAMPLES INFO MAN MANPAGES X11

# Individual ports options
.if ${.CURDIR:N*net/quagga*}=="" || ${.CURDIR:N*net/frr*}==""
CUR_ARCH!=	/usr/bin/uname -p
. if ${CUR_ARCH} == "armv7"
WITH_DEBUG=yes
. endif
.endif

.if ${.CURDIR:N*net/frr*}==""
ETCDIR=	/var/etc/frr
.endif

DEFAULT_VERSIONS=	php=74 ssl=base
PHP_FD_SETSIZE=		3172

. if ${.CURDIR:N*sysutils/check_reload_status*}==""
WITH_DEBUG=	yes
. endif

# Options for packages

# databases
databases_rrdtool_UNSET_FORCE=	PYTHON_MODULE RUBY_MODULE PERL_MODULE DEJAVU GRAPH

# devel
devel_git_UNSET_FORCE=CVS GITWEB GUI HTMLDOCS P4 SVN CONTRIB PERL ETCSHELLS

# dns
dns_dnsmasq_UNSET_FORCE=	DNSSEC

dns_unbound_SET_FORCE=	LIBEVENT PYTHON
dns_unbound112_SET_FORCE=	LIBEVENT PYTHON

dns_bind916_SET_FORCE=DLZ_FILESYSTEM FILTER_AAAA IPV6 LINKS RRL SIGCHASE SSL THREADS GSSAPI_NONE
dns_bind916_UNSET_FORCE=FIXED_RRSET IDN LARGE_FILE LMDB

# emulators
emulators_open-vm-tools_UNSET_FORCE=DOCS FUSE LIBNOTIFY X11

# graphics
graphics_cairo_UNSET_FORCE=X11 XCB OPENGL

graphics_gd_SET_FORCE=ICONV
graphics_gd_UNSET_FORCE=FONTCONFIG XPM

graphics_graphviz_SET_FORCE=ICONV NLS
graphics_graphviz_UNSET_FORCE=DIGCOLA IPSEPCOLA PANGOCAIRO XPM

# lang
lang_gcc_UNSET_FORCE=JAVA

# mail
mail_pear-Mail_SET_FORCE=	PEAR_NET_SMTP

# net
net_freeradius3_SET_FORCE=EXPERIMENTAL HEIMDAL LDAP MYSQL PERL PGSQL PYTHON SQLITE3

net_frr7_SET_FORCE=SNMP

net_haproxy18_SET_FORCE=OPENSSL SPCRE LUA
net_haproxy18_UNSET_FORCE=DPCRE

net_haproxy_SET_FORCE=OPENSSL SPCRE LUA PROMEX
net_haproxy_UNSET_FORCE=DPCRE

net_haproxy-devel_SET_FORCE=OPENSSL SPCRE LUA
net_haproxy-devel_UNSET_FORCE=DPCRE

net_libpcap_SET_FORCE=IPV6
net_libpcap_UNSET_FORCE=DAG

net_miniupnpd_SET_FORCE=	PF_FILTER_RULES IPV6 CHECK_PORTINUSE

net_mtr_UNSET_FORCE=X11

net_nss_ldap_UNSET_FORCE=SASL KERBEROS

net_ntp_UNSET_FORCE=	PERL_UTILS

# net-mgmt
net-mgmt_net-snmp_SET_FORCE=IPV6 MFD_REWRITES TLS
net-mgmt_net-snmp_UNSET_FORCE=AX_DISABLE_TRAP AX_SOCKONLY DOCS DUMMY JAIL MYSQL PYTHON SMUX TKMIB UNPRIVILEGED

net-mgmt_zabbix3-agent_SET_FORCE=IPV6

net-mgmt_zabbix3-proxy_SET_FORCE=IPMI IPV6 LIBXML2 SQLITE SSH
net-mgmt_zabbix3-proxy_UNSET_FORCE=MYSQL

net-mgmt_zabbix4-agent_SET_FORCE=IPV6

net-mgmt_zabbix4-proxy_SET_FORCE=IPMI IPV6 LIBXML2 SQLITE SSH
net-mgmt_zabbix4-proxy_UNSET_FORCE=MYSQL

net-mgmt_zabbix44-agent_SET_FORCE=IPV6

net-mgmt_zabbix44-proxy_SET_FORCE=IPMI IPV6 LIBXML2 SQLITE SSH
net-mgmt_zabbix44-proxy_UNSET_FORCE=MYSQL

net-mgmt_zabbix5-agent_SET_FORCE=IPV6

net-mgmt_zabbix5-proxy_SET_FORCE=IPMI IPV6 LIBXML2 SQLITE SSH
net-mgmt_zabbix5-proxy_UNSET_FORCE=MYSQL

net-mgmt_zabbix52-agent_SET_FORCE=IPV6

net-mgmt_zabbix52-proxy_SET_FORCE=IPMI IPV6 LIBXML2 SQLITE SSH
net-mgmt_zabbix52-proxy_UNSET_FORCE=MYSQL

net-mgmt_zabbix54-agent_SET_FORCE=IPV6

net-mgmt_zabbix54-proxy_SET_FORCE=IPMI IPV6 LIBXML2 SQLITE SSH
net-mgmt_zabbix54-proxy_UNSET_FORCE=MYSQL

# security
security_ca_root_nss_SET_FORCE=	ETCSYMLINK

security_opensc_SET_FORCE=	PCSC
security_opensc_UNSET_FORCE=	DOCS MANPAGES

security_openvpn_SET_FORCE=	X509ALTUSERNAME ASYNC_PUSH
security_openvpn_UNSET_FORCE=	EASYRSA

shells_scponly_SET_FORCE=CHROOT SCP WILDCARDS WINSCP
shells_scponly_UNSET_FORCE=DEFAULT_CHDIR DOCS GFTP RSYNC SVN SVNSERVE UNISON

security_sudo_SET_FORCE=LDAP

security_snort_SET_FORCE=APPID COREDUMPS GRE IPV6 NORMALIZER PERFPROFILE SOURCEFIRE
security_snort_UNSET_FORCE=BARNYARD FILEINSPECT HA PULLEDPORK

.if ${.CURDIR:N*security/snort3*}==""
CUR_ARCH!=  /usr/bin/uname -p
.if ${CUR_ARCH} == "armv7" || ${CUR_ARCH} == "aarch64"
security_snort3_SET_FORCE=LARGEPCAP STATICDAQ
security_snort3_UNSET_FORCE=HYPERSCAN TSC
else
security_snort3_SET_FORCE=LARGEPCAP STATICDAQ HYPERSCAN
.endif
.endif

security_strongswan_SET_FORCE=	CURL EAPDYNAMIC EAPRADIUS EAPSIMFILE \
			IKEv1 UNBOUND XAUTH IPSECKEY PKCS11 PKI UNITY VICI VSTR SWANCTL
security_strongswan_UNSET_FORCE=	EAPAKA3GPP2 BUILTIN LIBC SMP

security_suricata_SET_FORCE=GEOIP HTP_PORT IPFW JSON LUAJIT NSS PORTS_PCAP NETMAP HYPERSCAN REDIS
security_suricata4_SET_FORCE=GEOIP HTP_PORT IPFW JSON LUAJIT NSS PORTS_PCAP NETMAP HYPERSCAN REDIS
.if ${.CURDIR:N*security/suricata*}==""
CUR_ARCH!=	/usr/bin/uname -p
NATIVE_BUILD!=	/sbin/sysctl -qn kern.supported_archs | grep -q ${CUR_ARCH} && echo yes || /usr/bin/true
.if ${NATIVE_BUILD} != "yes"
security_suricata_UNSET_FORCE=LUA PRELUDE SC TESTS RUST
security_suricata4_UNSET_FORCE=LUA PRELUDE SC TESTS RUST
.else
security_suricata_UNSET_FORCE=LUA PRELUDE SC TESTS
security_suricata4_UNSET_FORCE=LUA PRELUDE SC TESTS
.endif
.endif

security_xinetd_UNSET_FORCE=	XCONV

# sysutils
sysutils_apcupsd_SET_FORCE=APCDUMB_DRV APCSMART_DRV PCNET_DRV SNMP_DRV TCP_WRAPPERS USB
sysutils_apcupsd_UNSET_FORCE=CGI CLIENT_ONLY GAPCMON SNMP_DRV_OLD TEST_DRV

sysutils_flashrom_UNSET_FORCE=	FTDI BUSPIRATE

sysutils_pftop_SET_FORCE=ALTQ

sysutils_syslog-ng_SET_FORCE=	SYS_SSL
sysutils_syslog-ng_UNSET_FORCE=	PORTS_SSL

# www
www_c-icap_SET_FORCE=LARGE_FILES
www_c-icap_UNSET_FORCE=IPV6

www_lightsquid_SET_FORCE=GD

www_lighttpd_SET_FORCE=	NODELAY

www_nginx_SET_FORCE=	LUA

www_squid_SET_FORCE=ARP_ACL AUTH_LDAP AUTH_NIS AUTH_SASL CACHE_DIGESTS DELAY_POOLS FOLLOW_XFF FS_AUFS FS_DISKD GSSAPI_MIT HTCP ICAP ICMP IDENT IPV6 KQUEUE LARGEFILE LAX_HTTP SNMP SSL SSL_CRTD TP_PF WCCP WCCPV2
www_squid_UNSET_FORCE=AUTH_SMB AUTH_SQL DEBUG DNS_HELPER ECAP ESI FS_ROCK GSSAPI_NONE GSSAPI_BASE GSSAPI_HEIMDAL STACKTRACES TP_IPF TP_IPFW VIA_DB

www_squidguard_SET_FORCE=DNS_BL LDAP STRIP_NTDOMAIN
www_squidguard_UNSET_FORCE=QUOTE_STRING

www_e2guardian_SET_FORCE=ICAP NTLM SSL_MITM

PKG_REPO_BRANCH_DEVEL=v2_5_0
PKG_REPO_BRANCH_RELEASE=v2_5_2
PKG_REPO_SERVER_DEVEL=pkg+http://10.42.0.2/packages
PKG_REPO_SERVER_RELEASE=pkg+http://10.42.0.2/packages
POUDRIERE_PORTS_NAME=Cygate_devel
PFSENSE_DEFAULT_REPO=Cygate-repo-devel
PRODUCT_NAME=Cygate
REPO_BRANCH_PREFIX=
#### Misc Poudriere ####
.include "/etc/make.conf.ports_env"
---End make.conf---
--Resource limits--
cpu time               (seconds, -t)  unlimited
file size           (512-blocks, -f)  unlimited
data seg size           (kbytes, -d)  33554432
stack size              (kbytes, -s)  524288
core file size      (512-blocks, -c)  unlimited
max memory size         (kbytes, -m)  unlimited
locked memory           (kbytes, -l)  unlimited
max user processes              (-u)  19414
open files                      (-n)  9000
virtual mem size        (kbytes, -v)  8388608
swap limit              (kbytes, -w)  unlimited
socket buffer size       (bytes, -b)  unlimited
pseudo-terminals                (-p)  unlimited
kqueues                         (-k)  unlimited
umtx shared locks               (-o)  unlimited
--End resource limits--
=======================<phase: check-sanity   >============================
===== env: NO_DEPENDS=yes USER=nobody UID=65534 GID=65534
===>  License GPLv3 accepted by the user
===========================================================================
=======================<phase: pkg-depends    >============================
===== env: USE_PACKAGE_DEPENDS_ONLY=1 USER=root UID=0 GID=0
===>   screen-4.8.0_3 depends on file: /usr/local/sbin/pkg - not found
===>   Installing existing package /packages/All/pkg-1.17.2.pkg
[Cygate_v2_5_0_amd64-Cygate_devel-job-02] Installing pkg-1.17.2...
[Cygate_v2_5_0_amd64-Cygate_devel-job-02] Extracting pkg-1.17.2: .......... done
===>   screen-4.8.0_3 depends on file: /usr/local/sbin/pkg - found
===>   Returning to build of screen-4.8.0_3
===========================================================================
=======================<phase: fetch-depends  >============================
===== env: USE_PACKAGE_DEPENDS_ONLY=1 USER=root UID=0 GID=0
===========================================================================
=======================<phase: fetch          >============================
===== env: NO_DEPENDS=yes USER=root UID=0 GID=0
===>  License GPLv3 accepted by the user
===> Fetching all distfiles required by screen-4.8.0_3 for building
===========================================================================
=======================<phase: checksum       >============================
===== env: NO_DEPENDS=yes USER=root UID=0 GID=0
===>  License GPLv3 accepted by the user
===> Fetching all distfiles required by screen-4.8.0_3 for building
=> SHA256 Checksum OK for screen-4.8.0.tar.gz.
===========================================================================
=======================<phase: extract-depends>============================
===== env: USE_PACKAGE_DEPENDS_ONLY=1 USER=root UID=0 GID=0
===========================================================================
=======================<phase: extract        >============================
===== env: NO_DEPENDS=yes USER=nobody UID=65534 GID=65534
===>  License GPLv3 accepted by the user
===> Fetching all distfiles required by screen-4.8.0_3 for building
===>  Extracting for screen-4.8.0_3
=> SHA256 Checksum OK for screen-4.8.0.tar.gz.
===========================================================================
=======================<phase: patch-depends  >============================
===== env: USE_PACKAGE_DEPENDS_ONLY=1 USER=root UID=0 GID=0
===========================================================================
=======================<phase: patch          >============================
===== env: NO_DEPENDS=yes USER=nobody UID=65534 GID=65534
===>  Patching for screen-4.8.0_3
===>  Applying FreeBSD patches for screen-4.8.0_3 from /usr/ports/sysutils/screen/files
===========================================================================
=======================<phase: build-depends  >============================
===== env: USE_PACKAGE_DEPENDS_ONLY=1 USER=root UID=0 GID=0
===>   screen-4.8.0_3 depends on package: gmake>=4.3 - not found
===>   Installing existing package /packages/All/gmake-4.3_2.pkg
[Cygate_v2_5_0_amd64-Cygate_devel-job-02] Installing gmake-4.3_2...
[Cygate_v2_5_0_amd64-Cygate_devel-job-02] `-- Installing gettext-runtime-0.21...
[Cygate_v2_5_0_amd64-Cygate_devel-job-02] |   `-- Installing indexinfo-0.3.1...
[Cygate_v2_5_0_amd64-Cygate_devel-job-02] |   `-- Extracting indexinfo-0.3.1: .... done
[Cygate_v2_5_0_amd64-Cygate_devel-job-02] `-- Extracting gettext-runtime-0.21: .......... done
[Cygate_v2_5_0_amd64-Cygate_devel-job-02] Extracting gmake-4.3_2: .......... done
===>   screen-4.8.0_3 depends on package: gmake>=4.3 - found
===>   Returning to build of screen-4.8.0_3
===========================================================================
=======================<phase: lib-depends    >============================
===== env: USE_PACKAGE_DEPENDS_ONLY=1 USER=root UID=0 GID=0
===========================================================================
=======================<phase: configure      >============================
===== env: NO_DEPENDS=yes USER=nobody UID=65534 GID=65534
===>  Configuring for screen-4.8.0_3
configure: loading site script /usr/ports/Templates/config.site
this is screen version 4.8.0
checking for gcc... cc
checking whether the C compiler works... yes
checking for C compiler default output file name... a.out
checking for suffix of executables... 
checking whether we are cross compiling... no
checking for suffix of object files... o
checking whether we are using the GNU C compiler... yes
checking whether cc accepts -g... yes
checking for cc option to accept ISO C89... none needed
checking how to run the C preprocessor... cpp
checking for grep that handles long lines and -e... (cached) /usr/bin/grep
checking for egrep... (cached) /usr/bin/egrep
checking whether cc needs -traditional... no
checking for library containing strerror... none required
checking for ANSI C header files... (cached) yes
checking for sys/types.h... (cached) yes
checking for sys/stat.h... (cached) yes
checking for stdlib.h... (cached) yes
checking for string.h... (cached) yes
checking for memory.h... (cached) yes
checking for strings.h... (cached) yes
checking for inttypes.h... (cached) yes
checking for stdint.h... (cached) yes
checking for unistd.h... (cached) yes
checking for minix/config.h... (cached) no
checking whether it is safe to define __EXTENSIONS__... yes
checking for gawk... (cached) /usr/bin/awk
checking for a BSD-compatible install... /usr/bin/install -c
configure: checking for buggy tools...
checking if a system-wide socket dir should be used... yes
checking for the socket dir... (eff_uid ? "/tmp/uscreens" : "/tmp/screens")
configure: checking for MIPS...
configure: checking for Ultrix...
configure: checking for butterfly...
configure: checking for POSIX.1...
- you have a POSIX system
configure: checking for System V...
configure: checking for sequent/ptx...
configure: checking SVR4...
checking stropts.h usability... no
checking stropts.h presence... no
checking for stropts.h... no
checking for string.h... (cached) yes
checking for strings.h... (cached) yes
configure: checking for Solaris 2.x...
configure: checking BSD job jontrol...
- you have jobcontrol
configure: checking setresuid...
configure: checking setreuid...
configure: checking seteuid...
configure: checking execvpe...
configure: checking select...
configure: checking fifos...
- your fifos are usable
configure: checking for broken fifo implementation...
- your implementation is ok
configure: checking sockets...
- your sockets are usable
configure: checking socket implementation...
- you are normal
- select is ok
configure: checking for tgetent...
configure: checking libncursesw...
- you use the termcap database
configure: checking ospeed...
configure: checking for /dev/ptc...
configure: checking for SVR4 ptys...
checking for getpt... no
checking for openpty... no
checking for openpty in -lutil... yes
configure: checking for ptyranges...
configure: checking default tty permissions/group...
checking for write... /usr/bin/write
checking for xterm... no
- pty mode: 0620, group: 4
configure: checking getutent...
configure: checking ut_host...
checking utempter.h usability... yes
checking utempter.h presence... yes
checking for utempter.h... yes
configure: checking for libutil(s)...
configure: checking getloadavg...
assuming posix signal definition
configure: checking for crypt and sec libraries...
configure: checking crypt...
configure: checking IRIX sun library...
configure: checking syslog...
configure: checking wait union...
configure: checking for termio or termios...
configure: checking getspnam...
configure: checking getttyent...
configure: checking fdwalk...
configure: checking whether memcpy/memmove/bcopy handles overlapping arguments...
checking for long file names... (cached) yes
checking for vsprintf... yes
checking for dirent.h that defines DIR... yes
checking for library containing opendir... none required
checking for setenv... checking for nl_langinfo(CODESET)... yes
checking for library containing gethostname... none required
checking for rename... (cached) yes
checking for fchmod... (cached) yes
checking for fchown... (cached) yes
checking for strerror... (cached) yes
checking for lstat... (cached) yes
checking for _exit... yes
checking for utimes... (cached) yes
checking for vsnprintf... (cached) yes
checking for getcwd... (cached) yes
checking for setlocale... (cached) yes
checking for strftime... (cached) yes
checking for the global screenrc file... configure: creating ./config.status
config.status: creating Makefile
config.status: creating doc/Makefile
config.status: creating config.h
config.status: executing default commands

Now please check the pathnames in the Makefile and in the user
configuration section in config.h.
Then type 'make' to make screen. Good luck.

===========================================================================
=======================<phase: build          >============================
===== env: NO_DEPENDS=yes USER=nobody UID=65534 GID=65534
===>  Building for screen-4.8.0_3
gmake[1]: Entering directory '/wrkdirs/usr/ports/sysutils/screen/work/screen-4.8.0'
CPP="cpp -DETCSCREENRC='"/usr/local/etc/screenrc"' -DSCREENENCODINGS='"/usr/local/share/screen/utf8encodings"'" srcdir=. sh ./osdef.sh
AWK=/usr/bin/awk CC="cc -O2 -pipe  -I/usr/include -DCOLORS256 -fstack-protector-strong -fno-strict-aliasing " srcdir=. sh ./comm.sh
AWK=/usr/bin/awk srcdir=. sh ./term.sh
sh ./tty.sh tty.c
cc -c -I. -I.  -DETCSCREENRC='"/usr/local/etc/screenrc"' -DSCREENENCODINGS='"/usr/local/share/screen/utf8encodings"' -DHAVE_CONFIG_H -DGIT_REV=\"\" \
     -O2 -pipe  -I/usr/include -DCOLORS256 -fstack-protector-strong -fno-strict-aliasing  putenv.c
cc -c -I. -I.  -DETCSCREENRC='"/usr/local/etc/screenrc"' -DSCREENENCODINGS='"/usr/local/share/screen/utf8encodings"' -DHAVE_CONFIG_H -DGIT_REV=\"\" \
     -O2 -pipe  -I/usr/include -DCOLORS256 -fstack-protector-strong -fno-strict-aliasing  term.c
cc -c -I. -I.  -DETCSCREENRC='"/usr/local/etc/screenrc"' -DSCREENENCODINGS='"/usr/local/share/screen/utf8encodings"' -DHAVE_CONFIG_H -DGIT_REV=\"\" \
     -O2 -pipe  -I/usr/include -DCOLORS256 -fstack-protector-strong -fno-strict-aliasing  kmapdef.c
cc -c -I. -I.  -DETCSCREENRC='"/usr/local/etc/screenrc"' -DSCREENENCODINGS='"/usr/local/share/screen/utf8encodings"' -DHAVE_CONFIG_H -DGIT_REV=\"\" \
     -O2 -pipe  -I/usr/include -DCOLORS256 -fstack-protector-strong -fno-strict-aliasing  comm.c
cc -c -I. -I.  -DETCSCREENRC='"/usr/local/etc/screenrc"' -DSCREENENCODINGS='"/usr/local/share/screen/utf8encodings"' -DHAVE_CONFIG_H -DGIT_REV=\"\" \
     -O2 -pipe  -I/usr/include -DCOLORS256 -fstack-protector-strong -fno-strict-aliasing  screen.c
cc -c -I. -I.  -DETCSCREENRC='"/usr/local/etc/screenrc"' -DSCREENENCODINGS='"/usr/local/share/screen/utf8encodings"' -DHAVE_CONFIG_H -DGIT_REV=\"\" \
     -O2 -pipe  -I/usr/include -DCOLORS256 -fstack-protector-strong -fno-strict-aliasing  ansi.c
cc -c -I. -I.  -DETCSCREENRC='"/usr/local/etc/screenrc"' -DSCREENENCODINGS='"/usr/local/share/screen/utf8encodings"' -DHAVE_CONFIG_H -DGIT_REV=\"\" \
     -O2 -pipe  -I/usr/include -DCOLORS256 -fstack-protector-strong -fno-strict-aliasing  fileio.c
cc -c -I. -I.  -DETCSCREENRC='"/usr/local/etc/screenrc"' -DSCREENENCODINGS='"/usr/local/share/screen/utf8encodings"' -DHAVE_CONFIG_H -DGIT_REV=\"\" \
     -O2 -pipe  -I/usr/include -DCOLORS256 -fstack-protector-strong -fno-strict-aliasing  mark.c
cc -c -I. -I.  -DETCSCREENRC='"/usr/local/etc/screenrc"' -DSCREENENCODINGS='"/usr/local/share/screen/utf8encodings"' -DHAVE_CONFIG_H -DGIT_REV=\"\" \
     -O2 -pipe  -I/usr/include -DCOLORS256 -fstack-protector-strong -fno-strict-aliasing  misc.c
cc -c -I. -I.  -DETCSCREENRC='"/usr/local/etc/screenrc"' -DSCREENENCODINGS='"/usr/local/share/screen/utf8encodings"' -DHAVE_CONFIG_H -DGIT_REV=\"\" \
     -O2 -pipe  -I/usr/include -DCOLORS256 -fstack-protector-strong -fno-strict-aliasing  resize.c
cc -c -I. -I.  -DETCSCREENRC='"/usr/local/etc/screenrc"' -DSCREENENCODINGS='"/usr/local/share/screen/utf8encodings"' -DHAVE_CONFIG_H -DGIT_REV=\"\" \
     -O2 -pipe  -I/usr/include -DCOLORS256 -fstack-protector-strong -fno-strict-aliasing  socket.c
cc -c -I. -I.  -DETCSCREENRC='"/usr/local/etc/screenrc"' -DSCREENENCODINGS='"/usr/local/share/screen/utf8encodings"' -DHAVE_CONFIG_H -DGIT_REV=\"\" \
     -O2 -pipe  -I/usr/include -DCOLORS256 -fstack-protector-strong -fno-strict-aliasing  search.c
cc -c -I. -I.  -DETCSCREENRC='"/usr/local/etc/screenrc"' -DSCREENENCODINGS='"/usr/local/share/screen/utf8encodings"' -DHAVE_CONFIG_H -DGIT_REV=\"\" \
     -O2 -pipe  -I/usr/include -DCOLORS256 -fstack-protector-strong -fno-strict-aliasing  tty.c
cc -c -I. -I.  -DETCSCREENRC='"/usr/local/etc/screenrc"' -DSCREENENCODINGS='"/usr/local/share/screen/utf8encodings"' -DHAVE_CONFIG_H -DGIT_REV=\"\" \
     -O2 -pipe  -I/usr/include -DCOLORS256 -fstack-protector-strong -fno-strict-aliasing  window.c
cc -c -I. -I.  -DETCSCREENRC='"/usr/local/etc/screenrc"' -DSCREENENCODINGS='"/usr/local/share/screen/utf8encodings"' -DHAVE_CONFIG_H -DGIT_REV=\"\" \
     -O2 -pipe  -I/usr/include -DCOLORS256 -fstack-protector-strong -fno-strict-aliasing  utmp.c
cc -c -I. -I.  -DETCSCREENRC='"/usr/local/etc/screenrc"' -DSCREENENCODINGS='"/usr/local/share/screen/utf8encodings"' -DHAVE_CONFIG_H -DGIT_REV=\"\" \
     -O2 -pipe  -I/usr/include -DCOLORS256 -fstack-protector-strong -fno-strict-aliasing  loadav.c
loadav.c:391:27: warning: adding 'int' to a string does not append to the string [-Wstring-plus-int]
      sprintf(p, " %2.2f" + !i, FIX_TO_DBL(loadav[i]));
                 ~~~~~~~~~^~~~
loadav.c:391:27: note: use array indexing to silence this warning
      sprintf(p, " %2.2f" + !i, FIX_TO_DBL(loadav[i]));
                          ^
                 &        [   ]
socket.c:648:6: warning: promoted type 'int' of K&R function parameter is not compatible with the parameter type 'bool' declared in a previous prototype [-Wknr-promoted-parameter]
bool socket;
     ^
./extern.h:345:40: note: previous declaration is here
extern int   MakeServerSocket __P((bool));
                                       ^
socket.c:659:6: warning: promoted type 'int' of K&R function parameter is not compatible with the parameter type 'bool' declared in a previous prototype [-Wknr-promoted-parameter]
bool socket;
     ^
./extern.h:344:45: note: previous declaration is here
extern int   MakeClientSocket __P((int, bool));
                                            ^
1 warning generated.
cc -c -I. -I.  -DETCSCREENRC='"/usr/local/etc/screenrc"' -DSCREENENCODINGS='"/usr/local/share/screen/utf8encodings"' -DHAVE_CONFIG_H -DGIT_REV=\"\" \
     -O2 -pipe  -I/usr/include -DCOLORS256 -fstack-protector-strong -fno-strict-aliasing  help.c
cc -c -I. -I.  -DETCSCREENRC='"/usr/local/etc/screenrc"' -DSCREENENCODINGS='"/usr/local/share/screen/utf8encodings"' -DHAVE_CONFIG_H -DGIT_REV=\"\" \
     -O2 -pipe  -I/usr/include -DCOLORS256 -fstack-protector-strong -fno-strict-aliasing  termcap.c
cc -c -I. -I.  -DETCSCREENRC='"/usr/local/etc/screenrc"' -DSCREENENCODINGS='"/usr/local/share/screen/utf8encodings"' -DHAVE_CONFIG_H -DGIT_REV=\"\" \
     -O2 -pipe  -I/usr/include -DCOLORS256 -fstack-protector-strong -fno-strict-aliasing  input.c
cc -c -I. -I.  -DETCSCREENRC='"/usr/local/etc/screenrc"' -DSCREENENCODINGS='"/usr/local/share/screen/utf8encodings"' -DHAVE_CONFIG_H -DGIT_REV=\"\" \
     -O2 -pipe  -I/usr/include -DCOLORS256 -fstack-protector-strong -fno-strict-aliasing  attacher.c
cc -c -I. -I.  -DETCSCREENRC='"/usr/local/etc/screenrc"' -DSCREENENCODINGS='"/usr/local/share/screen/utf8encodings"' -DHAVE_CONFIG_H -DGIT_REV=\"\" \
     -O2 -pipe  -I/usr/include -DCOLORS256 -fstack-protector-strong -fno-strict-aliasing  pty.c
pty.c:334:7: warning: implicit declaration of function 'openpty' is invalid in C99 [-Wimplicit-function-declaration]
  if (openpty(&f, &s, TtyName, NULL, NULL) != 0)
      ^
cc -c -I. -I.  -DETCSCREENRC='"/usr/local/etc/screenrc"' -DSCREENENCODINGS='"/usr/local/share/screen/utf8encodings"' -DHAVE_CONFIG_H -DGIT_REV=\"\" \
     -O2 -pipe  -I/usr/include -DCOLORS256 -fstack-protector-strong -fno-strict-aliasing  process.c
1 warning generated.
cc -c -I. -I.  -DETCSCREENRC='"/usr/local/etc/screenrc"' -DSCREENENCODINGS='"/usr/local/share/screen/utf8encodings"' -DHAVE_CONFIG_H -DGIT_REV=\"\" \
     -O2 -pipe  -I/usr/include -DCOLORS256 -fstack-protector-strong -fno-strict-aliasing  display.c
display.c:2318:60: warning: passing 'char *' to parameter of type 'unsigned char *' converts between pointers to integer types with different sign [-Wpointer-sign]
  int extrabytes = strlen(hstatusstring) - strlen_onscreen(hstatusstring, NULL);
                                                           ^~~~~~~~~~~~~
display.c:2165:32: note: passing argument to parameter 'c' here
strlen_onscreen(unsigned char *c, unsigned char *end)
                               ^
display.c:2421:65: warning: passing 'char *' to parameter of type 'unsigned char *' converts between pointers to integer types with different sign [-Wpointer-sign]
              int extrabytes = strlen(captionstring) - strlen_onscreen(captionstring, NULL);
                                                                       ^~~~~~~~~~~~~
display.c:2165:32: note: passing argument to parameter 'c' here
strlen_onscreen(unsigned char *c, unsigned char *end)
                               ^
cc -c -I. -I.  -DETCSCREENRC='"/usr/local/etc/screenrc"' -DSCREENENCODINGS='"/usr/local/share/screen/utf8encodings"' -DHAVE_CONFIG_H -DGIT_REV=\"\" \
     -O2 -pipe  -I/usr/include -DCOLORS256 -fstack-protector-strong -fno-strict-aliasing  acls.c
display.c:3408:18: warning: initializing 'unsigned char *' with an expression of type 'char *' converts between pointers to integer types with different sign [-Wpointer-sign]
  unsigned char *buf = bufspace + MAX_MOUSE_SEQUENCE;
                 ^     ~~~~~~~~~~~~~~~~~~~~~~~~~~~~~
display.c:3483:11: warning: assigning to 'char *' from 'unsigned char *' converts between pointers to integer types with different sign [-Wpointer-sign]
            bufp = buf;
                 ^ ~~~
display.c:3766:21: warning: passing 'unsigned char *' to parameter of type 'char *' converts between pointers to integer types with different sign [-Wpointer-sign]
  (*D_processinput)(buf, size);
                    ^~~
cc -c -I. -I.  -DETCSCREENRC='"/usr/local/etc/screenrc"' -DSCREENENCODINGS='"/usr/local/share/screen/utf8encodings"' -DHAVE_CONFIG_H -DGIT_REV=\"\" \
     -O2 -pipe  -I/usr/include -DCOLORS256 -fstack-protector-strong -fno-strict-aliasing  braille.c
2 warnings generated.
cc -c -I. -I.  -DETCSCREENRC='"/usr/local/etc/screenrc"' -DSCREENENCODINGS='"/usr/local/share/screen/utf8encodings"' -DHAVE_CONFIG_H -DGIT_REV=\"\" \
     -O2 -pipe  -I/usr/include -DCOLORS256 -fstack-protector-strong -fno-strict-aliasing  braille_tsi.c
cc -c -I. -I.  -DETCSCREENRC='"/usr/local/etc/screenrc"' -DSCREENENCODINGS='"/usr/local/share/screen/utf8encodings"' -DHAVE_CONFIG_H -DGIT_REV=\"\" \
     -O2 -pipe  -I/usr/include -DCOLORS256 -fstack-protector-strong -fno-strict-aliasing  logfile.c
cc -c -I. -I.  -DETCSCREENRC='"/usr/local/etc/screenrc"' -DSCREENENCODINGS='"/usr/local/share/screen/utf8encodings"' -DHAVE_CONFIG_H -DGIT_REV=\"\" \
     -O2 -pipe  -I/usr/include -DCOLORS256 -fstack-protector-strong -fno-strict-aliasing  layer.c
cc -c -I. -I.  -DETCSCREENRC='"/usr/local/etc/screenrc"' -DSCREENENCODINGS='"/usr/local/share/screen/utf8encodings"' -DHAVE_CONFIG_H -DGIT_REV=\"\" \
     -O2 -pipe  -I/usr/include -DCOLORS256 -fstack-protector-strong -fno-strict-aliasing  list_generic.c
cc -c -I. -I.  -DETCSCREENRC='"/usr/local/etc/screenrc"' -DSCREENENCODINGS='"/usr/local/share/screen/utf8encodings"' -DHAVE_CONFIG_H -DGIT_REV=\"\" \
     -O2 -pipe  -I/usr/include -DCOLORS256 -fstack-protector-strong -fno-strict-aliasing  list_display.c
cc -c -I. -I.  -DETCSCREENRC='"/usr/local/etc/screenrc"' -DSCREENENCODINGS='"/usr/local/share/screen/utf8encodings"' -DHAVE_CONFIG_H -DGIT_REV=\"\" \
     -O2 -pipe  -I/usr/include -DCOLORS256 -fstack-protector-strong -fno-strict-aliasing  list_window.c
cc -c -I. -I.  -DETCSCREENRC='"/usr/local/etc/screenrc"' -DSCREENENCODINGS='"/usr/local/share/screen/utf8encodings"' -DHAVE_CONFIG_H -DGIT_REV=\"\" \
     -O2 -pipe  -I/usr/include -DCOLORS256 -fstack-protector-strong -fno-strict-aliasing  sched.c
cc -c -I. -I.  -DETCSCREENRC='"/usr/local/etc/screenrc"' -DSCREENENCODINGS='"/usr/local/share/screen/utf8encodings"' -DHAVE_CONFIG_H -DGIT_REV=\"\" \
     -O2 -pipe  -I/usr/include -DCOLORS256 -fstack-protector-strong -fno-strict-aliasing  teln.c
cc -c -I. -I.  -DETCSCREENRC='"/usr/local/etc/screenrc"' -DSCREENENCODINGS='"/usr/local/share/screen/utf8encodings"' -DHAVE_CONFIG_H -DGIT_REV=\"\" \
     -O2 -pipe  -I/usr/include -DCOLORS256 -fstack-protector-strong -fno-strict-aliasing  nethack.c
cc -c -I. -I.  -DETCSCREENRC='"/usr/local/etc/screenrc"' -DSCREENENCODINGS='"/usr/local/share/screen/utf8encodings"' -DHAVE_CONFIG_H -DGIT_REV=\"\" \
     -O2 -pipe  -I/usr/include -DCOLORS256 -fstack-protector-strong -fno-strict-aliasing  encoding.c
cc -c -I. -I.  -DETCSCREENRC='"/usr/local/etc/screenrc"' -DSCREENENCODINGS='"/usr/local/share/screen/utf8encodings"' -DHAVE_CONFIG_H -DGIT_REV=\"\" \
     -O2 -pipe  -I/usr/include -DCOLORS256 -fstack-protector-strong -fno-strict-aliasing  canvas.c
cc -c -I. -I.  -DETCSCREENRC='"/usr/local/etc/screenrc"' -DSCREENENCODINGS='"/usr/local/share/screen/utf8encodings"' -DHAVE_CONFIG_H -DGIT_REV=\"\" \
     -O2 -pipe  -I/usr/include -DCOLORS256 -fstack-protector-strong -fno-strict-aliasing  layout.c
cc -c -I. -I.  -DETCSCREENRC='"/usr/local/etc/screenrc"' -DSCREENENCODINGS='"/usr/local/share/screen/utf8encodings"' -DHAVE_CONFIG_H -DGIT_REV=\"\" \
     -O2 -pipe  -I/usr/include -DCOLORS256 -fstack-protector-strong -fno-strict-aliasing  viewport.c
5 warnings generated.
cc -L/usr/lib -fstack-protector-strong  -o screen screen.o ansi.o fileio.o mark.o misc.o resize.o socket.o search.o tty.o term.o window.o utmp.o loadav.o putenv.o help.o termcap.o input.o attacher.o pty.o process.o display.o comm.o kmapdef.o acls.o braille.o braille_tsi.o logfile.o layer.o list_generic.o list_display.o list_window.o sched.o teln.o nethack.o encoding.o canvas.o layout.o viewport.o -lncursesw  -lutil -lutempter -lutil -lcrypt
gmake[1]: Leaving directory '/wrkdirs/usr/ports/sysutils/screen/work/screen-4.8.0'
===========================================================================
=======================<phase: run-depends    >============================
===== env: USE_PACKAGE_DEPENDS_ONLY=1 USER=root UID=0 GID=0
===========================================================================
=======================<phase: stage          >============================
===== env: NO_DEPENDS=yes USER=nobody UID=65534 GID=65534
===>  Staging for screen-4.8.0_3
===>   Generating temporary packing list
gmake[1]: Entering directory '/wrkdirs/usr/ports/sysutils/screen/work/screen-4.8.0'
./etc/mkinstalldirs /wrkdirs/usr/ports/sysutils/screen/work/stage/usr/local/bin /wrkdirs/usr/ports/sysutils/screen/work/stage/usr/local/share/screen/utf8encodings
mkdir /wrkdirs/usr/ports/sysutils/screen/work/stage/usr/local/share/screen
mkdir /wrkdirs/usr/ports/sysutils/screen/work/stage/usr/local/share/screen/utf8encodings
cd doc ; gmake  installdirs
gmake[2]: Entering directory '/wrkdirs/usr/ports/sysutils/screen/work/screen-4.8.0/doc'
./../etc/mkinstalldirs /wrkdirs/usr/ports/sysutils/screen/work/stage/usr/local/man/man1
gmake[2]: Leaving directory '/wrkdirs/usr/ports/sysutils/screen/work/screen-4.8.0/doc'
cp ./utf8encodings/?? /wrkdirs/usr/ports/sysutils/screen/work/stage/usr/local/share/screen/utf8encodings
install  -s -m 555 screen /wrkdirs/usr/ports/sysutils/screen/work/stage/usr/local/bin/screen
chown root:wheel /wrkdirs/usr/ports/sysutils/screen/work/stage/usr/local/bin/screen && chmod 4755 /wrkdirs/usr/ports/sysutils/screen/work/stage/usr/local/bin/screen
chown: /wrkdirs/usr/ports/sysutils/screen/work/stage/usr/local/bin/screen: Operation not permitted
gmake[1]: [Makefile:88: install_bin] Error 1 (ignored)
cd doc ; gmake  install
gmake[2]: Entering directory '/wrkdirs/usr/ports/sysutils/screen/work/screen-4.8.0/doc'
./../etc/mkinstalldirs /wrkdirs/usr/ports/sysutils/screen/work/stage/usr/local/man/man1
install  -m 0644 ./screen.1 /wrkdirs/usr/ports/sysutils/screen/work/stage/usr/local/man/man1/screen.1
gmake[2]: Leaving directory '/wrkdirs/usr/ports/sysutils/screen/work/screen-4.8.0/doc'
if [ -d /wrkdirs/usr/ports/sysutils/screen/work/stage/usr/lib/terminfo ]; then \
	PATH="$PATH:/usr/5bin" tic ./terminfo/screeninfo.src; \
	chmod 644 /wrkdirs/usr/ports/sysutils/screen/work/stage/usr/lib/terminfo/s/screen*; \
fi
termcap entry (./terminfo/screencap) should be installed manually.
You may also want to install ./etc/etcscreenrc in /usr/local/etc/screenrc
gmake[1]: Leaving directory '/wrkdirs/usr/ports/sysutils/screen/work/screen-4.8.0'
install  -m 0644 /wrkdirs/usr/ports/sysutils/screen/work/screen-4.8.0/etc/etcscreenrc  /wrkdirs/usr/ports/sysutils/screen/work/stage/usr/local/share/examples/screen/screenrc.sample-1
install  -m 0644 /usr/ports/sysutils/screen/files/screenrc.sample  /wrkdirs/usr/ports/sysutils/screen/work/stage/usr/local/share/examples/screen/screenrc.sample-2
install  -m 0644 /usr/ports/sysutils/screen/files/screenrc.sample  /wrkdirs/usr/ports/sysutils/screen/work/stage/usr/local/etc/screenrc.sample
====> Compressing man pages (compress-man)
===========================================================================
=======================<phase: package        >============================
===== env: 'PKG_NOTES=build_timestamp ports_top_git_hash ports_top_checkout_unclean port_git_hash port_checkout_unclean built_by' 'PKG_NOTE_build_timestamp=2021-10-18T20:41:06+0000' 'PKG_NOTE_ports_top_git_hash=af67f424b' 'PKG_NOTE_ports_top_checkout_unclean=no' 'PKG_NOTE_port_git_hash=af67f424b' 'PKG_NOTE_port_checkout_unclean=no' 'PKG_NOTE_built_by=poudriere-git-3.3.0-1019-gef452659' NO_DEPENDS=yes USER=nobody UID=65534 GID=65534
===>  Building package for screen-4.8.0_3
install -l rs /.npkg/All/screen-4.8.0_3.pkg /.npkg/All/screen-4.8.0_3.txz
===========================================================================
=>> Cleaning up wrkdir
===>  Cleaning for screen-4.8.0_3
build of sysutils/screen | screen-4.8.0_3 ended at Mon Oct 18 23:41:14 EAT 2021
build time: 00:00:08
