=>> Building net/socat
build started at Mon Oct 18 23:32:11 EAT 2021
port directory: /usr/ports/net/socat
package name: socat-1.7.4.1_1
building for: FreeBSD Cygate_v2_5_0_amd64-Cygate_devel-job-03 12.3-PRERELEASE FreeBSD 12.3-PRERELEASE 1202508 amd64
maintained by: ehaupt@FreeBSD.org
Makefile datestamp: -rw-r--r--  1 root  wheel  1249 Oct 18 18:58 /usr/ports/net/socat/Makefile
Ports top last git commit: af67f424b
Ports top unclean checkout: no
Port dir last git commit: af67f424b
Port dir unclean checkout: no
Poudriere version: poudriere-git-3.3.0-1019-gef452659
Host OSVERSION: 1202000
Jail OSVERSION: 1202508
Job Id: 03




!!! Jail is newer than host. (Jail: 1202508, Host: 1202000) !!!
!!! This is not supported. !!!
!!! Host kernel must be same or newer than jail. !!!
!!! Expect build failures. !!!



---Begin Environment---
SHELL=/bin/csh
OSVERSION=1202508
UNAME_v=FreeBSD 12.3-PRERELEASE 1202508
UNAME_r=12.3-PRERELEASE
BLOCKSIZE=K
MAIL=/var/mail/root
STATUS=1
HOME=/root
PATH=/sbin:/bin:/usr/sbin:/usr/bin:/usr/local/sbin:/usr/local/bin:/root/bin
LOCALBASE=/usr/local
USER=root
POUDRIERE_NAME=poudriere-git
LIBEXECPREFIX=/usr/local/libexec/poudriere
POUDRIERE_VERSION=3.3.0-1019-gef452659
MASTERMNT=/usr/local/poudriere/data/.m/Cygate_v2_5_0_amd64-Cygate_devel/ref
LC_COLLATE=C
POUDRIERE_BUILD_TYPE=bulk
PACKAGE_BUILDING=yes
SAVED_TERM=xterm-256color
GID=0
OUTPUT_REDIRECTED_STDERR=4
OUTPUT_REDIRECTED=1
UID=0
PWD=/usr/local/poudriere/data/.m/Cygate_v2_5_0_amd64-Cygate_devel/03/.p
OUTPUT_REDIRECTED_STDOUT=3
P_PORTS_FEATURES=FLAVORS SELECTED_OPTIONS
MASTERNAME=Cygate_v2_5_0_amd64-Cygate_devel
SCRIPTPREFIX=/usr/local/share/poudriere
SCRIPTNAME=bulk.sh
OLDPWD=/usr/local/poudriere/data/.m/Cygate_v2_5_0_amd64-Cygate_devel/ref/.p/pool
POUDRIERE_PKGNAME=poudriere-git-3.3.0-1019-gef452659
SCRIPTPATH=/usr/local/share/poudriere/bulk.sh
POUDRIEREPATH=/usr/local/bin/poudriere
---End Environment---

---Begin Poudriere Port Flags/Env---
PORT_FLAGS=
PKGENV=
FLAVOR=
DEPENDS_ARGS=
MAKE_ARGS=
---End Poudriere Port Flags/Env---

---Begin OPTIONS List---
===> The following configuration options are available for socat-1.7.4.1_1:
     DOCS=off: Build and/or install documentation
     READLINE=off: Command line editing via libreadline
===> Use 'make config' to modify these settings
---End OPTIONS List---

--MAINTAINER--
ehaupt@FreeBSD.org
--End MAINTAINER--

--CONFIGURE_ARGS--
--disable-readline --prefix=/usr/local ${_LATE_CONFIGURE_ARGS}
--End CONFIGURE_ARGS--

--CONFIGURE_ENV--
XDG_DATA_HOME=/wrkdirs/usr/ports/net/socat/work  XDG_CONFIG_HOME=/wrkdirs/usr/ports/net/socat/work  XDG_CACHE_HOME=/wrkdirs/usr/ports/net/socat/work/.cache  HOME=/wrkdirs/usr/ports/net/socat/work TMPDIR="/tmp" PATH=/wrkdirs/usr/ports/net/socat/work/.bin:/sbin:/bin:/usr/sbin:/usr/bin:/usr/local/sbin:/usr/local/bin:/root/bin SHELL=/bin/sh CONFIG_SHELL=/bin/sh CONFIG_SITE=/usr/ports/Templates/config.site lt_cv_sys_max_cmd_len=524288
--End CONFIGURE_ENV--

--MAKE_ENV--
OPENSSLBASE=/usr OPENSSLDIR=/etc/ssl OPENSSLINC=/usr/include OPENSSLLIB=/usr/lib XDG_DATA_HOME=/wrkdirs/usr/ports/net/socat/work  XDG_CONFIG_HOME=/wrkdirs/usr/ports/net/socat/work  XDG_CACHE_HOME=/wrkdirs/usr/ports/net/socat/work/.cache  HOME=/wrkdirs/usr/ports/net/socat/work TMPDIR="/tmp" PATH=/wrkdirs/usr/ports/net/socat/work/.bin:/sbin:/bin:/usr/sbin:/usr/bin:/usr/local/sbin:/usr/local/bin:/root/bin NO_PIE=yes MK_DEBUG_FILES=no MK_KERNEL_SYMBOLS=no SHELL=/bin/sh NO_LINT=YES PREFIX=/usr/local  LOCALBASE=/usr/local  CC="cc" CFLAGS="-O2 -pipe  -Wno-unused-comparison -fstack-protector-strong -fno-strict-aliasing "  CPP="cpp" CPPFLAGS=""  LDFLAGS="  -fstack-protector-strong " LIBS=""  CXX="c++" CXXFLAGS="-O2 -pipe -Wno-unused-comparison -fstack-protector-strong -fno-strict-aliasing  "  MANPREFIX="/usr/local" BSD_INSTALL_PROGRAM="install  -s -m 555"  BSD_INSTALL_LIB="install  -s -m 0644"  BSD_INSTALL_SCRIPT="install  -m 555"  BSD_INSTALL_DATA="install  -m 0644"  BSD_INSTALL_MAN="install  -m 444"
--End MAKE_ENV--

--PLIST_SUB--
PORTDOCS="@comment " OSREL=12.3 PREFIX=%D LOCALBASE=/usr/local  RESETPREFIX=/usr/local LIB32DIR=lib DOCSDIR="share/doc/socat"  EXAMPLESDIR="share/examples/socat"  DATADIR="share/socat"  WWWDIR="www/socat"  ETCDIR="etc/socat"
--End PLIST_SUB--

--SUB_LIST--
 PREFIX=/usr/local LOCALBASE=/usr/local  DATADIR=/usr/local/share/socat DOCSDIR=/usr/local/share/doc/socat EXAMPLESDIR=/usr/local/share/examples/socat  WWWDIR=/usr/local/www/socat ETCDIR=/usr/local/etc/socat
--End SUB_LIST--

---Begin make.conf---
USE_PACKAGE_DEPENDS=yes
BATCH=yes
WRKDIRPREFIX=/wrkdirs
PORTSDIR=/usr/ports
PACKAGES=/packages
DISTDIR=/distfiles
FORCE_PACKAGE=yes
PACKAGE_BUILDING=yes
PACKAGE_BUILDING_FLAVORS=yes
#### /usr/local/etc/poudriere.d/Cygate_devel-make.conf ####
ALLOW_UNSUPPORTED_SYSTEM=yes

# Define pfSense repos
PFSENSE_REPOS=	Cygate-repo Cygate-repo-devel Cygate-repo-245

# Used by pfSense-upgrade port to set pkg_set_version
PFSENSE_PKG_SET_VERSION=	2.6.0-DEVELOPMENT

# Generic options
OPTIONS_UNSET_FORCE=	DOCS DOXYGEN EXAMPLES INFO MAN MANPAGES X11

# Individual ports options
.if ${.CURDIR:N*net/quagga*}=="" || ${.CURDIR:N*net/frr*}==""
CUR_ARCH!=	/usr/bin/uname -p
. if ${CUR_ARCH} == "armv7"
WITH_DEBUG=yes
. endif
.endif

.if ${.CURDIR:N*net/frr*}==""
ETCDIR=	/var/etc/frr
.endif

DEFAULT_VERSIONS=	php=74 ssl=base
PHP_FD_SETSIZE=		3172

. if ${.CURDIR:N*sysutils/check_reload_status*}==""
WITH_DEBUG=	yes
. endif

# Options for packages

# databases
databases_rrdtool_UNSET_FORCE=	PYTHON_MODULE RUBY_MODULE PERL_MODULE DEJAVU GRAPH

# devel
devel_git_UNSET_FORCE=CVS GITWEB GUI HTMLDOCS P4 SVN CONTRIB PERL ETCSHELLS

# dns
dns_dnsmasq_UNSET_FORCE=	DNSSEC

dns_unbound_SET_FORCE=	LIBEVENT PYTHON
dns_unbound112_SET_FORCE=	LIBEVENT PYTHON

dns_bind916_SET_FORCE=DLZ_FILESYSTEM FILTER_AAAA IPV6 LINKS RRL SIGCHASE SSL THREADS GSSAPI_NONE
dns_bind916_UNSET_FORCE=FIXED_RRSET IDN LARGE_FILE LMDB

# emulators
emulators_open-vm-tools_UNSET_FORCE=DOCS FUSE LIBNOTIFY X11

# graphics
graphics_cairo_UNSET_FORCE=X11 XCB OPENGL

graphics_gd_SET_FORCE=ICONV
graphics_gd_UNSET_FORCE=FONTCONFIG XPM

graphics_graphviz_SET_FORCE=ICONV NLS
graphics_graphviz_UNSET_FORCE=DIGCOLA IPSEPCOLA PANGOCAIRO XPM

# lang
lang_gcc_UNSET_FORCE=JAVA

# mail
mail_pear-Mail_SET_FORCE=	PEAR_NET_SMTP

# net
net_freeradius3_SET_FORCE=EXPERIMENTAL HEIMDAL LDAP MYSQL PERL PGSQL PYTHON SQLITE3

net_frr7_SET_FORCE=SNMP

net_haproxy18_SET_FORCE=OPENSSL SPCRE LUA
net_haproxy18_UNSET_FORCE=DPCRE

net_haproxy_SET_FORCE=OPENSSL SPCRE LUA PROMEX
net_haproxy_UNSET_FORCE=DPCRE

net_haproxy-devel_SET_FORCE=OPENSSL SPCRE LUA
net_haproxy-devel_UNSET_FORCE=DPCRE

net_libpcap_SET_FORCE=IPV6
net_libpcap_UNSET_FORCE=DAG

net_miniupnpd_SET_FORCE=	PF_FILTER_RULES IPV6 CHECK_PORTINUSE

net_mtr_UNSET_FORCE=X11

net_nss_ldap_UNSET_FORCE=SASL KERBEROS

net_ntp_UNSET_FORCE=	PERL_UTILS

# net-mgmt
net-mgmt_net-snmp_SET_FORCE=IPV6 MFD_REWRITES TLS
net-mgmt_net-snmp_UNSET_FORCE=AX_DISABLE_TRAP AX_SOCKONLY DOCS DUMMY JAIL MYSQL PYTHON SMUX TKMIB UNPRIVILEGED

net-mgmt_zabbix3-agent_SET_FORCE=IPV6

net-mgmt_zabbix3-proxy_SET_FORCE=IPMI IPV6 LIBXML2 SQLITE SSH
net-mgmt_zabbix3-proxy_UNSET_FORCE=MYSQL

net-mgmt_zabbix4-agent_SET_FORCE=IPV6

net-mgmt_zabbix4-proxy_SET_FORCE=IPMI IPV6 LIBXML2 SQLITE SSH
net-mgmt_zabbix4-proxy_UNSET_FORCE=MYSQL

net-mgmt_zabbix44-agent_SET_FORCE=IPV6

net-mgmt_zabbix44-proxy_SET_FORCE=IPMI IPV6 LIBXML2 SQLITE SSH
net-mgmt_zabbix44-proxy_UNSET_FORCE=MYSQL

net-mgmt_zabbix5-agent_SET_FORCE=IPV6

net-mgmt_zabbix5-proxy_SET_FORCE=IPMI IPV6 LIBXML2 SQLITE SSH
net-mgmt_zabbix5-proxy_UNSET_FORCE=MYSQL

net-mgmt_zabbix52-agent_SET_FORCE=IPV6

net-mgmt_zabbix52-proxy_SET_FORCE=IPMI IPV6 LIBXML2 SQLITE SSH
net-mgmt_zabbix52-proxy_UNSET_FORCE=MYSQL

net-mgmt_zabbix54-agent_SET_FORCE=IPV6

net-mgmt_zabbix54-proxy_SET_FORCE=IPMI IPV6 LIBXML2 SQLITE SSH
net-mgmt_zabbix54-proxy_UNSET_FORCE=MYSQL

# security
security_ca_root_nss_SET_FORCE=	ETCSYMLINK

security_opensc_SET_FORCE=	PCSC
security_opensc_UNSET_FORCE=	DOCS MANPAGES

security_openvpn_SET_FORCE=	X509ALTUSERNAME ASYNC_PUSH
security_openvpn_UNSET_FORCE=	EASYRSA

shells_scponly_SET_FORCE=CHROOT SCP WILDCARDS WINSCP
shells_scponly_UNSET_FORCE=DEFAULT_CHDIR DOCS GFTP RSYNC SVN SVNSERVE UNISON

security_sudo_SET_FORCE=LDAP

security_snort_SET_FORCE=APPID COREDUMPS GRE IPV6 NORMALIZER PERFPROFILE SOURCEFIRE
security_snort_UNSET_FORCE=BARNYARD FILEINSPECT HA PULLEDPORK

.if ${.CURDIR:N*security/snort3*}==""
CUR_ARCH!=  /usr/bin/uname -p
.if ${CUR_ARCH} == "armv7" || ${CUR_ARCH} == "aarch64"
security_snort3_SET_FORCE=LARGEPCAP STATICDAQ
security_snort3_UNSET_FORCE=HYPERSCAN TSC
else
security_snort3_SET_FORCE=LARGEPCAP STATICDAQ HYPERSCAN
.endif
.endif

security_strongswan_SET_FORCE=	CURL EAPDYNAMIC EAPRADIUS EAPSIMFILE \
			IKEv1 UNBOUND XAUTH IPSECKEY PKCS11 PKI UNITY VICI VSTR SWANCTL
security_strongswan_UNSET_FORCE=	EAPAKA3GPP2 BUILTIN LIBC SMP

security_suricata_SET_FORCE=GEOIP HTP_PORT IPFW JSON LUAJIT NSS PORTS_PCAP NETMAP HYPERSCAN REDIS
security_suricata4_SET_FORCE=GEOIP HTP_PORT IPFW JSON LUAJIT NSS PORTS_PCAP NETMAP HYPERSCAN REDIS
.if ${.CURDIR:N*security/suricata*}==""
CUR_ARCH!=	/usr/bin/uname -p
NATIVE_BUILD!=	/sbin/sysctl -qn kern.supported_archs | grep -q ${CUR_ARCH} && echo yes || /usr/bin/true
.if ${NATIVE_BUILD} != "yes"
security_suricata_UNSET_FORCE=LUA PRELUDE SC TESTS RUST
security_suricata4_UNSET_FORCE=LUA PRELUDE SC TESTS RUST
.else
security_suricata_UNSET_FORCE=LUA PRELUDE SC TESTS
security_suricata4_UNSET_FORCE=LUA PRELUDE SC TESTS
.endif
.endif

security_xinetd_UNSET_FORCE=	XCONV

# sysutils
sysutils_apcupsd_SET_FORCE=APCDUMB_DRV APCSMART_DRV PCNET_DRV SNMP_DRV TCP_WRAPPERS USB
sysutils_apcupsd_UNSET_FORCE=CGI CLIENT_ONLY GAPCMON SNMP_DRV_OLD TEST_DRV

sysutils_flashrom_UNSET_FORCE=	FTDI BUSPIRATE

sysutils_pftop_SET_FORCE=ALTQ

sysutils_syslog-ng_SET_FORCE=	SYS_SSL
sysutils_syslog-ng_UNSET_FORCE=	PORTS_SSL

# www
www_c-icap_SET_FORCE=LARGE_FILES
www_c-icap_UNSET_FORCE=IPV6

www_lightsquid_SET_FORCE=GD

www_lighttpd_SET_FORCE=	NODELAY

www_nginx_SET_FORCE=	LUA

www_squid_SET_FORCE=ARP_ACL AUTH_LDAP AUTH_NIS AUTH_SASL CACHE_DIGESTS DELAY_POOLS FOLLOW_XFF FS_AUFS FS_DISKD GSSAPI_MIT HTCP ICAP ICMP IDENT IPV6 KQUEUE LARGEFILE LAX_HTTP SNMP SSL SSL_CRTD TP_PF WCCP WCCPV2
www_squid_UNSET_FORCE=AUTH_SMB AUTH_SQL DEBUG DNS_HELPER ECAP ESI FS_ROCK GSSAPI_NONE GSSAPI_BASE GSSAPI_HEIMDAL STACKTRACES TP_IPF TP_IPFW VIA_DB

www_squidguard_SET_FORCE=DNS_BL LDAP STRIP_NTDOMAIN
www_squidguard_UNSET_FORCE=QUOTE_STRING

www_e2guardian_SET_FORCE=ICAP NTLM SSL_MITM

PKG_REPO_BRANCH_DEVEL=v2_5_0
PKG_REPO_BRANCH_RELEASE=v2_5_2
PKG_REPO_SERVER_DEVEL=pkg+http://10.42.0.2/packages
PKG_REPO_SERVER_RELEASE=pkg+http://10.42.0.2/packages
POUDRIERE_PORTS_NAME=Cygate_devel
PFSENSE_DEFAULT_REPO=Cygate-repo-devel
PRODUCT_NAME=Cygate
REPO_BRANCH_PREFIX=
#### Misc Poudriere ####
.include "/etc/make.conf.ports_env"
---End make.conf---
--Resource limits--
cpu time               (seconds, -t)  unlimited
file size           (512-blocks, -f)  unlimited
data seg size           (kbytes, -d)  33554432
stack size              (kbytes, -s)  524288
core file size      (512-blocks, -c)  unlimited
max memory size         (kbytes, -m)  unlimited
locked memory           (kbytes, -l)  unlimited
max user processes              (-u)  19414
open files                      (-n)  9000
virtual mem size        (kbytes, -v)  8388608
swap limit              (kbytes, -w)  unlimited
socket buffer size       (bytes, -b)  unlimited
pseudo-terminals                (-p)  unlimited
kqueues                         (-k)  unlimited
umtx shared locks               (-o)  unlimited
--End resource limits--
=======================<phase: check-sanity   >============================
===== env: NO_DEPENDS=yes USER=nobody UID=65534 GID=65534
===>  License GPLv2 accepted by the user
===========================================================================
=======================<phase: pkg-depends    >============================
===== env: USE_PACKAGE_DEPENDS_ONLY=1 USER=root UID=0 GID=0
===>   socat-1.7.4.1_1 depends on file: /usr/local/sbin/pkg - not found
===>   Installing existing package /packages/All/pkg-1.17.2.pkg
[Cygate_v2_5_0_amd64-Cygate_devel-job-03] Installing pkg-1.17.2...
[Cygate_v2_5_0_amd64-Cygate_devel-job-03] Extracting pkg-1.17.2: .......... done
===>   socat-1.7.4.1_1 depends on file: /usr/local/sbin/pkg - found
===>   Returning to build of socat-1.7.4.1_1
===========================================================================
=======================<phase: fetch-depends  >============================
===== env: USE_PACKAGE_DEPENDS_ONLY=1 USER=root UID=0 GID=0
===========================================================================
=======================<phase: fetch          >============================
===== env: NO_DEPENDS=yes USER=root UID=0 GID=0
===>  License GPLv2 accepted by the user
===> Fetching all distfiles required by socat-1.7.4.1_1 for building
===========================================================================
=======================<phase: checksum       >============================
===== env: NO_DEPENDS=yes USER=root UID=0 GID=0
===>  License GPLv2 accepted by the user
===> Fetching all distfiles required by socat-1.7.4.1_1 for building
=> SHA256 Checksum OK for socat-1.7.4.1.tar.bz2.
===========================================================================
=======================<phase: extract-depends>============================
===== env: USE_PACKAGE_DEPENDS_ONLY=1 USER=root UID=0 GID=0
===========================================================================
=======================<phase: extract        >============================
===== env: NO_DEPENDS=yes USER=nobody UID=65534 GID=65534
===>  License GPLv2 accepted by the user
===> Fetching all distfiles required by socat-1.7.4.1_1 for building
===>  Extracting for socat-1.7.4.1_1
=> SHA256 Checksum OK for socat-1.7.4.1.tar.bz2.
===========================================================================
=======================<phase: patch-depends  >============================
===== env: USE_PACKAGE_DEPENDS_ONLY=1 USER=root UID=0 GID=0
===========================================================================
=======================<phase: patch          >============================
===== env: NO_DEPENDS=yes USER=nobody UID=65534 GID=65534
===>  Patching for socat-1.7.4.1_1
===>  Applying FreeBSD patches for socat-1.7.4.1_1 from /usr/ports/net/socat/files
===========================================================================
=======================<phase: build-depends  >============================
===== env: USE_PACKAGE_DEPENDS_ONLY=1 USER=root UID=0 GID=0
===========================================================================
=======================<phase: lib-depends    >============================
===== env: USE_PACKAGE_DEPENDS_ONLY=1 USER=root UID=0 GID=0
===========================================================================
=======================<phase: configure      >============================
===== env: NO_DEPENDS=yes USER=nobody UID=65534 GID=65534
===>  Configuring for socat-1.7.4.1_1
configure: loading site script /usr/ports/Templates/config.site
checking which defines needed for makedepend... 
checking for a BSD-compatible install... /usr/bin/install -c
checking for gcc... cc
checking whether the C compiler works... yes
checking for C compiler default output file name... a.out
checking for suffix of executables... 
checking whether we are cross compiling... no
checking for suffix of object files... o
checking whether we are using the GNU C compiler... yes
checking whether cc accepts -g... yes
checking for cc option to accept ISO C89... none needed
checking for ranlib... ranlib
checking for ar... ar
checking how to run the C preprocessor... cpp
checking for grep that handles long lines and -e... (cached) /usr/bin/grep
checking for egrep... (cached) /usr/bin/egrep
checking for ANSI C header files... (cached) yes
checking for sys/types.h... (cached) yes
checking for sys/stat.h... (cached) yes
checking for stdlib.h... (cached) yes
checking for string.h... (cached) yes
checking for memory.h... (cached) yes
checking for strings.h... (cached) yes
checking for inttypes.h... (cached) yes
checking for stdint.h... (cached) yes
checking for unistd.h... (cached) yes
checking for stdbool.h... (cached) yes
checking for inttypes.h... (cached) yes
checking for sys/wait.h that is POSIX.1 compatible... (cached) yes
checking for fcntl.h... (cached) yes
checking for limits.h... (cached) yes
checking for strings.h... (cached) yes
checking for sys/param.h... (cached) yes
checking for sys/ioctl.h... (cached) yes
checking for sys/time.h... (cached) yes
checking syslog.h usability... yes
checking syslog.h presence... yes
checking for syslog.h... yes
checking for unistd.h... (cached) yes
checking for pwd.h... (cached) yes
checking grp.h usability... yes
checking grp.h presence... yes
checking for grp.h... yes
checking for stdint.h... (cached) yes
checking for sys/types.h... (cached) yes
checking for poll.h... (cached) yes
checking for sys/poll.h... (cached) yes
checking for sys/socket.h... (cached) yes
checking for sys/uio.h... (cached) yes
checking for sys/stat.h... (cached) yes
checking for netdb.h... (cached) yes
checking for sys/un.h... (cached) yes
checking pty.h usability... no
checking pty.h presence... no
checking for pty.h... no
checking for netinet/in.h... (cached) yes
checking netinet/in_systm.h usability... yes
checking netinet/in_systm.h presence... yes
checking for netinet/in_systm.h... yes
checking for netinet/ip.h... yes
checking netinet/tcp.h usability... yes
checking netinet/tcp.h presence... yes
checking for netinet/tcp.h... yes
checking for net/if.h... (cached) yes
checking for arpa/nameser.h... (cached) yes
checking for sys/types.h... (cached) yes
checking for netinet/in.h... (cached) yes
checking for arpa/nameser.h... (cached) yes
checking for netdb.h... (cached) yes
checking for resolv.h... (cached) yes
checking termios.h usability... yes
checking termios.h presence... yes
checking for termios.h... yes
checking linux/if_tun.h usability... no
checking linux/if_tun.h presence... no
checking for linux/if_tun.h... no
checking net/if_dl.h usability... yes
checking net/if_dl.h presence... yes
checking for net/if_dl.h... yes
checking linux/types.h usability... no
checking linux/types.h presence... no
checking for linux/types.h... no
checking for linux/errqueue.h... no
checking sys/utsname.h usability... yes
checking sys/utsname.h presence... yes
checking for sys/utsname.h... yes
checking for sys/select.h... (cached) yes
checking for sys/file.h... (cached) yes
checking util.h usability... no
checking util.h presence... no
checking for util.h... no
checking bsd/libutil.h usability... no
checking bsd/libutil.h presence... no
checking for bsd/libutil.h... no
checking for libutil.h... (cached) yes
checking sys/stropts.h usability... no
checking sys/stropts.h presence... no
checking for sys/stropts.h... no
checking regex.h usability... yes
checking regex.h presence... yes
checking for regex.h... yes
checking linux/fs.h usability... no
checking linux/fs.h presence... no
checking for linux/fs.h... no
checking linux/ext2_fs.h usability... no
checking linux/ext2_fs.h presence... no
checking for linux/ext2_fs.h... no
checking for setgrent... (cached) yes
checking for getgrent... (cached) yes
checking for endgrent... (cached) yes
checking for getgrouplist... (cached) yes
checking for cfmakeraw... yes
checking for library containing res_9_init... no
checking for hstrerror... yes
checking for gethostent... yes
checking for setsockopt... (cached) yes
checking for hstrerror prototype... yes
checking whether to include help... yes
checking whether to include STDIO support... yes
checking whether to include FD-number support... yes
checking whether to include direct file support... yes
checking whether to include direct create support... yes
checking whether to include gopen support... yes
checking whether to include explicit pipe support... yes
checking whether to include explicit termios support... yes
checking whether to include UNIX socket support... yes
checking whether to include abstract UNIX socket support... no
checking whether to include IPv4 support... yes
checking whether to include IPv6 support... yes
checking for netinet/ip6.h... yes
checking netinet6/in6.h usability... no
checking netinet6/in6.h presence... no
checking for netinet6/in6.h... no
checking if __APPLE_USE_RFC_2292 is helpful... no
checking whether to include raw IP support... yes
checking whether to include generic socket support... yes
checking whether to include generic network interface support... yes
checking netpacket/packet.h usability... no
checking netpacket/packet.h presence... no
checking for netpacket/packet.h... no
configure: WARNING: include file netpacket/packet.h not found, disabling interface
checking whether to include TCP support... yes
checking whether to include UDP support... yes
checking whether to include SCTP support... yes
checking for IPPROTO_SCTP... yes
checking whether to include vsock support... yes
checking for linux/vm_sockets.h... no
configure: WARNING: include file linux/vm_sockets.h not found, disabling vsock
checking whether to include listen support... yes
checking whether to include socks4 support... yes
checking whether to include socks4a support... yes
checking whether to include proxy connect support... yes
checking whether to include exec support... yes
checking whether to include system (shell) support... yes
checking whether to include pty address support... yes
checking whether to include fs attributes support... yes
checking whether to include readline support... no
checking whether to include openssl support... yes
configure: checking for components of OpenSSL
configure: checked for openssl/ssl.h... yes
checking for libssl... yes
checking for OPENSSL_init_ssl... yes
checking for SSL_library_init... no
checking whether to include OpenSSL method option... no
checking whether to include deprecated resolver option... no
checking whether to include openssl fips support... no
checking whether to include tun/tap address support... yes
configure: WARNING: include file linux/if_tun.h not found
checking whether to include system call tracing... yes
checking whether to include file descriptor analyzer... yes
checking whether to include retry support... yes
checking included message level... debug
checking for an ANSI C-conforming const... yes
checking for uid_t in sys/types.h... (cached) yes
checking for mode_t... (cached) yes
checking for off_t... (cached) yes
checking for pid_t... (cached) yes
checking for size_t... (cached) yes
checking for struct stat.st_blksize... (cached) yes
checking for struct stat.st_blocks... yes
checking for struct stat.st_rdev... yes
checking whether time.h and sys/time.h may both be included... yes
checking for nanosleep... yes
checking whether cc needs -traditional... no
checking for working memcmp... yes
checking return type of signal handlers... void
checking for strftime... (cached) yes
checking for putenv... (cached) yes
checking for select... (cached) yes
checking for pselect... yes
checking for poll... (cached) yes
checking for socket... yes
checking for strtod... (cached) yes
checking for strtol... (cached) yes
checking for strtoul... (cached) yes
checking for uname... (cached) yes
checking for getpgid... (cached) yes
checking for getsid... yes
checking for gethostbyname... (cached) yes
checking for getaddrinfo... (cached) yes
checking for getprotobynumber... yes
checking for getprotobynumber_r... yes
checking for setgroups... (cached) yes
checking for inet_aton... (cached) yes
checking for grantpt... yes
checking for unlockpt... yes
checking for cfsetispeed... yes
checking for cfgetispeed... yes
checking for cfsetospeed... yes
checking for cfgetospeed... yes
checking for posix_memalign prototype... yes
checking for strdup prototype... yes
checking for strerror prototype... yes
checking for strstr prototype... yes
checking for getipnodebyname prototype... no
checking for strndup prototype... yes
checking for memrchr prototype... yes
checking for if_indextoname prototype... yes
checking for ptsname prototype... yes
checking for long long... yes
checking for sig_atomic_t... (cached) yes
checking for bool... yes
checking for socklen_t... yes
checking for struct stat64... no
checking for off64_t... yes
checking for sighandler_t... yes
checking for uint8_t... yes
checking for uint16_t... yes
checking for uint32_t... yes
checking for uint64_t... yes
checking for fdset->fds_bits... yes
checking for struct termios . c_ispeed... yes
checking for struct termios . c_ospeed... yes
checking for sa_family_t... yes
checking for struct sock_extended_err... no
checking for struct sigaction.sa_sigaction... yes
checking if _SVID3 is helpful... no
checking if _XPG4_2 is helpful... no
checking for struct timespec... yes
checking for struct linger... yes
checking for struct ip... no
checking for struct ip_mreq... yes
checking for struct ip_mreqn... yes
checking for struct ipv6_mreq... yes
checking for struct ip_mreq_source... yes
checking for struct ifreq... yes
checking for struct ifreq.ifr_index... yes
checking for struct ifreq.ifr_ifindex... no
checking for struct sockaddr.sa_len... yes
checking for component names of sockaddr_in6... s6_addr
checking for struct iovec... yes
checking for struct msghdr.msg_control... yes
checking for struct msghdr.msg_controllen... yes
checking for struct msghdr.msgflags... yes
checking for struct cmsghdr... yes
checking for struct in_pktinfo... no
checking for struct in6_pktinfo... yes
checking for struct ip.ip_hl... yes
checking for sigaction... (cached) yes
checking for stat64... no
checking for fstat64... no
checking for lstat64... no
checking for lseek64... no
checking for truncate64... no
checking for ftruncate64... no
checking for strtoll... (cached) yes
checking for hstrerror... (cached) yes
checking for inet_ntop... (cached) yes
checking for openpty... no
checking for openpty in -lbsd... no
checking for openpty in -lutil... yes
checking for clock_gettime in -lrt... yes
checking for flock... yes
checking for setenv... (cached) yes
checking for unsetenv... (cached) yes
checking for TLS_client_method... yes
checking for TLS_server_method... yes
checking for DTLS_client_method... yes
checking for DTLS_server_method... yes
checking for SSL_CTX_set_default_verify_paths... yes
checking for RAND_egd... no
checking for RAND_egd in -lcrypt... no
checking for DH_set0_pqg... yes
checking for ASN1_STRING_get0_data... yes
checking for RAND_status... yes
checking for SSL_CTX_clear_mode... no
checking for SSL_set_tlsext_host_name... no
checking for SSL_library_init... (cached) no
checking for ERR_error_string... yes
checking for type EC_KEY... yes
checking if snprintf conforms to C99... yes
checking if printf has Z modifier... no
checking shift offset of CRDLY... -1
checking shift offset of TABDLY... -1
checking shift offset of CSIZE... 8
configure: using compile -Werror method to find basic types
checking for equivalent simple type of uint16_t... 2 /* unsigned short */
checking for equivalent simple type of uint32_t... 4 /* unsigned int */
checking for equivalent simple type of uint64_t... 6 /* unsigned long */
checking for equivalent simple type of int16_t... 1 /* short */
checking for equivalent simple type of int32_t... 3 /* int */
checking for equivalent simple type of int64_t... 5 /* long */
checking for equivalent simple type of size_t... 6 /* unsigned long */
checking for equivalent simple type of mode_t... 2 /* unsigned short */
checking for equivalent simple type of pid_t... 3 /* int */
checking for equivalent simple type of uid_t... 4 /* unsigned int */
checking for equivalent simple type of gid_t... 4 /* unsigned int */
checking for equivalent simple type of time_t... 5 /* long */
checking for equivalent simple type of socklen_t... 4 /* unsigned int */
checking for equivalent simple type of off_t... 5 /* long */
checking for equivalent simple type of off64_t... 5 /* long */
checking for equivalent simple type of dev_t... 6 /* unsigned long */
checking for equivalent simple type of speed_t... 4 /* unsigned int */
checking for basic type of struct stat.st_ino... 6 /* unsigned long */
checking for basic type of struct stat.st_nlink... 6 /* unsigned long */
checking for basic type of struct stat.st_size... 5 /* long */
checking for basic type of struct stat.st_blksize... 3 /* int */
checking for basic type of struct stat.st_blocks... 5 /* long */
checking for basic type of struct timeval.tv_usec... 5 /* long */
checking for basic type of struct timespec.tv_nsec... 5 /* long */
checking for basic type of struct rlimit.rlim_max... 5 /* long */
checking for basic type of struct cmsghdr.cmsg_len... 4 /* unsigned int */
checking for /dev/ptmx... no
checking for /dev/ptc... no
checking for /proc... yes
checking for /proc/*/fd... no
checking whether to include libwrap support... yes
checking for components of libwrap... configure: checked for tcpd.h... yes
checking for libwrap... yes
checking for hosts_allow_table... yes
checking for declaration of environ... no
checking for var environ... yes
configure: creating ./config.status
config.status: creating Makefile
config.status: creating config.h
===========================================================================
=======================<phase: build          >============================
===== env: NO_DEPENDS=yes USER=nobody UID=65534 GID=65534
===>  Building for socat-1.7.4.1_1
--- socat.o ---
--- xioinitialize.o ---
--- xiohelp.o ---
--- xioparam.o ---
--- xiodiag.o ---
--- xioopen.o ---
--- xioopts.o ---
--- xiosignal.o ---
--- xiosigchld.o ---
--- xioread.o ---
--- xiowrite.o ---
--- xiolayer.o ---
--- socat.o ---
cc  -O2 -pipe  -Wno-unused-comparison -fstack-protector-strong -fno-strict-aliasing  -D_GNU_SOURCE -Wall -Wno-parentheses  -DHAVE_CONFIG_H -I. -c socat.c -o socat.o
--- xioinitialize.o ---
cc  -O2 -pipe  -Wno-unused-comparison -fstack-protector-strong -fno-strict-aliasing  -D_GNU_SOURCE -Wall -Wno-parentheses  -DHAVE_CONFIG_H -I. -c xioinitialize.c -o xioinitialize.o
--- xiohelp.o ---
cc  -O2 -pipe  -Wno-unused-comparison -fstack-protector-strong -fno-strict-aliasing  -D_GNU_SOURCE -Wall -Wno-parentheses  -DHAVE_CONFIG_H -I. -c xiohelp.c -o xiohelp.o
--- xioparam.o ---
cc  -O2 -pipe  -Wno-unused-comparison -fstack-protector-strong -fno-strict-aliasing  -D_GNU_SOURCE -Wall -Wno-parentheses  -DHAVE_CONFIG_H -I. -c xioparam.c -o xioparam.o
--- xiodiag.o ---
cc  -O2 -pipe  -Wno-unused-comparison -fstack-protector-strong -fno-strict-aliasing  -D_GNU_SOURCE -Wall -Wno-parentheses  -DHAVE_CONFIG_H -I. -c xiodiag.c -o xiodiag.o
--- xioopen.o ---
cc  -O2 -pipe  -Wno-unused-comparison -fstack-protector-strong -fno-strict-aliasing  -D_GNU_SOURCE -Wall -Wno-parentheses  -DHAVE_CONFIG_H -I. -c xioopen.c -o xioopen.o
--- xioopts.o ---
cc  -O2 -pipe  -Wno-unused-comparison -fstack-protector-strong -fno-strict-aliasing  -D_GNU_SOURCE -Wall -Wno-parentheses  -DHAVE_CONFIG_H -I. -c xioopts.c -o xioopts.o
--- xiosignal.o ---
cc  -O2 -pipe  -Wno-unused-comparison -fstack-protector-strong -fno-strict-aliasing  -D_GNU_SOURCE -Wall -Wno-parentheses  -DHAVE_CONFIG_H -I. -c xiosignal.c -o xiosignal.o
--- xiosigchld.o ---
cc  -O2 -pipe  -Wno-unused-comparison -fstack-protector-strong -fno-strict-aliasing  -D_GNU_SOURCE -Wall -Wno-parentheses  -DHAVE_CONFIG_H -I. -c xiosigchld.c -o xiosigchld.o
--- xioread.o ---
cc  -O2 -pipe  -Wno-unused-comparison -fstack-protector-strong -fno-strict-aliasing  -D_GNU_SOURCE -Wall -Wno-parentheses  -DHAVE_CONFIG_H -I. -c xioread.c -o xioread.o
--- xiowrite.o ---
cc  -O2 -pipe  -Wno-unused-comparison -fstack-protector-strong -fno-strict-aliasing  -D_GNU_SOURCE -Wall -Wno-parentheses  -DHAVE_CONFIG_H -I. -c xiowrite.c -o xiowrite.o
--- xiolayer.o ---
cc  -O2 -pipe  -Wno-unused-comparison -fstack-protector-strong -fno-strict-aliasing  -D_GNU_SOURCE -Wall -Wno-parentheses  -DHAVE_CONFIG_H -I. -c xiolayer.c -o xiolayer.o
--- xioshutdown.o ---
cc  -O2 -pipe  -Wno-unused-comparison -fstack-protector-strong -fno-strict-aliasing  -D_GNU_SOURCE -Wall -Wno-parentheses  -DHAVE_CONFIG_H -I. -c xioshutdown.c -o xioshutdown.o
--- xioclose.o ---
cc  -O2 -pipe  -Wno-unused-comparison -fstack-protector-strong -fno-strict-aliasing  -D_GNU_SOURCE -Wall -Wno-parentheses  -DHAVE_CONFIG_H -I. -c xioclose.c -o xioclose.o
--- xioexit.o ---
cc  -O2 -pipe  -Wno-unused-comparison -fstack-protector-strong -fno-strict-aliasing  -D_GNU_SOURCE -Wall -Wno-parentheses  -DHAVE_CONFIG_H -I. -c xioexit.c -o xioexit.o
--- xio-process.o ---
cc  -O2 -pipe  -Wno-unused-comparison -fstack-protector-strong -fno-strict-aliasing  -D_GNU_SOURCE -Wall -Wno-parentheses  -DHAVE_CONFIG_H -I. -c xio-process.c -o xio-process.o
--- xio-fd.o ---
cc  -O2 -pipe  -Wno-unused-comparison -fstack-protector-strong -fno-strict-aliasing  -D_GNU_SOURCE -Wall -Wno-parentheses  -DHAVE_CONFIG_H -I. -c xio-fd.c -o xio-fd.o
--- xio-fdnum.o ---
cc  -O2 -pipe  -Wno-unused-comparison -fstack-protector-strong -fno-strict-aliasing  -D_GNU_SOURCE -Wall -Wno-parentheses  -DHAVE_CONFIG_H -I. -c xio-fdnum.c -o xio-fdnum.o
--- xio-stdio.o ---
cc  -O2 -pipe  -Wno-unused-comparison -fstack-protector-strong -fno-strict-aliasing  -D_GNU_SOURCE -Wall -Wno-parentheses  -DHAVE_CONFIG_H -I. -c xio-stdio.c -o xio-stdio.o
--- xio-pipe.o ---
cc  -O2 -pipe  -Wno-unused-comparison -fstack-protector-strong -fno-strict-aliasing  -D_GNU_SOURCE -Wall -Wno-parentheses  -DHAVE_CONFIG_H -I. -c xio-pipe.c -o xio-pipe.o
--- xio-gopen.o ---
cc  -O2 -pipe  -Wno-unused-comparison -fstack-protector-strong -fno-strict-aliasing  -D_GNU_SOURCE -Wall -Wno-parentheses  -DHAVE_CONFIG_H -I. -c xio-gopen.c -o xio-gopen.o
--- xio-creat.o ---
cc  -O2 -pipe  -Wno-unused-comparison -fstack-protector-strong -fno-strict-aliasing  -D_GNU_SOURCE -Wall -Wno-parentheses  -DHAVE_CONFIG_H -I. -c xio-creat.c -o xio-creat.o
--- xio-file.o ---
--- xio-named.o ---
--- xio-file.o ---
cc  -O2 -pipe  -Wno-unused-comparison -fstack-protector-strong -fno-strict-aliasing  -D_GNU_SOURCE -Wall -Wno-parentheses  -DHAVE_CONFIG_H -I. -c xio-file.c -o xio-file.o
--- xio-named.o ---
cc  -O2 -pipe  -Wno-unused-comparison -fstack-protector-strong -fno-strict-aliasing  -D_GNU_SOURCE -Wall -Wno-parentheses  -DHAVE_CONFIG_H -I. -c xio-named.c -o xio-named.o
--- xio-socket.o ---
cc  -O2 -pipe  -Wno-unused-comparison -fstack-protector-strong -fno-strict-aliasing  -D_GNU_SOURCE -Wall -Wno-parentheses  -DHAVE_CONFIG_H -I. -c xio-socket.c -o xio-socket.o
--- xio-interface.o ---
cc  -O2 -pipe  -Wno-unused-comparison -fstack-protector-strong -fno-strict-aliasing  -D_GNU_SOURCE -Wall -Wno-parentheses  -DHAVE_CONFIG_H -I. -c xio-interface.c -o xio-interface.o
--- xio-listen.o ---
--- xio-unix.o ---
--- xio-listen.o ---
cc  -O2 -pipe  -Wno-unused-comparison -fstack-protector-strong -fno-strict-aliasing  -D_GNU_SOURCE -Wall -Wno-parentheses  -DHAVE_CONFIG_H -I. -c xio-listen.c -o xio-listen.o
--- xio-unix.o ---
cc  -O2 -pipe  -Wno-unused-comparison -fstack-protector-strong -fno-strict-aliasing  -D_GNU_SOURCE -Wall -Wno-parentheses  -DHAVE_CONFIG_H -I. -c xio-unix.c -o xio-unix.o
--- xio-vsock.o ---
cc  -O2 -pipe  -Wno-unused-comparison -fstack-protector-strong -fno-strict-aliasing  -D_GNU_SOURCE -Wall -Wno-parentheses  -DHAVE_CONFIG_H -I. -c xio-vsock.c -o xio-vsock.o
--- xio-ip.o ---
cc  -O2 -pipe  -Wno-unused-comparison -fstack-protector-strong -fno-strict-aliasing  -D_GNU_SOURCE -Wall -Wno-parentheses  -DHAVE_CONFIG_H -I. -c xio-ip.c -o xio-ip.o
--- xio-ip4.o ---
cc  -O2 -pipe  -Wno-unused-comparison -fstack-protector-strong -fno-strict-aliasing  -D_GNU_SOURCE -Wall -Wno-parentheses  -DHAVE_CONFIG_H -I. -c xio-ip4.c -o xio-ip4.o
--- xio-ip6.o ---
cc  -O2 -pipe  -Wno-unused-comparison -fstack-protector-strong -fno-strict-aliasing  -D_GNU_SOURCE -Wall -Wno-parentheses  -DHAVE_CONFIG_H -I. -c xio-ip6.c -o xio-ip6.o
--- xio-ipapp.o ---
cc  -O2 -pipe  -Wno-unused-comparison -fstack-protector-strong -fno-strict-aliasing  -D_GNU_SOURCE -Wall -Wno-parentheses  -DHAVE_CONFIG_H -I. -c xio-ipapp.c -o xio-ipapp.o
--- xio-tcp.o ---
cc  -O2 -pipe  -Wno-unused-comparison -fstack-protector-strong -fno-strict-aliasing  -D_GNU_SOURCE -Wall -Wno-parentheses  -DHAVE_CONFIG_H -I. -c xio-tcp.c -o xio-tcp.o
--- xio-sctp.o ---
cc  -O2 -pipe  -Wno-unused-comparison -fstack-protector-strong -fno-strict-aliasing  -D_GNU_SOURCE -Wall -Wno-parentheses  -DHAVE_CONFIG_H -I. -c xio-sctp.c -o xio-sctp.o
--- xio-rawip.o ---
--- xio-socks.o ---
--- xio-rawip.o ---
cc  -O2 -pipe  -Wno-unused-comparison -fstack-protector-strong -fno-strict-aliasing  -D_GNU_SOURCE -Wall -Wno-parentheses  -DHAVE_CONFIG_H -I. -c xio-rawip.c -o xio-rawip.o
--- xio-socks.o ---
cc  -O2 -pipe  -Wno-unused-comparison -fstack-protector-strong -fno-strict-aliasing  -D_GNU_SOURCE -Wall -Wno-parentheses  -DHAVE_CONFIG_H -I. -c xio-socks.c -o xio-socks.o
--- xio-proxy.o ---
cc  -O2 -pipe  -Wno-unused-comparison -fstack-protector-strong -fno-strict-aliasing  -D_GNU_SOURCE -Wall -Wno-parentheses  -DHAVE_CONFIG_H -I. -c xio-proxy.c -o xio-proxy.o
--- xio-udp.o ---
--- xio-progcall.o ---
--- xio-udp.o ---
cc  -O2 -pipe  -Wno-unused-comparison -fstack-protector-strong -fno-strict-aliasing  -D_GNU_SOURCE -Wall -Wno-parentheses  -DHAVE_CONFIG_H -I. -c xio-udp.c -o xio-udp.o
--- xio-progcall.o ---
cc  -O2 -pipe  -Wno-unused-comparison -fstack-protector-strong -fno-strict-aliasing  -D_GNU_SOURCE -Wall -Wno-parentheses  -DHAVE_CONFIG_H -I. -c xio-progcall.c -o xio-progcall.o
--- xio-exec.o ---
cc  -O2 -pipe  -Wno-unused-comparison -fstack-protector-strong -fno-strict-aliasing  -D_GNU_SOURCE -Wall -Wno-parentheses  -DHAVE_CONFIG_H -I. -c xio-exec.c -o xio-exec.o
--- xio-system.o ---
cc  -O2 -pipe  -Wno-unused-comparison -fstack-protector-strong -fno-strict-aliasing  -D_GNU_SOURCE -Wall -Wno-parentheses  -DHAVE_CONFIG_H -I. -c xio-system.c -o xio-system.o
--- xio-termios.o ---
cc  -O2 -pipe  -Wno-unused-comparison -fstack-protector-strong -fno-strict-aliasing  -D_GNU_SOURCE -Wall -Wno-parentheses  -DHAVE_CONFIG_H -I. -c xio-termios.c -o xio-termios.o
--- xio-readline.o ---
--- xio-pty.o ---
--- xio-readline.o ---
cc  -O2 -pipe  -Wno-unused-comparison -fstack-protector-strong -fno-strict-aliasing  -D_GNU_SOURCE -Wall -Wno-parentheses  -DHAVE_CONFIG_H -I. -c xio-readline.c -o xio-readline.o
--- xio-pty.o ---
cc  -O2 -pipe  -Wno-unused-comparison -fstack-protector-strong -fno-strict-aliasing  -D_GNU_SOURCE -Wall -Wno-parentheses  -DHAVE_CONFIG_H -I. -c xio-pty.c -o xio-pty.o
--- xio-openssl.o ---
cc  -O2 -pipe  -Wno-unused-comparison -fstack-protector-strong -fno-strict-aliasing  -D_GNU_SOURCE -Wall -Wno-parentheses  -DHAVE_CONFIG_H -I. -c xio-openssl.c -o xio-openssl.o
--- xio-streams.o ---
cc  -O2 -pipe  -Wno-unused-comparison -fstack-protector-strong -fno-strict-aliasing  -D_GNU_SOURCE -Wall -Wno-parentheses  -DHAVE_CONFIG_H -I. -c xio-streams.c -o xio-streams.o
--- xio-ascii.o ---
cc  -O2 -pipe  -Wno-unused-comparison -fstack-protector-strong -fno-strict-aliasing  -D_GNU_SOURCE -Wall -Wno-parentheses  -DHAVE_CONFIG_H -I. -c xio-ascii.c -o xio-ascii.o
--- xiolockfile.o ---
cc  -O2 -pipe  -Wno-unused-comparison -fstack-protector-strong -fno-strict-aliasing  -D_GNU_SOURCE -Wall -Wno-parentheses  -DHAVE_CONFIG_H -I. -c xiolockfile.c -o xiolockfile.o
--- xio-tcpwrap.o ---
cc  -O2 -pipe  -Wno-unused-comparison -fstack-protector-strong -fno-strict-aliasing  -D_GNU_SOURCE -Wall -Wno-parentheses  -DHAVE_CONFIG_H -I. -c xio-tcpwrap.c -o xio-tcpwrap.o
--- xio-fs.o ---
cc  -O2 -pipe  -Wno-unused-comparison -fstack-protector-strong -fno-strict-aliasing  -D_GNU_SOURCE -Wall -Wno-parentheses  -DHAVE_CONFIG_H -I. -c xio-fs.c -o xio-fs.o
--- xio-tun.o ---
cc  -O2 -pipe  -Wno-unused-comparison -fstack-protector-strong -fno-strict-aliasing  -D_GNU_SOURCE -Wall -Wno-parentheses  -DHAVE_CONFIG_H -I. -c xio-tun.c -o xio-tun.o
--- error.o ---
cc  -O2 -pipe  -Wno-unused-comparison -fstack-protector-strong -fno-strict-aliasing  -D_GNU_SOURCE -Wall -Wno-parentheses  -DHAVE_CONFIG_H -I. -c error.c -o error.o
--- dalan.o ---
--- procan.o ---
--- dalan.o ---
cc  -O2 -pipe  -Wno-unused-comparison -fstack-protector-strong -fno-strict-aliasing  -D_GNU_SOURCE -Wall -Wno-parentheses  -DHAVE_CONFIG_H -I. -c dalan.c -o dalan.o
--- procan.o ---
cc  -O2 -pipe  -Wno-unused-comparison -fstack-protector-strong -fno-strict-aliasing  -D_GNU_SOURCE -Wall -Wno-parentheses  -DHAVE_CONFIG_H -I. -c procan.c -o procan.o
--- procan-cdefs.o ---
cc  -O2 -pipe  -Wno-unused-comparison -fstack-protector-strong -fno-strict-aliasing  -D_GNU_SOURCE -Wall -Wno-parentheses  -DHAVE_CONFIG_H -I. -c procan-cdefs.c -o procan-cdefs.o
--- hostan.o ---
cc  -O2 -pipe  -Wno-unused-comparison -fstack-protector-strong -fno-strict-aliasing  -D_GNU_SOURCE -Wall -Wno-parentheses  -DHAVE_CONFIG_H -I. -c hostan.c -o hostan.o
--- xio-pty.o ---
xio-pty.c:41:10: warning: unused variable 'tn' [-Wunused-variable]
   char *tn = NULL;
         ^
1 warning generated.
--- fdname.o ---
--- sysutils.o ---
--- fdname.o ---
cc  -O2 -pipe  -Wno-unused-comparison -fstack-protector-strong -fno-strict-aliasing  -D_GNU_SOURCE -Wall -Wno-parentheses  -DHAVE_CONFIG_H -I. -c fdname.c -o fdname.o
--- sysutils.o ---
cc  -O2 -pipe  -Wno-unused-comparison -fstack-protector-strong -fno-strict-aliasing  -D_GNU_SOURCE -Wall -Wno-parentheses  -DHAVE_CONFIG_H -I. -c sysutils.c -o sysutils.o
--- utils.o ---
cc  -O2 -pipe  -Wno-unused-comparison -fstack-protector-strong -fno-strict-aliasing  -D_GNU_SOURCE -Wall -Wno-parentheses  -DHAVE_CONFIG_H -I. -c utils.c -o utils.o
--- nestlex.o ---
--- vsnprintf_r.o ---
--- nestlex.o ---
cc  -O2 -pipe  -Wno-unused-comparison -fstack-protector-strong -fno-strict-aliasing  -D_GNU_SOURCE -Wall -Wno-parentheses  -DHAVE_CONFIG_H -I. -c nestlex.c -o nestlex.o
--- vsnprintf_r.o ---
cc  -O2 -pipe  -Wno-unused-comparison -fstack-protector-strong -fno-strict-aliasing  -D_GNU_SOURCE -Wall -Wno-parentheses  -DHAVE_CONFIG_H -I. -c vsnprintf_r.c -o vsnprintf_r.o
--- snprinterr.o ---
--- filan.o ---
--- snprinterr.o ---
cc  -O2 -pipe  -Wno-unused-comparison -fstack-protector-strong -fno-strict-aliasing  -D_GNU_SOURCE -Wall -Wno-parentheses  -DHAVE_CONFIG_H -I. -c snprinterr.c -o snprinterr.o
--- filan.o ---
cc  -O2 -pipe  -Wno-unused-comparison -fstack-protector-strong -fno-strict-aliasing  -D_GNU_SOURCE -Wall -Wno-parentheses  -DHAVE_CONFIG_H -I. -c filan.c -o filan.o
--- sycls.o ---
cc  -O2 -pipe  -Wno-unused-comparison -fstack-protector-strong -fno-strict-aliasing  -D_GNU_SOURCE -Wall -Wno-parentheses  -DHAVE_CONFIG_H -I. -c sycls.c -o sycls.o
--- sslcls.o ---
cc  -O2 -pipe  -Wno-unused-comparison -fstack-protector-strong -fno-strict-aliasing  -D_GNU_SOURCE -Wall -Wno-parentheses  -DHAVE_CONFIG_H -I. -c sslcls.c -o sslcls.o
--- procan_main.o ---
cc  -O2 -pipe  -Wno-unused-comparison -fstack-protector-strong -fno-strict-aliasing  -D_GNU_SOURCE -Wall -Wno-parentheses  -DHAVE_CONFIG_H -I. -c procan_main.c -o procan_main.o
--- filan_main.o ---
cc  -O2 -pipe  -Wno-unused-comparison -fstack-protector-strong -fno-strict-aliasing  -D_GNU_SOURCE -Wall -Wno-parentheses  -DHAVE_CONFIG_H -I. -c filan_main.c -o filan_main.o
--- procan ---
--- filan ---
--- libxio.a ---
--- procan ---
cc -O2 -pipe  -Wno-unused-comparison -fstack-protector-strong -fno-strict-aliasing  -D_GNU_SOURCE -Wall -Wno-parentheses  -DHAVE_CONFIG_H -I. -fstack-protector-strong -o procan procan_main.o procan.o procan-cdefs.o hostan.o error.o sycls.o sysutils.o utils.o vsnprintf_r.o snprinterr.o -lwrap -lrt -lutil  -lssl -lcrypto
--- filan ---
cc -O2 -pipe  -Wno-unused-comparison -fstack-protector-strong -fno-strict-aliasing  -D_GNU_SOURCE -Wall -Wno-parentheses  -DHAVE_CONFIG_H -I. -fstack-protector-strong -o filan filan_main.o filan.o fdname.o error.o sycls.o sysutils.o utils.o vsnprintf_r.o snprinterr.o -lwrap -lrt -lutil  -lssl -lcrypto
--- libxio.a ---
ar r libxio.a xioinitialize.o xiohelp.o xioparam.o xiodiag.o xioopen.o xioopts.o xiosignal.o xiosigchld.o xioread.o xiowrite.o xiolayer.o xioshutdown.o xioclose.o xioexit.o xio-process.o xio-fd.o xio-fdnum.o xio-stdio.o xio-pipe.o xio-gopen.o xio-creat.o xio-file.o xio-named.o xio-socket.o xio-interface.o xio-listen.o xio-unix.o xio-vsock.o xio-ip.o xio-ip4.o xio-ip6.o xio-ipapp.o xio-tcp.o xio-sctp.o xio-rawip.o xio-socks.o xio-proxy.o xio-udp.o xio-progcall.o xio-exec.o xio-system.o xio-termios.o xio-readline.o xio-pty.o xio-openssl.o xio-streams.o xio-ascii.o xiolockfile.o xio-tcpwrap.o xio-fs.o xio-tun.o error.o dalan.o procan.o procan-cdefs.o hostan.o fdname.o sysutils.o utils.o nestlex.o vsnprintf_r.o snprinterr.o filan.o sycls.o sslcls.o
ar: warning: creating libxio.a
ranlib libxio.a
--- socat ---
cc -O2 -pipe  -Wno-unused-comparison -fstack-protector-strong -fno-strict-aliasing  -D_GNU_SOURCE -Wall -Wno-parentheses  -DHAVE_CONFIG_H -I. -fstack-protector-strong -o socat socat.o libxio.a -lwrap -lrt -lutil  -lssl -lcrypto
===========================================================================
=======================<phase: run-depends    >============================
===== env: USE_PACKAGE_DEPENDS_ONLY=1 USER=root UID=0 GID=0
===========================================================================
=======================<phase: stage          >============================
===== env: NO_DEPENDS=yes USER=nobody UID=65534 GID=65534
===>  Staging for socat-1.7.4.1_1
===>   Generating temporary packing list
install  -s -m 555 /wrkdirs/usr/ports/net/socat/work/socat-1.7.4.1/filan /wrkdirs/usr/ports/net/socat/work/stage/usr/local/bin
install  -s -m 555 /wrkdirs/usr/ports/net/socat/work/socat-1.7.4.1/procan /wrkdirs/usr/ports/net/socat/work/stage/usr/local/bin
install  -s -m 555 /wrkdirs/usr/ports/net/socat/work/socat-1.7.4.1/socat /wrkdirs/usr/ports/net/socat/work/stage/usr/local/bin
install  -m 444 /wrkdirs/usr/ports/net/socat/work/socat-1.7.4.1/doc/socat.1 /wrkdirs/usr/ports/net/socat/work/stage/usr/local/man/man1
cd /wrkdirs/usr/ports/net/socat/work/socat-1.7.4.1 && install  -m 0644 EXAMPLES README SECURITY FAQ /wrkdirs/usr/ports/net/socat/work/stage/usr/local/share/doc/socat
install  -m 0644 /usr/ports/net/socat/files/socat-instances.conf.sample /wrkdirs/usr/ports/net/socat/work/stage/usr/local/etc
====> Compressing man pages (compress-man)
===> Staging rc.d startup script(s)
===========================================================================
=======================<phase: package        >============================
===== env: 'PKG_NOTES=build_timestamp ports_top_git_hash ports_top_checkout_unclean port_git_hash port_checkout_unclean built_by' 'PKG_NOTE_build_timestamp=2021-10-18T20:32:11+0000' 'PKG_NOTE_ports_top_git_hash=af67f424b' 'PKG_NOTE_ports_top_checkout_unclean=no' 'PKG_NOTE_port_git_hash=af67f424b' 'PKG_NOTE_port_checkout_unclean=no' 'PKG_NOTE_built_by=poudriere-git-3.3.0-1019-gef452659' NO_DEPENDS=yes USER=nobody UID=65534 GID=65534
===>  Building package for socat-1.7.4.1_1
install -l rs /.npkg/All/socat-1.7.4.1_1.pkg /.npkg/All/socat-1.7.4.1_1.txz
===========================================================================
=>> Cleaning up wrkdir
===>  Cleaning for socat-1.7.4.1_1
build of net/socat | socat-1.7.4.1_1 ended at Mon Oct 18 23:32:22 EAT 2021
build time: 00:00:11
