=>> Building www/squidguard
build started at Mon Oct 18 23:31:54 EAT 2021
port directory: /usr/ports/www/squidguard
package name: squidGuard-1.4_15
building for: FreeBSD Cygate_v2_5_0_amd64-Cygate_devel-job-02 12.3-PRERELEASE FreeBSD 12.3-PRERELEASE 1202508 amd64
maintained by: garga@FreeBSD.org
Makefile datestamp: -rw-r--r--  1 root  wheel  4022 Oct 18 18:59 /usr/ports/www/squidguard/Makefile
Ports top last git commit: af67f424b
Ports top unclean checkout: no
Port dir last git commit: af67f424b
Port dir unclean checkout: no
Poudriere version: poudriere-git-3.3.0-1019-gef452659
Host OSVERSION: 1202000
Jail OSVERSION: 1202508
Job Id: 02




!!! Jail is newer than host. (Jail: 1202508, Host: 1202000) !!!
!!! This is not supported. !!!
!!! Host kernel must be same or newer than jail. !!!
!!! Expect build failures. !!!



---Begin Environment---
SHELL=/bin/csh
OSVERSION=1202508
UNAME_v=FreeBSD 12.3-PRERELEASE 1202508
UNAME_r=12.3-PRERELEASE
BLOCKSIZE=K
MAIL=/var/mail/root
STATUS=1
HOME=/root
PATH=/sbin:/bin:/usr/sbin:/usr/bin:/usr/local/sbin:/usr/local/bin:/root/bin
LOCALBASE=/usr/local
USER=root
POUDRIERE_NAME=poudriere-git
LIBEXECPREFIX=/usr/local/libexec/poudriere
POUDRIERE_VERSION=3.3.0-1019-gef452659
MASTERMNT=/usr/local/poudriere/data/.m/Cygate_v2_5_0_amd64-Cygate_devel/ref
LC_COLLATE=C
POUDRIERE_BUILD_TYPE=bulk
PACKAGE_BUILDING=yes
SAVED_TERM=xterm-256color
GID=0
OUTPUT_REDIRECTED_STDERR=4
OUTPUT_REDIRECTED=1
UID=0
PWD=/usr/local/poudriere/data/.m/Cygate_v2_5_0_amd64-Cygate_devel/02/.p
OUTPUT_REDIRECTED_STDOUT=3
P_PORTS_FEATURES=FLAVORS SELECTED_OPTIONS
MASTERNAME=Cygate_v2_5_0_amd64-Cygate_devel
SCRIPTPREFIX=/usr/local/share/poudriere
SCRIPTNAME=bulk.sh
OLDPWD=/usr/local/poudriere/data/.m/Cygate_v2_5_0_amd64-Cygate_devel/ref/.p/pool
POUDRIERE_PKGNAME=poudriere-git-3.3.0-1019-gef452659
SCRIPTPATH=/usr/local/share/poudriere/bulk.sh
POUDRIEREPATH=/usr/local/bin/poudriere
---End Environment---

---Begin Poudriere Port Flags/Env---
PORT_FLAGS=
PKGENV=
FLAVOR=
DEPENDS_ARGS=
MAKE_ARGS=
---End Poudriere Port Flags/Env---

---Begin OPTIONS List---
===> The following configuration options are available for squidGuard-1.4_15:
     DNS_BL=on: Enable DNS based blacklists
     DOCS=off: Build and/or install documentation
     EXAMPLES=off: Install sample blacklists
     LDAP=on: LDAP protocol support
     QUOTE_STRING=off: Add quoted string patch
     STRIP_NTDOMAIN=on: Add options to strip NT domain and krb realm
===> Use 'make config' to modify these settings
---End OPTIONS List---

--MAINTAINER--
garga@FreeBSD.org
--End MAINTAINER--

--CONFIGURE_ARGS--
--with-db-inc=/usr/local/include/db5  --with-db-lib=/usr/local/lib/db5  --with-sg-config=/usr/local/etc/squid/squidGuard.conf  --with-sg-dbhome=/var/db/squidGuard  --with-sg-logdir=/var/log/squidGuard  --with-squiduser=squid  --exec-prefix=/usr/local --with-ldap --prefix=/usr/local ${_LATE_CONFIGURE_ARGS}
--End CONFIGURE_ARGS--

--CONFIGURE_ENV--
XDG_DATA_HOME=/wrkdirs/usr/ports/www/squidguard/work  XDG_CONFIG_HOME=/wrkdirs/usr/ports/www/squidguard/work  XDG_CACHE_HOME=/wrkdirs/usr/ports/www/squidguard/work/.cache  HOME=/wrkdirs/usr/ports/www/squidguard/work TMPDIR="/tmp" PATH=/wrkdirs/usr/ports/www/squidguard/work/.bin:/sbin:/bin:/usr/sbin:/usr/bin:/usr/local/sbin:/usr/local/bin:/root/bin SHELL=/bin/sh CONFIG_SHELL=/bin/sh CONFIG_SITE=/usr/ports/Templates/config.site lt_cv_sys_max_cmd_len=524288
--End CONFIGURE_ENV--

--MAKE_ENV--
XDG_DATA_HOME=/wrkdirs/usr/ports/www/squidguard/work  XDG_CONFIG_HOME=/wrkdirs/usr/ports/www/squidguard/work  XDG_CACHE_HOME=/wrkdirs/usr/ports/www/squidguard/work/.cache  HOME=/wrkdirs/usr/ports/www/squidguard/work TMPDIR="/tmp" PATH=/wrkdirs/usr/ports/www/squidguard/work/.bin:/sbin:/bin:/usr/sbin:/usr/bin:/usr/local/sbin:/usr/local/bin:/root/bin NO_PIE=yes MK_DEBUG_FILES=no MK_KERNEL_SYMBOLS=no SHELL=/bin/sh NO_LINT=YES PREFIX=/usr/local  LOCALBASE=/usr/local  CC="cc" CFLAGS="-O2 -pipe  -fstack-protector-strong -DLDAP_DEPRECATED -fno-strict-aliasing "  CPP="cpp" CPPFLAGS="-I/usr/local/include -I/usr/local/include -fcommon"  LDFLAGS=" -L/usr/local/lib -fstack-protector-strong " LIBS=""  CXX="c++" CXXFLAGS="-O2 -pipe -fstack-protector-strong -DLDAP_DEPRECATED -fno-strict-aliasing  "  MANPREFIX="/usr/local" BSD_INSTALL_PROGRAM="install  -s -m 555"  BSD_INSTALL_LIB="install  -s -m 0644"  BSD_INSTALL_SCRIPT="install  -m 555"  BSD_INSTALL_DATA="install  -m 0644"  BSD_INSTALL_MAN="install  -m 444"
--End MAKE_ENV--

--PLIST_SUB--
SQUID_UID='squid' SQUID_GID='squid' LOGDIR="/var/log/squidGuard" PORTDOCS="@comment " PORTEXAMPLES="@comment " DNS_BL="" NO_DNS_BL="@comment " DOCS="@comment " NO_DOCS="" EXAMPLES="@comment " NO_EXAMPLES="" LDAP="" NO_LDAP="@comment " QUOTE_STRING="@comment " NO_QUOTE_STRING="" STRIP_NTDOMAIN="" NO_STRIP_NTDOMAIN="@comment " OSREL=12.3 PREFIX=%D LOCALBASE=/usr/local  RESETPREFIX=/usr/local LIB32DIR=lib DOCSDIR="share/doc/squidGuard"  EXAMPLESDIR="share/examples/squidGuard"  DATADIR="/var/db/squidGuard"  WWWDIR="www/squidGuard"  ETCDIR="etc/squid"
--End PLIST_SUB--

--SUB_LIST--
PORTNAME=squidGuard DNS_BL="" NO_DNS_BL="@comment " DOCS="@comment " NO_DOCS="" EXAMPLES="@comment " NO_EXAMPLES="" LDAP="" NO_LDAP="@comment " QUOTE_STRING="@comment " NO_QUOTE_STRING="" STRIP_NTDOMAIN="" NO_STRIP_NTDOMAIN="@comment " PREFIX=/usr/local LOCALBASE=/usr/local  DATADIR=/var/db/squidGuard DOCSDIR=/usr/local/share/doc/squidGuard EXAMPLESDIR=/usr/local/share/examples/squidGuard  WWWDIR=/usr/local/www/squidGuard ETCDIR=/usr/local/etc/squid
--End SUB_LIST--

---Begin make.conf---
USE_PACKAGE_DEPENDS=yes
BATCH=yes
WRKDIRPREFIX=/wrkdirs
PORTSDIR=/usr/ports
PACKAGES=/packages
DISTDIR=/distfiles
FORCE_PACKAGE=yes
PACKAGE_BUILDING=yes
PACKAGE_BUILDING_FLAVORS=yes
#### /usr/local/etc/poudriere.d/Cygate_devel-make.conf ####
ALLOW_UNSUPPORTED_SYSTEM=yes

# Define pfSense repos
PFSENSE_REPOS=	Cygate-repo Cygate-repo-devel Cygate-repo-245

# Used by pfSense-upgrade port to set pkg_set_version
PFSENSE_PKG_SET_VERSION=	2.6.0-DEVELOPMENT

# Generic options
OPTIONS_UNSET_FORCE=	DOCS DOXYGEN EXAMPLES INFO MAN MANPAGES X11

# Individual ports options
.if ${.CURDIR:N*net/quagga*}=="" || ${.CURDIR:N*net/frr*}==""
CUR_ARCH!=	/usr/bin/uname -p
. if ${CUR_ARCH} == "armv7"
WITH_DEBUG=yes
. endif
.endif

.if ${.CURDIR:N*net/frr*}==""
ETCDIR=	/var/etc/frr
.endif

DEFAULT_VERSIONS=	php=74 ssl=base
PHP_FD_SETSIZE=		3172

. if ${.CURDIR:N*sysutils/check_reload_status*}==""
WITH_DEBUG=	yes
. endif

# Options for packages

# databases
databases_rrdtool_UNSET_FORCE=	PYTHON_MODULE RUBY_MODULE PERL_MODULE DEJAVU GRAPH

# devel
devel_git_UNSET_FORCE=CVS GITWEB GUI HTMLDOCS P4 SVN CONTRIB PERL ETCSHELLS

# dns
dns_dnsmasq_UNSET_FORCE=	DNSSEC

dns_unbound_SET_FORCE=	LIBEVENT PYTHON
dns_unbound112_SET_FORCE=	LIBEVENT PYTHON

dns_bind916_SET_FORCE=DLZ_FILESYSTEM FILTER_AAAA IPV6 LINKS RRL SIGCHASE SSL THREADS GSSAPI_NONE
dns_bind916_UNSET_FORCE=FIXED_RRSET IDN LARGE_FILE LMDB

# emulators
emulators_open-vm-tools_UNSET_FORCE=DOCS FUSE LIBNOTIFY X11

# graphics
graphics_cairo_UNSET_FORCE=X11 XCB OPENGL

graphics_gd_SET_FORCE=ICONV
graphics_gd_UNSET_FORCE=FONTCONFIG XPM

graphics_graphviz_SET_FORCE=ICONV NLS
graphics_graphviz_UNSET_FORCE=DIGCOLA IPSEPCOLA PANGOCAIRO XPM

# lang
lang_gcc_UNSET_FORCE=JAVA

# mail
mail_pear-Mail_SET_FORCE=	PEAR_NET_SMTP

# net
net_freeradius3_SET_FORCE=EXPERIMENTAL HEIMDAL LDAP MYSQL PERL PGSQL PYTHON SQLITE3

net_frr7_SET_FORCE=SNMP

net_haproxy18_SET_FORCE=OPENSSL SPCRE LUA
net_haproxy18_UNSET_FORCE=DPCRE

net_haproxy_SET_FORCE=OPENSSL SPCRE LUA PROMEX
net_haproxy_UNSET_FORCE=DPCRE

net_haproxy-devel_SET_FORCE=OPENSSL SPCRE LUA
net_haproxy-devel_UNSET_FORCE=DPCRE

net_libpcap_SET_FORCE=IPV6
net_libpcap_UNSET_FORCE=DAG

net_miniupnpd_SET_FORCE=	PF_FILTER_RULES IPV6 CHECK_PORTINUSE

net_mtr_UNSET_FORCE=X11

net_nss_ldap_UNSET_FORCE=SASL KERBEROS

net_ntp_UNSET_FORCE=	PERL_UTILS

# net-mgmt
net-mgmt_net-snmp_SET_FORCE=IPV6 MFD_REWRITES TLS
net-mgmt_net-snmp_UNSET_FORCE=AX_DISABLE_TRAP AX_SOCKONLY DOCS DUMMY JAIL MYSQL PYTHON SMUX TKMIB UNPRIVILEGED

net-mgmt_zabbix3-agent_SET_FORCE=IPV6

net-mgmt_zabbix3-proxy_SET_FORCE=IPMI IPV6 LIBXML2 SQLITE SSH
net-mgmt_zabbix3-proxy_UNSET_FORCE=MYSQL

net-mgmt_zabbix4-agent_SET_FORCE=IPV6

net-mgmt_zabbix4-proxy_SET_FORCE=IPMI IPV6 LIBXML2 SQLITE SSH
net-mgmt_zabbix4-proxy_UNSET_FORCE=MYSQL

net-mgmt_zabbix44-agent_SET_FORCE=IPV6

net-mgmt_zabbix44-proxy_SET_FORCE=IPMI IPV6 LIBXML2 SQLITE SSH
net-mgmt_zabbix44-proxy_UNSET_FORCE=MYSQL

net-mgmt_zabbix5-agent_SET_FORCE=IPV6

net-mgmt_zabbix5-proxy_SET_FORCE=IPMI IPV6 LIBXML2 SQLITE SSH
net-mgmt_zabbix5-proxy_UNSET_FORCE=MYSQL

net-mgmt_zabbix52-agent_SET_FORCE=IPV6

net-mgmt_zabbix52-proxy_SET_FORCE=IPMI IPV6 LIBXML2 SQLITE SSH
net-mgmt_zabbix52-proxy_UNSET_FORCE=MYSQL

net-mgmt_zabbix54-agent_SET_FORCE=IPV6

net-mgmt_zabbix54-proxy_SET_FORCE=IPMI IPV6 LIBXML2 SQLITE SSH
net-mgmt_zabbix54-proxy_UNSET_FORCE=MYSQL

# security
security_ca_root_nss_SET_FORCE=	ETCSYMLINK

security_opensc_SET_FORCE=	PCSC
security_opensc_UNSET_FORCE=	DOCS MANPAGES

security_openvpn_SET_FORCE=	X509ALTUSERNAME ASYNC_PUSH
security_openvpn_UNSET_FORCE=	EASYRSA

shells_scponly_SET_FORCE=CHROOT SCP WILDCARDS WINSCP
shells_scponly_UNSET_FORCE=DEFAULT_CHDIR DOCS GFTP RSYNC SVN SVNSERVE UNISON

security_sudo_SET_FORCE=LDAP

security_snort_SET_FORCE=APPID COREDUMPS GRE IPV6 NORMALIZER PERFPROFILE SOURCEFIRE
security_snort_UNSET_FORCE=BARNYARD FILEINSPECT HA PULLEDPORK

.if ${.CURDIR:N*security/snort3*}==""
CUR_ARCH!=  /usr/bin/uname -p
.if ${CUR_ARCH} == "armv7" || ${CUR_ARCH} == "aarch64"
security_snort3_SET_FORCE=LARGEPCAP STATICDAQ
security_snort3_UNSET_FORCE=HYPERSCAN TSC
else
security_snort3_SET_FORCE=LARGEPCAP STATICDAQ HYPERSCAN
.endif
.endif

security_strongswan_SET_FORCE=	CURL EAPDYNAMIC EAPRADIUS EAPSIMFILE \
			IKEv1 UNBOUND XAUTH IPSECKEY PKCS11 PKI UNITY VICI VSTR SWANCTL
security_strongswan_UNSET_FORCE=	EAPAKA3GPP2 BUILTIN LIBC SMP

security_suricata_SET_FORCE=GEOIP HTP_PORT IPFW JSON LUAJIT NSS PORTS_PCAP NETMAP HYPERSCAN REDIS
security_suricata4_SET_FORCE=GEOIP HTP_PORT IPFW JSON LUAJIT NSS PORTS_PCAP NETMAP HYPERSCAN REDIS
.if ${.CURDIR:N*security/suricata*}==""
CUR_ARCH!=	/usr/bin/uname -p
NATIVE_BUILD!=	/sbin/sysctl -qn kern.supported_archs | grep -q ${CUR_ARCH} && echo yes || /usr/bin/true
.if ${NATIVE_BUILD} != "yes"
security_suricata_UNSET_FORCE=LUA PRELUDE SC TESTS RUST
security_suricata4_UNSET_FORCE=LUA PRELUDE SC TESTS RUST
.else
security_suricata_UNSET_FORCE=LUA PRELUDE SC TESTS
security_suricata4_UNSET_FORCE=LUA PRELUDE SC TESTS
.endif
.endif

security_xinetd_UNSET_FORCE=	XCONV

# sysutils
sysutils_apcupsd_SET_FORCE=APCDUMB_DRV APCSMART_DRV PCNET_DRV SNMP_DRV TCP_WRAPPERS USB
sysutils_apcupsd_UNSET_FORCE=CGI CLIENT_ONLY GAPCMON SNMP_DRV_OLD TEST_DRV

sysutils_flashrom_UNSET_FORCE=	FTDI BUSPIRATE

sysutils_pftop_SET_FORCE=ALTQ

sysutils_syslog-ng_SET_FORCE=	SYS_SSL
sysutils_syslog-ng_UNSET_FORCE=	PORTS_SSL

# www
www_c-icap_SET_FORCE=LARGE_FILES
www_c-icap_UNSET_FORCE=IPV6

www_lightsquid_SET_FORCE=GD

www_lighttpd_SET_FORCE=	NODELAY

www_nginx_SET_FORCE=	LUA

www_squid_SET_FORCE=ARP_ACL AUTH_LDAP AUTH_NIS AUTH_SASL CACHE_DIGESTS DELAY_POOLS FOLLOW_XFF FS_AUFS FS_DISKD GSSAPI_MIT HTCP ICAP ICMP IDENT IPV6 KQUEUE LARGEFILE LAX_HTTP SNMP SSL SSL_CRTD TP_PF WCCP WCCPV2
www_squid_UNSET_FORCE=AUTH_SMB AUTH_SQL DEBUG DNS_HELPER ECAP ESI FS_ROCK GSSAPI_NONE GSSAPI_BASE GSSAPI_HEIMDAL STACKTRACES TP_IPF TP_IPFW VIA_DB

www_squidguard_SET_FORCE=DNS_BL LDAP STRIP_NTDOMAIN
www_squidguard_UNSET_FORCE=QUOTE_STRING

www_e2guardian_SET_FORCE=ICAP NTLM SSL_MITM

PKG_REPO_BRANCH_DEVEL=v2_5_0
PKG_REPO_BRANCH_RELEASE=v2_5_2
PKG_REPO_SERVER_DEVEL=pkg+http://10.42.0.2/packages
PKG_REPO_SERVER_RELEASE=pkg+http://10.42.0.2/packages
POUDRIERE_PORTS_NAME=Cygate_devel
PFSENSE_DEFAULT_REPO=Cygate-repo-devel
PRODUCT_NAME=Cygate
REPO_BRANCH_PREFIX=
#### Misc Poudriere ####
.include "/etc/make.conf.ports_env"
---End make.conf---
--Resource limits--
cpu time               (seconds, -t)  unlimited
file size           (512-blocks, -f)  unlimited
data seg size           (kbytes, -d)  33554432
stack size              (kbytes, -s)  524288
core file size      (512-blocks, -c)  unlimited
max memory size         (kbytes, -m)  unlimited
locked memory           (kbytes, -l)  unlimited
max user processes              (-u)  19414
open files                      (-n)  9000
virtual mem size        (kbytes, -v)  8388608
swap limit              (kbytes, -w)  unlimited
socket buffer size       (bytes, -b)  unlimited
pseudo-terminals                (-p)  unlimited
kqueues                         (-k)  unlimited
umtx shared locks               (-o)  unlimited
--End resource limits--
=======================<phase: check-sanity   >============================
===== env: NO_DEPENDS=yes USER=nobody UID=65534 GID=65534
===>  License GPLv2 accepted by the user
===========================================================================
=======================<phase: pkg-depends    >============================
===== env: USE_PACKAGE_DEPENDS_ONLY=1 USER=root UID=0 GID=0
===>   squidGuard-1.4_15 depends on file: /usr/local/sbin/pkg - not found
===>   Installing existing package /packages/All/pkg-1.17.2.pkg
[Cygate_v2_5_0_amd64-Cygate_devel-job-02] Installing pkg-1.17.2...
[Cygate_v2_5_0_amd64-Cygate_devel-job-02] Extracting pkg-1.17.2: .......... done
===>   squidGuard-1.4_15 depends on file: /usr/local/sbin/pkg - found
===>   Returning to build of squidGuard-1.4_15
===========================================================================
=======================<phase: fetch-depends  >============================
===== env: USE_PACKAGE_DEPENDS_ONLY=1 USER=root UID=0 GID=0
===========================================================================
=======================<phase: fetch          >============================
===== env: NO_DEPENDS=yes USER=root UID=0 GID=0
===>  License GPLv2 accepted by the user
===>  SQUID_UID is set to "squid" and SQUID_GID is set to "squid".
      To change this specify them with your make arguments, e.g.
      make SQUID_UID=nobody SQUID_GID=nogroup
===> Fetching all distfiles required by squidGuard-1.4_15 for building
===========================================================================
=======================<phase: checksum       >============================
===== env: NO_DEPENDS=yes USER=root UID=0 GID=0
===>  License GPLv2 accepted by the user
===>  SQUID_UID is set to "squid" and SQUID_GID is set to "squid".
      To change this specify them with your make arguments, e.g.
      make SQUID_UID=nobody SQUID_GID=nogroup
===> Fetching all distfiles required by squidGuard-1.4_15 for building
=> SHA256 Checksum OK for squidGuard-1.4.tar.gz.
=> SHA256 Checksum OK for squidGuard-1.4-quoted_string_support.diff.
=> SHA256 Checksum OK for squidGuard-1.4-dnsbl.patch.
===========================================================================
=======================<phase: extract-depends>============================
===== env: USE_PACKAGE_DEPENDS_ONLY=1 USER=root UID=0 GID=0
===========================================================================
=======================<phase: extract        >============================
===== env: NO_DEPENDS=yes USER=nobody UID=65534 GID=65534
===>  License GPLv2 accepted by the user
===>  SQUID_UID is set to "squid" and SQUID_GID is set to "squid".
      To change this specify them with your make arguments, e.g.
      make SQUID_UID=nobody SQUID_GID=nogroup
===> Fetching all distfiles required by squidGuard-1.4_15 for building
===>  Extracting for squidGuard-1.4_15
=> SHA256 Checksum OK for squidGuard-1.4.tar.gz.
=> SHA256 Checksum OK for squidGuard-1.4-quoted_string_support.diff.
=> SHA256 Checksum OK for squidGuard-1.4-dnsbl.patch.
===========================================================================
=======================<phase: patch-depends  >============================
===== env: USE_PACKAGE_DEPENDS_ONLY=1 USER=root UID=0 GID=0
===========================================================================
=======================<phase: patch          >============================
===== env: NO_DEPENDS=yes USER=nobody UID=65534 GID=65534
===>  Patching for squidGuard-1.4_15
===>  Applying extra patch /portdistfiles/squidGuard-1.4-dnsbl.patch with -p1
===>  Applying extra patch /usr/ports/www/squidguard/files/extra-patch-strip.diff with -p0
===>  Applying extra patch /usr/ports/www/squidguard/files/extra-patch-strip-without-quoted_string.diff
===>  Applying FreeBSD patches for squidGuard-1.4_15 from /usr/ports/www/squidguard/files
===========================================================================
=======================<phase: build-depends  >============================
===== env: USE_PACKAGE_DEPENDS_ONLY=1 USER=root UID=0 GID=0
===========================================================================
=======================<phase: lib-depends    >============================
===== env: USE_PACKAGE_DEPENDS_ONLY=1 USER=root UID=0 GID=0
===>   squidGuard-1.4_15 depends on shared library: libdb-5.3.so - not found
===>   Installing existing package /packages/All/db5-5.3.28_7.pkg
[Cygate_v2_5_0_amd64-Cygate_devel-job-02] Installing db5-5.3.28_7...
[Cygate_v2_5_0_amd64-Cygate_devel-job-02] Extracting db5-5.3.28_7: .......... done
===>   squidGuard-1.4_15 depends on shared library: libdb-5.3.so - found (/usr/local/lib/libdb-5.3.so)
===>   Returning to build of squidGuard-1.4_15
===>   squidGuard-1.4_15 depends on shared library: libldap-2.4.so.2 - not found
===>   Installing existing package /packages/All/openldap24-client-2.4.59_2.pkg
[Cygate_v2_5_0_amd64-Cygate_devel-job-02] Installing openldap24-client-2.4.59_2...
[Cygate_v2_5_0_amd64-Cygate_devel-job-02] `-- Installing cyrus-sasl-2.1.27_2...
*** Added group `cyrus' (id 60)
*** Added user `cyrus' (id 60)
[Cygate_v2_5_0_amd64-Cygate_devel-job-02] `-- Extracting cyrus-sasl-2.1.27_2: .......... done
[Cygate_v2_5_0_amd64-Cygate_devel-job-02] Extracting openldap24-client-2.4.59_2: .......... done
=====
Message from cyrus-sasl-2.1.27_2:

--
You can use sasldb2 for authentication, to add users use:

	saslpasswd2 -c username

If you want to enable SMTP AUTH with the system Sendmail, read
Sendmail.README

NOTE: This port has been compiled with a default pwcheck_method of
      auxprop.  If you want to authenticate your user by /etc/passwd,
      PAM or LDAP, install ports/security/cyrus-sasl2-saslauthd and
      set sasl_pwcheck_method to saslauthd after installing the
      Cyrus-IMAPd 2.X port.  You should also check the
      /usr/local/lib/sasl2/*.conf files for the correct
      pwcheck_method.
      If you want to use GSSAPI mechanism, install
      ports/security/cyrus-sasl2-gssapi.
      If you want to use SRP mechanism, install
      ports/security/cyrus-sasl2-srp.
      If you want to use LDAP auxprop plugin, install
      ports/security/cyrus-sasl2-ldapdb.
=====
Message from openldap24-client-2.4.59_2:

--
The OpenLDAP client package has been successfully installed.

Edit
  /usr/local/etc/openldap/ldap.conf
to change the system-wide client defaults.

Try `man ldap.conf' and visit the OpenLDAP FAQ-O-Matic at
  http://www.OpenLDAP.org/faq/index.cgi?file=3
for more information.
===>   squidGuard-1.4_15 depends on shared library: libldap-2.4.so.2 - found (/usr/local/lib/libldap-2.4.so.2)
===>   Returning to build of squidGuard-1.4_15
===========================================================================
=======================<phase: configure      >============================
===== env: NO_DEPENDS=yes USER=nobody UID=65534 GID=65534
===>  Configuring for squidGuard-1.4_15
configure: loading site script /usr/ports/Templates/config.site
checking for gcc... cc
checking for C compiler default output file name... a.out
checking whether the C compiler works... yes
checking whether we are cross compiling... no
checking for suffix of executables... 
checking for suffix of object files... o
checking whether we are using the GNU C compiler... yes
checking whether cc accepts -g... yes
checking for cc option to accept ISO C89... none needed
checking how to run the C preprocessor... cpp
checking whether make sets $(MAKE)... yes
checking for a BSD-compatible install... /usr/bin/install -c
checking for bison... no
checking for byacc... byacc
checking for flex... flex
checking lex output file root... lex.yy
checking lex library... -lfl
checking whether yytext is a pointer... yes
checking for lynx... false
checking for perl... no

** No Perl found in the PATH. Perl is required
   for blocked.cgi to work 

checking for grep that handles long lines and -e... (cached) /usr/bin/grep
checking for egrep... (cached) /usr/bin/egrep
checking for ANSI C header files... (cached) yes
checking for sys/types.h... (cached) yes
checking for sys/stat.h... (cached) yes
checking for stdlib.h... (cached) yes
checking for string.h... (cached) yes
checking for memory.h... (cached) yes
checking for strings.h... (cached) yes
checking for inttypes.h... (cached) yes
checking for stdint.h... (cached) yes
checking for unistd.h... (cached) yes
checking db.h usability... yes
checking db.h presence... yes
checking for db.h... yes
checking regex.h usability... yes
checking regex.h presence... yes
checking for regex.h... yes
checking for unistd.h... (cached) yes
checking for db.h... (cached) yes
checking suppress runtime logging... no
checking squid runtime user ... squid
checking for ldap_init in -lldap... yes
checking for ldap support... yes
checking for mysql support... no
checking for pthread_create in -lpthread... yes
checking for an ANSI C-conforming const... yes
checking for size_t... (cached) yes
checking whether struct tm is in sys/time.h or time.h... time.h
checking for regcomp... yes
checking for regerror... yes
checking for regexec... yes
checking for strdup... (cached) yes
checking for strerror... (cached) yes
checking for vsprintf... (cached) yes
checking for sigaction... (cached) yes
checking for signal... yes
configure: creating ./config.status
config.status: creating Makefile
config.status: creating src/Makefile
config.status: creating src/sgDiv.c
config.status: creating src/sg.h
config.status: creating src/sg.y
config.status: creating test/Makefile
config.status: creating test/test1.conf
config.status: creating test/test2.conf
config.status: creating samples/Makefile
config.status: creating samples/sample.conf
config.status: creating samples/squidGuard.cgi
config.status: creating samples/squidGuard-simple.cgi
config.status: creating samples/squidGuard-simple-de.cgi
config.status: creating contrib/Makefile
config.status: creating contrib/squidGuardRobot/squidGuardRobot
config.status: creating contrib/sgclean/sgclean
config.status: creating contrib/hostbyname/hostbyname
config.status: creating src/config.h
===========================================================================
=======================<phase: build          >============================
===== env: NO_DEPENDS=yes USER=nobody UID=65534 GID=65534
===>  Building for squidGuard-1.4_15
--- all ---
--- all ---
--- all ---
making all in squidGuard-1.4
--- all ---
--- all ---
--- y.tab.h ---
--- main.o ---
--- sgLog.o ---
--- sgDb.o ---
--- HTParse.o ---
--- sgDiv.o ---
--- sgFree.o ---
--- y.tab.c ---
--- lex.yy.c ---
--- all ---
making all in src
--- main.o ---
cc -I.. -I. -I. -I/usr/local/include -I/usr/local/include -fcommon -I/usr/local/include/db5 -DHAVE_CONFIG_H -O2 -pipe  -fstack-protector-strong -DLDAP_DEPRECATED -fno-strict-aliasing  -I/usr/local/include/db5 -c main.c
--- sgLog.o ---
cc -I.. -I. -I. -I/usr/local/include -I/usr/local/include -fcommon -I/usr/local/include/db5 -DHAVE_CONFIG_H -O2 -pipe  -fstack-protector-strong -DLDAP_DEPRECATED -fno-strict-aliasing  -I/usr/local/include/db5 -c sgLog.c
--- sgDb.o ---
cc -I.. -I. -I. -I/usr/local/include -I/usr/local/include -fcommon -I/usr/local/include/db5 -DHAVE_CONFIG_H -O2 -pipe  -fstack-protector-strong -DLDAP_DEPRECATED -fno-strict-aliasing  -I/usr/local/include/db5 -c sgDb.c
--- HTParse.o ---
cc -I.. -I. -I. -I/usr/local/include -I/usr/local/include -fcommon -I/usr/local/include/db5 -DHAVE_CONFIG_H -O2 -pipe  -fstack-protector-strong -DLDAP_DEPRECATED -fno-strict-aliasing  -I/usr/local/include/db5 -c HTParse.c
--- sgDiv.o ---
cc -I.. -I. -I. -I/usr/local/include -I/usr/local/include -fcommon -I/usr/local/include/db5 -DHAVE_CONFIG_H -O2 -pipe  -fstack-protector-strong -DLDAP_DEPRECATED -fno-strict-aliasing  -I/usr/local/include/db5 -c sgDiv.c
--- sgFree.o ---
cc -I.. -I. -I. -I/usr/local/include -I/usr/local/include -fcommon -I/usr/local/include/db5 -DHAVE_CONFIG_H -O2 -pipe  -fstack-protector-strong -DLDAP_DEPRECATED -fno-strict-aliasing  -I/usr/local/include/db5 -c sgFree.c
--- y.tab.o ---
cc -I.. -I. -I. -I/usr/local/include -I/usr/local/include -fcommon -I/usr/local/include/db5 -DHAVE_CONFIG_H -O2 -pipe  -fstack-protector-strong -DLDAP_DEPRECATED -fno-strict-aliasing  -I/usr/local/include/db5 -c y.tab.c
--- lex.yy.o ---
cc -I.. -I. -I. -I/usr/local/include -I/usr/local/include -fcommon -I/usr/local/include/db5 -DHAVE_CONFIG_H -O2 -pipe  -fstack-protector-strong -DLDAP_DEPRECATED -fno-strict-aliasing  -I/usr/local/include/db5 -c lex.yy.c
--- y.tab.o ---
sg.y:603:41: warning: implicit declaration of function 'setuserinfo' is invalid in C99 [-Wimplicit-function-declaration]
  sgDbUpdate(sp->userDb, user, (char *) setuserinfo(),
                                        ^
sg.y:603:32: warning: cast to 'char *' from smaller integer type 'int' [-Wint-to-pointer-cast]
  sgDbUpdate(sp->userDb, user, (char *) setuserinfo(),
                               ^
sg.y:659:45: warning: implicit declaration of function 'setuserinfo' is invalid in C99 [-Wimplicit-function-declaration]
      sgDbUpdate(sp->userDb, line, (char *) setuserinfo(),
                                            ^
sg.y:659:36: warning: cast to 'char *' from smaller integer type 'int' [-Wint-to-pointer-cast]
      sgDbUpdate(sp->userDb, line, (char *) setuserinfo(),
                                   ^
sg.y:667:43: warning: implicit declaration of function 'setuserinfo' is invalid in C99 [-Wimplicit-function-declaration]
       sgDbUpdate(sp->userDb, p, (char *) setuserinfo(),
                                          ^
sg.y:667:34: warning: cast to 'char *' from smaller integer type 'int' [-Wint-to-pointer-cast]
       sgDbUpdate(sp->userDb, p, (char *) setuserinfo(),
                                 ^
sg.y:817:43: warning: implicit declaration of function 'setuserinfo' is invalid in C99 [-Wimplicit-function-declaration]
      sgDbUpdate(sp->userDb, sc, (char *) setuserinfo(),
                                          ^
sg.y:817:34: warning: cast to 'char *' from smaller integer type 'int' [-Wint-to-pointer-cast]
      sgDbUpdate(sp->userDb, sc, (char *) setuserinfo(),
                                 ^
--- sgDiv.o ---
sgDiv.c:104:3: warning: implicit declaration of function 'HTUnEscape' is invalid in C99 [-Wimplicit-function-declaration]
  HTUnEscape(field);
  ^
--- y.tab.o ---
sg.y:2037:2: warning: add explicit braces to avoid dangling else [-Wdangling-else]
        else
        ^
--- sgDiv.o ---
sgDiv.c:718:59: warning: format specifies type 'int' but the argument has type 'time_t' (aka 'long') [-Wformat]
          sprintf(qbuf, "%d-%d-%d-%d-%d-%d", s->userquota.renew, s->userquota.seconds, userquota->status, userquota->time, userquota->last, userquota->consumed);
                            ~~                                   ^~~~~~~~~~~~~~~~~~~~
                            %ld
sgDiv.c:718:100: warning: format specifies type 'int' but the argument has type 'time_t' (aka 'long') [-Wformat]
          sprintf(qbuf, "%d-%d-%d-%d-%d-%d", s->userquota.renew, s->userquota.seconds, userquota->status, userquota->time, userquota->last, userquota->consumed);
                                  ~~                                                                      ^~~~~~~~~~~~~~~
                                  %ld
sgDiv.c:718:117: warning: format specifies type 'int' but the argument has type 'time_t' (aka 'long') [-Wformat]
          sprintf(qbuf, "%d-%d-%d-%d-%d-%d", s->userquota.renew, s->userquota.seconds, userquota->status, userquota->time, userquota->last, userquota->consumed);
                                     ~~                                                                                    ^~~~~~~~~~~~~~~
                                     %ld
4 warnings generated.
--- y.tab.o ---
9 warnings generated.
--- squidGuard ---
cc -L/usr/local/lib -fstack-protector-strong  -L/usr/local/lib/db5 -o squidGuard main.o sgLog.o sgDb.o HTParse.o sgDiv.o sgFree.o y.tab.o lex.yy.o -lpthread  -lldap -ldb-5.3
--- all ---
making squidGuard in src
--- all ---
--- all ---
--- all ---
making all in test
--- all ---
making all in test
--- all ---
making all in samples
--- all ---
making all in contrib
===========================================================================
=======================<phase: run-depends    >============================
===== env: USE_PACKAGE_DEPENDS_ONLY=1 USER=root UID=0 GID=0
===>   squidGuard-1.4_15 depends on file: /usr/local/sbin/squid - not found
===>   Installing existing package /packages/All/squid-4.15.pkg
[Cygate_v2_5_0_amd64-Cygate_devel-job-02] Installing squid-4.15...
[Cygate_v2_5_0_amd64-Cygate_devel-job-02] `-- Installing krb5-1.19.2...
[Cygate_v2_5_0_amd64-Cygate_devel-job-02] |   `-- Installing gettext-runtime-0.21...
[Cygate_v2_5_0_amd64-Cygate_devel-job-02] |   | `-- Installing indexinfo-0.3.1...
[Cygate_v2_5_0_amd64-Cygate_devel-job-02] |   | `-- Extracting indexinfo-0.3.1: .... done
[Cygate_v2_5_0_amd64-Cygate_devel-job-02] |   `-- Extracting gettext-runtime-0.21: .......... done
[Cygate_v2_5_0_amd64-Cygate_devel-job-02] |   `-- Installing readline-8.1.1...
[Cygate_v2_5_0_amd64-Cygate_devel-job-02] |   `-- Extracting readline-8.1.1: .......... done
[Cygate_v2_5_0_amd64-Cygate_devel-job-02] `-- Extracting krb5-1.19.2: .......... done
[Cygate_v2_5_0_amd64-Cygate_devel-job-02] `-- Installing pcre-8.45...
[Cygate_v2_5_0_amd64-Cygate_devel-job-02] `-- Extracting pcre-8.45: .......... done
[Cygate_v2_5_0_amd64-Cygate_devel-job-02] `-- Installing perl5-5.32.1_1...
[Cygate_v2_5_0_amd64-Cygate_devel-job-02] `-- Extracting perl5-5.32.1_1: .......... done
===> Creating groups.
Creating group 'squid' with gid '100'.
===> Creating users
Creating user 'squid' with uid '100'.
===> Creating homedir(s)
===> Pre-installation configuration for squid-4.15
[Cygate_v2_5_0_amd64-Cygate_devel-job-02] Extracting squid-4.15: .......... done
=====
Message from squid-4.15:

--
o You can find the configuration files for this package in the
       directory /usr/local/etc/squid.

     o The default cache directory is /var/squid/cache/.
       The default log directory is /var/log/squid/.

       Note:
       You must initialize new cache directories before you can start
       squid.  Do this by running "squid -z" as 'root' or 'squid'.
       If your cache directories are already initialized (e.g. after an
       upgrade of squid) you do not need to initialize them again.

     o When using DiskD storage scheme remember to read documentation:
         http://wiki.squid-cache.org/Features/DiskDaemon
       and alter your kern.ipc defaults in /boot/loader.conf. DiskD will not
       work reliably without this. Last recomendations were:

         kern.ipc.msgmnb=8192
         kern.ipc.msgssz=64
         kern.ipc.msgtql=2048

     o The default configuration will deny everyone but the local host and
       local networks as defined in RFC 1918 for IPv4 and RFCs 4193 and
       4291 for IPv6 access to the proxy service.  Edit the "http_access
       allow/deny" directives in /usr/local/etc/squid/squid.conf
       to suit your needs.

     o If AUTH_SQL option is set, please, don't forget to install one of
       following perl modules depending on database you like:
         databases/p5-DBD-mysql
         databases/p5-DBD-Pg
         databases/p5-DBD-SQLite

     To enable Squid, set squid_enable=yes in either
     /etc/rc.conf, /etc/rc.conf.local or /etc/rc.conf.d/squid
     Please see /usr/local/etc/rc.d/squid for further details.

     Note:
     If you just updated your Squid installation from an earlier version,
     make sure to check your Squid configuration against the 3.4 default
     configuration file /usr/local/etc/squid/squid.conf.sample.

     /usr/local/etc/squid/squid.conf.documented is a fully annotated
     configuration file you can consult for further reference.

     Additionally, you should check your configuration by calling
     'squid -f /path/to/squid.conf -k parse' before starting Squid.
===>   squidGuard-1.4_15 depends on file: /usr/local/sbin/squid - found
===>   Returning to build of squidGuard-1.4_15
===========================================================================
=======================<phase: stage          >============================
===== env: NO_DEPENDS=yes USER=nobody UID=65534 GID=65534
===>  Staging for squidGuard-1.4_15
===>   Installing sample configuration file
       -> Sample configuration file installed in: /usr/local/etc/squid
===>   Generating temporary packing list
Installing squidGuard
Done.
Installing configuration file
Created directory /wrkdirs/usr/ports/www/squidguard/work/stage/var/db/squidGuard
Assigned /wrkdirs/usr/ports/www/squidguard/work/stage/var/db/squidGuard to user squid
Created directory /wrkdirs/usr/ports/www/squidguard/work/stage/var/log/squidGuard
Assigned /wrkdirs/usr/ports/www/squidguard/work/stage/var/log/squidGuard to user squid

Congratulation. SquidGuard is sucessfully installed.

====> Compressing man pages (compress-man)
===========================================================================
=======================<phase: package        >============================
===== env: 'PKG_NOTES=build_timestamp ports_top_git_hash ports_top_checkout_unclean port_git_hash port_checkout_unclean built_by' 'PKG_NOTE_build_timestamp=2021-10-18T20:31:54+0000' 'PKG_NOTE_ports_top_git_hash=af67f424b' 'PKG_NOTE_ports_top_checkout_unclean=no' 'PKG_NOTE_port_git_hash=af67f424b' 'PKG_NOTE_port_checkout_unclean=no' 'PKG_NOTE_built_by=poudriere-git-3.3.0-1019-gef452659' NO_DEPENDS=yes USER=nobody UID=65534 GID=65534
===>  Building package for squidGuard-1.4_15
install -l rs /.npkg/All/squidGuard-1.4_15.pkg /.npkg/All/squidGuard-1.4_15.txz
===========================================================================
=>> Cleaning up wrkdir
===>  Cleaning for squidGuard-1.4_15
build of www/squidguard | squidGuard-1.4_15 ended at Mon Oct 18 23:32:03 EAT 2021
build time: 00:00:09
