=>> Building net/trafshow3
build started at Mon Oct 18 23:35:47 EAT 2021
port directory: /usr/ports/net/trafshow3
package name: trafshow3-3.1_8,1
building for: FreeBSD Cygate_v2_5_0_amd64-Cygate_devel-job-02 12.3-PRERELEASE FreeBSD 12.3-PRERELEASE 1202508 amd64
maintained by: ports@FreeBSD.org
Makefile datestamp: -rw-r--r--  1 root  wheel  885 Oct 18 18:58 /usr/ports/net/trafshow3/Makefile
Ports top last git commit: af67f424b
Ports top unclean checkout: no
Port dir last git commit: af67f424b
Port dir unclean checkout: no
Poudriere version: poudriere-git-3.3.0-1019-gef452659
Host OSVERSION: 1202000
Jail OSVERSION: 1202508
Job Id: 02




!!! Jail is newer than host. (Jail: 1202508, Host: 1202000) !!!
!!! This is not supported. !!!
!!! Host kernel must be same or newer than jail. !!!
!!! Expect build failures. !!!



---Begin Environment---
SHELL=/bin/csh
OSVERSION=1202508
UNAME_v=FreeBSD 12.3-PRERELEASE 1202508
UNAME_r=12.3-PRERELEASE
BLOCKSIZE=K
MAIL=/var/mail/root
STATUS=1
HOME=/root
PATH=/sbin:/bin:/usr/sbin:/usr/bin:/usr/local/sbin:/usr/local/bin:/root/bin
LOCALBASE=/usr/local
USER=root
POUDRIERE_NAME=poudriere-git
LIBEXECPREFIX=/usr/local/libexec/poudriere
POUDRIERE_VERSION=3.3.0-1019-gef452659
MASTERMNT=/usr/local/poudriere/data/.m/Cygate_v2_5_0_amd64-Cygate_devel/ref
LC_COLLATE=C
POUDRIERE_BUILD_TYPE=bulk
PACKAGE_BUILDING=yes
SAVED_TERM=xterm-256color
GID=0
OUTPUT_REDIRECTED_STDERR=4
OUTPUT_REDIRECTED=1
UID=0
PWD=/usr/local/poudriere/data/.m/Cygate_v2_5_0_amd64-Cygate_devel/02/.p
OUTPUT_REDIRECTED_STDOUT=3
P_PORTS_FEATURES=FLAVORS SELECTED_OPTIONS
MASTERNAME=Cygate_v2_5_0_amd64-Cygate_devel
SCRIPTPREFIX=/usr/local/share/poudriere
SCRIPTNAME=bulk.sh
OLDPWD=/usr/local/poudriere/data/.m/Cygate_v2_5_0_amd64-Cygate_devel/ref/.p/pool
POUDRIERE_PKGNAME=poudriere-git-3.3.0-1019-gef452659
SCRIPTPATH=/usr/local/share/poudriere/bulk.sh
POUDRIEREPATH=/usr/local/bin/poudriere
---End Environment---

---Begin Poudriere Port Flags/Env---
PORT_FLAGS=
PKGENV=
FLAVOR=
DEPENDS_ARGS=
MAKE_ARGS=
---End Poudriere Port Flags/Env---

---Begin OPTIONS List---
---End OPTIONS List---

--MAINTAINER--
ports@FreeBSD.org
--End MAINTAINER--

--CONFIGURE_ARGS--
--prefix=/usr/local ${_LATE_CONFIGURE_ARGS}
--End CONFIGURE_ARGS--

--CONFIGURE_ENV--
XDG_DATA_HOME=/wrkdirs/usr/ports/net/trafshow3/work  XDG_CONFIG_HOME=/wrkdirs/usr/ports/net/trafshow3/work  XDG_CACHE_HOME=/wrkdirs/usr/ports/net/trafshow3/work/.cache  HOME=/wrkdirs/usr/ports/net/trafshow3/work TMPDIR="/tmp" PATH=/wrkdirs/usr/ports/net/trafshow3/work/.bin:/sbin:/bin:/usr/sbin:/usr/bin:/usr/local/sbin:/usr/local/bin:/root/bin SHELL=/bin/sh CONFIG_SHELL=/bin/sh CONFIG_SITE=/usr/ports/Templates/config.site lt_cv_sys_max_cmd_len=524288
--End CONFIGURE_ENV--

--MAKE_ENV--
XDG_DATA_HOME=/wrkdirs/usr/ports/net/trafshow3/work  XDG_CONFIG_HOME=/wrkdirs/usr/ports/net/trafshow3/work  XDG_CACHE_HOME=/wrkdirs/usr/ports/net/trafshow3/work/.cache  HOME=/wrkdirs/usr/ports/net/trafshow3/work TMPDIR="/tmp" PATH=/wrkdirs/usr/ports/net/trafshow3/work/.bin:/sbin:/bin:/usr/sbin:/usr/bin:/usr/local/sbin:/usr/local/bin:/root/bin NO_PIE=yes MK_DEBUG_FILES=no MK_KERNEL_SYMBOLS=no SHELL=/bin/sh NO_LINT=YES PREFIX=/usr/local  LOCALBASE=/usr/local  CC="cc" CFLAGS="-O2 -pipe  -fstack-protector-strong -fno-strict-aliasing "  CPP="cpp" CPPFLAGS="-I/usr/local/include"  LDFLAGS=" -fstack-protector-strong " LIBS="-L/usr/local/lib"  CXX="c++" CXXFLAGS="-O2 -pipe -fstack-protector-strong -fno-strict-aliasing  "  MANPREFIX="/usr/local" BSD_INSTALL_PROGRAM="install  -s -m 555"  BSD_INSTALL_LIB="install  -s -m 0644"  BSD_INSTALL_SCRIPT="install  -m 555"  BSD_INSTALL_DATA="install  -m 0644"  BSD_INSTALL_MAN="install  -m 444"
--End MAKE_ENV--

--PLIST_SUB--
OSREL=12.3 PREFIX=%D LOCALBASE=/usr/local  RESETPREFIX=/usr/local LIB32DIR=lib DOCSDIR="share/doc/trafshow"  EXAMPLESDIR="share/examples/trafshow"  DATADIR="share/trafshow"  WWWDIR="www/trafshow"  ETCDIR="etc/trafshow"
--End PLIST_SUB--

--SUB_LIST--
PREFIX=/usr/local LOCALBASE=/usr/local  DATADIR=/usr/local/share/trafshow DOCSDIR=/usr/local/share/doc/trafshow EXAMPLESDIR=/usr/local/share/examples/trafshow  WWWDIR=/usr/local/www/trafshow ETCDIR=/usr/local/etc/trafshow
--End SUB_LIST--

---Begin make.conf---
USE_PACKAGE_DEPENDS=yes
BATCH=yes
WRKDIRPREFIX=/wrkdirs
PORTSDIR=/usr/ports
PACKAGES=/packages
DISTDIR=/distfiles
FORCE_PACKAGE=yes
PACKAGE_BUILDING=yes
PACKAGE_BUILDING_FLAVORS=yes
#### /usr/local/etc/poudriere.d/Cygate_devel-make.conf ####
ALLOW_UNSUPPORTED_SYSTEM=yes

# Define pfSense repos
PFSENSE_REPOS=	Cygate-repo Cygate-repo-devel Cygate-repo-245

# Used by pfSense-upgrade port to set pkg_set_version
PFSENSE_PKG_SET_VERSION=	2.6.0-DEVELOPMENT

# Generic options
OPTIONS_UNSET_FORCE=	DOCS DOXYGEN EXAMPLES INFO MAN MANPAGES X11

# Individual ports options
.if ${.CURDIR:N*net/quagga*}=="" || ${.CURDIR:N*net/frr*}==""
CUR_ARCH!=	/usr/bin/uname -p
. if ${CUR_ARCH} == "armv7"
WITH_DEBUG=yes
. endif
.endif

.if ${.CURDIR:N*net/frr*}==""
ETCDIR=	/var/etc/frr
.endif

DEFAULT_VERSIONS=	php=74 ssl=base
PHP_FD_SETSIZE=		3172

. if ${.CURDIR:N*sysutils/check_reload_status*}==""
WITH_DEBUG=	yes
. endif

# Options for packages

# databases
databases_rrdtool_UNSET_FORCE=	PYTHON_MODULE RUBY_MODULE PERL_MODULE DEJAVU GRAPH

# devel
devel_git_UNSET_FORCE=CVS GITWEB GUI HTMLDOCS P4 SVN CONTRIB PERL ETCSHELLS

# dns
dns_dnsmasq_UNSET_FORCE=	DNSSEC

dns_unbound_SET_FORCE=	LIBEVENT PYTHON
dns_unbound112_SET_FORCE=	LIBEVENT PYTHON

dns_bind916_SET_FORCE=DLZ_FILESYSTEM FILTER_AAAA IPV6 LINKS RRL SIGCHASE SSL THREADS GSSAPI_NONE
dns_bind916_UNSET_FORCE=FIXED_RRSET IDN LARGE_FILE LMDB

# emulators
emulators_open-vm-tools_UNSET_FORCE=DOCS FUSE LIBNOTIFY X11

# graphics
graphics_cairo_UNSET_FORCE=X11 XCB OPENGL

graphics_gd_SET_FORCE=ICONV
graphics_gd_UNSET_FORCE=FONTCONFIG XPM

graphics_graphviz_SET_FORCE=ICONV NLS
graphics_graphviz_UNSET_FORCE=DIGCOLA IPSEPCOLA PANGOCAIRO XPM

# lang
lang_gcc_UNSET_FORCE=JAVA

# mail
mail_pear-Mail_SET_FORCE=	PEAR_NET_SMTP

# net
net_freeradius3_SET_FORCE=EXPERIMENTAL HEIMDAL LDAP MYSQL PERL PGSQL PYTHON SQLITE3

net_frr7_SET_FORCE=SNMP

net_haproxy18_SET_FORCE=OPENSSL SPCRE LUA
net_haproxy18_UNSET_FORCE=DPCRE

net_haproxy_SET_FORCE=OPENSSL SPCRE LUA PROMEX
net_haproxy_UNSET_FORCE=DPCRE

net_haproxy-devel_SET_FORCE=OPENSSL SPCRE LUA
net_haproxy-devel_UNSET_FORCE=DPCRE

net_libpcap_SET_FORCE=IPV6
net_libpcap_UNSET_FORCE=DAG

net_miniupnpd_SET_FORCE=	PF_FILTER_RULES IPV6 CHECK_PORTINUSE

net_mtr_UNSET_FORCE=X11

net_nss_ldap_UNSET_FORCE=SASL KERBEROS

net_ntp_UNSET_FORCE=	PERL_UTILS

# net-mgmt
net-mgmt_net-snmp_SET_FORCE=IPV6 MFD_REWRITES TLS
net-mgmt_net-snmp_UNSET_FORCE=AX_DISABLE_TRAP AX_SOCKONLY DOCS DUMMY JAIL MYSQL PYTHON SMUX TKMIB UNPRIVILEGED

net-mgmt_zabbix3-agent_SET_FORCE=IPV6

net-mgmt_zabbix3-proxy_SET_FORCE=IPMI IPV6 LIBXML2 SQLITE SSH
net-mgmt_zabbix3-proxy_UNSET_FORCE=MYSQL

net-mgmt_zabbix4-agent_SET_FORCE=IPV6

net-mgmt_zabbix4-proxy_SET_FORCE=IPMI IPV6 LIBXML2 SQLITE SSH
net-mgmt_zabbix4-proxy_UNSET_FORCE=MYSQL

net-mgmt_zabbix44-agent_SET_FORCE=IPV6

net-mgmt_zabbix44-proxy_SET_FORCE=IPMI IPV6 LIBXML2 SQLITE SSH
net-mgmt_zabbix44-proxy_UNSET_FORCE=MYSQL

net-mgmt_zabbix5-agent_SET_FORCE=IPV6

net-mgmt_zabbix5-proxy_SET_FORCE=IPMI IPV6 LIBXML2 SQLITE SSH
net-mgmt_zabbix5-proxy_UNSET_FORCE=MYSQL

net-mgmt_zabbix52-agent_SET_FORCE=IPV6

net-mgmt_zabbix52-proxy_SET_FORCE=IPMI IPV6 LIBXML2 SQLITE SSH
net-mgmt_zabbix52-proxy_UNSET_FORCE=MYSQL

net-mgmt_zabbix54-agent_SET_FORCE=IPV6

net-mgmt_zabbix54-proxy_SET_FORCE=IPMI IPV6 LIBXML2 SQLITE SSH
net-mgmt_zabbix54-proxy_UNSET_FORCE=MYSQL

# security
security_ca_root_nss_SET_FORCE=	ETCSYMLINK

security_opensc_SET_FORCE=	PCSC
security_opensc_UNSET_FORCE=	DOCS MANPAGES

security_openvpn_SET_FORCE=	X509ALTUSERNAME ASYNC_PUSH
security_openvpn_UNSET_FORCE=	EASYRSA

shells_scponly_SET_FORCE=CHROOT SCP WILDCARDS WINSCP
shells_scponly_UNSET_FORCE=DEFAULT_CHDIR DOCS GFTP RSYNC SVN SVNSERVE UNISON

security_sudo_SET_FORCE=LDAP

security_snort_SET_FORCE=APPID COREDUMPS GRE IPV6 NORMALIZER PERFPROFILE SOURCEFIRE
security_snort_UNSET_FORCE=BARNYARD FILEINSPECT HA PULLEDPORK

.if ${.CURDIR:N*security/snort3*}==""
CUR_ARCH!=  /usr/bin/uname -p
.if ${CUR_ARCH} == "armv7" || ${CUR_ARCH} == "aarch64"
security_snort3_SET_FORCE=LARGEPCAP STATICDAQ
security_snort3_UNSET_FORCE=HYPERSCAN TSC
else
security_snort3_SET_FORCE=LARGEPCAP STATICDAQ HYPERSCAN
.endif
.endif

security_strongswan_SET_FORCE=	CURL EAPDYNAMIC EAPRADIUS EAPSIMFILE \
			IKEv1 UNBOUND XAUTH IPSECKEY PKCS11 PKI UNITY VICI VSTR SWANCTL
security_strongswan_UNSET_FORCE=	EAPAKA3GPP2 BUILTIN LIBC SMP

security_suricata_SET_FORCE=GEOIP HTP_PORT IPFW JSON LUAJIT NSS PORTS_PCAP NETMAP HYPERSCAN REDIS
security_suricata4_SET_FORCE=GEOIP HTP_PORT IPFW JSON LUAJIT NSS PORTS_PCAP NETMAP HYPERSCAN REDIS
.if ${.CURDIR:N*security/suricata*}==""
CUR_ARCH!=	/usr/bin/uname -p
NATIVE_BUILD!=	/sbin/sysctl -qn kern.supported_archs | grep -q ${CUR_ARCH} && echo yes || /usr/bin/true
.if ${NATIVE_BUILD} != "yes"
security_suricata_UNSET_FORCE=LUA PRELUDE SC TESTS RUST
security_suricata4_UNSET_FORCE=LUA PRELUDE SC TESTS RUST
.else
security_suricata_UNSET_FORCE=LUA PRELUDE SC TESTS
security_suricata4_UNSET_FORCE=LUA PRELUDE SC TESTS
.endif
.endif

security_xinetd_UNSET_FORCE=	XCONV

# sysutils
sysutils_apcupsd_SET_FORCE=APCDUMB_DRV APCSMART_DRV PCNET_DRV SNMP_DRV TCP_WRAPPERS USB
sysutils_apcupsd_UNSET_FORCE=CGI CLIENT_ONLY GAPCMON SNMP_DRV_OLD TEST_DRV

sysutils_flashrom_UNSET_FORCE=	FTDI BUSPIRATE

sysutils_pftop_SET_FORCE=ALTQ

sysutils_syslog-ng_SET_FORCE=	SYS_SSL
sysutils_syslog-ng_UNSET_FORCE=	PORTS_SSL

# www
www_c-icap_SET_FORCE=LARGE_FILES
www_c-icap_UNSET_FORCE=IPV6

www_lightsquid_SET_FORCE=GD

www_lighttpd_SET_FORCE=	NODELAY

www_nginx_SET_FORCE=	LUA

www_squid_SET_FORCE=ARP_ACL AUTH_LDAP AUTH_NIS AUTH_SASL CACHE_DIGESTS DELAY_POOLS FOLLOW_XFF FS_AUFS FS_DISKD GSSAPI_MIT HTCP ICAP ICMP IDENT IPV6 KQUEUE LARGEFILE LAX_HTTP SNMP SSL SSL_CRTD TP_PF WCCP WCCPV2
www_squid_UNSET_FORCE=AUTH_SMB AUTH_SQL DEBUG DNS_HELPER ECAP ESI FS_ROCK GSSAPI_NONE GSSAPI_BASE GSSAPI_HEIMDAL STACKTRACES TP_IPF TP_IPFW VIA_DB

www_squidguard_SET_FORCE=DNS_BL LDAP STRIP_NTDOMAIN
www_squidguard_UNSET_FORCE=QUOTE_STRING

www_e2guardian_SET_FORCE=ICAP NTLM SSL_MITM

PKG_REPO_BRANCH_DEVEL=v2_5_0
PKG_REPO_BRANCH_RELEASE=v2_5_2
PKG_REPO_SERVER_DEVEL=pkg+http://10.42.0.2/packages
PKG_REPO_SERVER_RELEASE=pkg+http://10.42.0.2/packages
POUDRIERE_PORTS_NAME=Cygate_devel
PFSENSE_DEFAULT_REPO=Cygate-repo-devel
PRODUCT_NAME=Cygate
REPO_BRANCH_PREFIX=
#### Misc Poudriere ####
.include "/etc/make.conf.ports_env"
---End make.conf---
--Resource limits--
cpu time               (seconds, -t)  unlimited
file size           (512-blocks, -f)  unlimited
data seg size           (kbytes, -d)  33554432
stack size              (kbytes, -s)  524288
core file size      (512-blocks, -c)  unlimited
max memory size         (kbytes, -m)  unlimited
locked memory           (kbytes, -l)  unlimited
max user processes              (-u)  19414
open files                      (-n)  9000
virtual mem size        (kbytes, -v)  8388608
swap limit              (kbytes, -w)  unlimited
socket buffer size       (bytes, -b)  unlimited
pseudo-terminals                (-p)  unlimited
kqueues                         (-k)  unlimited
umtx shared locks               (-o)  unlimited
--End resource limits--
=======================<phase: check-sanity   >============================
===== env: NO_DEPENDS=yes USER=nobody UID=65534 GID=65534
===>   NOTICE:

The trafshow port currently does not have a maintainer. As a result, it is
more likely to have unresolved issues, not be up-to-date, or even be removed in
the future. To volunteer to maintain this port, please create an issue at:

https://bugs.freebsd.org/bugzilla

More information about port maintainership is available at:

https://docs.freebsd.org/en/articles/contributing/#ports-contributing

===========================================================================
=======================<phase: pkg-depends    >============================
===== env: USE_PACKAGE_DEPENDS_ONLY=1 USER=root UID=0 GID=0
===>   trafshow3-3.1_8,1 depends on file: /usr/local/sbin/pkg - not found
===>   Installing existing package /packages/All/pkg-1.17.2.pkg
[Cygate_v2_5_0_amd64-Cygate_devel-job-02] Installing pkg-1.17.2...
[Cygate_v2_5_0_amd64-Cygate_devel-job-02] Extracting pkg-1.17.2: .......... done
===>   trafshow3-3.1_8,1 depends on file: /usr/local/sbin/pkg - found
===>   Returning to build of trafshow3-3.1_8,1
===========================================================================
=======================<phase: fetch-depends  >============================
===== env: USE_PACKAGE_DEPENDS_ONLY=1 USER=root UID=0 GID=0
===========================================================================
=======================<phase: fetch          >============================
===== env: NO_DEPENDS=yes USER=root UID=0 GID=0
===>   NOTICE:

The trafshow port currently does not have a maintainer. As a result, it is
more likely to have unresolved issues, not be up-to-date, or even be removed in
the future. To volunteer to maintain this port, please create an issue at:

https://bugs.freebsd.org/bugzilla

More information about port maintainership is available at:

https://docs.freebsd.org/en/articles/contributing/#ports-contributing

===> Fetching all distfiles required by trafshow3-3.1_8,1 for building
===========================================================================
=======================<phase: checksum       >============================
===== env: NO_DEPENDS=yes USER=root UID=0 GID=0
===>   NOTICE:

The trafshow port currently does not have a maintainer. As a result, it is
more likely to have unresolved issues, not be up-to-date, or even be removed in
the future. To volunteer to maintain this port, please create an issue at:

https://bugs.freebsd.org/bugzilla

More information about port maintainership is available at:

https://docs.freebsd.org/en/articles/contributing/#ports-contributing

===> Fetching all distfiles required by trafshow3-3.1_8,1 for building
=> SHA256 Checksum OK for trafshow-3.1.tgz.
===========================================================================
=======================<phase: extract-depends>============================
===== env: USE_PACKAGE_DEPENDS_ONLY=1 USER=root UID=0 GID=0
===========================================================================
=======================<phase: extract        >============================
===== env: NO_DEPENDS=yes USER=nobody UID=65534 GID=65534
===>   NOTICE:

The trafshow port currently does not have a maintainer. As a result, it is
more likely to have unresolved issues, not be up-to-date, or even be removed in
the future. To volunteer to maintain this port, please create an issue at:

https://bugs.freebsd.org/bugzilla

More information about port maintainership is available at:

https://docs.freebsd.org/en/articles/contributing/#ports-contributing

===> Fetching all distfiles required by trafshow3-3.1_8,1 for building
===>  Extracting for trafshow3-3.1_8,1
=> SHA256 Checksum OK for trafshow-3.1.tgz.
===========================================================================
=======================<phase: patch-depends  >============================
===== env: USE_PACKAGE_DEPENDS_ONLY=1 USER=root UID=0 GID=0
===========================================================================
=======================<phase: patch          >============================
===== env: NO_DEPENDS=yes USER=nobody UID=65534 GID=65534
===>  Patching for trafshow3-3.1_8,1
===>  Applying FreeBSD patches for trafshow3-3.1_8,1 from /usr/ports/net/trafshow3/files
===========================================================================
=======================<phase: build-depends  >============================
===== env: USE_PACKAGE_DEPENDS_ONLY=1 USER=root UID=0 GID=0
===========================================================================
=======================<phase: lib-depends    >============================
===== env: USE_PACKAGE_DEPENDS_ONLY=1 USER=root UID=0 GID=0
===========================================================================
=======================<phase: configure      >============================
===== env: NO_DEPENDS=yes USER=nobody UID=65534 GID=65534
===>  Configuring for trafshow3-3.1_8,1
loading site script /usr/ports/Templates/config.site
creating cache ./config.cache
checking host system type... amd64-unknown-freebsd12.3
checking target system type... amd64-unknown-freebsd12.3
checking build system type... amd64-portbld-freebsd12.3
checking for gcc... cc
checking whether the C compiler (cc -O2 -pipe  -fstack-protector-strong -fno-strict-aliasing   -fstack-protector-strong ) works... yes
checking whether the C compiler (cc -O2 -pipe  -fstack-protector-strong -fno-strict-aliasing   -fstack-protector-strong ) is a cross-compiler... no
checking whether we are using GNU C... yes
checking whether cc accepts -g... yes
checking gcc version... 
test: -gt: unexpected operator
checking how to run the C preprocessor... cpp
checking for sys/ioctl.h... (cached) yes
checking for sys/mbuf.h... yes
checking for net/slip.h... no
checking whether time.h and sys/time.h may both be included... yes
checking for u_int32_t using cc... yes
checking for siginterrupt... (cached) yes
checking for select... (cached) yes
checking for strcasecmp... (cached) yes
checking whether byte ordering is bigendian... no
checking if unaligned accesses fail... no
checking for tgetent in -ltermcap... yes
checking for curses library... ncurses
checking for has_colors... yes
checking for bkgd... yes
checking for wbkgd... yes
checking for resizeterm... yes
checking for gethostbyname... (cached) yes
checking for socket... yes
checking for putmsg in -lstr... no
checking for local pcap library... not found
checking for main in -lpcap... yes
checking for pcap version... 1.9.1
updating cache ./config.cache
creating ./config.status
creating Makefile
creating config.h
===========================================================================
=======================<phase: build          >============================
===== env: NO_DEPENDS=yes USER=nobody UID=65534 GID=65534
===>  Building for trafshow3-3.1_8,1
--- trafshow.o ---
--- display.o ---
--- keyb.o ---
--- color.o ---
--- interfaces.o ---
--- addrtoname.o ---
--- machdep.o ---
--- util.o ---
--- getarptab.o ---
--- version.c ---
--- keyb.o ---
cc -O2 -pipe  -fstack-protector-strong -fno-strict-aliasing -DHAVE_CONFIG_H -I. -I/usr/local/include -c keyb.c
--- display.o ---
cc -O2 -pipe  -fstack-protector-strong -fno-strict-aliasing -DHAVE_CONFIG_H -I. -I/usr/local/include -c display.c
display.c:105:12: warning: type specifier missing, defaults to 'int' [-Wimplicit-int]
                register sec = tn - tp;
                ~~~~~~~~ ^
display.c:167:11: warning: type specifier missing, defaults to 'int' [-Wimplicit-int]
        register i;
        ~~~~~~~~ ^
display.c:221:11: warning: type specifier missing, defaults to 'int' [-Wimplicit-int]
        register i, j;
        ~~~~~~~~ ^
display.c:221:14: warning: type specifier missing, defaults to 'int' [-Wimplicit-int]
        register i, j;
        ~~~~~~~~    ^
display.c:281:11: warning: type specifier missing, defaults to 'int' [-Wimplicit-int]
        register i, j;
        ~~~~~~~~ ^
display.c:281:14: warning: type specifier missing, defaults to 'int' [-Wimplicit-int]
        register i, j;
        ~~~~~~~~    ^
display.c:326:11: warning: type specifier missing, defaults to 'int' [-Wimplicit-int]
        register iplen;
        ~~~~~~~~ ^
7 warnings generated.
--- trafshow.o ---
cc -O2 -pipe  -fstack-protector-strong -fno-strict-aliasing -DHAVE_CONFIG_H -I. -I/usr/local/include -c trafshow.c
trafshow.c:66:1: warning: return type of 'main' is not 'int' [-Wmain-return-type]
void
^
trafshow.c:66:1: note: change return type to 'int'
void
^~~~
int
trafshow.c:138:9: warning: implicitly declaring library function 'isdigit' with type 'int (int)' [-Wimplicit-function-declaration]
                                    isdigit(*(argv[optind])) ) {
                                    ^
trafshow.c:138:9: note: include the header <ctype.h> or explicitly provide a declaration for 'isdigit'
trafshow.c:189:21: warning: 'pcap_lookupdev' is deprecated: use 'pcap_findalldevs' and use the first device [-Wdeprecated-declarations]
            (device_name = pcap_lookupdev(ebuf)) == NULL)
                           ^
/usr/include/pcap/pcap.h:326:1: note: 'pcap_lookupdev' has been explicitly marked deprecated here
PCAP_DEPRECATED(pcap_lookupdev, "use 'pcap_findalldevs' and use the first device");
^
/usr/include/pcap/funcattrs.h:227:53: note: expanded from macro 'PCAP_DEPRECATED'
  #define PCAP_DEPRECATED(func, msg)    __attribute__((deprecated(msg)))
                                                       ^
3 warnings generated.
--- getarptab.o ---
cc -O2 -pipe  -fstack-protector-strong -fno-strict-aliasing -DHAVE_CONFIG_H -I. -I/usr/local/include -c getarptab.c
--- color.o ---
cc -O2 -pipe  -fstack-protector-strong -fno-strict-aliasing -DHAVE_CONFIG_H -I. -I/usr/local/include -c color.c
color.c:388:32: warning: inequality comparison result unused [-Wunused-comparison]
        for (m = color_mask, i = 0; m != NULL, i < n_masks; m++, i++) {
                                    ~~^~~~~~~
color.c:388:32: note: use '|=' to turn this inequality comparison into an or-assignment
        for (m = color_mask, i = 0; m != NULL, i < n_masks; m++, i++) {
                                      ^~
                                      |=
--- interfaces.o ---
cc -O2 -pipe  -fstack-protector-strong -fno-strict-aliasing -DHAVE_CONFIG_H -I. -I/usr/local/include -c interfaces.c
--- addrtoname.o ---
cc -O2 -pipe  -fstack-protector-strong -fno-strict-aliasing -DHAVE_CONFIG_H -I. -I/usr/local/include -c addrtoname.c
--- machdep.o ---
cc -O2 -pipe  -fstack-protector-strong -fno-strict-aliasing -DHAVE_CONFIG_H -I. -I/usr/local/include -c machdep.c
--- interfaces.o ---
interfaces.c:112:11: warning: type specifier missing, defaults to 'int' [-Wimplicit-int]
        register hdrlen = 0;
        ~~~~~~~~ ^
interfaces.c:190:2: warning: implicitly declaring library function 'memcpy' with type 'void *(void *, const void *, unsigned long)' [-Wimplicit-function-declaration]
        memcpy(&family, p, sizeof(family));
        ^
interfaces.c:190:2: note: include the header <string.h> or explicitly provide a declaration for 'memcpy'
--- util.o ---
cc -O2 -pipe  -fstack-protector-strong -fno-strict-aliasing -DHAVE_CONFIG_H -I. -I/usr/local/include -c util.c
--- color.o ---
1 warning generated.
--- interfaces.o ---
2 warnings generated.
--- version.o ---
--- getarptab.o ---
getarptab.c:54:3: warning: implicit declaration of function 'error' is invalid in C99 [-Wimplicit-function-declaration]
                error(1, "getarptab: sysctl");
                ^
getarptab.c:55:21: warning: implicitly declaring library function 'malloc' with type 'void *(unsigned long)' [-Wimplicit-function-declaration]
        if ((buf = (char *)malloc(needed)) == NULL)
                           ^
getarptab.c:55:21: note: include the header <stdlib.h> or explicitly provide a declaration for 'malloc'
getarptab.c:65:8: warning: implicitly declaring library function 'memcmp' with type 'int (const void *, const void *, unsigned long)' [-Wimplicit-function-declaration]
                    !memcmp(ep, (u_char *)LLADDR(sdl), MAC_ADDR_LEN)) {
                     ^
getarptab.c:65:8: note: include the header <string.h> or explicitly provide a declaration for 'memcmp'
getarptab.c:66:4: warning: implicit declaration of function 'free' is invalid in C99 [-Wimplicit-function-declaration]
                        free(buf);
                        ^
getarptab.c:70:2: warning: implicit declaration of function 'free' is invalid in C99 [-Wimplicit-function-declaration]
--- version.o ---
cc -O2 -pipe  -fstack-protector-strong -fno-strict-aliasing -DHAVE_CONFIG_H -I. -I/usr/local/include -c version.c
--- getarptab.o ---
        free(buf);
        ^
5 warnings generated.
--- addrtoname.o ---
addrtoname.c:281:10: warning: promoted type 'int' of K&R function parameter is not compatible with the parameter type 'u_short' (aka 'unsigned short') declared in a previous prototype [-Wknr-promoted-parameter]
        u_short port;
                ^
./trafshow.h:154:36: note: previous declaration is here
extern char *tcpport_string(u_short);
                                   ^
addrtoname.c:301:10: warning: promoted type 'int' of K&R function parameter is not compatible with the parameter type 'u_short' (aka 'unsigned short') declared in a previous prototype [-Wknr-promoted-parameter]
        u_short port;
                ^
./trafshow.h:155:36: note: previous declaration is here
extern char *udpport_string(u_short);
                                   ^
addrtoname.c:396:6: warning: assigning to 'u_char *' (aka 'unsigned char *') from 'char *' converts between pointers to integer types with different sign [-Wpointer-sign]
                ap = getname(ap);
                   ^ ~~~~~~~~~~~
addrtoname.c:397:10: warning: assigning to 'u_char *' (aka 'unsigned char *') from 'char *' converts between pointers to integer types with different sign [-Wpointer-sign]
        else    ap = entoa(ep);
                   ^ ~~~~~~~~~
addrtoname.c:399:21: warning: passing 'u_char *' (aka 'unsigned char *') to parameter of type 'const char *' converts between pointers to integer types with different sign [-Wpointer-sign]
        tp->name = savestr(ap);
                           ^~
addrtoname.c:405:10: warning: promoted type 'int' of K&R function parameter is not compatible with the parameter type 'u_short' (aka 'unsigned short') declared in a previous prototype [-Wknr-promoted-parameter]
        u_short proto;
                ^
./trafshow.h:159:39: note: previous declaration is here
extern char *etherproto_string(u_short);
                                      ^
--- util.o ---
util.c:145:10: warning: promoted type 'int' of K&R function parameter is not compatible with the parameter type 'u_short' (aka 'unsigned short') declared in a previous prototype [-Wknr-promoted-parameter]
        u_short proto;
                ^
./trafshow.h:147:34: note: previous declaration is here
extern char *getprotoname(u_short);
                                 ^
1 warning generated.
--- addrtoname.o ---
6 warnings generated.
--- trafshow ---
cc -O2 -pipe  -fstack-protector-strong -fno-strict-aliasing -DHAVE_CONFIG_H -I. -I/usr/local/include -fstack-protector-strong -o trafshow trafshow.o display.o keyb.o color.o interfaces.o addrtoname.o machdep.o util.o getarptab.o version.o -lpcap -lncurses -ltermcap -L/usr/local/lib
===========================================================================
=======================<phase: run-depends    >============================
===== env: USE_PACKAGE_DEPENDS_ONLY=1 USER=root UID=0 GID=0
===========================================================================
=======================<phase: stage          >============================
===== env: NO_DEPENDS=yes USER=nobody UID=65534 GID=65534
===>  Staging for trafshow3-3.1_8,1
===>   Generating temporary packing list
install  -s -m 555 /wrkdirs/usr/ports/net/trafshow3/work/trafshow-3.1/trafshow /wrkdirs/usr/ports/net/trafshow3/work/stage/usr/local/bin/trafshow3
install  -m 444 /wrkdirs/usr/ports/net/trafshow3/work/trafshow-3.1/trafshow.1 /wrkdirs/usr/ports/net/trafshow3/work/stage/usr/local/man/man1/trafshow3.1
install  -m 0644 /wrkdirs/usr/ports/net/trafshow3/work/trafshow-3.1/.trafshow /wrkdirs/usr/ports/net/trafshow3/work/stage/usr/local/etc/trafshow3.sample
====> Compressing man pages (compress-man)
===========================================================================
=======================<phase: package        >============================
===== env: 'PKG_NOTES=build_timestamp ports_top_git_hash ports_top_checkout_unclean port_git_hash port_checkout_unclean built_by' 'PKG_NOTE_build_timestamp=2021-10-18T20:35:47+0000' 'PKG_NOTE_ports_top_git_hash=af67f424b' 'PKG_NOTE_ports_top_checkout_unclean=no' 'PKG_NOTE_port_git_hash=af67f424b' 'PKG_NOTE_port_checkout_unclean=no' 'PKG_NOTE_built_by=poudriere-git-3.3.0-1019-gef452659' NO_DEPENDS=yes USER=nobody UID=65534 GID=65534
===>  Building package for trafshow3-3.1_8,1
install -l rs /.npkg/All/trafshow3-3.1_8,1.pkg /.npkg/All/trafshow3-3.1_8,1.txz
===========================================================================
=>> Cleaning up wrkdir
===>  Cleaning for trafshow3-3.1_8,1
build of net/trafshow3 | trafshow3-3.1_8,1 ended at Mon Oct 18 23:35:58 EAT 2021
build time: 00:00:11
