=>> Building net/trafshow
build started at Mon Oct 18 23:41:32 EAT 2021
port directory: /usr/ports/net/trafshow
package name: trafshow-5.2.3_3,1
building for: FreeBSD Cygate_v2_5_0_amd64-Cygate_devel-job-03 12.3-PRERELEASE FreeBSD 12.3-PRERELEASE 1202508 amd64
maintained by: portmaster@BSDforge.com
Makefile datestamp: -rw-r--r--  1 root  wheel  913 Oct 18 18:58 /usr/ports/net/trafshow/Makefile
Ports top last git commit: af67f424b
Ports top unclean checkout: no
Port dir last git commit: af67f424b
Port dir unclean checkout: no
Poudriere version: poudriere-git-3.3.0-1019-gef452659
Host OSVERSION: 1202000
Jail OSVERSION: 1202508
Job Id: 03




!!! Jail is newer than host. (Jail: 1202508, Host: 1202000) !!!
!!! This is not supported. !!!
!!! Host kernel must be same or newer than jail. !!!
!!! Expect build failures. !!!



---Begin Environment---
SHELL=/bin/csh
OSVERSION=1202508
UNAME_v=FreeBSD 12.3-PRERELEASE 1202508
UNAME_r=12.3-PRERELEASE
BLOCKSIZE=K
MAIL=/var/mail/root
STATUS=1
HOME=/root
PATH=/sbin:/bin:/usr/sbin:/usr/bin:/usr/local/sbin:/usr/local/bin:/root/bin
LOCALBASE=/usr/local
USER=root
POUDRIERE_NAME=poudriere-git
LIBEXECPREFIX=/usr/local/libexec/poudriere
POUDRIERE_VERSION=3.3.0-1019-gef452659
MASTERMNT=/usr/local/poudriere/data/.m/Cygate_v2_5_0_amd64-Cygate_devel/ref
LC_COLLATE=C
POUDRIERE_BUILD_TYPE=bulk
PACKAGE_BUILDING=yes
SAVED_TERM=xterm-256color
GID=0
OUTPUT_REDIRECTED_STDERR=4
OUTPUT_REDIRECTED=1
UID=0
PWD=/usr/local/poudriere/data/.m/Cygate_v2_5_0_amd64-Cygate_devel/03/.p
OUTPUT_REDIRECTED_STDOUT=3
P_PORTS_FEATURES=FLAVORS SELECTED_OPTIONS
MASTERNAME=Cygate_v2_5_0_amd64-Cygate_devel
SCRIPTPREFIX=/usr/local/share/poudriere
SCRIPTNAME=bulk.sh
OLDPWD=/usr/local/poudriere/data/.m/Cygate_v2_5_0_amd64-Cygate_devel/ref/.p/pool
POUDRIERE_PKGNAME=poudriere-git-3.3.0-1019-gef452659
SCRIPTPATH=/usr/local/share/poudriere/bulk.sh
POUDRIEREPATH=/usr/local/bin/poudriere
---End Environment---

---Begin Poudriere Port Flags/Env---
PORT_FLAGS=
PKGENV=
FLAVOR=
DEPENDS_ARGS=
MAKE_ARGS=
---End Poudriere Port Flags/Env---

---Begin OPTIONS List---
===> The following configuration options are available for trafshow-5.2.3_3,1:
     IPV6=on: IPv6 protocol support
===> Use 'make config' to modify these settings
---End OPTIONS List---

--MAINTAINER--
portmaster@BSDforge.com
--End MAINTAINER--

--CONFIGURE_ARGS--
--prefix=/usr/local ${_LATE_CONFIGURE_ARGS}
--End CONFIGURE_ARGS--

--CONFIGURE_ENV--
PTHREAD_LIBS="-lpthread" XDG_DATA_HOME=/wrkdirs/usr/ports/net/trafshow/work  XDG_CONFIG_HOME=/wrkdirs/usr/ports/net/trafshow/work  XDG_CACHE_HOME=/wrkdirs/usr/ports/net/trafshow/work/.cache  HOME=/wrkdirs/usr/ports/net/trafshow/work TMPDIR="/tmp" PATH=/wrkdirs/usr/ports/net/trafshow/work/.bin:/sbin:/bin:/usr/sbin:/usr/bin:/usr/local/sbin:/usr/local/bin:/root/bin SHELL=/bin/sh CONFIG_SHELL=/bin/sh CONFIG_SITE=/usr/ports/Templates/config.site lt_cv_sys_max_cmd_len=524288
--End CONFIGURE_ENV--

--MAKE_ENV--
XDG_DATA_HOME=/wrkdirs/usr/ports/net/trafshow/work  XDG_CONFIG_HOME=/wrkdirs/usr/ports/net/trafshow/work  XDG_CACHE_HOME=/wrkdirs/usr/ports/net/trafshow/work/.cache  HOME=/wrkdirs/usr/ports/net/trafshow/work TMPDIR="/tmp" PATH=/wrkdirs/usr/ports/net/trafshow/work/.bin:/sbin:/bin:/usr/sbin:/usr/bin:/usr/local/sbin:/usr/local/bin:/root/bin NO_PIE=yes MK_DEBUG_FILES=no MK_KERNEL_SYMBOLS=no SHELL=/bin/sh NO_LINT=YES PREFIX=/usr/local  LOCALBASE=/usr/local  CC="cc" CFLAGS="-O2 -pipe  -DINET6 -fstack-protector-strong -fno-strict-aliasing "  CPP="cpp" CPPFLAGS=""  LDFLAGS=" -fstack-protector-strong " LIBS=""  CXX="c++" CXXFLAGS="-O2 -pipe -DINET6 -fstack-protector-strong -fno-strict-aliasing  "  MANPREFIX="/usr/local" BSD_INSTALL_PROGRAM="install  -s -m 555"  BSD_INSTALL_LIB="install  -s -m 0644"  BSD_INSTALL_SCRIPT="install  -m 555"  BSD_INSTALL_DATA="install  -m 0644"  BSD_INSTALL_MAN="install  -m 444"
--End MAKE_ENV--

--PLIST_SUB--
 OSREL=12.3 PREFIX=%D LOCALBASE=/usr/local  RESETPREFIX=/usr/local LIB32DIR=lib DOCSDIR="share/doc/trafshow"  EXAMPLESDIR="share/examples/trafshow"  DATADIR="share/trafshow"  WWWDIR="www/trafshow"  ETCDIR="etc/trafshow"
--End PLIST_SUB--

--SUB_LIST--
 PREFIX=/usr/local LOCALBASE=/usr/local  DATADIR=/usr/local/share/trafshow DOCSDIR=/usr/local/share/doc/trafshow EXAMPLESDIR=/usr/local/share/examples/trafshow  WWWDIR=/usr/local/www/trafshow ETCDIR=/usr/local/etc/trafshow
--End SUB_LIST--

---Begin make.conf---
USE_PACKAGE_DEPENDS=yes
BATCH=yes
WRKDIRPREFIX=/wrkdirs
PORTSDIR=/usr/ports
PACKAGES=/packages
DISTDIR=/distfiles
FORCE_PACKAGE=yes
PACKAGE_BUILDING=yes
PACKAGE_BUILDING_FLAVORS=yes
#### /usr/local/etc/poudriere.d/Cygate_devel-make.conf ####
ALLOW_UNSUPPORTED_SYSTEM=yes

# Define pfSense repos
PFSENSE_REPOS=	Cygate-repo Cygate-repo-devel Cygate-repo-245

# Used by pfSense-upgrade port to set pkg_set_version
PFSENSE_PKG_SET_VERSION=	2.6.0-DEVELOPMENT

# Generic options
OPTIONS_UNSET_FORCE=	DOCS DOXYGEN EXAMPLES INFO MAN MANPAGES X11

# Individual ports options
.if ${.CURDIR:N*net/quagga*}=="" || ${.CURDIR:N*net/frr*}==""
CUR_ARCH!=	/usr/bin/uname -p
. if ${CUR_ARCH} == "armv7"
WITH_DEBUG=yes
. endif
.endif

.if ${.CURDIR:N*net/frr*}==""
ETCDIR=	/var/etc/frr
.endif

DEFAULT_VERSIONS=	php=74 ssl=base
PHP_FD_SETSIZE=		3172

. if ${.CURDIR:N*sysutils/check_reload_status*}==""
WITH_DEBUG=	yes
. endif

# Options for packages

# databases
databases_rrdtool_UNSET_FORCE=	PYTHON_MODULE RUBY_MODULE PERL_MODULE DEJAVU GRAPH

# devel
devel_git_UNSET_FORCE=CVS GITWEB GUI HTMLDOCS P4 SVN CONTRIB PERL ETCSHELLS

# dns
dns_dnsmasq_UNSET_FORCE=	DNSSEC

dns_unbound_SET_FORCE=	LIBEVENT PYTHON
dns_unbound112_SET_FORCE=	LIBEVENT PYTHON

dns_bind916_SET_FORCE=DLZ_FILESYSTEM FILTER_AAAA IPV6 LINKS RRL SIGCHASE SSL THREADS GSSAPI_NONE
dns_bind916_UNSET_FORCE=FIXED_RRSET IDN LARGE_FILE LMDB

# emulators
emulators_open-vm-tools_UNSET_FORCE=DOCS FUSE LIBNOTIFY X11

# graphics
graphics_cairo_UNSET_FORCE=X11 XCB OPENGL

graphics_gd_SET_FORCE=ICONV
graphics_gd_UNSET_FORCE=FONTCONFIG XPM

graphics_graphviz_SET_FORCE=ICONV NLS
graphics_graphviz_UNSET_FORCE=DIGCOLA IPSEPCOLA PANGOCAIRO XPM

# lang
lang_gcc_UNSET_FORCE=JAVA

# mail
mail_pear-Mail_SET_FORCE=	PEAR_NET_SMTP

# net
net_freeradius3_SET_FORCE=EXPERIMENTAL HEIMDAL LDAP MYSQL PERL PGSQL PYTHON SQLITE3

net_frr7_SET_FORCE=SNMP

net_haproxy18_SET_FORCE=OPENSSL SPCRE LUA
net_haproxy18_UNSET_FORCE=DPCRE

net_haproxy_SET_FORCE=OPENSSL SPCRE LUA PROMEX
net_haproxy_UNSET_FORCE=DPCRE

net_haproxy-devel_SET_FORCE=OPENSSL SPCRE LUA
net_haproxy-devel_UNSET_FORCE=DPCRE

net_libpcap_SET_FORCE=IPV6
net_libpcap_UNSET_FORCE=DAG

net_miniupnpd_SET_FORCE=	PF_FILTER_RULES IPV6 CHECK_PORTINUSE

net_mtr_UNSET_FORCE=X11

net_nss_ldap_UNSET_FORCE=SASL KERBEROS

net_ntp_UNSET_FORCE=	PERL_UTILS

# net-mgmt
net-mgmt_net-snmp_SET_FORCE=IPV6 MFD_REWRITES TLS
net-mgmt_net-snmp_UNSET_FORCE=AX_DISABLE_TRAP AX_SOCKONLY DOCS DUMMY JAIL MYSQL PYTHON SMUX TKMIB UNPRIVILEGED

net-mgmt_zabbix3-agent_SET_FORCE=IPV6

net-mgmt_zabbix3-proxy_SET_FORCE=IPMI IPV6 LIBXML2 SQLITE SSH
net-mgmt_zabbix3-proxy_UNSET_FORCE=MYSQL

net-mgmt_zabbix4-agent_SET_FORCE=IPV6

net-mgmt_zabbix4-proxy_SET_FORCE=IPMI IPV6 LIBXML2 SQLITE SSH
net-mgmt_zabbix4-proxy_UNSET_FORCE=MYSQL

net-mgmt_zabbix44-agent_SET_FORCE=IPV6

net-mgmt_zabbix44-proxy_SET_FORCE=IPMI IPV6 LIBXML2 SQLITE SSH
net-mgmt_zabbix44-proxy_UNSET_FORCE=MYSQL

net-mgmt_zabbix5-agent_SET_FORCE=IPV6

net-mgmt_zabbix5-proxy_SET_FORCE=IPMI IPV6 LIBXML2 SQLITE SSH
net-mgmt_zabbix5-proxy_UNSET_FORCE=MYSQL

net-mgmt_zabbix52-agent_SET_FORCE=IPV6

net-mgmt_zabbix52-proxy_SET_FORCE=IPMI IPV6 LIBXML2 SQLITE SSH
net-mgmt_zabbix52-proxy_UNSET_FORCE=MYSQL

net-mgmt_zabbix54-agent_SET_FORCE=IPV6

net-mgmt_zabbix54-proxy_SET_FORCE=IPMI IPV6 LIBXML2 SQLITE SSH
net-mgmt_zabbix54-proxy_UNSET_FORCE=MYSQL

# security
security_ca_root_nss_SET_FORCE=	ETCSYMLINK

security_opensc_SET_FORCE=	PCSC
security_opensc_UNSET_FORCE=	DOCS MANPAGES

security_openvpn_SET_FORCE=	X509ALTUSERNAME ASYNC_PUSH
security_openvpn_UNSET_FORCE=	EASYRSA

shells_scponly_SET_FORCE=CHROOT SCP WILDCARDS WINSCP
shells_scponly_UNSET_FORCE=DEFAULT_CHDIR DOCS GFTP RSYNC SVN SVNSERVE UNISON

security_sudo_SET_FORCE=LDAP

security_snort_SET_FORCE=APPID COREDUMPS GRE IPV6 NORMALIZER PERFPROFILE SOURCEFIRE
security_snort_UNSET_FORCE=BARNYARD FILEINSPECT HA PULLEDPORK

.if ${.CURDIR:N*security/snort3*}==""
CUR_ARCH!=  /usr/bin/uname -p
.if ${CUR_ARCH} == "armv7" || ${CUR_ARCH} == "aarch64"
security_snort3_SET_FORCE=LARGEPCAP STATICDAQ
security_snort3_UNSET_FORCE=HYPERSCAN TSC
else
security_snort3_SET_FORCE=LARGEPCAP STATICDAQ HYPERSCAN
.endif
.endif

security_strongswan_SET_FORCE=	CURL EAPDYNAMIC EAPRADIUS EAPSIMFILE \
			IKEv1 UNBOUND XAUTH IPSECKEY PKCS11 PKI UNITY VICI VSTR SWANCTL
security_strongswan_UNSET_FORCE=	EAPAKA3GPP2 BUILTIN LIBC SMP

security_suricata_SET_FORCE=GEOIP HTP_PORT IPFW JSON LUAJIT NSS PORTS_PCAP NETMAP HYPERSCAN REDIS
security_suricata4_SET_FORCE=GEOIP HTP_PORT IPFW JSON LUAJIT NSS PORTS_PCAP NETMAP HYPERSCAN REDIS
.if ${.CURDIR:N*security/suricata*}==""
CUR_ARCH!=	/usr/bin/uname -p
NATIVE_BUILD!=	/sbin/sysctl -qn kern.supported_archs | grep -q ${CUR_ARCH} && echo yes || /usr/bin/true
.if ${NATIVE_BUILD} != "yes"
security_suricata_UNSET_FORCE=LUA PRELUDE SC TESTS RUST
security_suricata4_UNSET_FORCE=LUA PRELUDE SC TESTS RUST
.else
security_suricata_UNSET_FORCE=LUA PRELUDE SC TESTS
security_suricata4_UNSET_FORCE=LUA PRELUDE SC TESTS
.endif
.endif

security_xinetd_UNSET_FORCE=	XCONV

# sysutils
sysutils_apcupsd_SET_FORCE=APCDUMB_DRV APCSMART_DRV PCNET_DRV SNMP_DRV TCP_WRAPPERS USB
sysutils_apcupsd_UNSET_FORCE=CGI CLIENT_ONLY GAPCMON SNMP_DRV_OLD TEST_DRV

sysutils_flashrom_UNSET_FORCE=	FTDI BUSPIRATE

sysutils_pftop_SET_FORCE=ALTQ

sysutils_syslog-ng_SET_FORCE=	SYS_SSL
sysutils_syslog-ng_UNSET_FORCE=	PORTS_SSL

# www
www_c-icap_SET_FORCE=LARGE_FILES
www_c-icap_UNSET_FORCE=IPV6

www_lightsquid_SET_FORCE=GD

www_lighttpd_SET_FORCE=	NODELAY

www_nginx_SET_FORCE=	LUA

www_squid_SET_FORCE=ARP_ACL AUTH_LDAP AUTH_NIS AUTH_SASL CACHE_DIGESTS DELAY_POOLS FOLLOW_XFF FS_AUFS FS_DISKD GSSAPI_MIT HTCP ICAP ICMP IDENT IPV6 KQUEUE LARGEFILE LAX_HTTP SNMP SSL SSL_CRTD TP_PF WCCP WCCPV2
www_squid_UNSET_FORCE=AUTH_SMB AUTH_SQL DEBUG DNS_HELPER ECAP ESI FS_ROCK GSSAPI_NONE GSSAPI_BASE GSSAPI_HEIMDAL STACKTRACES TP_IPF TP_IPFW VIA_DB

www_squidguard_SET_FORCE=DNS_BL LDAP STRIP_NTDOMAIN
www_squidguard_UNSET_FORCE=QUOTE_STRING

www_e2guardian_SET_FORCE=ICAP NTLM SSL_MITM

PKG_REPO_BRANCH_DEVEL=v2_5_0
PKG_REPO_BRANCH_RELEASE=v2_5_2
PKG_REPO_SERVER_DEVEL=pkg+http://10.42.0.2/packages
PKG_REPO_SERVER_RELEASE=pkg+http://10.42.0.2/packages
POUDRIERE_PORTS_NAME=Cygate_devel
PFSENSE_DEFAULT_REPO=Cygate-repo-devel
PRODUCT_NAME=Cygate
REPO_BRANCH_PREFIX=
#### Misc Poudriere ####
.include "/etc/make.conf.ports_env"
---End make.conf---
--Resource limits--
cpu time               (seconds, -t)  unlimited
file size           (512-blocks, -f)  unlimited
data seg size           (kbytes, -d)  33554432
stack size              (kbytes, -s)  524288
core file size      (512-blocks, -c)  unlimited
max memory size         (kbytes, -m)  unlimited
locked memory           (kbytes, -l)  unlimited
max user processes              (-u)  19414
open files                      (-n)  9000
virtual mem size        (kbytes, -v)  8388608
swap limit              (kbytes, -w)  unlimited
socket buffer size       (bytes, -b)  unlimited
pseudo-terminals                (-p)  unlimited
kqueues                         (-k)  unlimited
umtx shared locks               (-o)  unlimited
--End resource limits--
=======================<phase: check-sanity   >============================
===== env: NO_DEPENDS=yes USER=nobody UID=65534 GID=65534
===>  License BSD2CLAUSE accepted by the user
===========================================================================
=======================<phase: pkg-depends    >============================
===== env: USE_PACKAGE_DEPENDS_ONLY=1 USER=root UID=0 GID=0
===>   trafshow-5.2.3_3,1 depends on file: /usr/local/sbin/pkg - not found
===>   Installing existing package /packages/All/pkg-1.17.2.pkg
[Cygate_v2_5_0_amd64-Cygate_devel-job-03] Installing pkg-1.17.2...
[Cygate_v2_5_0_amd64-Cygate_devel-job-03] Extracting pkg-1.17.2: .......... done
===>   trafshow-5.2.3_3,1 depends on file: /usr/local/sbin/pkg - found
===>   Returning to build of trafshow-5.2.3_3,1
===========================================================================
=======================<phase: fetch-depends  >============================
===== env: USE_PACKAGE_DEPENDS_ONLY=1 USER=root UID=0 GID=0
===========================================================================
=======================<phase: fetch          >============================
===== env: NO_DEPENDS=yes USER=root UID=0 GID=0
===>  License BSD2CLAUSE accepted by the user
===> Fetching all distfiles required by trafshow-5.2.3_3,1 for building
===========================================================================
=======================<phase: checksum       >============================
===== env: NO_DEPENDS=yes USER=root UID=0 GID=0
===>  License BSD2CLAUSE accepted by the user
===> Fetching all distfiles required by trafshow-5.2.3_3,1 for building
=> SHA256 Checksum OK for trafshow-5.2.3.tgz.
===========================================================================
=======================<phase: extract-depends>============================
===== env: USE_PACKAGE_DEPENDS_ONLY=1 USER=root UID=0 GID=0
===========================================================================
=======================<phase: extract        >============================
===== env: NO_DEPENDS=yes USER=nobody UID=65534 GID=65534
===>  License BSD2CLAUSE accepted by the user
===> Fetching all distfiles required by trafshow-5.2.3_3,1 for building
===>  Extracting for trafshow-5.2.3_3,1
=> SHA256 Checksum OK for trafshow-5.2.3.tgz.
===========================================================================
=======================<phase: patch-depends  >============================
===== env: USE_PACKAGE_DEPENDS_ONLY=1 USER=root UID=0 GID=0
===========================================================================
=======================<phase: patch          >============================
===== env: NO_DEPENDS=yes USER=nobody UID=65534 GID=65534
===>  Patching for trafshow-5.2.3_3,1
===>  Applying FreeBSD patches for trafshow-5.2.3_3,1 from /usr/ports/net/trafshow/files
===========================================================================
=======================<phase: build-depends  >============================
===== env: USE_PACKAGE_DEPENDS_ONLY=1 USER=root UID=0 GID=0
===========================================================================
=======================<phase: lib-depends    >============================
===== env: USE_PACKAGE_DEPENDS_ONLY=1 USER=root UID=0 GID=0
===========================================================================
=======================<phase: configure      >============================
===== env: NO_DEPENDS=yes USER=nobody UID=65534 GID=65534
===>  Configuring for trafshow-5.2.3_3,1
configure: loading site script /usr/ports/Templates/config.site
checking build system type... amd64-portbld-freebsd12.3
checking host system type... amd64-portbld-freebsd12.3
checking target system type... amd64-portbld-freebsd12.3
checking for gcc... cc
checking for C compiler default output file name... a.out
checking whether the C compiler works... yes
checking whether we are cross compiling... no
checking for suffix of executables... 
checking for suffix of object files... o
checking whether we are using the GNU C compiler... yes
checking whether cc accepts -g... yes
checking for cc option to accept ANSI C... none needed
checking for bison... no
checking for byacc... byacc
checking for flex... flex
checking for yywrap in -lfl... yes
checking lex output file root... lex.yy
checking whether yytext is a pointer... yes
checking how to run the C preprocessor... cpp
checking for egrep... grep -E
checking for AIX... no
checking for pthread_join in LIBS=-lpthread with CFLAGS=... yes
checking for joinable pthread attribute... PTHREAD_CREATE_JOINABLE
checking if more special flags are required for pthreads... 
checking for cc_r... cc
checking for ANSI C header files... (cached) yes
checking whether time.h and sys/time.h may both be included... yes
checking for sys/types.h... (cached) yes
checking for sys/stat.h... (cached) yes
checking for stdlib.h... (cached) yes
checking for string.h... (cached) yes
checking for memory.h... (cached) yes
checking for strings.h... (cached) yes
checking for inttypes.h... (cached) yes
checking for stdint.h... (cached) yes
checking for unistd.h... (cached) yes
checking sys/termios.h usability... yes
checking sys/termios.h presence... yes
checking for sys/termios.h... yes
checking net/if_dl.h usability... yes
checking net/if_dl.h presence... yes
checking for net/if_dl.h... yes
checking for paths.h... (cached) yes
checking for resolv.h... (cached) yes
checking for an ANSI C-conforming const... yes
checking for u_int8_t... (cached) yes
checking for u_int16_t... (cached) yes
checking for u_int32_t... (cached) yes
checking for u_int64_t... yes
checking for in_addr_t... (cached) yes
checking for socklen_t... (cached) yes
checking for struct sockaddr_storage... yes
checking for struct ether_addr... no
checking for main in -lresolv... no
checking for main in -linet... no
checking for gethostbyname in -lnsl... no
checking for connect in -lsocket... no
checking for siginterrupt... (cached) yes
checking for snprintf... (cached) yes
checking for strftime... (cached) yes
checking for strcasecmp... (cached) yes
checking for pcap_findalldevs in -lpcap... yes
checking for pcap_dump_flush... yes
checking for pcap_get_selectable_fd... yes
checking for tgetent in -ltermcap... yes
checking for curses library... ncurses
checking for has_colors... yes
checking for bkgd... yes
checking for wbkgd... yes
checking for wredrawln... yes
checking for resizeterm... yes
checking for use_default_colors... yes
configure: creating ./config.status
config.status: creating Makefile
config.status: creating config.h
===========================================================================
=======================<phase: build          >============================
===== env: NO_DEPENDS=yes USER=nobody UID=65534 GID=65534
===>  Building for trafshow-5.2.3_3,1
--- trafshow.o ---
--- screen.o ---
--- colormask.o ---
--- getkey.o ---
--- selector.o ---
--- events.o ---
--- session.o ---
--- show_if.o ---
--- show_stat.o ---
--- show_dump.o ---
--- parse_dl.o ---
--- parse_ip.o ---
--- trafshow.o ---
cc -O2 -pipe  -DINET6 -fstack-protector-strong -fno-strict-aliasing  -Wall -I. -DHAVE_CONFIG_H -c trafshow.c
--- screen.o ---
cc -O2 -pipe  -DINET6 -fstack-protector-strong -fno-strict-aliasing  -Wall -I. -DHAVE_CONFIG_H -c screen.c
--- colormask.o ---
cc -O2 -pipe  -DINET6 -fstack-protector-strong -fno-strict-aliasing  -Wall -I. -DHAVE_CONFIG_H -c colormask.c
--- getkey.o ---
cc -O2 -pipe  -DINET6 -fstack-protector-strong -fno-strict-aliasing  -Wall -I. -DHAVE_CONFIG_H -c getkey.c
--- selector.o ---
cc -O2 -pipe  -DINET6 -fstack-protector-strong -fno-strict-aliasing  -Wall -I. -DHAVE_CONFIG_H -c selector.c
--- events.o ---
cc -O2 -pipe  -DINET6 -fstack-protector-strong -fno-strict-aliasing  -Wall -I. -DHAVE_CONFIG_H -c events.c
--- show_if.o ---
cc -O2 -pipe  -DINET6 -fstack-protector-strong -fno-strict-aliasing  -Wall -I. -DHAVE_CONFIG_H -c show_if.c
--- session.o ---
cc -O2 -pipe  -DINET6 -fstack-protector-strong -fno-strict-aliasing  -Wall -I. -DHAVE_CONFIG_H -c session.c
--- show_stat.o ---
cc -O2 -pipe  -DINET6 -fstack-protector-strong -fno-strict-aliasing  -Wall -I. -DHAVE_CONFIG_H -c show_stat.c
--- show_dump.o ---
cc -O2 -pipe  -DINET6 -fstack-protector-strong -fno-strict-aliasing  -Wall -I. -DHAVE_CONFIG_H -c show_dump.c
--- parse_dl.o ---
cc -O2 -pipe  -DINET6 -fstack-protector-strong -fno-strict-aliasing  -Wall -I. -DHAVE_CONFIG_H -c parse_dl.c
--- parse_ip.o ---
cc -O2 -pipe  -DINET6 -fstack-protector-strong -fno-strict-aliasing  -Wall -I. -DHAVE_CONFIG_H -c parse_ip.c
--- screen.o ---
In file included from screen.c:24:
/usr/include/sys/termios.h:3:2: warning: "this file includes <sys/termios.h> which is deprecated, use <termios.h> instead" [-W#warnings]
#warning "this file includes <sys/termios.h> which is deprecated, use <termios.h> instead"
 ^
--- show_dump.o ---
show_dump.c:342:39: warning: comparing a pointer to a null character constant; did you mean to compare to NULL? [-Wpointer-compare]
                        if ((cp = strpbrk(buf, "\r\n")) != '\0')
                                                           ^~~~
                                                           (void *)0
--- netstat.o ---
cc -O2 -pipe  -DINET6 -fstack-protector-strong -fno-strict-aliasing  -Wall -I. -DHAVE_CONFIG_H -c netstat.c
--- screen.o ---
1 warning generated.
--- cisco_netflow.o ---
--- addrtoname.o ---
--- cisco_netflow.o ---
cc -O2 -pipe  -DINET6 -fstack-protector-strong -fno-strict-aliasing  -Wall -I. -DHAVE_CONFIG_H -c cisco_netflow.c
--- hashtab.o ---
--- addrtoname.o ---
cc -O2 -pipe  -DINET6 -fstack-protector-strong -fno-strict-aliasing  -Wall -I. -DHAVE_CONFIG_H -c addrtoname.c
--- lookupa.o ---
--- hashtab.o ---
cc -O2 -pipe  -DINET6 -fstack-protector-strong -fno-strict-aliasing  -Wall -I. -DHAVE_CONFIG_H -c hashtab.c
--- recycle.o ---
--- show_dump.o ---
1 warning generated.
--- lookupa.o ---
cc -O2 -pipe  -DINET6 -fstack-protector-strong -fno-strict-aliasing  -Wall -I. -DHAVE_CONFIG_H -c lookupa.c
--- util.o ---
--- recycle.o ---
cc -O2 -pipe  -DINET6 -fstack-protector-strong -fno-strict-aliasing  -Wall -I. -DHAVE_CONFIG_H -c recycle.c
--- help_page.o ---
--- util.o ---
cc -O2 -pipe  -DINET6 -fstack-protector-strong -fno-strict-aliasing  -Wall -I. -DHAVE_CONFIG_H -c util.c
--- domain_resolver.o ---
--- help_page.o ---
cc -O2 -pipe  -DINET6 -fstack-protector-strong -fno-strict-aliasing  -Wall -I. -DHAVE_CONFIG_H -c help_page.c
--- domain_resolver.o ---
cc -O2 -pipe  -DINET6 -fstack-protector-strong -fno-strict-aliasing  -Wall -I. -DHAVE_CONFIG_H -c domain_resolver.c
--- version.c ---
--- version.o ---
cc -O2 -pipe  -DINET6 -fstack-protector-strong -fno-strict-aliasing  -Wall -I. -DHAVE_CONFIG_H -c version.c
--- domain_resolver.o ---
domain_resolver.c:304:10: warning: promoted type 'int' of K&R function parameter is not compatible with the parameter type 'u_short' (aka 'unsigned short') declared in a previous prototype [-Wknr-promoted-parameter]
        u_short reqid;
                ^
domain_resolver.c:85:47: note: previous declaration is here
static DOMAIN_TRANSACT *find_transact(u_short reqid);
                                              ^
1 warning generated.
--- trafshow ---
cc -O2 -pipe  -DINET6 -fstack-protector-strong -fno-strict-aliasing  -Wall -I. -DHAVE_CONFIG_H -fstack-protector-strong -o trafshow trafshow.o screen.o colormask.o getkey.o selector.o events.o session.o show_if.o show_stat.o show_dump.o parse_dl.o parse_ip.o netstat.o cisco_netflow.o addrtoname.o hashtab.o lookupa.o recycle.o util.o help_page.o domain_resolver.o   version.o -lpthread -lncurses -ltermcap -lpcap
===========================================================================
=======================<phase: run-depends    >============================
===== env: USE_PACKAGE_DEPENDS_ONLY=1 USER=root UID=0 GID=0
===========================================================================
=======================<phase: stage          >============================
===== env: NO_DEPENDS=yes USER=nobody UID=65534 GID=65534
===>  Staging for trafshow-5.2.3_3,1
===>   Generating temporary packing list
install  -s -m 555 /wrkdirs/usr/ports/net/trafshow/work/trafshow-5.2.3/trafshow /wrkdirs/usr/ports/net/trafshow/work/stage/usr/local/bin
install  -m 444 /wrkdirs/usr/ports/net/trafshow/work/trafshow-5.2.3/trafshow.1 /wrkdirs/usr/ports/net/trafshow/work/stage/usr/local/man/man1
install  -m 0644 /wrkdirs/usr/ports/net/trafshow/work/trafshow-5.2.3/.trafshow /wrkdirs/usr/ports/net/trafshow/work/stage/usr/local/etc/trafshow.dist
====> Compressing man pages (compress-man)
===========================================================================
=======================<phase: package        >============================
===== env: 'PKG_NOTES=build_timestamp ports_top_git_hash ports_top_checkout_unclean port_git_hash port_checkout_unclean built_by' 'PKG_NOTE_build_timestamp=2021-10-18T20:41:32+0000' 'PKG_NOTE_ports_top_git_hash=af67f424b' 'PKG_NOTE_ports_top_checkout_unclean=no' 'PKG_NOTE_port_git_hash=af67f424b' 'PKG_NOTE_port_checkout_unclean=no' 'PKG_NOTE_built_by=poudriere-git-3.3.0-1019-gef452659' NO_DEPENDS=yes USER=nobody UID=65534 GID=65534
===>  Building package for trafshow-5.2.3_3,1
install -l rs /.npkg/All/trafshow-5.2.3_3,1.pkg /.npkg/All/trafshow-5.2.3_3,1.txz
===========================================================================
=>> Cleaning up wrkdir
===>  Cleaning for trafshow-5.2.3_3,1
build of net/trafshow | trafshow-5.2.3_3,1 ended at Mon Oct 18 23:41:36 EAT 2021
build time: 00:00:04
