=>> Building net/vnstat
build started at Mon Oct 18 23:29:54 EAT 2021
port directory: /usr/ports/net/vnstat
package name: vnstat-2.8
building for: FreeBSD Cygate_v2_5_0_amd64-Cygate_devel-job-03 12.3-PRERELEASE FreeBSD 12.3-PRERELEASE 1202508 amd64
maintained by: sunpoet@FreeBSD.org
Makefile datestamp: -rw-r--r--  1 root  wheel  1401 Oct 18 18:58 /usr/ports/net/vnstat/Makefile
Ports top last git commit: af67f424b
Ports top unclean checkout: no
Port dir last git commit: af67f424b
Port dir unclean checkout: no
Poudriere version: poudriere-git-3.3.0-1019-gef452659
Host OSVERSION: 1202000
Jail OSVERSION: 1202508
Job Id: 03




!!! Jail is newer than host. (Jail: 1202508, Host: 1202000) !!!
!!! This is not supported. !!!
!!! Host kernel must be same or newer than jail. !!!
!!! Expect build failures. !!!



---Begin Environment---
SHELL=/bin/csh
OSVERSION=1202508
UNAME_v=FreeBSD 12.3-PRERELEASE 1202508
UNAME_r=12.3-PRERELEASE
BLOCKSIZE=K
MAIL=/var/mail/root
STATUS=1
HOME=/root
PATH=/sbin:/bin:/usr/sbin:/usr/bin:/usr/local/sbin:/usr/local/bin:/root/bin
LOCALBASE=/usr/local
USER=root
POUDRIERE_NAME=poudriere-git
LIBEXECPREFIX=/usr/local/libexec/poudriere
POUDRIERE_VERSION=3.3.0-1019-gef452659
MASTERMNT=/usr/local/poudriere/data/.m/Cygate_v2_5_0_amd64-Cygate_devel/ref
LC_COLLATE=C
POUDRIERE_BUILD_TYPE=bulk
PACKAGE_BUILDING=yes
SAVED_TERM=xterm-256color
GID=0
OUTPUT_REDIRECTED_STDERR=4
OUTPUT_REDIRECTED=1
UID=0
PWD=/usr/local/poudriere/data/.m/Cygate_v2_5_0_amd64-Cygate_devel/03/.p
OUTPUT_REDIRECTED_STDOUT=3
P_PORTS_FEATURES=FLAVORS SELECTED_OPTIONS
MASTERNAME=Cygate_v2_5_0_amd64-Cygate_devel
SCRIPTPREFIX=/usr/local/share/poudriere
SCRIPTNAME=bulk.sh
OLDPWD=/usr/local/poudriere/data/.m/Cygate_v2_5_0_amd64-Cygate_devel/ref/.p/pool
POUDRIERE_PKGNAME=poudriere-git-3.3.0-1019-gef452659
SCRIPTPATH=/usr/local/share/poudriere/bulk.sh
POUDRIEREPATH=/usr/local/bin/poudriere
---End Environment---

---Begin Poudriere Port Flags/Env---
PORT_FLAGS=
PKGENV=
FLAVOR=
DEPENDS_ARGS=
MAKE_ARGS=
---End Poudriere Port Flags/Env---

---Begin OPTIONS List---
===> The following configuration options are available for vnstat-2.8:
     DOCS=off: Build and/or install documentation
     GUI=on: Build with graphics/gd dependency
===> Use 'make config' to modify these settings
---End OPTIONS List---

--MAINTAINER--
sunpoet@FreeBSD.org
--End MAINTAINER--

--CONFIGURE_ARGS--
--prefix=/usr/local ${_LATE_CONFIGURE_ARGS}
--End CONFIGURE_ARGS--

--CONFIGURE_ENV--
XDG_DATA_HOME=/wrkdirs/usr/ports/net/vnstat/work  XDG_CONFIG_HOME=/wrkdirs/usr/ports/net/vnstat/work  XDG_CACHE_HOME=/wrkdirs/usr/ports/net/vnstat/work/.cache  HOME=/wrkdirs/usr/ports/net/vnstat/work TMPDIR="/tmp" PATH=/wrkdirs/usr/ports/net/vnstat/work/.bin:/sbin:/bin:/usr/sbin:/usr/bin:/usr/local/sbin:/usr/local/bin:/root/bin SHELL=/bin/sh CONFIG_SHELL=/bin/sh CONFIG_SITE=/usr/ports/Templates/config.site lt_cv_sys_max_cmd_len=524288
--End CONFIGURE_ENV--

--MAKE_ENV--
XDG_DATA_HOME=/wrkdirs/usr/ports/net/vnstat/work  XDG_CONFIG_HOME=/wrkdirs/usr/ports/net/vnstat/work  XDG_CACHE_HOME=/wrkdirs/usr/ports/net/vnstat/work/.cache  HOME=/wrkdirs/usr/ports/net/vnstat/work TMPDIR="/tmp" PATH=/wrkdirs/usr/ports/net/vnstat/work/.bin:/sbin:/bin:/usr/sbin:/usr/bin:/usr/local/sbin:/usr/local/bin:/root/bin NO_PIE=yes MK_DEBUG_FILES=no MK_KERNEL_SYMBOLS=no SHELL=/bin/sh NO_LINT=YES PREFIX=/usr/local  LOCALBASE=/usr/local  CC="cc" CFLAGS="-O2 -pipe  -fstack-protector-strong -fno-strict-aliasing "  CPP="cpp" CPPFLAGS=""  LDFLAGS=" -fstack-protector-strong " LIBS=""  CXX="c++" CXXFLAGS="-O2 -pipe -fstack-protector-strong -fno-strict-aliasing  "  MANPREFIX="/usr/local" BSD_INSTALL_PROGRAM="install  -s -m 555"  BSD_INSTALL_LIB="install  -s -m 0644"  BSD_INSTALL_SCRIPT="install  -m 555"  BSD_INSTALL_DATA="install  -m 0644"  BSD_INSTALL_MAN="install  -m 444"
--End MAKE_ENV--

--PLIST_SUB--
PORTDOCS="@comment " DOCS="@comment " NO_DOCS="" GUI="" NO_GUI="@comment " OSREL=12.3 PREFIX=%D LOCALBASE=/usr/local  RESETPREFIX=/usr/local LIB32DIR=lib DOCSDIR="share/doc/vnstat"  EXAMPLESDIR="share/examples/vnstat"  DATADIR="share/vnstat"  WWWDIR="www/vnstat"  ETCDIR="etc/vnstat"
--End PLIST_SUB--

--SUB_LIST--
USERS=vnstat  GROUPS=vnstat DOCS="@comment " NO_DOCS="" GUI="" NO_GUI="@comment " PREFIX=/usr/local LOCALBASE=/usr/local  DATADIR=/usr/local/share/vnstat DOCSDIR=/usr/local/share/doc/vnstat EXAMPLESDIR=/usr/local/share/examples/vnstat  WWWDIR=/usr/local/www/vnstat ETCDIR=/usr/local/etc/vnstat
--End SUB_LIST--

---Begin make.conf---
USE_PACKAGE_DEPENDS=yes
BATCH=yes
WRKDIRPREFIX=/wrkdirs
PORTSDIR=/usr/ports
PACKAGES=/packages
DISTDIR=/distfiles
FORCE_PACKAGE=yes
PACKAGE_BUILDING=yes
PACKAGE_BUILDING_FLAVORS=yes
#### /usr/local/etc/poudriere.d/Cygate_devel-make.conf ####
ALLOW_UNSUPPORTED_SYSTEM=yes

# Define pfSense repos
PFSENSE_REPOS=	Cygate-repo Cygate-repo-devel Cygate-repo-245

# Used by pfSense-upgrade port to set pkg_set_version
PFSENSE_PKG_SET_VERSION=	2.6.0-DEVELOPMENT

# Generic options
OPTIONS_UNSET_FORCE=	DOCS DOXYGEN EXAMPLES INFO MAN MANPAGES X11

# Individual ports options
.if ${.CURDIR:N*net/quagga*}=="" || ${.CURDIR:N*net/frr*}==""
CUR_ARCH!=	/usr/bin/uname -p
. if ${CUR_ARCH} == "armv7"
WITH_DEBUG=yes
. endif
.endif

.if ${.CURDIR:N*net/frr*}==""
ETCDIR=	/var/etc/frr
.endif

DEFAULT_VERSIONS=	php=74 ssl=base
PHP_FD_SETSIZE=		3172

. if ${.CURDIR:N*sysutils/check_reload_status*}==""
WITH_DEBUG=	yes
. endif

# Options for packages

# databases
databases_rrdtool_UNSET_FORCE=	PYTHON_MODULE RUBY_MODULE PERL_MODULE DEJAVU GRAPH

# devel
devel_git_UNSET_FORCE=CVS GITWEB GUI HTMLDOCS P4 SVN CONTRIB PERL ETCSHELLS

# dns
dns_dnsmasq_UNSET_FORCE=	DNSSEC

dns_unbound_SET_FORCE=	LIBEVENT PYTHON
dns_unbound112_SET_FORCE=	LIBEVENT PYTHON

dns_bind916_SET_FORCE=DLZ_FILESYSTEM FILTER_AAAA IPV6 LINKS RRL SIGCHASE SSL THREADS GSSAPI_NONE
dns_bind916_UNSET_FORCE=FIXED_RRSET IDN LARGE_FILE LMDB

# emulators
emulators_open-vm-tools_UNSET_FORCE=DOCS FUSE LIBNOTIFY X11

# graphics
graphics_cairo_UNSET_FORCE=X11 XCB OPENGL

graphics_gd_SET_FORCE=ICONV
graphics_gd_UNSET_FORCE=FONTCONFIG XPM

graphics_graphviz_SET_FORCE=ICONV NLS
graphics_graphviz_UNSET_FORCE=DIGCOLA IPSEPCOLA PANGOCAIRO XPM

# lang
lang_gcc_UNSET_FORCE=JAVA

# mail
mail_pear-Mail_SET_FORCE=	PEAR_NET_SMTP

# net
net_freeradius3_SET_FORCE=EXPERIMENTAL HEIMDAL LDAP MYSQL PERL PGSQL PYTHON SQLITE3

net_frr7_SET_FORCE=SNMP

net_haproxy18_SET_FORCE=OPENSSL SPCRE LUA
net_haproxy18_UNSET_FORCE=DPCRE

net_haproxy_SET_FORCE=OPENSSL SPCRE LUA PROMEX
net_haproxy_UNSET_FORCE=DPCRE

net_haproxy-devel_SET_FORCE=OPENSSL SPCRE LUA
net_haproxy-devel_UNSET_FORCE=DPCRE

net_libpcap_SET_FORCE=IPV6
net_libpcap_UNSET_FORCE=DAG

net_miniupnpd_SET_FORCE=	PF_FILTER_RULES IPV6 CHECK_PORTINUSE

net_mtr_UNSET_FORCE=X11

net_nss_ldap_UNSET_FORCE=SASL KERBEROS

net_ntp_UNSET_FORCE=	PERL_UTILS

# net-mgmt
net-mgmt_net-snmp_SET_FORCE=IPV6 MFD_REWRITES TLS
net-mgmt_net-snmp_UNSET_FORCE=AX_DISABLE_TRAP AX_SOCKONLY DOCS DUMMY JAIL MYSQL PYTHON SMUX TKMIB UNPRIVILEGED

net-mgmt_zabbix3-agent_SET_FORCE=IPV6

net-mgmt_zabbix3-proxy_SET_FORCE=IPMI IPV6 LIBXML2 SQLITE SSH
net-mgmt_zabbix3-proxy_UNSET_FORCE=MYSQL

net-mgmt_zabbix4-agent_SET_FORCE=IPV6

net-mgmt_zabbix4-proxy_SET_FORCE=IPMI IPV6 LIBXML2 SQLITE SSH
net-mgmt_zabbix4-proxy_UNSET_FORCE=MYSQL

net-mgmt_zabbix44-agent_SET_FORCE=IPV6

net-mgmt_zabbix44-proxy_SET_FORCE=IPMI IPV6 LIBXML2 SQLITE SSH
net-mgmt_zabbix44-proxy_UNSET_FORCE=MYSQL

net-mgmt_zabbix5-agent_SET_FORCE=IPV6

net-mgmt_zabbix5-proxy_SET_FORCE=IPMI IPV6 LIBXML2 SQLITE SSH
net-mgmt_zabbix5-proxy_UNSET_FORCE=MYSQL

net-mgmt_zabbix52-agent_SET_FORCE=IPV6

net-mgmt_zabbix52-proxy_SET_FORCE=IPMI IPV6 LIBXML2 SQLITE SSH
net-mgmt_zabbix52-proxy_UNSET_FORCE=MYSQL

net-mgmt_zabbix54-agent_SET_FORCE=IPV6

net-mgmt_zabbix54-proxy_SET_FORCE=IPMI IPV6 LIBXML2 SQLITE SSH
net-mgmt_zabbix54-proxy_UNSET_FORCE=MYSQL

# security
security_ca_root_nss_SET_FORCE=	ETCSYMLINK

security_opensc_SET_FORCE=	PCSC
security_opensc_UNSET_FORCE=	DOCS MANPAGES

security_openvpn_SET_FORCE=	X509ALTUSERNAME ASYNC_PUSH
security_openvpn_UNSET_FORCE=	EASYRSA

shells_scponly_SET_FORCE=CHROOT SCP WILDCARDS WINSCP
shells_scponly_UNSET_FORCE=DEFAULT_CHDIR DOCS GFTP RSYNC SVN SVNSERVE UNISON

security_sudo_SET_FORCE=LDAP

security_snort_SET_FORCE=APPID COREDUMPS GRE IPV6 NORMALIZER PERFPROFILE SOURCEFIRE
security_snort_UNSET_FORCE=BARNYARD FILEINSPECT HA PULLEDPORK

.if ${.CURDIR:N*security/snort3*}==""
CUR_ARCH!=  /usr/bin/uname -p
.if ${CUR_ARCH} == "armv7" || ${CUR_ARCH} == "aarch64"
security_snort3_SET_FORCE=LARGEPCAP STATICDAQ
security_snort3_UNSET_FORCE=HYPERSCAN TSC
else
security_snort3_SET_FORCE=LARGEPCAP STATICDAQ HYPERSCAN
.endif
.endif

security_strongswan_SET_FORCE=	CURL EAPDYNAMIC EAPRADIUS EAPSIMFILE \
			IKEv1 UNBOUND XAUTH IPSECKEY PKCS11 PKI UNITY VICI VSTR SWANCTL
security_strongswan_UNSET_FORCE=	EAPAKA3GPP2 BUILTIN LIBC SMP

security_suricata_SET_FORCE=GEOIP HTP_PORT IPFW JSON LUAJIT NSS PORTS_PCAP NETMAP HYPERSCAN REDIS
security_suricata4_SET_FORCE=GEOIP HTP_PORT IPFW JSON LUAJIT NSS PORTS_PCAP NETMAP HYPERSCAN REDIS
.if ${.CURDIR:N*security/suricata*}==""
CUR_ARCH!=	/usr/bin/uname -p
NATIVE_BUILD!=	/sbin/sysctl -qn kern.supported_archs | grep -q ${CUR_ARCH} && echo yes || /usr/bin/true
.if ${NATIVE_BUILD} != "yes"
security_suricata_UNSET_FORCE=LUA PRELUDE SC TESTS RUST
security_suricata4_UNSET_FORCE=LUA PRELUDE SC TESTS RUST
.else
security_suricata_UNSET_FORCE=LUA PRELUDE SC TESTS
security_suricata4_UNSET_FORCE=LUA PRELUDE SC TESTS
.endif
.endif

security_xinetd_UNSET_FORCE=	XCONV

# sysutils
sysutils_apcupsd_SET_FORCE=APCDUMB_DRV APCSMART_DRV PCNET_DRV SNMP_DRV TCP_WRAPPERS USB
sysutils_apcupsd_UNSET_FORCE=CGI CLIENT_ONLY GAPCMON SNMP_DRV_OLD TEST_DRV

sysutils_flashrom_UNSET_FORCE=	FTDI BUSPIRATE

sysutils_pftop_SET_FORCE=ALTQ

sysutils_syslog-ng_SET_FORCE=	SYS_SSL
sysutils_syslog-ng_UNSET_FORCE=	PORTS_SSL

# www
www_c-icap_SET_FORCE=LARGE_FILES
www_c-icap_UNSET_FORCE=IPV6

www_lightsquid_SET_FORCE=GD

www_lighttpd_SET_FORCE=	NODELAY

www_nginx_SET_FORCE=	LUA

www_squid_SET_FORCE=ARP_ACL AUTH_LDAP AUTH_NIS AUTH_SASL CACHE_DIGESTS DELAY_POOLS FOLLOW_XFF FS_AUFS FS_DISKD GSSAPI_MIT HTCP ICAP ICMP IDENT IPV6 KQUEUE LARGEFILE LAX_HTTP SNMP SSL SSL_CRTD TP_PF WCCP WCCPV2
www_squid_UNSET_FORCE=AUTH_SMB AUTH_SQL DEBUG DNS_HELPER ECAP ESI FS_ROCK GSSAPI_NONE GSSAPI_BASE GSSAPI_HEIMDAL STACKTRACES TP_IPF TP_IPFW VIA_DB

www_squidguard_SET_FORCE=DNS_BL LDAP STRIP_NTDOMAIN
www_squidguard_UNSET_FORCE=QUOTE_STRING

www_e2guardian_SET_FORCE=ICAP NTLM SSL_MITM

PKG_REPO_BRANCH_DEVEL=v2_5_0
PKG_REPO_BRANCH_RELEASE=v2_5_2
PKG_REPO_SERVER_DEVEL=pkg+http://10.42.0.2/packages
PKG_REPO_SERVER_RELEASE=pkg+http://10.42.0.2/packages
POUDRIERE_PORTS_NAME=Cygate_devel
PFSENSE_DEFAULT_REPO=Cygate-repo-devel
PRODUCT_NAME=Cygate
REPO_BRANCH_PREFIX=
#### Misc Poudriere ####
.include "/etc/make.conf.ports_env"
---End make.conf---
--Resource limits--
cpu time               (seconds, -t)  unlimited
file size           (512-blocks, -f)  unlimited
data seg size           (kbytes, -d)  33554432
stack size              (kbytes, -s)  524288
core file size      (512-blocks, -c)  unlimited
max memory size         (kbytes, -m)  unlimited
locked memory           (kbytes, -l)  unlimited
max user processes              (-u)  19414
open files                      (-n)  9000
virtual mem size        (kbytes, -v)  8388608
swap limit              (kbytes, -w)  unlimited
socket buffer size       (bytes, -b)  unlimited
pseudo-terminals                (-p)  unlimited
kqueues                         (-k)  unlimited
umtx shared locks               (-o)  unlimited
--End resource limits--
=======================<phase: check-sanity   >============================
===== env: NO_DEPENDS=yes USER=nobody UID=65534 GID=65534
===>  License GPLv2 accepted by the user
===========================================================================
=======================<phase: pkg-depends    >============================
===== env: USE_PACKAGE_DEPENDS_ONLY=1 USER=root UID=0 GID=0
===>   vnstat-2.8 depends on file: /usr/local/sbin/pkg - not found
===>   Installing existing package /packages/All/pkg-1.17.2.pkg
[Cygate_v2_5_0_amd64-Cygate_devel-job-03] Installing pkg-1.17.2...
[Cygate_v2_5_0_amd64-Cygate_devel-job-03] Extracting pkg-1.17.2: .......... done
===>   vnstat-2.8 depends on file: /usr/local/sbin/pkg - found
===>   Returning to build of vnstat-2.8
===========================================================================
=======================<phase: fetch-depends  >============================
===== env: USE_PACKAGE_DEPENDS_ONLY=1 USER=root UID=0 GID=0
===========================================================================
=======================<phase: fetch          >============================
===== env: NO_DEPENDS=yes USER=root UID=0 GID=0
===>  License GPLv2 accepted by the user
===> Fetching all distfiles required by vnstat-2.8 for building
===========================================================================
=======================<phase: checksum       >============================
===== env: NO_DEPENDS=yes USER=root UID=0 GID=0
===>  License GPLv2 accepted by the user
===> Fetching all distfiles required by vnstat-2.8 for building
=> SHA256 Checksum OK for vnstat-2.8.tar.gz.
===========================================================================
=======================<phase: extract-depends>============================
===== env: USE_PACKAGE_DEPENDS_ONLY=1 USER=root UID=0 GID=0
===========================================================================
=======================<phase: extract        >============================
===== env: NO_DEPENDS=yes USER=nobody UID=65534 GID=65534
===>  License GPLv2 accepted by the user
===> Fetching all distfiles required by vnstat-2.8 for building
===>  Extracting for vnstat-2.8
=> SHA256 Checksum OK for vnstat-2.8.tar.gz.
===========================================================================
=======================<phase: patch-depends  >============================
===== env: USE_PACKAGE_DEPENDS_ONLY=1 USER=root UID=0 GID=0
===========================================================================
=======================<phase: patch          >============================
===== env: NO_DEPENDS=yes USER=nobody UID=65534 GID=65534
===>  Patching for vnstat-2.8
===========================================================================
=======================<phase: build-depends  >============================
===== env: USE_PACKAGE_DEPENDS_ONLY=1 USER=root UID=0 GID=0
===========================================================================
=======================<phase: lib-depends    >============================
===== env: USE_PACKAGE_DEPENDS_ONLY=1 USER=root UID=0 GID=0
===>   vnstat-2.8 depends on shared library: libgd.so - not found
===>   Installing existing package /packages/All/libgd-2.3.1,1.pkg
[Cygate_v2_5_0_amd64-Cygate_devel-job-03] Installing libgd-2.3.1,1...
[Cygate_v2_5_0_amd64-Cygate_devel-job-03] `-- Installing freetype2-2.11.0...
[Cygate_v2_5_0_amd64-Cygate_devel-job-03] |   `-- Installing png-1.6.37_1...
[Cygate_v2_5_0_amd64-Cygate_devel-job-03] |   `-- Extracting png-1.6.37_1: .......... done
[Cygate_v2_5_0_amd64-Cygate_devel-job-03] `-- Extracting freetype2-2.11.0: .......... done
[Cygate_v2_5_0_amd64-Cygate_devel-job-03] `-- Installing jpeg-turbo-2.1.1...
[Cygate_v2_5_0_amd64-Cygate_devel-job-03] `-- Extracting jpeg-turbo-2.1.1: .......... done
[Cygate_v2_5_0_amd64-Cygate_devel-job-03] `-- Installing tiff-4.3.0...
[Cygate_v2_5_0_amd64-Cygate_devel-job-03] |   `-- Installing jbigkit-2.1_1...
[Cygate_v2_5_0_amd64-Cygate_devel-job-03] |   `-- Extracting jbigkit-2.1_1: .......... done
[Cygate_v2_5_0_amd64-Cygate_devel-job-03] `-- Extracting tiff-4.3.0: .......... done
[Cygate_v2_5_0_amd64-Cygate_devel-job-03] `-- Installing webp-1.2.1...
[Cygate_v2_5_0_amd64-Cygate_devel-job-03] |   `-- Installing giflib-5.2.1...
[Cygate_v2_5_0_amd64-Cygate_devel-job-03] |   `-- Extracting giflib-5.2.1: .......... done
[Cygate_v2_5_0_amd64-Cygate_devel-job-03] `-- Extracting webp-1.2.1: .......... done
[Cygate_v2_5_0_amd64-Cygate_devel-job-03] Extracting libgd-2.3.1,1: .......... done
=====
Message from freetype2-2.11.0:

--
The 2.7.x series now uses the new subpixel hinting mode (V40 port's option) as
the default, emulating a modern version of ClearType. This change inevitably
leads to different rendering results, and you might change port's options to
adapt it to your taste (or use the new "FREETYPE_PROPERTIES" environment
variable).

The environment variable "FREETYPE_PROPERTIES" can be used to control the
driver properties. Example:

FREETYPE_PROPERTIES=truetype:interpreter-version=35 \
	cff:no-stem-darkening=1 \
	autofitter:warping=1

This allows to select, say, the subpixel hinting mode at runtime for a given
application.

If LONG_PCF_NAMES port's option was enabled, the PCF family names may include
the foundry and information whether they contain wide characters. For example,
"Sony Fixed" or "Misc Fixed Wide", instead of "Fixed". This can be disabled at
run time with using pcf:no-long-family-names property, if needed. Example:

FREETYPE_PROPERTIES=pcf:no-long-family-names=1

How to recreate fontconfig cache with using such environment variable,
if needed:
# env FREETYPE_PROPERTIES=pcf:no-long-family-names=1 fc-cache -fsv

The controllable properties are listed in the section "Controlling FreeType
Modules" in the reference's table of contents
(/usr/local/share/doc/freetype2/reference/index.html, if documentation was installed).
===>   vnstat-2.8 depends on shared library: libgd.so - found (/usr/local/lib/libgd.so)
===>   Returning to build of vnstat-2.8
===>   vnstat-2.8 depends on shared library: libsqlite3.so - not found
===>   Installing existing package /packages/All/sqlite3-3.35.5_3,1.pkg
[Cygate_v2_5_0_amd64-Cygate_devel-job-03] Installing sqlite3-3.35.5_3,1...
[Cygate_v2_5_0_amd64-Cygate_devel-job-03] `-- Installing libedit-3.1.20210216,1...
[Cygate_v2_5_0_amd64-Cygate_devel-job-03] `-- Extracting libedit-3.1.20210216,1: .......... done
[Cygate_v2_5_0_amd64-Cygate_devel-job-03] Extracting sqlite3-3.35.5_3,1: .......... done
===>   vnstat-2.8 depends on shared library: libsqlite3.so - found (/usr/local/lib/libsqlite3.so)
===>   Returning to build of vnstat-2.8
===========================================================================
=======================<phase: configure      >============================
===== env: NO_DEPENDS=yes USER=nobody UID=65534 GID=65534
===>  Configuring for vnstat-2.8
configure: loading site script /usr/ports/Templates/config.site
checking for a BSD-compatible install... /usr/bin/install -c
checking whether build environment is sane... yes
checking for a thread-safe mkdir -p... (cached) /bin/mkdir -p
checking for gawk... (cached) /usr/bin/awk
checking whether make sets $(MAKE)... yes
checking whether make supports nested variables... yes
checking whether to enable maintainer-specific portions of Makefiles... no
checking for gcc... cc
checking whether the C compiler works... yes
checking for C compiler default output file name... a.out
checking for suffix of executables... 
checking whether we are cross compiling... no
checking for suffix of object files... o
checking whether we are using the GNU C compiler... yes
checking whether cc accepts -g... yes
checking for cc option to accept ISO C89... none needed
checking whether cc understands -c and -o together... yes
checking whether make supports the include directive... yes (GNU style)
checking dependency style of cc... gcc3
checking whether make sets $(MAKE)... (cached) yes
checking for pow in -lm... yes
checking for sqlite3_prepare_v2 in -lsqlite3... yes
checking for gdImagePng in -lgd... yes
checking whether GD_NEAREST_NEIGHBOUR is declared... yes
checking for pkg-config... no
checking for CHECK... no
configure: testcases can not be execute without check installed
checking how to run the C preprocessor... cpp
checking for grep that handles long lines and -e... (cached) /usr/bin/grep
checking for egrep... (cached) /usr/bin/egrep
checking for ANSI C header files... (cached) yes
checking for sys/types.h... (cached) yes
checking for sys/stat.h... (cached) yes
checking for stdlib.h... (cached) yes
checking for string.h... (cached) yes
checking for memory.h... (cached) yes
checking for strings.h... (cached) yes
checking for inttypes.h... (cached) yes
checking for stdint.h... (cached) yes
checking for unistd.h... (cached) yes
checking for fcntl.h... (cached) yes
checking for inttypes.h... (cached) yes
checking for locale.h... (cached) yes
checking for stdint.h... (cached) yes
checking for stdlib.h... (cached) yes
checking for string.h... (cached) yes
checking for sys/file.h... (cached) yes
checking for sys/mount.h... (cached) yes
checking for sys/param.h... (cached) yes
checking for sys/socket.h... (cached) yes
checking for sys/statvfs.h... (cached) yes
checking for sys/time.h... (cached) yes
checking syslog.h usability... yes
checking syslog.h presence... yes
checking for syslog.h... yes
checking for unistd.h... (cached) yes
checking for wchar.h... (cached) yes
checking linux/rtnetlink.h usability... no
checking linux/rtnetlink.h presence... no
checking for linux/rtnetlink.h... no
checking build system type... amd64-portbld-freebsd12.3
checking host system type... amd64-portbld-freebsd12.3
checking whether IFLA_STATS64 is declared... no
checking whether O_CLOEXEC is declared... yes
checking whether SQLITE_CHECKPOINT_RESTART is declared... yes
checking whether SQLITE_CHECKPOINT_TRUNCATE is declared... yes
checking for uid_t in sys/types.h... (cached) yes
checking for int32_t... (cached) yes
checking for mode_t... (cached) yes
checking for size_t... (cached) yes
checking for uint32_t... (cached) yes
checking for uint64_t... (cached) yes
checking for unistd.h... (cached) yes
checking for working chown... yes
checking for pid_t... (cached) yes
checking for vfork.h... (cached) no
checking for fork... (cached) yes
checking for vfork... (cached) yes
checking for working fork... yes
checking for working vfork... (cached) yes
checking whether time.h and sys/time.h may both be included... yes
checking for sys/time.h... (cached) yes
checking for unistd.h... (cached) yes
checking for alarm... (cached) yes
checking for working mktime... no
checking for dup2... (cached) yes
checking for localtime_r... yes
checking for memset... (cached) yes
checking for mkdir... yes
checking for pow... yes
checking for rmdir... yes
checking for setlocale... (cached) yes
checking for strcasecmp... (cached) yes
checking for strchr... (cached) yes
checking for strdup... (cached) yes
checking for strerror... (cached) yes
checking for strncasecmp... (cached) yes
checking for strstr... (cached) yes
checking for strtol... (cached) yes
checking for strtoul... (cached) yes
checking for strtoull... (cached) yes
checking for tzset... yes
checking for mbstowcs... (cached) yes
checking for wcswidth... (cached) yes
checking that generated files are newer than configure... done
configure: creating ./config.status
config.status: creating Makefile
config.status: creating src/config.h
config.status: executing depfiles commands
expr: syntax error
expr: syntax error
expr: syntax error
configure: 
configure:  ============================================== 
configure: 
configure:          host: amd64-portbld-freebsd12.3 
configure:         build: amd64-portbld-freebsd12.3 
configure: 
configure:        prefix: /usr/local      
configure:   exec_prefix: ${prefix} 
configure:        bindir: ${exec_prefix}/bin      
configure:       sbindir: ${exec_prefix}/sbin     
configure:    sysconfdir: ${prefix}/etc  
configure: 
configure:    Install paths 
configure: 
configure:     vnstat: ${exec_prefix}/bin/vnstat 
configure:    vnstati: ${exec_prefix}/bin/vnstati 
configure:    vnstatd: ${exec_prefix}/sbin/vnstatd 
configure:     config: ${prefix}/etc/vnstat.conf 
configure: 
configure:           Tests: unavailable 
configure:    Image output: enabled 
configure: 
configure:  ============================================== 
configure: 
===========================================================================
=======================<phase: build          >============================
===== env: NO_DEPENDS=yes USER=nobody UID=65534 GID=65534
===>  Building for vnstat-2.8
--- all-recursive ---
Making all in .
--- src/.dirstamp ---
--- src/.deps/.dirstamp ---
--- src/vnstat.o ---
--- src/vnstat_func.o ---
--- src/ifinfo.o ---
--- src/iflist.o ---
--- src/dbsql.o ---
--- src/dbxml.o ---
--- src/dbjson.o ---
--- src/dbshow.o ---
--- src/common.o ---
--- src/misc.o ---
--- src/cfg.o ---
--- src/cfgoutput.o ---
--- src/vnstat.o ---
depbase=`echo src/vnstat.o | sed 's|[^/]*$|.deps/&|;s|\.o$||'`; cc -DHAVE_CONFIG_H -I. -I./src      -O2 -pipe  -fstack-protector-strong -fno-strict-aliasing  -I/usr/local/include -MT src/vnstat.o -MD -MP -MF $depbase.Tpo -c -o src/vnstat.o src/vnstat.c && mv -f $depbase.Tpo $depbase.Po
--- src/vnstat_func.o ---
depbase=`echo src/vnstat_func.o | sed 's|[^/]*$|.deps/&|;s|\.o$||'`; cc -DHAVE_CONFIG_H -I. -I./src      -O2 -pipe  -fstack-protector-strong -fno-strict-aliasing  -I/usr/local/include -MT src/vnstat_func.o -MD -MP -MF $depbase.Tpo -c -o src/vnstat_func.o src/vnstat_func.c && mv -f $depbase.Tpo $depbase.Po
--- src/ifinfo.o ---
depbase=`echo src/ifinfo.o | sed 's|[^/]*$|.deps/&|;s|\.o$||'`; cc -DHAVE_CONFIG_H -I. -I./src      -O2 -pipe  -fstack-protector-strong -fno-strict-aliasing  -I/usr/local/include -MT src/ifinfo.o -MD -MP -MF $depbase.Tpo -c -o src/ifinfo.o src/ifinfo.c && mv -f $depbase.Tpo $depbase.Po
--- src/iflist.o ---
depbase=`echo src/iflist.o | sed 's|[^/]*$|.deps/&|;s|\.o$||'`; cc -DHAVE_CONFIG_H -I. -I./src      -O2 -pipe  -fstack-protector-strong -fno-strict-aliasing  -I/usr/local/include -MT src/iflist.o -MD -MP -MF $depbase.Tpo -c -o src/iflist.o src/iflist.c && mv -f $depbase.Tpo $depbase.Po
--- src/dbsql.o ---
depbase=`echo src/dbsql.o | sed 's|[^/]*$|.deps/&|;s|\.o$||'`; cc -DHAVE_CONFIG_H -I. -I./src      -O2 -pipe  -fstack-protector-strong -fno-strict-aliasing  -I/usr/local/include -MT src/dbsql.o -MD -MP -MF $depbase.Tpo -c -o src/dbsql.o src/dbsql.c && mv -f $depbase.Tpo $depbase.Po
--- src/dbxml.o ---
depbase=`echo src/dbxml.o | sed 's|[^/]*$|.deps/&|;s|\.o$||'`; cc -DHAVE_CONFIG_H -I. -I./src      -O2 -pipe  -fstack-protector-strong -fno-strict-aliasing  -I/usr/local/include -MT src/dbxml.o -MD -MP -MF $depbase.Tpo -c -o src/dbxml.o src/dbxml.c && mv -f $depbase.Tpo $depbase.Po
--- src/dbjson.o ---
depbase=`echo src/dbjson.o | sed 's|[^/]*$|.deps/&|;s|\.o$||'`; cc -DHAVE_CONFIG_H -I. -I./src      -O2 -pipe  -fstack-protector-strong -fno-strict-aliasing  -I/usr/local/include -MT src/dbjson.o -MD -MP -MF $depbase.Tpo -c -o src/dbjson.o src/dbjson.c && mv -f $depbase.Tpo $depbase.Po
--- src/dbshow.o ---
depbase=`echo src/dbshow.o | sed 's|[^/]*$|.deps/&|;s|\.o$||'`; cc -DHAVE_CONFIG_H -I. -I./src      -O2 -pipe  -fstack-protector-strong -fno-strict-aliasing  -I/usr/local/include -MT src/dbshow.o -MD -MP -MF $depbase.Tpo -c -o src/dbshow.o src/dbshow.c && mv -f $depbase.Tpo $depbase.Po
--- src/common.o ---
depbase=`echo src/common.o | sed 's|[^/]*$|.deps/&|;s|\.o$||'`; cc -DHAVE_CONFIG_H -I. -I./src      -O2 -pipe  -fstack-protector-strong -fno-strict-aliasing  -I/usr/local/include -MT src/common.o -MD -MP -MF $depbase.Tpo -c -o src/common.o src/common.c && mv -f $depbase.Tpo $depbase.Po
--- src/misc.o ---
depbase=`echo src/misc.o | sed 's|[^/]*$|.deps/&|;s|\.o$||'`; cc -DHAVE_CONFIG_H -I. -I./src      -O2 -pipe  -fstack-protector-strong -fno-strict-aliasing  -I/usr/local/include -MT src/misc.o -MD -MP -MF $depbase.Tpo -c -o src/misc.o src/misc.c && mv -f $depbase.Tpo $depbase.Po
--- src/cfg.o ---
depbase=`echo src/cfg.o | sed 's|[^/]*$|.deps/&|;s|\.o$||'`; cc -DHAVE_CONFIG_H -I. -I./src      -O2 -pipe  -fstack-protector-strong -fno-strict-aliasing  -I/usr/local/include -MT src/cfg.o -MD -MP -MF $depbase.Tpo -c -o src/cfg.o src/cfg.c && mv -f $depbase.Tpo $depbase.Po
--- src/cfgoutput.o ---
depbase=`echo src/cfgoutput.o | sed 's|[^/]*$|.deps/&|;s|\.o$||'`; cc -DHAVE_CONFIG_H -I. -I./src      -O2 -pipe  -fstack-protector-strong -fno-strict-aliasing  -I/usr/local/include -MT src/cfgoutput.o -MD -MP -MF $depbase.Tpo -c -o src/cfgoutput.o src/cfgoutput.c && mv -f $depbase.Tpo $depbase.Po
--- src/ibw.o ---
--- src/fs.o ---
--- src/ibw.o ---
depbase=`echo src/ibw.o | sed 's|[^/]*$|.deps/&|;s|\.o$||'`; cc -DHAVE_CONFIG_H -I. -I./src      -O2 -pipe  -fstack-protector-strong -fno-strict-aliasing  -I/usr/local/include -MT src/ibw.o -MD -MP -MF $depbase.Tpo -c -o src/ibw.o src/ibw.c && mv -f $depbase.Tpo $depbase.Po
--- src/fs.o ---
depbase=`echo src/fs.o | sed 's|[^/]*$|.deps/&|;s|\.o$||'`; cc -DHAVE_CONFIG_H -I. -I./src      -O2 -pipe  -fstack-protector-strong -fno-strict-aliasing  -I/usr/local/include -MT src/fs.o -MD -MP -MF $depbase.Tpo -c -o src/fs.o src/fs.c && mv -f $depbase.Tpo $depbase.Po
--- src/id.o ---
depbase=`echo src/id.o | sed 's|[^/]*$|.deps/&|;s|\.o$||'`; cc -DHAVE_CONFIG_H -I. -I./src      -O2 -pipe  -fstack-protector-strong -fno-strict-aliasing  -I/usr/local/include -MT src/id.o -MD -MP -MF $depbase.Tpo -c -o src/id.o src/id.c && mv -f $depbase.Tpo $depbase.Po
--- src/traffic.o ---
depbase=`echo src/traffic.o | sed 's|[^/]*$|.deps/&|;s|\.o$||'`; cc -DHAVE_CONFIG_H -I. -I./src      -O2 -pipe  -fstack-protector-strong -fno-strict-aliasing  -I/usr/local/include -MT src/traffic.o -MD -MP -MF $depbase.Tpo -c -o src/traffic.o src/traffic.c && mv -f $depbase.Tpo $depbase.Po
--- src/vnstatd.o ---
--- src/dbaccess.o ---
--- src/vnstatd.o ---
depbase=`echo src/vnstatd.o | sed 's|[^/]*$|.deps/&|;s|\.o$||'`; cc -DHAVE_CONFIG_H -I. -I./src      -O2 -pipe  -fstack-protector-strong -fno-strict-aliasing  -I/usr/local/include -MT src/vnstatd.o -MD -MP -MF $depbase.Tpo -c -o src/vnstatd.o src/vnstatd.c && mv -f $depbase.Tpo $depbase.Po
--- src/dbaccess.o ---
depbase=`echo src/dbaccess.o | sed 's|[^/]*$|.deps/&|;s|\.o$||'`; cc -DHAVE_CONFIG_H -I. -I./src      -O2 -pipe  -fstack-protector-strong -fno-strict-aliasing  -I/usr/local/include -MT src/dbaccess.o -MD -MP -MF $depbase.Tpo -c -o src/dbaccess.o src/dbaccess.c && mv -f $depbase.Tpo $depbase.Po
--- src/datacache.o ---
depbase=`echo src/datacache.o | sed 's|[^/]*$|.deps/&|;s|\.o$||'`; cc -DHAVE_CONFIG_H -I. -I./src      -O2 -pipe  -fstack-protector-strong -fno-strict-aliasing  -I/usr/local/include -MT src/datacache.o -MD -MP -MF $depbase.Tpo -c -o src/datacache.o src/datacache.c && mv -f $depbase.Tpo $depbase.Po
--- src/daemon.o ---
depbase=`echo src/daemon.o | sed 's|[^/]*$|.deps/&|;s|\.o$||'`; cc -DHAVE_CONFIG_H -I. -I./src      -O2 -pipe  -fstack-protector-strong -fno-strict-aliasing  -I/usr/local/include -MT src/daemon.o -MD -MP -MF $depbase.Tpo -c -o src/daemon.o src/daemon.c && mv -f $depbase.Tpo $depbase.Po
--- src/vnstati.o ---
depbase=`echo src/vnstati.o | sed 's|[^/]*$|.deps/&|;s|\.o$||'`; cc -DHAVE_CONFIG_H -I. -I./src      -O2 -pipe  -fstack-protector-strong -fno-strict-aliasing  -I/usr/local/include -MT src/vnstati.o -MD -MP -MF $depbase.Tpo -c -o src/vnstati.o src/vnstati.c && mv -f $depbase.Tpo $depbase.Po
--- src/image.o ---
depbase=`echo src/image.o | sed 's|[^/]*$|.deps/&|;s|\.o$||'`; cc -DHAVE_CONFIG_H -I. -I./src      -O2 -pipe  -fstack-protector-strong -fno-strict-aliasing  -I/usr/local/include -MT src/image.o -MD -MP -MF $depbase.Tpo -c -o src/image.o src/image.c && mv -f $depbase.Tpo $depbase.Po
--- src/image_support.o ---
depbase=`echo src/image_support.o | sed 's|[^/]*$|.deps/&|;s|\.o$||'`; cc -DHAVE_CONFIG_H -I. -I./src      -O2 -pipe  -fstack-protector-strong -fno-strict-aliasing  -I/usr/local/include -MT src/image_support.o -MD -MP -MF $depbase.Tpo -c -o src/image_support.o src/image_support.c && mv -f $depbase.Tpo $depbase.Po
--- vnstat ---
cc  -O2 -pipe  -fstack-protector-strong -fno-strict-aliasing  -I/usr/local/include  -fstack-protector-strong  -L/usr/local/lib -o vnstat src/vnstat.o src/vnstat_func.o  src/ifinfo.o src/iflist.o src/dbsql.o  src/dbxml.o src/dbjson.o src/dbshow.o  src/common.o src/misc.o src/cfg.o  src/cfgoutput.o src/ibw.o src/fs.o  src/id.o src/traffic.o  -lsqlite3 -lm
--- vnstatd ---
cc  -O2 -pipe  -fstack-protector-strong -fno-strict-aliasing  -I/usr/local/include  -fstack-protector-strong  -L/usr/local/lib -o vnstatd src/vnstatd.o src/ifinfo.o  src/iflist.o src/dbsql.o  src/dbaccess.o src/datacache.o  src/common.o src/misc.o src/cfg.o  src/ibw.o src/fs.o src/id.o  src/daemon.o  -lsqlite3 -lm
--- vnstati ---
cc  -O2 -pipe  -fstack-protector-strong -fno-strict-aliasing  -I/usr/local/include  -fstack-protector-strong  -L/usr/local/lib -o vnstati src/vnstati.o src/iflist.o  src/image.o src/image_support.o  src/dbsql.o src/common.o src/misc.o  src/fs.o src/id.o src/cfg.o -lgd -lsqlite3 -lm
===========================================================================
=======================<phase: run-depends    >============================
===== env: USE_PACKAGE_DEPENDS_ONLY=1 USER=root UID=0 GID=0
===========================================================================
=======================<phase: stage          >============================
===== env: NO_DEPENDS=yes USER=nobody UID=65534 GID=65534
===>  Staging for vnstat-2.8
===>   Generating temporary packing list
===> Creating groups.
===> Creating users
install  -s -m 555 /wrkdirs/usr/ports/net/vnstat/work/vnstat-2.8/vnstat /wrkdirs/usr/ports/net/vnstat/work/stage/usr/local/bin/vnstat
install  -m 0644 /wrkdirs/usr/ports/net/vnstat/work/vnstat-2.8/cfg/vnstat.conf /wrkdirs/usr/ports/net/vnstat/work/stage/usr/local/etc/vnstat.conf.sample
install  -s -m 555 /wrkdirs/usr/ports/net/vnstat/work/vnstat-2.8/vnstatd /wrkdirs/usr/ports/net/vnstat/work/stage/usr/local/sbin/vnstatd
install  -m 444 /wrkdirs/usr/ports/net/vnstat/work/vnstat-2.8/man/vnstat.1 /wrkdirs/usr/ports/net/vnstat/work/stage/usr/local/share/man/man1/vnstat.1
install  -m 444 /wrkdirs/usr/ports/net/vnstat/work/vnstat-2.8/man/vnstat.conf.5 /wrkdirs/usr/ports/net/vnstat/work/stage/usr/local/share/man/man5/vnstat.conf.5
install  -m 444 /wrkdirs/usr/ports/net/vnstat/work/vnstat-2.8/man/vnstatd.8 /wrkdirs/usr/ports/net/vnstat/work/stage/usr/local/share/man/man8/vnstatd.8
install  -s -m 555 /wrkdirs/usr/ports/net/vnstat/work/vnstat-2.8/vnstati /wrkdirs/usr/ports/net/vnstat/work/stage/usr/local/bin/vnstati
install  -m 444 /wrkdirs/usr/ports/net/vnstat/work/vnstat-2.8/man/vnstati.1 /wrkdirs/usr/ports/net/vnstat/work/stage/usr/local/share/man/man1/vnstati.1
====> Compressing man pages (compress-man)
===> Staging rc.d startup script(s)
===========================================================================
=======================<phase: package        >============================
===== env: 'PKG_NOTES=build_timestamp ports_top_git_hash ports_top_checkout_unclean port_git_hash port_checkout_unclean built_by' 'PKG_NOTE_build_timestamp=2021-10-18T20:29:54+0000' 'PKG_NOTE_ports_top_git_hash=af67f424b' 'PKG_NOTE_ports_top_checkout_unclean=no' 'PKG_NOTE_port_git_hash=af67f424b' 'PKG_NOTE_port_checkout_unclean=no' 'PKG_NOTE_built_by=poudriere-git-3.3.0-1019-gef452659' NO_DEPENDS=yes USER=nobody UID=65534 GID=65534
===>  Building package for vnstat-2.8
install -l rs /.npkg/All/vnstat-2.8.pkg /.npkg/All/vnstat-2.8.txz
===========================================================================
=>> Cleaning up wrkdir
===>  Cleaning for vnstat-2.8
build of net/vnstat | vnstat-2.8 ended at Mon Oct 18 23:29:58 EAT 2021
build time: 00:00:04
