=>> Building security/xinetd
build started at Mon Oct 18 23:32:05 EAT 2021
port directory: /usr/ports/security/xinetd
package name: xinetd-2.3.15_2
building for: FreeBSD Cygate_v2_5_0_amd64-Cygate_devel-job-03 12.3-PRERELEASE FreeBSD 12.3-PRERELEASE 1202508 amd64
maintained by: garga@FreeBSD.org
Makefile datestamp: -rw-r--r--  1 root  wheel  1370 Oct 18 18:58 /usr/ports/security/xinetd/Makefile
Ports top last git commit: af67f424b
Ports top unclean checkout: no
Port dir last git commit: af67f424b
Port dir unclean checkout: no
Poudriere version: poudriere-git-3.3.0-1019-gef452659
Host OSVERSION: 1202000
Jail OSVERSION: 1202508
Job Id: 03




!!! Jail is newer than host. (Jail: 1202508, Host: 1202000) !!!
!!! This is not supported. !!!
!!! Host kernel must be same or newer than jail. !!!
!!! Expect build failures. !!!



---Begin Environment---
SHELL=/bin/csh
OSVERSION=1202508
UNAME_v=FreeBSD 12.3-PRERELEASE 1202508
UNAME_r=12.3-PRERELEASE
BLOCKSIZE=K
MAIL=/var/mail/root
STATUS=1
HOME=/root
PATH=/sbin:/bin:/usr/sbin:/usr/bin:/usr/local/sbin:/usr/local/bin:/root/bin
LOCALBASE=/usr/local
USER=root
POUDRIERE_NAME=poudriere-git
LIBEXECPREFIX=/usr/local/libexec/poudriere
POUDRIERE_VERSION=3.3.0-1019-gef452659
MASTERMNT=/usr/local/poudriere/data/.m/Cygate_v2_5_0_amd64-Cygate_devel/ref
LC_COLLATE=C
POUDRIERE_BUILD_TYPE=bulk
PACKAGE_BUILDING=yes
SAVED_TERM=xterm-256color
GID=0
OUTPUT_REDIRECTED_STDERR=4
OUTPUT_REDIRECTED=1
UID=0
PWD=/usr/local/poudriere/data/.m/Cygate_v2_5_0_amd64-Cygate_devel/03/.p
OUTPUT_REDIRECTED_STDOUT=3
P_PORTS_FEATURES=FLAVORS SELECTED_OPTIONS
MASTERNAME=Cygate_v2_5_0_amd64-Cygate_devel
SCRIPTPREFIX=/usr/local/share/poudriere
SCRIPTNAME=bulk.sh
OLDPWD=/usr/local/poudriere/data/.m/Cygate_v2_5_0_amd64-Cygate_devel/ref/.p/pool
POUDRIERE_PKGNAME=poudriere-git-3.3.0-1019-gef452659
SCRIPTPATH=/usr/local/share/poudriere/bulk.sh
POUDRIEREPATH=/usr/local/bin/poudriere
---End Environment---

---Begin Poudriere Port Flags/Env---
PORT_FLAGS=
PKGENV=
FLAVOR=
DEPENDS_ARGS=
MAKE_ARGS=
---End Poudriere Port Flags/Env---

---Begin OPTIONS List---
===> The following configuration options are available for xinetd-2.3.15_2:
     IPV6=on: IPv6 protocol support
     LIBWRAP=on: TCP wrapper support
     XCONV=off: Install xconv utility (requires perl)
===> Use 'make config' to modify these settings
---End OPTIONS List---

--MAINTAINER--
garga@FreeBSD.org
--End MAINTAINER--

--CONFIGURE_ARGS--
--with-loadavg --with-ipv6 --with-libwrap --prefix=/usr/local ${_LATE_CONFIGURE_ARGS}
--End CONFIGURE_ARGS--

--CONFIGURE_ENV--
XDG_DATA_HOME=/wrkdirs/usr/ports/security/xinetd/work  XDG_CONFIG_HOME=/wrkdirs/usr/ports/security/xinetd/work  XDG_CACHE_HOME=/wrkdirs/usr/ports/security/xinetd/work/.cache  HOME=/wrkdirs/usr/ports/security/xinetd/work TMPDIR="/tmp" PATH=/wrkdirs/usr/ports/security/xinetd/work/.bin:/sbin:/bin:/usr/sbin:/usr/bin:/usr/local/sbin:/usr/local/bin:/root/bin SHELL=/bin/sh CONFIG_SHELL=/bin/sh CONFIG_SITE=/usr/ports/Templates/config.site lt_cv_sys_max_cmd_len=524288
--End CONFIGURE_ENV--

--MAKE_ENV--
XDG_DATA_HOME=/wrkdirs/usr/ports/security/xinetd/work  XDG_CONFIG_HOME=/wrkdirs/usr/ports/security/xinetd/work  XDG_CACHE_HOME=/wrkdirs/usr/ports/security/xinetd/work/.cache  HOME=/wrkdirs/usr/ports/security/xinetd/work TMPDIR="/tmp" PATH=/wrkdirs/usr/ports/security/xinetd/work/.bin:/sbin:/bin:/usr/sbin:/usr/bin:/usr/local/sbin:/usr/local/bin:/root/bin NO_PIE=yes MK_DEBUG_FILES=no MK_KERNEL_SYMBOLS=no SHELL=/bin/sh NO_LINT=YES PREFIX=/usr/local  LOCALBASE=/usr/local  CC="cc" CFLAGS="-O2 -pipe  -fstack-protector-strong -fno-strict-aliasing "  CPP="cpp" CPPFLAGS=""  LDFLAGS=" -fstack-protector-strong " LIBS=""  CXX="c++" CXXFLAGS="-O2 -pipe -fstack-protector-strong -fno-strict-aliasing  "  MANPREFIX="/usr/local" BSD_INSTALL_PROGRAM="install  -s -m 555"  BSD_INSTALL_LIB="install  -s -m 0644"  BSD_INSTALL_SCRIPT="install  -m 555"  BSD_INSTALL_DATA="install  -m 0644"  BSD_INSTALL_MAN="install  -m 444"
--End MAKE_ENV--

--PLIST_SUB--
 IPV6="" NO_IPV6="@comment " LIBWRAP="" NO_LIBWRAP="@comment " XCONV="@comment " NO_XCONV="" OSREL=12.3 PREFIX=%D LOCALBASE=/usr/local  RESETPREFIX=/usr/local LIB32DIR=lib DOCSDIR="share/doc/xinetd"  EXAMPLESDIR="share/examples/xinetd"  DATADIR="share/xinetd"  WWWDIR="www/xinetd"  ETCDIR="etc/xinetd"
--End PLIST_SUB--

--SUB_LIST--
 IPV6="" NO_IPV6="@comment " LIBWRAP="" NO_LIBWRAP="@comment " XCONV="@comment " NO_XCONV="" PREFIX=/usr/local LOCALBASE=/usr/local  DATADIR=/usr/local/share/xinetd DOCSDIR=/usr/local/share/doc/xinetd EXAMPLESDIR=/usr/local/share/examples/xinetd  WWWDIR=/usr/local/www/xinetd ETCDIR=/usr/local/etc/xinetd
--End SUB_LIST--

---Begin make.conf---
USE_PACKAGE_DEPENDS=yes
BATCH=yes
WRKDIRPREFIX=/wrkdirs
PORTSDIR=/usr/ports
PACKAGES=/packages
DISTDIR=/distfiles
FORCE_PACKAGE=yes
PACKAGE_BUILDING=yes
PACKAGE_BUILDING_FLAVORS=yes
#### /usr/local/etc/poudriere.d/Cygate_devel-make.conf ####
ALLOW_UNSUPPORTED_SYSTEM=yes

# Define pfSense repos
PFSENSE_REPOS=	Cygate-repo Cygate-repo-devel Cygate-repo-245

# Used by pfSense-upgrade port to set pkg_set_version
PFSENSE_PKG_SET_VERSION=	2.6.0-DEVELOPMENT

# Generic options
OPTIONS_UNSET_FORCE=	DOCS DOXYGEN EXAMPLES INFO MAN MANPAGES X11

# Individual ports options
.if ${.CURDIR:N*net/quagga*}=="" || ${.CURDIR:N*net/frr*}==""
CUR_ARCH!=	/usr/bin/uname -p
. if ${CUR_ARCH} == "armv7"
WITH_DEBUG=yes
. endif
.endif

.if ${.CURDIR:N*net/frr*}==""
ETCDIR=	/var/etc/frr
.endif

DEFAULT_VERSIONS=	php=74 ssl=base
PHP_FD_SETSIZE=		3172

. if ${.CURDIR:N*sysutils/check_reload_status*}==""
WITH_DEBUG=	yes
. endif

# Options for packages

# databases
databases_rrdtool_UNSET_FORCE=	PYTHON_MODULE RUBY_MODULE PERL_MODULE DEJAVU GRAPH

# devel
devel_git_UNSET_FORCE=CVS GITWEB GUI HTMLDOCS P4 SVN CONTRIB PERL ETCSHELLS

# dns
dns_dnsmasq_UNSET_FORCE=	DNSSEC

dns_unbound_SET_FORCE=	LIBEVENT PYTHON
dns_unbound112_SET_FORCE=	LIBEVENT PYTHON

dns_bind916_SET_FORCE=DLZ_FILESYSTEM FILTER_AAAA IPV6 LINKS RRL SIGCHASE SSL THREADS GSSAPI_NONE
dns_bind916_UNSET_FORCE=FIXED_RRSET IDN LARGE_FILE LMDB

# emulators
emulators_open-vm-tools_UNSET_FORCE=DOCS FUSE LIBNOTIFY X11

# graphics
graphics_cairo_UNSET_FORCE=X11 XCB OPENGL

graphics_gd_SET_FORCE=ICONV
graphics_gd_UNSET_FORCE=FONTCONFIG XPM

graphics_graphviz_SET_FORCE=ICONV NLS
graphics_graphviz_UNSET_FORCE=DIGCOLA IPSEPCOLA PANGOCAIRO XPM

# lang
lang_gcc_UNSET_FORCE=JAVA

# mail
mail_pear-Mail_SET_FORCE=	PEAR_NET_SMTP

# net
net_freeradius3_SET_FORCE=EXPERIMENTAL HEIMDAL LDAP MYSQL PERL PGSQL PYTHON SQLITE3

net_frr7_SET_FORCE=SNMP

net_haproxy18_SET_FORCE=OPENSSL SPCRE LUA
net_haproxy18_UNSET_FORCE=DPCRE

net_haproxy_SET_FORCE=OPENSSL SPCRE LUA PROMEX
net_haproxy_UNSET_FORCE=DPCRE

net_haproxy-devel_SET_FORCE=OPENSSL SPCRE LUA
net_haproxy-devel_UNSET_FORCE=DPCRE

net_libpcap_SET_FORCE=IPV6
net_libpcap_UNSET_FORCE=DAG

net_miniupnpd_SET_FORCE=	PF_FILTER_RULES IPV6 CHECK_PORTINUSE

net_mtr_UNSET_FORCE=X11

net_nss_ldap_UNSET_FORCE=SASL KERBEROS

net_ntp_UNSET_FORCE=	PERL_UTILS

# net-mgmt
net-mgmt_net-snmp_SET_FORCE=IPV6 MFD_REWRITES TLS
net-mgmt_net-snmp_UNSET_FORCE=AX_DISABLE_TRAP AX_SOCKONLY DOCS DUMMY JAIL MYSQL PYTHON SMUX TKMIB UNPRIVILEGED

net-mgmt_zabbix3-agent_SET_FORCE=IPV6

net-mgmt_zabbix3-proxy_SET_FORCE=IPMI IPV6 LIBXML2 SQLITE SSH
net-mgmt_zabbix3-proxy_UNSET_FORCE=MYSQL

net-mgmt_zabbix4-agent_SET_FORCE=IPV6

net-mgmt_zabbix4-proxy_SET_FORCE=IPMI IPV6 LIBXML2 SQLITE SSH
net-mgmt_zabbix4-proxy_UNSET_FORCE=MYSQL

net-mgmt_zabbix44-agent_SET_FORCE=IPV6

net-mgmt_zabbix44-proxy_SET_FORCE=IPMI IPV6 LIBXML2 SQLITE SSH
net-mgmt_zabbix44-proxy_UNSET_FORCE=MYSQL

net-mgmt_zabbix5-agent_SET_FORCE=IPV6

net-mgmt_zabbix5-proxy_SET_FORCE=IPMI IPV6 LIBXML2 SQLITE SSH
net-mgmt_zabbix5-proxy_UNSET_FORCE=MYSQL

net-mgmt_zabbix52-agent_SET_FORCE=IPV6

net-mgmt_zabbix52-proxy_SET_FORCE=IPMI IPV6 LIBXML2 SQLITE SSH
net-mgmt_zabbix52-proxy_UNSET_FORCE=MYSQL

net-mgmt_zabbix54-agent_SET_FORCE=IPV6

net-mgmt_zabbix54-proxy_SET_FORCE=IPMI IPV6 LIBXML2 SQLITE SSH
net-mgmt_zabbix54-proxy_UNSET_FORCE=MYSQL

# security
security_ca_root_nss_SET_FORCE=	ETCSYMLINK

security_opensc_SET_FORCE=	PCSC
security_opensc_UNSET_FORCE=	DOCS MANPAGES

security_openvpn_SET_FORCE=	X509ALTUSERNAME ASYNC_PUSH
security_openvpn_UNSET_FORCE=	EASYRSA

shells_scponly_SET_FORCE=CHROOT SCP WILDCARDS WINSCP
shells_scponly_UNSET_FORCE=DEFAULT_CHDIR DOCS GFTP RSYNC SVN SVNSERVE UNISON

security_sudo_SET_FORCE=LDAP

security_snort_SET_FORCE=APPID COREDUMPS GRE IPV6 NORMALIZER PERFPROFILE SOURCEFIRE
security_snort_UNSET_FORCE=BARNYARD FILEINSPECT HA PULLEDPORK

.if ${.CURDIR:N*security/snort3*}==""
CUR_ARCH!=  /usr/bin/uname -p
.if ${CUR_ARCH} == "armv7" || ${CUR_ARCH} == "aarch64"
security_snort3_SET_FORCE=LARGEPCAP STATICDAQ
security_snort3_UNSET_FORCE=HYPERSCAN TSC
else
security_snort3_SET_FORCE=LARGEPCAP STATICDAQ HYPERSCAN
.endif
.endif

security_strongswan_SET_FORCE=	CURL EAPDYNAMIC EAPRADIUS EAPSIMFILE \
			IKEv1 UNBOUND XAUTH IPSECKEY PKCS11 PKI UNITY VICI VSTR SWANCTL
security_strongswan_UNSET_FORCE=	EAPAKA3GPP2 BUILTIN LIBC SMP

security_suricata_SET_FORCE=GEOIP HTP_PORT IPFW JSON LUAJIT NSS PORTS_PCAP NETMAP HYPERSCAN REDIS
security_suricata4_SET_FORCE=GEOIP HTP_PORT IPFW JSON LUAJIT NSS PORTS_PCAP NETMAP HYPERSCAN REDIS
.if ${.CURDIR:N*security/suricata*}==""
CUR_ARCH!=	/usr/bin/uname -p
NATIVE_BUILD!=	/sbin/sysctl -qn kern.supported_archs | grep -q ${CUR_ARCH} && echo yes || /usr/bin/true
.if ${NATIVE_BUILD} != "yes"
security_suricata_UNSET_FORCE=LUA PRELUDE SC TESTS RUST
security_suricata4_UNSET_FORCE=LUA PRELUDE SC TESTS RUST
.else
security_suricata_UNSET_FORCE=LUA PRELUDE SC TESTS
security_suricata4_UNSET_FORCE=LUA PRELUDE SC TESTS
.endif
.endif

security_xinetd_UNSET_FORCE=	XCONV

# sysutils
sysutils_apcupsd_SET_FORCE=APCDUMB_DRV APCSMART_DRV PCNET_DRV SNMP_DRV TCP_WRAPPERS USB
sysutils_apcupsd_UNSET_FORCE=CGI CLIENT_ONLY GAPCMON SNMP_DRV_OLD TEST_DRV

sysutils_flashrom_UNSET_FORCE=	FTDI BUSPIRATE

sysutils_pftop_SET_FORCE=ALTQ

sysutils_syslog-ng_SET_FORCE=	SYS_SSL
sysutils_syslog-ng_UNSET_FORCE=	PORTS_SSL

# www
www_c-icap_SET_FORCE=LARGE_FILES
www_c-icap_UNSET_FORCE=IPV6

www_lightsquid_SET_FORCE=GD

www_lighttpd_SET_FORCE=	NODELAY

www_nginx_SET_FORCE=	LUA

www_squid_SET_FORCE=ARP_ACL AUTH_LDAP AUTH_NIS AUTH_SASL CACHE_DIGESTS DELAY_POOLS FOLLOW_XFF FS_AUFS FS_DISKD GSSAPI_MIT HTCP ICAP ICMP IDENT IPV6 KQUEUE LARGEFILE LAX_HTTP SNMP SSL SSL_CRTD TP_PF WCCP WCCPV2
www_squid_UNSET_FORCE=AUTH_SMB AUTH_SQL DEBUG DNS_HELPER ECAP ESI FS_ROCK GSSAPI_NONE GSSAPI_BASE GSSAPI_HEIMDAL STACKTRACES TP_IPF TP_IPFW VIA_DB

www_squidguard_SET_FORCE=DNS_BL LDAP STRIP_NTDOMAIN
www_squidguard_UNSET_FORCE=QUOTE_STRING

www_e2guardian_SET_FORCE=ICAP NTLM SSL_MITM

PKG_REPO_BRANCH_DEVEL=v2_5_0
PKG_REPO_BRANCH_RELEASE=v2_5_2
PKG_REPO_SERVER_DEVEL=pkg+http://10.42.0.2/packages
PKG_REPO_SERVER_RELEASE=pkg+http://10.42.0.2/packages
POUDRIERE_PORTS_NAME=Cygate_devel
PFSENSE_DEFAULT_REPO=Cygate-repo-devel
PRODUCT_NAME=Cygate
REPO_BRANCH_PREFIX=
#### Misc Poudriere ####
.include "/etc/make.conf.ports_env"
---End make.conf---
--Resource limits--
cpu time               (seconds, -t)  unlimited
file size           (512-blocks, -f)  unlimited
data seg size           (kbytes, -d)  33554432
stack size              (kbytes, -s)  524288
core file size      (512-blocks, -c)  unlimited
max memory size         (kbytes, -m)  unlimited
locked memory           (kbytes, -l)  unlimited
max user processes              (-u)  19414
open files                      (-n)  9000
virtual mem size        (kbytes, -v)  8388608
swap limit              (kbytes, -w)  unlimited
socket buffer size       (bytes, -b)  unlimited
pseudo-terminals                (-p)  unlimited
kqueues                         (-k)  unlimited
umtx shared locks               (-o)  unlimited
--End resource limits--
=======================<phase: check-sanity   >============================
===== env: NO_DEPENDS=yes USER=nobody UID=65534 GID=65534
===>  License XINETD accepted by the user
===========================================================================
=======================<phase: pkg-depends    >============================
===== env: USE_PACKAGE_DEPENDS_ONLY=1 USER=root UID=0 GID=0
===>   xinetd-2.3.15_2 depends on file: /usr/local/sbin/pkg - not found
===>   Installing existing package /packages/All/pkg-1.17.2.pkg
[Cygate_v2_5_0_amd64-Cygate_devel-job-03] Installing pkg-1.17.2...
[Cygate_v2_5_0_amd64-Cygate_devel-job-03] Extracting pkg-1.17.2: .......... done
===>   xinetd-2.3.15_2 depends on file: /usr/local/sbin/pkg - found
===>   Returning to build of xinetd-2.3.15_2
===========================================================================
=======================<phase: fetch-depends  >============================
===== env: USE_PACKAGE_DEPENDS_ONLY=1 USER=root UID=0 GID=0
===========================================================================
=======================<phase: fetch          >============================
===== env: NO_DEPENDS=yes USER=root UID=0 GID=0
===>  License XINETD accepted by the user
===> Fetching all distfiles required by xinetd-2.3.15_2 for building
===========================================================================
=======================<phase: checksum       >============================
===== env: NO_DEPENDS=yes USER=root UID=0 GID=0
===>  License XINETD accepted by the user
===> Fetching all distfiles required by xinetd-2.3.15_2 for building
=> SHA256 Checksum OK for xinetd-2.3.15.tar.gz.
===========================================================================
=======================<phase: extract-depends>============================
===== env: USE_PACKAGE_DEPENDS_ONLY=1 USER=root UID=0 GID=0
===========================================================================
=======================<phase: extract        >============================
===== env: NO_DEPENDS=yes USER=nobody UID=65534 GID=65534
===>  License XINETD accepted by the user
===> Fetching all distfiles required by xinetd-2.3.15_2 for building
===>  Extracting for xinetd-2.3.15_2
=> SHA256 Checksum OK for xinetd-2.3.15.tar.gz.
===========================================================================
=======================<phase: patch-depends  >============================
===== env: USE_PACKAGE_DEPENDS_ONLY=1 USER=root UID=0 GID=0
===========================================================================
=======================<phase: patch          >============================
===== env: NO_DEPENDS=yes USER=nobody UID=65534 GID=65534
===>  Patching for xinetd-2.3.15_2
===>  Applying FreeBSD patches for xinetd-2.3.15_2 from /usr/ports/security/xinetd/files
===========================================================================
=======================<phase: build-depends  >============================
===== env: USE_PACKAGE_DEPENDS_ONLY=1 USER=root UID=0 GID=0
===========================================================================
=======================<phase: lib-depends    >============================
===== env: USE_PACKAGE_DEPENDS_ONLY=1 USER=root UID=0 GID=0
===========================================================================
=======================<phase: configure      >============================
===== env: NO_DEPENDS=yes USER=nobody UID=65534 GID=65534
===>  Configuring for xinetd-2.3.15_2
configure: loading site script /usr/ports/Templates/config.site
checking build system type... amd64-portbld-freebsd12.3
checking host system type... amd64-portbld-freebsd12.3
checking target system type... amd64-portbld-freebsd12.3
checking for gcc... cc
checking for C compiler default output file name... a.out
checking whether the C compiler works... yes
checking whether we are cross compiling... no
checking for suffix of executables... 
checking for suffix of object files... o
checking whether we are using the GNU C compiler... yes
checking whether cc accepts -g... yes
checking for cc option to accept ANSI C... none needed
checking for a BSD-compatible install... /usr/bin/install -c
checking for ranlib... ranlib
checking for main in -lcompat... yes
checking for library containing gethostbyname... none required
checking for library containing getnameinfo... none required
checking for library containing inet_ntop... none required
checking for getnameinfo... (cached) yes
checking for inet_ntop... (cached) yes
checking for difftime... yes
checking for fcvt... no
checking for fcvt in -lm... no
checking for ecvt... no
checking for ecvt in -lm... no
checking for gcvt... no
checking for gcvt in -lm... no
checking for strerror... (cached) yes
checking for strcasecmp... (cached) yes
checking for socket... yes
checking for inet_aton... (cached) yes
checking for setenv... (cached) yes
checking for strsignal... (cached) yes
checking for sys_siglist in -lc... yes
checking for gai_strerror... (cached) yes
checking for freeaddrinfo... (cached) yes
checking for getaddrinfo... (cached) yes
checking how to run the C preprocessor... cpp
checking for egrep... grep -E
checking for ANSI C header files... (cached) yes
checking for sys/types.h... (cached) yes
checking for sys/stat.h... (cached) yes
checking for stdlib.h... (cached) yes
checking for string.h... (cached) yes
checking for memory.h... (cached) yes
checking for strings.h... (cached) yes
checking for inttypes.h... (cached) yes
checking for stdint.h... (cached) yes
checking for unistd.h... (cached) yes
checking for sys/types.h... (cached) yes
checking sys/termios.h usability... yes
checking sys/termios.h presence... yes
checking for sys/termios.h... yes
checking termios.h usability... yes
checking termios.h presence... yes
checking for termios.h... yes
checking for sys/ioctl.h... (cached) yes
checking for sys/select.h... (cached) yes
checking rpc/rpc.h usability... yes
checking rpc/rpc.h presence... yes
checking for rpc/rpc.h... yes
checking rpc/rpcent.h usability... yes
checking rpc/rpcent.h presence... yes
checking for rpc/rpcent.h... yes
checking for sys/file.h... (cached) yes
checking ftw.h usability... yes
checking ftw.h presence... yes
checking for ftw.h... yes
checking machine/reg.h usability... yes
checking machine/reg.h presence... no
configure: WARNING: machine/reg.h: accepted by the compiler, rejected by the preprocessor!
configure: WARNING: machine/reg.h: proceeding with the compiler's result
checking for machine/reg.h... yes
checking for netdb.h... (cached) yes
checking for sys/resource.h... (cached) yes
checking for arpa/inet.h... (cached) yes
checking grp.h usability... yes
checking grp.h presence... yes
checking for grp.h... yes
checking rpc/pmap_clnt.h usability... no
checking rpc/pmap_clnt.h presence... yes
configure: WARNING: rpc/pmap_clnt.h: present but cannot be compiled
configure: WARNING: rpc/pmap_clnt.h:     check for missing prerequisite headers?
configure: WARNING: rpc/pmap_clnt.h: see the Autoconf documentation
configure: WARNING: rpc/pmap_clnt.h:     section "Present But Cannot Be Compiled"
configure: WARNING: rpc/pmap_clnt.h: proceeding with the preprocessor's result
configure: WARNING: rpc/pmap_clnt.h: in the future, the compiler will take precedence
configure: WARNING:     ## ------------------------------------------ ##
configure: WARNING:     ## Report this to the AC_PACKAGE_NAME lists.  ##
configure: WARNING:     ## ------------------------------------------ ##
checking for rpc/pmap_clnt.h... yes
checking for sys/socket.h... (cached) yes
checking sys/signal.h usability... yes
checking sys/signal.h presence... yes
checking for sys/signal.h... yes
checking crypt.h usability... no
checking crypt.h presence... no
checking for crypt.h... no
checking for stdint.h... (cached) yes
checking for stdbool.h... (cached) yes
checking sys/filio.h usability... yes
checking sys/filio.h presence... yes
checking for sys/filio.h... yes
checking DNSServiceDiscovery/DNSServiceDiscovery.h usability... no
checking DNSServiceDiscovery/DNSServiceDiscovery.h presence... no
checking for DNSServiceDiscovery/DNSServiceDiscovery.h... no
checking for uint16_t... yes
checking for uint32_t... yes
checking for uint64_t... yes
checking for uid_t... yes
checking for gid_t... yes
checking for socklen_t... yes
checking for rlim_t... yes
checking for struct addrinfo... (cached) yes
checking for struct in6_addr... (cached) yes
checking for struct sockaddr_in6... (cached) yes
checking for struct sockaddr_storage... (cached) yes
checking for main in -lcrypt... yes
checking whether to compile in loadavg... yes
checking for crypt in -lc... yes
checking for log10 in -lm... yes
checking whether to default to ipv6... ignored
checking whether to use libwrap... yes
checking for request_init in -lwrap... yes
checking for yp_get_default_domain in -lnsl... no
checking whether to use labeled-networking... no
checking for stdlib.h... (cached) yes
checking for unistd.h... (cached) yes
checking for getpagesize... (cached) yes
checking for working mmap... (cached) yes
checking for isatty... yes
checking for memcpy... (cached) yes
checking for waitpid... (cached) yes
checking for sigvec... (cached) yes
checking for setsid... (cached) yes
checking for strftime... (cached) yes
configure: creating ./config.status
config.status: creating Makefile
config.status: creating libs/src/misc/Makefile
config.status: creating libs/src/pset/Makefile
config.status: creating libs/src/sio/Makefile
config.status: creating libs/src/str/Makefile
config.status: creating libs/src/xlog/Makefile
config.status: creating libs/src/portable/Makefile
config.status: creating xinetd/Makefile
config.status: creating config.h
===========================================================================
=======================<phase: build          >============================
===== env: NO_DEPENDS=yes USER=nobody UID=65534 GID=65534
===>  Building for xinetd-2.3.15_2
--- libportable ---
--- libpset ---
--- libportable ---
cd libs/src/portable ; /usr/bin/make CC='cc' CFLAGS='-O2 -pipe  -fstack-protector-strong -fno-strict-aliasing  -O2 -pipe  -fstack-protector-strong -fno-strict-aliasing -I../../include' install
--- libpset ---
cd libs/src/pset ; /usr/bin/make CC='cc' CFLAGS='-O2 -pipe  -fstack-protector-strong -fno-strict-aliasing  -O2 -pipe  -fstack-protector-strong -fno-strict-aliasing -I../../include' install
--- pset.o ---
--- ops.o ---
--- pset.o ---
cc  -O2 -pipe  -fstack-protector-strong -fno-strict-aliasing  -O2 -pipe  -fstack-protector-strong -fno-strict-aliasing -I../../include -c pset.c -o pset.o
--- libportable ---
--- difftime.o ---
--- inet_aton.o ---
--- strerror.o ---
--- fake-getnameinfo.o ---
--- inet_ntop.o ---
--- cvt.o ---
--- difftime.o ---
cc  -O2 -pipe  -fstack-protector-strong -fno-strict-aliasing  -O2 -pipe  -fstack-protector-strong -fno-strict-aliasing -I../../include -c difftime.c -o difftime.o
--- inet_aton.o ---
cc  -O2 -pipe  -fstack-protector-strong -fno-strict-aliasing  -O2 -pipe  -fstack-protector-strong -fno-strict-aliasing -I../../include -c inet_aton.c -o inet_aton.o
--- libpset ---
--- ops.o ---
cc  -O2 -pipe  -fstack-protector-strong -fno-strict-aliasing  -O2 -pipe  -fstack-protector-strong -fno-strict-aliasing -I../../include -c ops.c -o ops.o
--- libportable ---
--- strerror.o ---
cc  -O2 -pipe  -fstack-protector-strong -fno-strict-aliasing  -O2 -pipe  -fstack-protector-strong -fno-strict-aliasing -I../../include -c strerror.c -o strerror.o
--- fake-getnameinfo.o ---
cc  -O2 -pipe  -fstack-protector-strong -fno-strict-aliasing  -O2 -pipe  -fstack-protector-strong -fno-strict-aliasing -I../../include -c fake-getnameinfo.c -o fake-getnameinfo.o
--- inet_ntop.o ---
cc  -O2 -pipe  -fstack-protector-strong -fno-strict-aliasing  -O2 -pipe  -fstack-protector-strong -fno-strict-aliasing -I../../include -c inet_ntop.c -o inet_ntop.o
--- cvt.o ---
cc  -O2 -pipe  -fstack-protector-strong -fno-strict-aliasing  -O2 -pipe  -fstack-protector-strong -fno-strict-aliasing -I../../include -c cvt.c -o cvt.o
cvt.c:113:9: warning: implicit declaration of function 'strx_nprint' is invalid in C99 [-Wimplicit-function-declaration]
    n = strx_nprint (buf, len, "%.*" FLOAT_FMT_FLAG "f", ndigit, value);
        ^
--- libpset ---
--- libpset.a ---
ar r libpset.a pset.o ops.o
ar: warning: creating libpset.a
ranlib libpset.a
--- install ---
Installed libpset.a to ../../lib
Installed ./pset.h to ../../include
Installed ./pset.3 ./psi.3 to ../../man
--- libportable ---
1 warning generated.
--- libportable.a ---
ar r libportable.a difftime.o inet_aton.o strerror.o fake-getnameinfo.o inet_ntop.o cvt.o
ar: warning: creating libportable.a
ranlib libportable.a
--- install ---
Installed libportable.a to ../../lib
Installed ./libportable.h to ../../include
--- libsio ---
cd libs/src/sio ; /usr/bin/make CC='cc' CFLAGS='-O2 -pipe  -fstack-protector-strong -fno-strict-aliasing  -O2 -pipe  -fstack-protector-strong -fno-strict-aliasing -I../../include' install
--- sprint.o ---
--- sio.o ---
--- siosup.o ---
--- sprint.o ---
cc  -O2 -pipe  -fstack-protector-strong -fno-strict-aliasing  -O2 -pipe  -fstack-protector-strong -fno-strict-aliasing -I../../include -c sprint.c -o sprint.o
--- sio.o ---
cc  -O2 -pipe  -fstack-protector-strong -fno-strict-aliasing  -O2 -pipe  -fstack-protector-strong -fno-strict-aliasing -I../../include -c sio.c -o sio.o
--- siosup.o ---
cc  -O2 -pipe  -fstack-protector-strong -fno-strict-aliasing  -O2 -pipe  -fstack-protector-strong -fno-strict-aliasing -I../../include -c siosup.c -o siosup.o
--- libsio.a ---
ar r libsio.a sprint.o sio.o siosup.o
ar: warning: creating libsio.a
ranlib libsio.a
--- install ---
Installed libsio.a to ../../lib
Installed ./sio.h to ../../include
Installed ./sio.3 ./Sprint.3 to ../../man
--- libstr ---
cd libs/src/str ; /usr/bin/make CC='cc' CFLAGS='-O2 -pipe  -fstack-protector-strong -fno-strict-aliasing  -O2 -pipe  -fstack-protector-strong -fno-strict-aliasing -I../../include' install
--- strutil.o ---
--- strprint.o ---
--- strparse.o ---
--- strutil.o ---
cc  -O2 -pipe  -fstack-protector-strong -fno-strict-aliasing  -O2 -pipe  -fstack-protector-strong -fno-strict-aliasing -I../../include -c strutil.c -o strutil.o
--- strprint.o ---
cc  -O2 -pipe  -fstack-protector-strong -fno-strict-aliasing  -O2 -pipe  -fstack-protector-strong -fno-strict-aliasing -I../../include -c strprint.c -o strprint.o
--- strparse.o ---
cc  -O2 -pipe  -fstack-protector-strong -fno-strict-aliasing  -O2 -pipe  -fstack-protector-strong -fno-strict-aliasing -I../../include -c strparse.c -o strparse.o
--- libstr.a ---
ar r libstr.a strutil.o strprint.o strparse.o
ar: warning: creating libstr.a
ranlib libstr.a
--- install ---
Installed libstr.a to ../../lib
Installed ./str.h to ../../include
Installed ./strparse.3 ./strprint.3 ./strutil.3 to ../../man
--- libmisc ---
--- libxlog ---
--- libmisc ---
cd libs/src/misc ; /usr/bin/make CC='cc' CFLAGS='-O2 -pipe  -fstack-protector-strong -fno-strict-aliasing  -O2 -pipe  -fstack-protector-strong -fno-strict-aliasing -I../../include' install
--- libxlog ---
cd libs/src/xlog ; /usr/bin/make CC='cc' CFLAGS='-O2 -pipe  -fstack-protector-strong -fno-strict-aliasing  -O2 -pipe  -fstack-protector-strong -fno-strict-aliasing -I../../include' install
--- libmisc ---
--- misc.o ---
--- m_env.o ---
--- libxlog ---
--- xlog.o ---
--- filelog.o ---
--- slog.o ---
--- util.o ---
--- libmisc ---
--- misc.o ---
cc  -O2 -pipe  -fstack-protector-strong -fno-strict-aliasing  -O2 -pipe  -fstack-protector-strong -fno-strict-aliasing -I../../include -c misc.c -o misc.o
--- libxlog ---
--- xlog.o ---
cc  -O2 -pipe  -fstack-protector-strong -fno-strict-aliasing  -O2 -pipe  -fstack-protector-strong -fno-strict-aliasing -I../../include -c xlog.c -o xlog.o
--- libmisc ---
--- m_env.o ---
cc  -O2 -pipe  -fstack-protector-strong -fno-strict-aliasing  -O2 -pipe  -fstack-protector-strong -fno-strict-aliasing -I../../include -c m_env.c -o m_env.o
--- libxlog ---
--- filelog.o ---
cc  -O2 -pipe  -fstack-protector-strong -fno-strict-aliasing  -O2 -pipe  -fstack-protector-strong -fno-strict-aliasing -I../../include -c filelog.c -o filelog.o
--- slog.o ---
cc  -O2 -pipe  -fstack-protector-strong -fno-strict-aliasing  -O2 -pipe  -fstack-protector-strong -fno-strict-aliasing -I../../include -c slog.c -o slog.o
--- util.o ---
cc  -O2 -pipe  -fstack-protector-strong -fno-strict-aliasing  -O2 -pipe  -fstack-protector-strong -fno-strict-aliasing -I../../include -c util.c -o util.o
--- libmisc ---
--- libmisc.a ---
--- libxlog ---
--- libxlog.a ---
--- libmisc ---
ar r libmisc.a misc.o m_env.o
ar: warning: creating libmisc.a
--- libxlog ---
ar r libxlog.a xlog.o filelog.o slog.o util.o
--- libmisc ---
ranlib libmisc.a
--- libxlog ---
ar: warning: creating libxlog.a
ranlib libxlog.a
--- libmisc ---
--- install ---
--- libxlog ---
--- install ---
--- libmisc ---
Installed libmisc.a to ../../lib
--- libxlog ---
Installed libxlog.a to ../../lib
Installed ./xlog.h to ../../include
--- libmisc ---
Installed ./misc.h ./m_env.h to ../../include
--- libxlog ---
Installed ./xlog.3 to ../../man
--- libmisc ---
Installed ./misc.3 ./m_env.3 to ../../man
--- makeprog ---
cd xinetd ; /usr/bin/make CC='cc' CFLAGS='-O2 -pipe  -fstack-protector-strong -fno-strict-aliasing  -O2 -pipe  -fstack-protector-strong -fno-strict-aliasing -I../libs/include' LDFLAGS=' -fstack-protector-strong  -L../libs/lib'
--- access.o ---
--- addr.o ---
--- builtins.o ---
--- child.o ---
--- conf.o ---
--- confparse.o ---
--- connection.o ---
--- env.o ---
--- ident.o ---
--- init.o ---
--- int.o ---
--- intcommon.o ---
--- access.o ---
cc  -O2 -pipe  -fstack-protector-strong -fno-strict-aliasing  -O2 -pipe  -fstack-protector-strong -fno-strict-aliasing -I../libs/include -c access.c -o access.o
--- addr.o ---
cc  -O2 -pipe  -fstack-protector-strong -fno-strict-aliasing  -O2 -pipe  -fstack-protector-strong -fno-strict-aliasing -I../libs/include -c addr.c -o addr.o
--- builtins.o ---
cc  -O2 -pipe  -fstack-protector-strong -fno-strict-aliasing  -O2 -pipe  -fstack-protector-strong -fno-strict-aliasing -I../libs/include -c builtins.c -o builtins.o
--- child.o ---
cc  -O2 -pipe  -fstack-protector-strong -fno-strict-aliasing  -O2 -pipe  -fstack-protector-strong -fno-strict-aliasing -I../libs/include -c child.c -o child.o
--- conf.o ---
cc  -O2 -pipe  -fstack-protector-strong -fno-strict-aliasing  -O2 -pipe  -fstack-protector-strong -fno-strict-aliasing -I../libs/include -c conf.c -o conf.o
--- confparse.o ---
cc  -O2 -pipe  -fstack-protector-strong -fno-strict-aliasing  -O2 -pipe  -fstack-protector-strong -fno-strict-aliasing -I../libs/include -c confparse.c -o confparse.o
--- connection.o ---
cc  -O2 -pipe  -fstack-protector-strong -fno-strict-aliasing  -O2 -pipe  -fstack-protector-strong -fno-strict-aliasing -I../libs/include -c connection.c -o connection.o
--- env.o ---
cc  -O2 -pipe  -fstack-protector-strong -fno-strict-aliasing  -O2 -pipe  -fstack-protector-strong -fno-strict-aliasing -I../libs/include -c env.c -o env.o
--- ident.o ---
cc  -O2 -pipe  -fstack-protector-strong -fno-strict-aliasing  -O2 -pipe  -fstack-protector-strong -fno-strict-aliasing -I../libs/include -c ident.c -o ident.o
--- init.o ---
cc  -O2 -pipe  -fstack-protector-strong -fno-strict-aliasing  -O2 -pipe  -fstack-protector-strong -fno-strict-aliasing -I../libs/include -c init.c -o init.o
--- int.o ---
cc  -O2 -pipe  -fstack-protector-strong -fno-strict-aliasing  -O2 -pipe  -fstack-protector-strong -fno-strict-aliasing -I../libs/include -c int.c -o int.o
--- intcommon.o ---
cc  -O2 -pipe  -fstack-protector-strong -fno-strict-aliasing  -O2 -pipe  -fstack-protector-strong -fno-strict-aliasing -I../libs/include -c intcommon.c -o intcommon.o
--- addr.o ---
addr.c:143:27: warning: equality comparison with extraneous parentheses [-Wparentheses-equality]
      if( (cap->addr_type == HOST_ADDR) ) 
           ~~~~~~~~~~~~~~~^~~~~~~~~~~~
addr.c:143:27: note: remove extraneous parentheses around the comparison to silence this warning
      if( (cap->addr_type == HOST_ADDR) ) 
          ~               ^           ~
addr.c:143:27: note: use '=' to turn this equality comparison into an assignment
      if( (cap->addr_type == HOST_ADDR) ) 
                          ^~
                          =
--- confparse.o ---
confparse.c:780:24: warning: equality comparison with extraneous parentheses [-Wparentheses-equality]
             if ( (sep == NULL) )
                   ~~~~^~~~~~~
confparse.c:780:24: note: remove extraneous parentheses around the comparison to silence this warning
             if ( (sep == NULL) )
                  ~    ^      ~
confparse.c:780:24: note: use '=' to turn this equality comparison into an assignment
             if ( (sep == NULL) )
                       ^~
                       =
--- connection.o ---
connection.c:222:40: warning: format specifies type 'unsigned long long' but the argument has type 'mask_t' (aka 'unsigned long') [-Wformat]
   tabprint( fd, 1, "flags = %#llx\n", cp->co_flags ) ;
                             ~~~~~     ^~~~~~~~~~~~
                             %#lx
--- internals.o ---
cc  -O2 -pipe  -fstack-protector-strong -fno-strict-aliasing  -O2 -pipe  -fstack-protector-strong -fno-strict-aliasing -I../libs/include -c internals.c -o internals.o
--- log.o ---
cc  -O2 -pipe  -fstack-protector-strong -fno-strict-aliasing  -O2 -pipe  -fstack-protector-strong -fno-strict-aliasing -I../libs/include -c log.c -o log.o
--- logctl.o ---
cc  -O2 -pipe  -fstack-protector-strong -fno-strict-aliasing  -O2 -pipe  -fstack-protector-strong -fno-strict-aliasing -I../libs/include -c logctl.c -o logctl.o
--- connection.o ---
1 warning generated.
--- main.o ---
cc  -O2 -pipe  -fstack-protector-strong -fno-strict-aliasing  -O2 -pipe  -fstack-protector-strong -fno-strict-aliasing -I../libs/include -c main.c -o main.o
--- msg.o ---
--- nvlists.o ---
--- msg.o ---
cc  -O2 -pipe  -fstack-protector-strong -fno-strict-aliasing  -O2 -pipe  -fstack-protector-strong -fno-strict-aliasing -I../libs/include -c msg.c -o msg.o
--- nvlists.o ---
cc  -O2 -pipe  -fstack-protector-strong -fno-strict-aliasing  -O2 -pipe  -fstack-protector-strong -fno-strict-aliasing -I../libs/include -c nvlists.c -o nvlists.o
--- parse.o ---
cc  -O2 -pipe  -fstack-protector-strong -fno-strict-aliasing  -O2 -pipe  -fstack-protector-strong -fno-strict-aliasing -I../libs/include -c parse.c -o parse.o
--- parsesup.o ---
--- parsers.o ---
--- parsesup.o ---
cc  -O2 -pipe  -fstack-protector-strong -fno-strict-aliasing  -O2 -pipe  -fstack-protector-strong -fno-strict-aliasing -I../libs/include -c parsesup.c -o parsesup.o
--- parsers.o ---
cc  -O2 -pipe  -fstack-protector-strong -fno-strict-aliasing  -O2 -pipe  -fstack-protector-strong -fno-strict-aliasing -I../libs/include -c parsers.c -o parsers.o
--- reconfig.o ---
cc  -O2 -pipe  -fstack-protector-strong -fno-strict-aliasing  -O2 -pipe  -fstack-protector-strong -fno-strict-aliasing -I../libs/include -c reconfig.c -o reconfig.o
--- retry.o ---
cc  -O2 -pipe  -fstack-protector-strong -fno-strict-aliasing  -O2 -pipe  -fstack-protector-strong -fno-strict-aliasing -I../libs/include -c retry.c -o retry.o
--- sconf.o ---
--- sensor.o ---
--- sconf.o ---
cc  -O2 -pipe  -fstack-protector-strong -fno-strict-aliasing  -O2 -pipe  -fstack-protector-strong -fno-strict-aliasing -I../libs/include -c sconf.c -o sconf.o
--- sensor.o ---
cc  -O2 -pipe  -fstack-protector-strong -fno-strict-aliasing  -O2 -pipe  -fstack-protector-strong -fno-strict-aliasing -I../libs/include -c sensor.c -o sensor.o
--- server.o ---
cc  -O2 -pipe  -fstack-protector-strong -fno-strict-aliasing  -O2 -pipe  -fstack-protector-strong -fno-strict-aliasing -I../libs/include -c server.c -o server.o
--- service.o ---
cc  -O2 -pipe  -fstack-protector-strong -fno-strict-aliasing  -O2 -pipe  -fstack-protector-strong -fno-strict-aliasing -I../libs/include -c service.c -o service.o
--- signals.o ---
--- special.o ---
cc  -O2 -pipe  -fstack-protector-strong -fno-strict-aliasing  -O2 -pipe  -fstack-protector-strong -fno-strict-aliasing -I../libs/include -c special.c -o special.o
--- signals.o ---
cc  -O2 -pipe  -fstack-protector-strong -fno-strict-aliasing  -O2 -pipe  -fstack-protector-strong -fno-strict-aliasing -I../libs/include -c signals.c -o signals.o
--- tcpint.o ---
--- addr.o ---
1 warning generated.
--- tcpint.o ---
cc  -O2 -pipe  -fstack-protector-strong -fno-strict-aliasing  -O2 -pipe  -fstack-protector-strong -fno-strict-aliasing -I../libs/include -c tcpint.c -o tcpint.o
--- time.o ---
cc  -O2 -pipe  -fstack-protector-strong -fno-strict-aliasing  -O2 -pipe  -fstack-protector-strong -fno-strict-aliasing -I../libs/include -c time.c -o time.o
--- udpint.o ---
--- util.o ---
--- udpint.o ---
cc  -O2 -pipe  -fstack-protector-strong -fno-strict-aliasing  -O2 -pipe  -fstack-protector-strong -fno-strict-aliasing -I../libs/include -c udpint.c -o udpint.o
--- util.o ---
cc  -O2 -pipe  -fstack-protector-strong -fno-strict-aliasing  -O2 -pipe  -fstack-protector-strong -fno-strict-aliasing -I../libs/include -c util.c -o util.o
--- redirect.o ---
cc  -O2 -pipe  -fstack-protector-strong -fno-strict-aliasing  -O2 -pipe  -fstack-protector-strong -fno-strict-aliasing -I../libs/include -c redirect.c -o redirect.o
--- xgetloadavg.o ---
cc  -O2 -pipe  -fstack-protector-strong -fno-strict-aliasing  -O2 -pipe  -fstack-protector-strong -fno-strict-aliasing -I../libs/include -c xgetloadavg.c -o xgetloadavg.o
--- options.o ---
cc  -O2 -pipe  -fstack-protector-strong -fno-strict-aliasing  -O2 -pipe  -fstack-protector-strong -fno-strict-aliasing -I../libs/include -c options.c -o options.o
--- util.o ---
In file included from util.c:22:
/usr/include/sys/termios.h:3:2: warning: "this file includes <sys/termios.h> which is deprecated, use <termios.h> instead" [-W#warnings]
#warning "this file includes <sys/termios.h> which is deprecated, use <termios.h> instead"
 ^
--- xgetloadavg.o ---
xgetloadavg.c:99:2: warning: implicit declaration of function 'getloadavg' is invalid in C99 [-Wimplicit-function-declaration]
        getloadavg (ret, sizeof (ret) / sizeof (ret[0]));
        ^
1 warning generated.
--- confparse.o ---
1 warning generated.
--- includedir.o ---
--- xtimer.o ---
--- includedir.o ---
cc  -O2 -pipe  -fstack-protector-strong -fno-strict-aliasing  -O2 -pipe  -fstack-protector-strong -fno-strict-aliasing -I../libs/include -c includedir.c -o includedir.o
--- xtimer.o ---
cc  -O2 -pipe  -fstack-protector-strong -fno-strict-aliasing  -O2 -pipe  -fstack-protector-strong -fno-strict-aliasing -I../libs/include -c xtimer.c -o xtimer.o
--- inet.o ---
--- xmdns.o ---
--- itox ---
--- inet.o ---
cc  -O2 -pipe  -fstack-protector-strong -fno-strict-aliasing  -O2 -pipe  -fstack-protector-strong -fno-strict-aliasing -I../libs/include -c inet.c -o inet.o
--- xmdns.o ---
cc  -O2 -pipe  -fstack-protector-strong -fno-strict-aliasing  -O2 -pipe  -fstack-protector-strong -fno-strict-aliasing -I../libs/include -c xmdns.c -o xmdns.o
cc -O2 -pipe  -fstack-protector-strong -fno-strict-aliasing  -O2 -pipe  -fstack-protector-strong -fno-strict-aliasing -I../libs/include  ./itox.c -o itox -fstack-protector-strong  -L../libs/lib -lsio -lmisc -lxlog -lportable -lstr -lp--- itox ---
wrap -lm -lcrypt -lcompat
./itox.c:233:18: warning: passing a parameter declared with the 'register' keyword to 'va_start' has undefined behavior [-Wvarargs]
   va_start( ap, count ) ;
                 ^
./itox.c:222:49: note: parameter of type 'unsigned int' is declared here
static char *make_string_cat( register unsigned count, ... )
                                                ^
./itox.c:257:18: warning: passing a parameter declared with the 'register' keyword to 'va_start' has undefined behavior [-Wvarargs]
   va_start( ap, count ) ;
                 ^
./itox.c:222:49: note: parameter of type 'unsigned int' is declared here
static char *make_string_cat( register unsigned count, ... )
                                                ^
./itox.c:282:18: warning: passing a parameter declared with the 'register' keyword to 'va_start' has undefined behavior [-Wvarargs]
   va_start( ap, count ) ;
                 ^
./itox.c:271:47: note: parameter of type 'unsigned int' is declared here
static char *make_pathname( register unsigned count, ... )
                                              ^
./itox.c:295:18: warning: passing a parameter declared with the 'register' keyword to 'va_start' has undefined behavior [-Wvarargs]
   va_start( ap, count ) ;
                 ^
./itox.c:271:47: note: parameter of type 'unsigned int' is declared here
static char *make_pathname( register unsigned count, ... )
                                              ^
--- util.o ---
1 warning generated.
--- itox ---
4 warnings generated.
--- xinetd ---
cc -O2 -pipe  -fstack-protector-strong -fno-strict-aliasing  -O2 -pipe  -fstack-protector-strong -fno-strict-aliasing -I../libs/include  -o xinetd access.o addr.o  builtins.o  child.o conf.o confparse.o connection.o  env.o  ident.o init.o int.o intcommon.o internals.o  log.o logctl.o  main.o msg.o  nvlists.o  parse.o parsesup.o parsers.o  reconfig.o retry.o  sconf.o sensor.o server.o service.o  signals.o special.o  tcpint.o time.o  udpint.o util.o redirect.o  xgetloadavg.o options.o includedir.o xtimer.o inet.o xmdns.o -fstack-protector-strong  -L../libs/lib -lsio -lmisc -lxlog -lportable -lstr -lpwrap -lm -lcrypt -lcompat || rm -f xinetd
===========================================================================
=======================<phase: run-depends    >============================
===== env: USE_PACKAGE_DEPENDS_ONLY=1 USER=root UID=0 GID=0
===========================================================================
=======================<phase: stage          >============================
===== env: NO_DEPENDS=yes USER=nobody UID=65534 GID=65534
===>  Staging for xinetd-2.3.15_2
===>   Generating temporary packing list
install  -s -m 555 /wrkdirs/usr/ports/security/xinetd/work/xinetd-2.3.15/xinetd/xinetd /wrkdirs/usr/ports/security/xinetd/work/stage/usr/local/sbin/xinetd
install  -m 555 /wrkdirs/usr/ports/security/xinetd/work/xinetd-2.3.15/xinetd/xconv.pl /wrkdirs/usr/ports/security/xinetd/work/stage/usr/local/bin/xconv
install  -m 444 /wrkdirs/usr/ports/security/xinetd/work/xinetd-2.3.15/xinetd/xinetd.conf.man /wrkdirs/usr/ports/security/xinetd/work/stage/usr/local/man/man5/xinetd.conf.5
install  -m 444 /wrkdirs/usr/ports/security/xinetd/work/xinetd-2.3.15/xinetd/xconv.pl.8 /wrkdirs/usr/ports/security/xinetd/work/stage/usr/local/man/man8/xconv.8
install  -m 444 /wrkdirs/usr/ports/security/xinetd/work/xinetd-2.3.15/xinetd/xinetd.man /wrkdirs/usr/ports/security/xinetd/work/stage/usr/local/man/man8/xinetd.8
install  -m 444 /wrkdirs/usr/ports/security/xinetd/work/xinetd-2.3.15/xinetd/xinetd.log.man /wrkdirs/usr/ports/security/xinetd/work/stage/usr/local/man/man8/xinetd.log.8
====> Compressing man pages (compress-man)
===> Staging rc.d startup script(s)
===========================================================================
=======================<phase: package        >============================
===== env: 'PKG_NOTES=build_timestamp ports_top_git_hash ports_top_checkout_unclean port_git_hash port_checkout_unclean built_by' 'PKG_NOTE_build_timestamp=2021-10-18T20:32:05+0000' 'PKG_NOTE_ports_top_git_hash=af67f424b' 'PKG_NOTE_ports_top_checkout_unclean=no' 'PKG_NOTE_port_git_hash=af67f424b' 'PKG_NOTE_port_checkout_unclean=no' 'PKG_NOTE_built_by=poudriere-git-3.3.0-1019-gef452659' NO_DEPENDS=yes USER=nobody UID=65534 GID=65534
===>  Building package for xinetd-2.3.15_2
install -l rs /.npkg/All/xinetd-2.3.15_2.pkg /.npkg/All/xinetd-2.3.15_2.txz
===========================================================================
=>> Cleaning up wrkdir
===>  Cleaning for xinetd-2.3.15_2
build of security/xinetd | xinetd-2.3.15_2 ended at Mon Oct 18 23:32:09 EAT 2021
build time: 00:00:04
